TpTrace Verbose: 0 : 16428, 1, 2025/02/26, 18:58:30.692, 6992931093908, vstest.console.dll, Version: 17.12.0-release-24508-01 Current process architecture: X64
TpTrace Verbose: 0 : 16428, 1, 2025/02/26, 18:58:30.694, 6992931113186, vstest.console.dll, Runtime location: C:\Program Files\dotnet\shared\Microsoft.NETCore.App\9.0.0
TpTrace Verbose: 0 : 16428, 1, 2025/02/26, 18:58:30.696, 6992931129827, vstest.console.dll, ArtifactProcessingPostProcessModeProcessorExecutor.Initialize: ArtifactProcessingMode.Collect
TpTrace Verbose: 0 : 16428, 1, 2025/02/26, 18:58:30.696, 6992931130574, vstest.console.dll, TestSessionCorrelationIdProcessorModeProcessorExecutor.Initialize: TestSessionCorrelationId '26760_606848c8-488f-40c6-995f-43075bb9e99f'
TpTrace Information: 0 : 16428, 1, 2025/02/26, 18:58:30.701, 6992931180787, vstest.console.dll, FilePatternParser: The given file B:\GIT\OOP\9.LabOOP\UnitTests\bin\Debug\net8.0\fine-code-coverage\build-output\UnitTests.dll is a full path.
TpTrace Verbose: 0 : 16428, 1, 2025/02/26, 18:58:30.704, 6992931208864, vstest.console.dll, TestPluginCache.DiscoverTestExtensions: finding test extensions in assemblies ends with: RuntimeProvider.dll TPluginInfo: Microsoft.VisualStudio.TestPlatform.Common.ExtensionFramework.Utilities.TestRuntimePluginInformation TExtension: Microsoft.VisualStudio.TestPlatform.ObjectModel.Host.ITestRuntimeProvider
TpTrace Verbose: 0 : 16428, 1, 2025/02/26, 18:58:30.704, 6992931210851, vstest.console.dll, TestPluginCache.GetExtensionPaths: Filtered extension paths: 
TpTrace Verbose: 0 : 16428, 1, 2025/02/26, 18:58:30.704, 6992931211311, vstest.console.dll, TestPluginCache.GetExtensionPaths: Added default extension paths: C:\Program Files\dotnet\sdk\9.0.101\Extensions\Microsoft.Diagnostics.NETCore.Client.dll
C:\Program Files\dotnet\sdk\9.0.101\Extensions\Microsoft.TestPlatform.Extensions.BlameDataCollector.dll
C:\Program Files\dotnet\sdk\9.0.101\Extensions\Microsoft.TestPlatform.Extensions.EventLogCollector.dll
C:\Program Files\dotnet\sdk\9.0.101\Extensions\Microsoft.TestPlatform.TestHostRuntimeProvider.dll
C:\Program Files\dotnet\sdk\9.0.101\Extensions\Microsoft.VisualStudio.TestPlatform.Extensions.Html.TestLogger.dll
C:\Program Files\dotnet\sdk\9.0.101\Extensions\Microsoft.VisualStudio.TestPlatform.Extensions.Trx.TestLogger.dll
TpTrace Verbose: 0 : 16428, 1, 2025/02/26, 18:58:30.704, 6992931211487, vstest.console.dll, TestPluginCache.GetExtensionPaths: Added unfilterableExtensionPaths: 
TpTrace Information: 0 : 16428, 1, 2025/02/26, 18:58:30.704, 6992931214793, vstest.console.dll, AssemblyResolver.ctor: Creating AssemblyResolver with searchDirectories C:\Program Files\dotnet\sdk\9.0.101\Extensions,C:\Program Files\dotnet\sdk\9.0.101
TpTrace Verbose: 0 : 16428, 1, 2025/02/26, 18:58:30.705, 6992931222130, vstest.console.dll, TestPluginCache.DiscoverTestExtensions: Discovering the extensions using extension path.
TpTrace Verbose: 0 : 16428, 1, 2025/02/26, 18:58:30.705, 6992931222819, vstest.console.dll, TestPluginCache.GetExtensionPaths: Filtered extension paths: 
TpTrace Verbose: 0 : 16428, 1, 2025/02/26, 18:58:30.705, 6992931223075, vstest.console.dll, TestPluginCache.GetExtensionPaths: Added default extension paths: C:\Program Files\dotnet\sdk\9.0.101\Extensions\Microsoft.Diagnostics.NETCore.Client.dll
C:\Program Files\dotnet\sdk\9.0.101\Extensions\Microsoft.TestPlatform.Extensions.BlameDataCollector.dll
C:\Program Files\dotnet\sdk\9.0.101\Extensions\Microsoft.TestPlatform.Extensions.EventLogCollector.dll
C:\Program Files\dotnet\sdk\9.0.101\Extensions\Microsoft.TestPlatform.TestHostRuntimeProvider.dll
C:\Program Files\dotnet\sdk\9.0.101\Extensions\Microsoft.VisualStudio.TestPlatform.Extensions.Html.TestLogger.dll
C:\Program Files\dotnet\sdk\9.0.101\Extensions\Microsoft.VisualStudio.TestPlatform.Extensions.Trx.TestLogger.dll
TpTrace Verbose: 0 : 16428, 1, 2025/02/26, 18:58:30.705, 6992931223222, vstest.console.dll, TestPluginCache.GetExtensionPaths: Added unfilterableExtensionPaths: 
TpTrace Verbose: 0 : 16428, 1, 2025/02/26, 18:58:30.705, 6992931223540, vstest.console.dll, TestPluginCache.DiscoverTestExtensions: Discovering the extensions using allExtensionPaths: C:\Program Files\dotnet\sdk\9.0.101\Extensions\Microsoft.Diagnostics.NETCore.Client.dll
C:\Program Files\dotnet\sdk\9.0.101\Extensions\Microsoft.TestPlatform.Extensions.BlameDataCollector.dll
C:\Program Files\dotnet\sdk\9.0.101\Extensions\Microsoft.TestPlatform.Extensions.EventLogCollector.dll
C:\Program Files\dotnet\sdk\9.0.101\Extensions\Microsoft.TestPlatform.TestHostRuntimeProvider.dll
C:\Program Files\dotnet\sdk\9.0.101\Extensions\Microsoft.VisualStudio.TestPlatform.Extensions.Html.TestLogger.dll
C:\Program Files\dotnet\sdk\9.0.101\Extensions\Microsoft.VisualStudio.TestPlatform.Extensions.Trx.TestLogger.dll
TpTrace Information: 0 : 16428, 1, 2025/02/26, 18:58:30.705, 6992931224508, vstest.console.dll, AssemblyResolver.AddSearchDirectories: Adding more searchDirectories C:\Program Files\dotnet\sdk\9.0.101\Extensions,C:\Program Files\dotnet\sdk\9.0.101
TpTrace Information: 0 : 16428, 1, 2025/02/26, 18:58:30.705, 6992931224990, vstest.console.dll, AssemblyResolver.AddSearchDirectories: Adding more searchDirectories C:\Program Files\dotnet\sdk\9.0.101\Extensions,C:\Program Files\dotnet\sdk\9.0.101
TpTrace Information: 0 : 16428, 1, 2025/02/26, 18:58:30.705, 6992931225212, vstest.console.dll, AssemblyResolver.AddSearchDirectories: Adding more searchDirectories C:\Program Files\dotnet\sdk\9.0.101\Extensions,C:\Program Files\dotnet\sdk\9.0.101
TpTrace Information: 0 : 16428, 1, 2025/02/26, 18:58:30.705, 6992931225363, vstest.console.dll, AssemblyResolver.AddSearchDirectories: Adding more searchDirectories C:\Program Files\dotnet\sdk\9.0.101\Extensions,C:\Program Files\dotnet\sdk\9.0.101
TpTrace Information: 0 : 16428, 1, 2025/02/26, 18:58:30.705, 6992931225492, vstest.console.dll, AssemblyResolver.AddSearchDirectories: Adding more searchDirectories C:\Program Files\dotnet\sdk\9.0.101\Extensions,C:\Program Files\dotnet\sdk\9.0.101
TpTrace Information: 0 : 16428, 1, 2025/02/26, 18:58:30.705, 6992931225614, vstest.console.dll, AssemblyResolver.AddSearchDirectories: Adding more searchDirectories C:\Program Files\dotnet\sdk\9.0.101\Extensions,C:\Program Files\dotnet\sdk\9.0.101
TpTrace Information: 0 : 16428, 1, 2025/02/26, 18:58:30.706, 6992931228610, vstest.console.dll, AssemblyResolver.OnResolve: Microsoft.Diagnostics.NETCore.Client: Resolving assembly.
TpTrace Information: 0 : 16428, 1, 2025/02/26, 18:58:30.706, 6992931229137, vstest.console.dll, AssemblyResolver.OnResolve: Microsoft.Diagnostics.NETCore.Client: Searching in: 'C:\Program Files\dotnet\sdk\9.0.101\Extensions'.
TpTrace Information: 0 : 16428, 1, 2025/02/26, 18:58:30.714, 6992931312277, vstest.console.dll, AssemblyResolver.OnResolve: Microsoft.Diagnostics.NETCore.Client: Loading assembly 'C:\Program Files\dotnet\sdk\9.0.101\Extensions\Microsoft.Diagnostics.NETCore.Client.dll'.
TpTrace Information: 0 : 16428, 1, 2025/02/26, 18:58:30.714, 6992931315733, vstest.console.dll, AssemblyResolver.OnResolve: Resolved assembly: Microsoft.Diagnostics.NETCore.Client, from path: C:\Program Files\dotnet\sdk\9.0.101\Extensions\Microsoft.Diagnostics.NETCore.Client.dll
TpTrace Verbose: 0 : 16428, 1, 2025/02/26, 18:58:30.715, 6992931321990, vstest.console.dll, MetadataReaderExtensionsHelper: Discovering extensions inside assembly 'Microsoft.Diagnostics.NETCore.Client, Version=0.2.10.41601, Culture=neutral, PublicKeyToken=31bf3856ad364e35' file path 'C:\Program Files\dotnet\sdk\9.0.101\Extensions\Microsoft.Diagnostics.NETCore.Client.dll'
TpTrace Information: 0 : 16428, 1, 2025/02/26, 18:58:30.717, 6992931344740, vstest.console.dll, AssemblyResolver.OnResolve: Microsoft.Bcl.AsyncInterfaces: Resolving assembly.
TpTrace Information: 0 : 16428, 1, 2025/02/26, 18:58:30.717, 6992931345196, vstest.console.dll, AssemblyResolver.OnResolve: Microsoft.Bcl.AsyncInterfaces: Searching in: 'C:\Program Files\dotnet\sdk\9.0.101\Extensions'.
TpTrace Information: 0 : 16428, 1, 2025/02/26, 18:58:30.717, 6992931345689, vstest.console.dll, AssemblyResolver.OnResolve: Microsoft.Bcl.AsyncInterfaces: Assembly path does not exist: 'C:\Program Files\dotnet\sdk\9.0.101\Extensions\Microsoft.Bcl.AsyncInterfaces.dll', returning.
TpTrace Information: 0 : 16428, 1, 2025/02/26, 18:58:30.717, 6992931346397, vstest.console.dll, AssemblyResolver.OnResolve: Microsoft.Bcl.AsyncInterfaces: Assembly path does not exist: 'C:\Program Files\dotnet\sdk\9.0.101\Extensions\Microsoft.Bcl.AsyncInterfaces.exe', returning.
TpTrace Information: 0 : 16428, 1, 2025/02/26, 18:58:30.717, 6992931346615, vstest.console.dll, AssemblyResolver.OnResolve: Microsoft.Bcl.AsyncInterfaces: Searching in: 'C:\Program Files\dotnet\sdk\9.0.101'.
TpTrace Information: 0 : 16428, 1, 2025/02/26, 18:58:30.717, 6992931346993, vstest.console.dll, AssemblyResolver.OnResolve: Microsoft.Bcl.AsyncInterfaces: Assembly path does not exist: 'C:\Program Files\dotnet\sdk\9.0.101\Microsoft.Bcl.AsyncInterfaces.dll', returning.
TpTrace Information: 0 : 16428, 1, 2025/02/26, 18:58:30.717, 6992931347322, vstest.console.dll, AssemblyResolver.OnResolve: Microsoft.Bcl.AsyncInterfaces: Assembly path does not exist: 'C:\Program Files\dotnet\sdk\9.0.101\Microsoft.Bcl.AsyncInterfaces.exe', returning.
TpTrace Information: 0 : 16428, 1, 2025/02/26, 18:58:30.717, 6992931347469, vstest.console.dll, AssemblyResolver.OnResolve: Microsoft.Bcl.AsyncInterfaces: Failed to load assembly.
TpTrace Verbose: 0 : 16428, 1, 2025/02/26, 18:58:30.717, 6992931347687, vstest.console.dll, CurrentDomainAssemblyResolve: Resolving assembly 'Microsoft.Bcl.AsyncInterfaces'.
TpTrace Information: 0 : 16428, 1, 2025/02/26, 18:58:30.717, 6992931347979, vstest.console.dll, AssemblyResolver.OnResolve: Microsoft.Bcl.AsyncInterfaces: Resolving assembly.
TpTrace Information: 0 : 16428, 1, 2025/02/26, 18:58:30.717, 6992931348206, vstest.console.dll, AssemblyResolver.OnResolve: Microsoft.Bcl.AsyncInterfaces: Resolved from cache.
TpTrace Verbose: 0 : 16428, 1, 2025/02/26, 18:58:30.717, 6992931348451, vstest.console.dll, CurrentDomainAssemblyResolve: Resolving assembly 'Microsoft.Bcl.AsyncInterfaces'.
TpTrace Verbose: 0 : 16428, 1, 2025/02/26, 18:58:30.718, 6992931348627, vstest.console.dll, CurrentDomainAssemblyResolve: Failed to resolve assembly 'Microsoft.Bcl.AsyncInterfaces'.
TpTrace Verbose: 0 : 16428, 1, 2025/02/26, 18:58:30.718, 6992931356026, vstest.console.dll, CurrentDomainAssemblyResolve: Failed to resolve assembly 'Microsoft.Bcl.AsyncInterfaces'.
TpTrace Warning: 0 : 16428, 1, 2025/02/26, 18:58:30.725, 6992931421692, vstest.console.dll, TestPluginDiscoverer: Failed to get types from assembly 'Microsoft.Diagnostics.NETCore.Client, Version=0.2.10.41601, Culture=neutral, PublicKeyToken=31bf3856ad364e35'. Error: System.Reflection.ReflectionTypeLoadException: Unable to load one or more of the requested types.
Could not load file or assembly 'Microsoft.Bcl.AsyncInterfaces, Version=6.0.0.0, Culture=neutral, PublicKeyToken=cc7b13ffcd2ddd51'. Не удается найти указанный файл.
   at System.Reflection.RuntimeModule.GetDefinedTypes()
   at System.Reflection.RuntimeModule.GetTypes()
   at Microsoft.VisualStudio.TestPlatform.Common.ExtensionFramework.TestPluginDiscoverer.GetTestExtensionsFromAssembly[TPluginInfo,TExtension](Assembly assembly, Dictionary`2 pluginInfos, String filePath) in /_/src/Microsoft.TestPlatform.Common/ExtensionFramework/TestPluginDiscoverer.cs:line 159
System.IO.FileNotFoundException: Could not load file or assembly 'Microsoft.Bcl.AsyncInterfaces, Version=6.0.0.0, Culture=neutral, PublicKeyToken=cc7b13ffcd2ddd51'. Не удается найти указанный файл.
File name: 'Microsoft.Bcl.AsyncInterfaces, Version=6.0.0.0, Culture=neutral, PublicKeyToken=cc7b13ffcd2ddd51'
 ---> System.IO.FileNotFoundException: Could not load file or assembly 'Microsoft.Bcl.AsyncInterfaces, Culture=neutral, PublicKeyToken=null'. Не удается найти указанный файл.
File name: 'Microsoft.Bcl.AsyncInterfaces, Culture=neutral, PublicKeyToken=null'
   at System.Reflection.RuntimeAssembly.InternalLoad(AssemblyName assemblyName, StackCrawlMark& stackMark, AssemblyLoadContext assemblyLoadContext, RuntimeAssembly requestingAssembly, Boolean throwOnFileNotFound)
   at System.Reflection.Assembly.Load(AssemblyName assemblyRef)
   at Microsoft.VisualStudio.TestPlatform.Common.ExtensionFramework.TestPluginCache.CurrentDomainAssemblyResolve(Object sender, AssemblyResolveEventArgs args) in /_/src/Microsoft.TestPlatform.Common/ExtensionFramework/TestPluginCache.cs:line 514
   at System.Runtime.Loader.AssemblyLoadContext.GetFirstResolvedAssemblyFromResolvingEvent(AssemblyName assemblyName)
   at System.Runtime.Loader.AssemblyLoadContext.ResolveUsingEvent(AssemblyName assemblyName)
   at System.Runtime.Loader.AssemblyLoadContext.ResolveUsingResolvingEvent(IntPtr gchManagedAssemblyLoadContext, AssemblyName assemblyName)
TpTrace Warning: 0 : 16428, 1, 2025/02/26, 18:58:30.725, 6992931423697, vstest.console.dll, LoaderExceptions: System.IO.FileNotFoundException: Could not load file or assembly 'Microsoft.Bcl.AsyncInterfaces, Version=6.0.0.0, Culture=neutral, PublicKeyToken=cc7b13ffcd2ddd51'. Не удается найти указанный файл.
File name: 'Microsoft.Bcl.AsyncInterfaces, Version=6.0.0.0, Culture=neutral, PublicKeyToken=cc7b13ffcd2ddd51'
 ---> System.IO.FileNotFoundException: Could not load file or assembly 'Microsoft.Bcl.AsyncInterfaces, Culture=neutral, PublicKeyToken=null'. Не удается найти указанный файл.
File name: 'Microsoft.Bcl.AsyncInterfaces, Culture=neutral, PublicKeyToken=null'
   at System.Reflection.RuntimeAssembly.InternalLoad(AssemblyName assemblyName, StackCrawlMark& stackMark, AssemblyLoadContext assemblyLoadContext, RuntimeAssembly requestingAssembly, Boolean throwOnFileNotFound)
   at System.Reflection.Assembly.Load(AssemblyName assemblyRef)
   at Microsoft.VisualStudio.TestPlatform.Common.ExtensionFramework.TestPluginCache.CurrentDomainAssemblyResolve(Object sender, AssemblyResolveEventArgs args) in /_/src/Microsoft.TestPlatform.Common/ExtensionFramework/TestPluginCache.cs:line 514
   at System.Runtime.Loader.AssemblyLoadContext.GetFirstResolvedAssemblyFromResolvingEvent(AssemblyName assemblyName)
   at System.Runtime.Loader.AssemblyLoadContext.ResolveUsingEvent(AssemblyName assemblyName)
   at System.Runtime.Loader.AssemblyLoadContext.ResolveUsingResolvingEvent(IntPtr gchManagedAssemblyLoadContext, AssemblyName assemblyName)
TpTrace Information: 0 : 16428, 1, 2025/02/26, 18:58:30.725, 6992931424671, vstest.console.dll, AssemblyResolver.OnResolve: Microsoft.TestPlatform.Extensions.BlameDataCollector: Resolving assembly.
TpTrace Information: 0 : 16428, 1, 2025/02/26, 18:58:30.725, 6992931425110, vstest.console.dll, AssemblyResolver.OnResolve: Microsoft.TestPlatform.Extensions.BlameDataCollector: Searching in: 'C:\Program Files\dotnet\sdk\9.0.101\Extensions'.
TpTrace Information: 0 : 16428, 1, 2025/02/26, 18:58:30.725, 6992931428158, vstest.console.dll, AssemblyResolver.OnResolve: Microsoft.TestPlatform.Extensions.BlameDataCollector: Loading assembly 'C:\Program Files\dotnet\sdk\9.0.101\Extensions\Microsoft.TestPlatform.Extensions.BlameDataCollector.dll'.
TpTrace Information: 0 : 16428, 1, 2025/02/26, 18:58:30.726, 6992931431780, vstest.console.dll, AssemblyResolver.OnResolve: Resolved assembly: Microsoft.TestPlatform.Extensions.BlameDataCollector, from path: C:\Program Files\dotnet\sdk\9.0.101\Extensions\Microsoft.TestPlatform.Extensions.BlameDataCollector.dll
TpTrace Verbose: 0 : 16428, 1, 2025/02/26, 18:58:30.726, 6992931432337, vstest.console.dll, MetadataReaderExtensionsHelper: Discovering extensions inside assembly 'Microsoft.TestPlatform.Extensions.BlameDataCollector, Version=15.0.0.0, Culture=neutral, PublicKeyToken=b03f5f7f11d50a3a' file path 'C:\Program Files\dotnet\sdk\9.0.101\Extensions\Microsoft.TestPlatform.Extensions.BlameDataCollector.dll'
TpTrace Information: 0 : 16428, 1, 2025/02/26, 18:58:30.727, 6992931441756, vstest.console.dll, AssemblyResolver.OnResolve: Microsoft.TestPlatform.Extensions.EventLogCollector: Resolving assembly.
TpTrace Information: 0 : 16428, 1, 2025/02/26, 18:58:30.727, 6992931442187, vstest.console.dll, AssemblyResolver.OnResolve: Microsoft.TestPlatform.Extensions.EventLogCollector: Searching in: 'C:\Program Files\dotnet\sdk\9.0.101\Extensions'.
TpTrace Information: 0 : 16428, 1, 2025/02/26, 18:58:30.728, 6992931448818, vstest.console.dll, AssemblyResolver.OnResolve: Microsoft.TestPlatform.Extensions.EventLogCollector: Loading assembly 'C:\Program Files\dotnet\sdk\9.0.101\Extensions\Microsoft.TestPlatform.Extensions.EventLogCollector.dll'.
TpTrace Information: 0 : 16428, 1, 2025/02/26, 18:58:30.728, 6992931452075, vstest.console.dll, AssemblyResolver.OnResolve: Resolved assembly: Microsoft.TestPlatform.Extensions.EventLogCollector, from path: C:\Program Files\dotnet\sdk\9.0.101\Extensions\Microsoft.TestPlatform.Extensions.EventLogCollector.dll
TpTrace Verbose: 0 : 16428, 1, 2025/02/26, 18:58:30.728, 6992931452562, vstest.console.dll, MetadataReaderExtensionsHelper: Discovering extensions inside assembly 'Microsoft.TestPlatform.Extensions.EventLogCollector, Version=15.0.0.0, Culture=neutral, PublicKeyToken=b03f5f7f11d50a3a' file path 'C:\Program Files\dotnet\sdk\9.0.101\Extensions\Microsoft.TestPlatform.Extensions.EventLogCollector.dll'
TpTrace Information: 0 : 16428, 1, 2025/02/26, 18:58:30.729, 6992931468200, vstest.console.dll, AssemblyResolver.OnResolve: Microsoft.TestPlatform.TestHostRuntimeProvider: Resolving assembly.
TpTrace Information: 0 : 16428, 1, 2025/02/26, 18:58:30.730, 6992931468677, vstest.console.dll, AssemblyResolver.OnResolve: Microsoft.TestPlatform.TestHostRuntimeProvider: Searching in: 'C:\Program Files\dotnet\sdk\9.0.101\Extensions'.
TpTrace Information: 0 : 16428, 1, 2025/02/26, 18:58:30.730, 6992931471657, vstest.console.dll, AssemblyResolver.OnResolve: Microsoft.TestPlatform.TestHostRuntimeProvider: Loading assembly 'C:\Program Files\dotnet\sdk\9.0.101\Extensions\Microsoft.TestPlatform.TestHostRuntimeProvider.dll'.
TpTrace Information: 0 : 16428, 1, 2025/02/26, 18:58:30.730, 6992931475166, vstest.console.dll, AssemblyResolver.OnResolve: Resolved assembly: Microsoft.TestPlatform.TestHostRuntimeProvider, from path: C:\Program Files\dotnet\sdk\9.0.101\Extensions\Microsoft.TestPlatform.TestHostRuntimeProvider.dll
TpTrace Verbose: 0 : 16428, 1, 2025/02/26, 18:58:30.730, 6992931475640, vstest.console.dll, MetadataReaderExtensionsHelper: Discovering extensions inside assembly 'Microsoft.TestPlatform.TestHostRuntimeProvider, Version=15.0.0.0, Culture=neutral, PublicKeyToken=b03f5f7f11d50a3a' file path 'C:\Program Files\dotnet\sdk\9.0.101\Extensions\Microsoft.TestPlatform.TestHostRuntimeProvider.dll'
TpTrace Information: 0 : 16428, 1, 2025/02/26, 18:58:30.731, 6992931487038, vstest.console.dll, GetTestExtensionFromType: Register extension with identifier data 'HostProvider://DefaultTestHost' and type 'Microsoft.VisualStudio.TestPlatform.CrossPlatEngine.Hosting.DefaultTestHostManager, Microsoft.TestPlatform.TestHostRuntimeProvider, Version=15.0.0.0, Culture=neutral, PublicKeyToken=b03f5f7f11d50a3a' inside file 'C:\Program Files\dotnet\sdk\9.0.101\Extensions\Microsoft.TestPlatform.TestHostRuntimeProvider.dll'
TpTrace Information: 0 : 16428, 1, 2025/02/26, 18:58:30.732, 6992931488621, vstest.console.dll, GetTestExtensionFromType: Register extension with identifier data 'HostProvider://DotnetTestHost' and type 'Microsoft.VisualStudio.TestPlatform.CrossPlatEngine.Hosting.DotnetTestHostManager, Microsoft.TestPlatform.TestHostRuntimeProvider, Version=15.0.0.0, Culture=neutral, PublicKeyToken=b03f5f7f11d50a3a' inside file 'C:\Program Files\dotnet\sdk\9.0.101\Extensions\Microsoft.TestPlatform.TestHostRuntimeProvider.dll'
TpTrace Information: 0 : 16428, 1, 2025/02/26, 18:58:30.732, 6992931489115, vstest.console.dll, AssemblyResolver.OnResolve: Microsoft.VisualStudio.TestPlatform.Extensions.Html.TestLogger: Resolving assembly.
TpTrace Information: 0 : 16428, 1, 2025/02/26, 18:58:30.732, 6992931489365, vstest.console.dll, AssemblyResolver.OnResolve: Microsoft.VisualStudio.TestPlatform.Extensions.Html.TestLogger: Searching in: 'C:\Program Files\dotnet\sdk\9.0.101\Extensions'.
TpTrace Information: 0 : 16428, 1, 2025/02/26, 18:58:30.732, 6992931492171, vstest.console.dll, AssemblyResolver.OnResolve: Microsoft.VisualStudio.TestPlatform.Extensions.Html.TestLogger: Loading assembly 'C:\Program Files\dotnet\sdk\9.0.101\Extensions\Microsoft.VisualStudio.TestPlatform.Extensions.Html.TestLogger.dll'.
TpTrace Information: 0 : 16428, 1, 2025/02/26, 18:58:30.732, 6992931494976, vstest.console.dll, AssemblyResolver.OnResolve: Resolved assembly: Microsoft.VisualStudio.TestPlatform.Extensions.Html.TestLogger, from path: C:\Program Files\dotnet\sdk\9.0.101\Extensions\Microsoft.VisualStudio.TestPlatform.Extensions.Html.TestLogger.dll
TpTrace Verbose: 0 : 16428, 1, 2025/02/26, 18:58:30.732, 6992931495374, vstest.console.dll, MetadataReaderExtensionsHelper: Discovering extensions inside assembly 'Microsoft.VisualStudio.TestPlatform.Extensions.Html.TestLogger, Version=15.0.0.0, Culture=neutral, PublicKeyToken=b03f5f7f11d50a3a' file path 'C:\Program Files\dotnet\sdk\9.0.101\Extensions\Microsoft.VisualStudio.TestPlatform.Extensions.Html.TestLogger.dll'
TpTrace Information: 0 : 16428, 1, 2025/02/26, 18:58:30.733, 6992931500161, vstest.console.dll, AssemblyResolver.OnResolve: Microsoft.VisualStudio.TestPlatform.Extensions.Trx.TestLogger: Resolving assembly.
TpTrace Information: 0 : 16428, 1, 2025/02/26, 18:58:30.733, 6992931500592, vstest.console.dll, AssemblyResolver.OnResolve: Microsoft.VisualStudio.TestPlatform.Extensions.Trx.TestLogger: Searching in: 'C:\Program Files\dotnet\sdk\9.0.101\Extensions'.
TpTrace Information: 0 : 16428, 1, 2025/02/26, 18:58:30.733, 6992931503019, vstest.console.dll, AssemblyResolver.OnResolve: Microsoft.VisualStudio.TestPlatform.Extensions.Trx.TestLogger: Loading assembly 'C:\Program Files\dotnet\sdk\9.0.101\Extensions\Microsoft.VisualStudio.TestPlatform.Extensions.Trx.TestLogger.dll'.
TpTrace Information: 0 : 16428, 1, 2025/02/26, 18:58:30.733, 6992931506256, vstest.console.dll, AssemblyResolver.OnResolve: Resolved assembly: Microsoft.VisualStudio.TestPlatform.Extensions.Trx.TestLogger, from path: C:\Program Files\dotnet\sdk\9.0.101\Extensions\Microsoft.VisualStudio.TestPlatform.Extensions.Trx.TestLogger.dll
TpTrace Verbose: 0 : 16428, 1, 2025/02/26, 18:58:30.733, 6992931506669, vstest.console.dll, MetadataReaderExtensionsHelper: Discovering extensions inside assembly 'Microsoft.VisualStudio.TestPlatform.Extensions.Trx.TestLogger, Version=15.0.0.0, Culture=neutral, PublicKeyToken=b03f5f7f11d50a3a' file path 'C:\Program Files\dotnet\sdk\9.0.101\Extensions\Microsoft.VisualStudio.TestPlatform.Extensions.Trx.TestLogger.dll'
TpTrace Verbose: 0 : 16428, 1, 2025/02/26, 18:58:30.734, 6992931513510, vstest.console.dll, TestPluginCache: Discovered the extensions using extension path ''.
TpTrace Verbose: 0 : 16428, 1, 2025/02/26, 18:58:30.734, 6992931513883, vstest.console.dll, TestPluginCache: Discoverers are ''.
TpTrace Verbose: 0 : 16428, 1, 2025/02/26, 18:58:30.734, 6992931514027, vstest.console.dll, TestPluginCache: Executors are ''.
TpTrace Verbose: 0 : 16428, 1, 2025/02/26, 18:58:30.734, 6992931514143, vstest.console.dll, TestPluginCache: Executors2 are ''.
TpTrace Verbose: 0 : 16428, 1, 2025/02/26, 18:58:30.734, 6992931514452, vstest.console.dll, TestPluginCache: Setting providers are ''.
TpTrace Verbose: 0 : 16428, 1, 2025/02/26, 18:58:30.734, 6992931514574, vstest.console.dll, TestPluginCache: Loggers are ''.
TpTrace Verbose: 0 : 16428, 1, 2025/02/26, 18:58:30.734, 6992931515591, vstest.console.dll, TestPluginCache: TestHosts are 'HostProvider://DefaultTestHost,HostProvider://DotnetTestHost'.
TpTrace Verbose: 0 : 16428, 1, 2025/02/26, 18:58:30.734, 6992931515816, vstest.console.dll, TestPluginCache: DataCollectors are ''.
TpTrace Information: 0 : 16428, 1, 2025/02/26, 18:58:30.744, 6992931613858, vstest.console.dll, RunTestsArgumentProcessor:Execute: Test run is starting.
TpTrace Verbose: 0 : 16428, 1, 2025/02/26, 18:58:30.744, 6992931614448, vstest.console.dll, RunTestsArgumentProcessor:Execute: Queuing Test run.
TpTrace Information: 0 : 16428, 1, 2025/02/26, 18:58:30.744, 6992931615788, vstest.console.dll, TestRequestManager.RunTests: run tests started.
TpTrace Information: 0 : 16428, 1, 2025/02/26, 18:58:30.745, 6992931623145, vstest.console.dll, AssemblyMetadataProvider.GetFrameworkName: Determined framework:'.NETCoreApp,Version=v8.0' for source: 'B:\GIT\OOP\9.LabOOP\UnitTests\bin\Debug\net8.0\fine-code-coverage\build-output\UnitTests.dll'
TpTrace Information: 0 : 16428, 1, 2025/02/26, 18:58:30.745, 6992931624022, vstest.console.dll, Determined framework for all sources: .NETCoreApp,Version=v8.0
TpTrace Verbose: 0 : 16428, 1, 2025/02/26, 18:58:30.745, 6992931626188, vstest.console.dll, TestRequestManager.UpdateRunSettingsIfRequired: Default architecture: X64 IsDefaultTargetArchitecture: True, Current process architecture: X64 OperatingSystem: Windows.
TpTrace Information: 0 : 16428, 1, 2025/02/26, 18:58:30.747, 6992931641463, vstest.console.dll, AssemblyMetadataProvider.GetArchitecture: Determined architecture:AnyCPU info for assembly: B:\GIT\OOP\9.LabOOP\UnitTests\bin\Debug\net8.0\fine-code-coverage\build-output\UnitTests.dll
TpTrace Information: 0 : 16428, 1, 2025/02/26, 18:58:30.747, 6992931641756, vstest.console.dll, Determined platform for source 'B:\GIT\OOP\9.LabOOP\UnitTests\bin\Debug\net8.0\fine-code-coverage\build-output\UnitTests.dll' was AnyCPU and it will use the default plaform X64.
TpTrace Information: 0 : 16428, 1, 2025/02/26, 18:58:30.747, 6992931641901, vstest.console.dll, None of the sources provided any runnable platform, using the default platform: X64
TpTrace Information: 0 : 16428, 1, 2025/02/26, 18:58:30.747, 6992931642389, vstest.console.dll, Platform was updated to 'X64'.
TpTrace Information: 0 : 16428, 1, 2025/02/26, 18:58:30.749, 6992931662690, vstest.console.dll, InferRunSettingsHelper.IsTestSettingsEnabled: Unable to navigate to RunSettings/MSTest. Current node: RunSettings
TpTrace Information: 0 : 16428, 1, 2025/02/26, 18:58:30.749, 6992931666310, vstest.console.dll, AssemblyResolver.OnResolve: Microsoft.VisualStudio.TestPlatform.Fakes: Resolving assembly.
TpTrace Information: 0 : 16428, 1, 2025/02/26, 18:58:30.749, 6992931666765, vstest.console.dll, AssemblyResolver.OnResolve: Microsoft.VisualStudio.TestPlatform.Fakes: Searching in: 'C:\Program Files\dotnet\sdk\9.0.101\Extensions'.
TpTrace Information: 0 : 16428, 1, 2025/02/26, 18:58:30.749, 6992931667331, vstest.console.dll, AssemblyResolver.OnResolve: Microsoft.VisualStudio.TestPlatform.Fakes: Assembly path does not exist: 'C:\Program Files\dotnet\sdk\9.0.101\Extensions\Microsoft.VisualStudio.TestPlatform.Fakes.dll', returning.
TpTrace Information: 0 : 16428, 1, 2025/02/26, 18:58:30.749, 6992931667751, vstest.console.dll, AssemblyResolver.OnResolve: Microsoft.VisualStudio.TestPlatform.Fakes: Assembly path does not exist: 'C:\Program Files\dotnet\sdk\9.0.101\Extensions\Microsoft.VisualStudio.TestPlatform.Fakes.exe', returning.
TpTrace Information: 0 : 16428, 1, 2025/02/26, 18:58:30.749, 6992931667918, vstest.console.dll, AssemblyResolver.OnResolve: Microsoft.VisualStudio.TestPlatform.Fakes: Searching in: 'C:\Program Files\dotnet\sdk\9.0.101'.
TpTrace Information: 0 : 16428, 1, 2025/02/26, 18:58:30.749, 6992931668410, vstest.console.dll, AssemblyResolver.OnResolve: Microsoft.VisualStudio.TestPlatform.Fakes: Assembly path does not exist: 'C:\Program Files\dotnet\sdk\9.0.101\Microsoft.VisualStudio.TestPlatform.Fakes.dll', returning.
TpTrace Information: 0 : 16428, 1, 2025/02/26, 18:58:30.750, 6992931668824, vstest.console.dll, AssemblyResolver.OnResolve: Microsoft.VisualStudio.TestPlatform.Fakes: Assembly path does not exist: 'C:\Program Files\dotnet\sdk\9.0.101\Microsoft.VisualStudio.TestPlatform.Fakes.exe', returning.
TpTrace Information: 0 : 16428, 1, 2025/02/26, 18:58:30.750, 6992931669017, vstest.console.dll, AssemblyResolver.OnResolve: Microsoft.VisualStudio.TestPlatform.Fakes: Failed to load assembly.
TpTrace Information: 0 : 16428, 1, 2025/02/26, 18:58:30.750, 6992931670558, vstest.console.dll, Failed to load assembly Microsoft.VisualStudio.TestPlatform.Fakes, Version=17.0.0.0, Culture=neutral. Reason:System.IO.FileNotFoundException: Could not load file or assembly 'Microsoft.VisualStudio.TestPlatform.Fakes, Version=17.0.0.0, Culture=neutral, PublicKeyToken=null'. Не удается найти указанный файл.
File name: 'Microsoft.VisualStudio.TestPlatform.Fakes, Version=17.0.0.0, Culture=neutral, PublicKeyToken=null'
   at System.Reflection.RuntimeAssembly.InternalLoad(AssemblyName assemblyName, StackCrawlMark& stackMark, AssemblyLoadContext assemblyLoadContext, RuntimeAssembly requestingAssembly, Boolean throwOnFileNotFound)
   at System.Reflection.Assembly.Load(AssemblyName assemblyRef)
   at Microsoft.VisualStudio.TestPlatform.Common.Utilities.FakesUtilities.LoadTestPlatformAssembly() in /_/src/Microsoft.TestPlatform.Common/Utilities/FakesUtilities.cs:line 273
TpTrace Verbose: 0 : 16428, 1, 2025/02/26, 18:58:30.752, 6992931689356, vstest.console.dll, TestPluginCache.DiscoverTestExtensions: finding test extensions in assemblies ends with: TestLogger.dll TPluginInfo: Microsoft.VisualStudio.TestPlatform.Common.ExtensionFramework.Utilities.TestLoggerPluginInformation TExtension: Microsoft.VisualStudio.TestPlatform.ObjectModel.Client.ITestLogger
TpTrace Verbose: 0 : 16428, 1, 2025/02/26, 18:58:30.752, 6992931689812, vstest.console.dll, TestPluginCache.GetExtensionPaths: Filtered extension paths: 
TpTrace Verbose: 0 : 16428, 1, 2025/02/26, 18:58:30.752, 6992931690079, vstest.console.dll, TestPluginCache.GetExtensionPaths: Added default extension paths: C:\Program Files\dotnet\sdk\9.0.101\Extensions\Microsoft.Diagnostics.NETCore.Client.dll
C:\Program Files\dotnet\sdk\9.0.101\Extensions\Microsoft.TestPlatform.Extensions.BlameDataCollector.dll
C:\Program Files\dotnet\sdk\9.0.101\Extensions\Microsoft.TestPlatform.Extensions.EventLogCollector.dll
C:\Program Files\dotnet\sdk\9.0.101\Extensions\Microsoft.TestPlatform.TestHostRuntimeProvider.dll
C:\Program Files\dotnet\sdk\9.0.101\Extensions\Microsoft.VisualStudio.TestPlatform.Extensions.Html.TestLogger.dll
C:\Program Files\dotnet\sdk\9.0.101\Extensions\Microsoft.VisualStudio.TestPlatform.Extensions.Trx.TestLogger.dll
TpTrace Verbose: 0 : 16428, 1, 2025/02/26, 18:58:30.752, 6992931690230, vstest.console.dll, TestPluginCache.GetExtensionPaths: Added unfilterableExtensionPaths: 
TpTrace Information: 0 : 16428, 1, 2025/02/26, 18:58:30.752, 6992931690940, vstest.console.dll, AssemblyResolver.AddSearchDirectories: Adding more searchDirectories C:\Program Files\dotnet\sdk\9.0.101\Extensions,C:\Program Files\dotnet\sdk\9.0.101
TpTrace Verbose: 0 : 16428, 1, 2025/02/26, 18:58:30.752, 6992931691225, vstest.console.dll, TestPluginCache.DiscoverTestExtensions: Discovering the extensions using extension path.
TpTrace Verbose: 0 : 16428, 1, 2025/02/26, 18:58:30.752, 6992931691454, vstest.console.dll, TestPluginCache.GetExtensionPaths: Filtered extension paths: 
TpTrace Verbose: 0 : 16428, 1, 2025/02/26, 18:58:30.752, 6992931691615, vstest.console.dll, TestPluginCache.GetExtensionPaths: Added default extension paths: C:\Program Files\dotnet\sdk\9.0.101\Extensions\Microsoft.Diagnostics.NETCore.Client.dll
C:\Program Files\dotnet\sdk\9.0.101\Extensions\Microsoft.TestPlatform.Extensions.BlameDataCollector.dll
C:\Program Files\dotnet\sdk\9.0.101\Extensions\Microsoft.TestPlatform.Extensions.EventLogCollector.dll
C:\Program Files\dotnet\sdk\9.0.101\Extensions\Microsoft.TestPlatform.TestHostRuntimeProvider.dll
C:\Program Files\dotnet\sdk\9.0.101\Extensions\Microsoft.VisualStudio.TestPlatform.Extensions.Html.TestLogger.dll
C:\Program Files\dotnet\sdk\9.0.101\Extensions\Microsoft.VisualStudio.TestPlatform.Extensions.Trx.TestLogger.dll
TpTrace Verbose: 0 : 16428, 1, 2025/02/26, 18:58:30.752, 6992931691754, vstest.console.dll, TestPluginCache.GetExtensionPaths: Added unfilterableExtensionPaths: 
TpTrace Verbose: 0 : 16428, 1, 2025/02/26, 18:58:30.752, 6992931691926, vstest.console.dll, TestPluginCache.DiscoverTestExtensions: Discovering the extensions using allExtensionPaths: C:\Program Files\dotnet\sdk\9.0.101\Extensions\Microsoft.Diagnostics.NETCore.Client.dll
C:\Program Files\dotnet\sdk\9.0.101\Extensions\Microsoft.TestPlatform.Extensions.BlameDataCollector.dll
C:\Program Files\dotnet\sdk\9.0.101\Extensions\Microsoft.TestPlatform.Extensions.EventLogCollector.dll
C:\Program Files\dotnet\sdk\9.0.101\Extensions\Microsoft.TestPlatform.TestHostRuntimeProvider.dll
C:\Program Files\dotnet\sdk\9.0.101\Extensions\Microsoft.VisualStudio.TestPlatform.Extensions.Html.TestLogger.dll
C:\Program Files\dotnet\sdk\9.0.101\Extensions\Microsoft.VisualStudio.TestPlatform.Extensions.Trx.TestLogger.dll
TpTrace Information: 0 : 16428, 1, 2025/02/26, 18:58:30.752, 6992931692173, vstest.console.dll, AssemblyResolver.AddSearchDirectories: Adding more searchDirectories C:\Program Files\dotnet\sdk\9.0.101\Extensions,C:\Program Files\dotnet\sdk\9.0.101
TpTrace Information: 0 : 16428, 1, 2025/02/26, 18:58:30.752, 6992931692373, vstest.console.dll, AssemblyResolver.AddSearchDirectories: Adding more searchDirectories C:\Program Files\dotnet\sdk\9.0.101\Extensions,C:\Program Files\dotnet\sdk\9.0.101
TpTrace Information: 0 : 16428, 1, 2025/02/26, 18:58:30.752, 6992931692514, vstest.console.dll, AssemblyResolver.AddSearchDirectories: Adding more searchDirectories C:\Program Files\dotnet\sdk\9.0.101\Extensions,C:\Program Files\dotnet\sdk\9.0.101
TpTrace Information: 0 : 16428, 1, 2025/02/26, 18:58:30.752, 6992931692640, vstest.console.dll, AssemblyResolver.AddSearchDirectories: Adding more searchDirectories C:\Program Files\dotnet\sdk\9.0.101\Extensions,C:\Program Files\dotnet\sdk\9.0.101
TpTrace Information: 0 : 16428, 1, 2025/02/26, 18:58:30.752, 6992931692763, vstest.console.dll, AssemblyResolver.AddSearchDirectories: Adding more searchDirectories C:\Program Files\dotnet\sdk\9.0.101\Extensions,C:\Program Files\dotnet\sdk\9.0.101
TpTrace Information: 0 : 16428, 1, 2025/02/26, 18:58:30.752, 6992931692913, vstest.console.dll, AssemblyResolver.AddSearchDirectories: Adding more searchDirectories C:\Program Files\dotnet\sdk\9.0.101\Extensions,C:\Program Files\dotnet\sdk\9.0.101
TpTrace Verbose: 0 : 16428, 1, 2025/02/26, 18:58:30.752, 6992931693451, vstest.console.dll, MetadataReaderExtensionsHelper: Discovering extensions inside assembly 'Microsoft.Diagnostics.NETCore.Client, Version=0.2.10.41601, Culture=neutral, PublicKeyToken=31bf3856ad364e35' file path 'C:\Program Files\dotnet\sdk\9.0.101\Extensions\Microsoft.Diagnostics.NETCore.Client.dll'
TpTrace Information: 0 : 16428, 1, 2025/02/26, 18:58:30.753, 6992931699565, vstest.console.dll, AssemblyResolver.OnResolve: Microsoft.Bcl.AsyncInterfaces: Resolving assembly.
TpTrace Information: 0 : 16428, 1, 2025/02/26, 18:58:30.753, 6992931699873, vstest.console.dll, AssemblyResolver.OnResolve: Microsoft.Bcl.AsyncInterfaces: Resolved from cache.
TpTrace Verbose: 0 : 16428, 1, 2025/02/26, 18:58:30.753, 6992931700021, vstest.console.dll, CurrentDomainAssemblyResolve: Resolving assembly 'Microsoft.Bcl.AsyncInterfaces'.
TpTrace Information: 0 : 16428, 1, 2025/02/26, 18:58:30.753, 6992931700238, vstest.console.dll, AssemblyResolver.OnResolve: Microsoft.Bcl.AsyncInterfaces: Resolving assembly.
TpTrace Information: 0 : 16428, 1, 2025/02/26, 18:58:30.753, 6992931700394, vstest.console.dll, AssemblyResolver.OnResolve: Microsoft.Bcl.AsyncInterfaces: Resolved from cache.
TpTrace Verbose: 0 : 16428, 1, 2025/02/26, 18:58:30.753, 6992931700518, vstest.console.dll, CurrentDomainAssemblyResolve: Resolving assembly 'Microsoft.Bcl.AsyncInterfaces'.
TpTrace Verbose: 0 : 16428, 1, 2025/02/26, 18:58:30.753, 6992931700633, vstest.console.dll, CurrentDomainAssemblyResolve: Failed to resolve assembly 'Microsoft.Bcl.AsyncInterfaces'.
TpTrace Verbose: 0 : 16428, 1, 2025/02/26, 18:58:30.753, 6992931701412, vstest.console.dll, CurrentDomainAssemblyResolve: Failed to resolve assembly 'Microsoft.Bcl.AsyncInterfaces'.
TpTrace Warning: 0 : 16428, 1, 2025/02/26, 18:58:30.753, 6992931703306, vstest.console.dll, TestPluginDiscoverer: Failed to get types from assembly 'Microsoft.Diagnostics.NETCore.Client, Version=0.2.10.41601, Culture=neutral, PublicKeyToken=31bf3856ad364e35'. Error: System.Reflection.ReflectionTypeLoadException: Unable to load one or more of the requested types.
Could not load file or assembly 'Microsoft.Bcl.AsyncInterfaces, Version=6.0.0.0, Culture=neutral, PublicKeyToken=cc7b13ffcd2ddd51'. Не удается найти указанный файл.
   at System.Reflection.RuntimeModule.GetDefinedTypes()
   at System.Reflection.RuntimeModule.GetTypes()
   at Microsoft.VisualStudio.TestPlatform.Common.ExtensionFramework.TestPluginDiscoverer.GetTestExtensionsFromAssembly[TPluginInfo,TExtension](Assembly assembly, Dictionary`2 pluginInfos, String filePath) in /_/src/Microsoft.TestPlatform.Common/ExtensionFramework/TestPluginDiscoverer.cs:line 159
System.IO.FileNotFoundException: Could not load file or assembly 'Microsoft.Bcl.AsyncInterfaces, Version=6.0.0.0, Culture=neutral, PublicKeyToken=cc7b13ffcd2ddd51'. Не удается найти указанный файл.
File name: 'Microsoft.Bcl.AsyncInterfaces, Version=6.0.0.0, Culture=neutral, PublicKeyToken=cc7b13ffcd2ddd51'
 ---> System.IO.FileNotFoundException: Could not load file or assembly 'Microsoft.Bcl.AsyncInterfaces, Culture=neutral, PublicKeyToken=null'. Не удается найти указанный файл.
File name: 'Microsoft.Bcl.AsyncInterfaces, Culture=neutral, PublicKeyToken=null'
   at System.Reflection.RuntimeAssembly.InternalLoad(AssemblyName assemblyName, StackCrawlMark& stackMark, AssemblyLoadContext assemblyLoadContext, RuntimeAssembly requestingAssembly, Boolean throwOnFileNotFound)
   at System.Reflection.Assembly.Load(AssemblyName assemblyRef)
   at Microsoft.VisualStudio.TestPlatform.Common.ExtensionFramework.TestPluginCache.CurrentDomainAssemblyResolve(Object sender, AssemblyResolveEventArgs args) in /_/src/Microsoft.TestPlatform.Common/ExtensionFramework/TestPluginCache.cs:line 514
   at System.Runtime.Loader.AssemblyLoadContext.GetFirstResolvedAssemblyFromResolvingEvent(AssemblyName assemblyName)
   at System.Runtime.Loader.AssemblyLoadContext.ResolveUsingEvent(AssemblyName assemblyName)
   at System.Runtime.Loader.AssemblyLoadContext.ResolveUsingResolvingEvent(IntPtr gchManagedAssemblyLoadContext, AssemblyName assemblyName)
TpTrace Warning: 0 : 16428, 1, 2025/02/26, 18:58:30.753, 6992931704239, vstest.console.dll, LoaderExceptions: System.IO.FileNotFoundException: Could not load file or assembly 'Microsoft.Bcl.AsyncInterfaces, Version=6.0.0.0, Culture=neutral, PublicKeyToken=cc7b13ffcd2ddd51'. Не удается найти указанный файл.
File name: 'Microsoft.Bcl.AsyncInterfaces, Version=6.0.0.0, Culture=neutral, PublicKeyToken=cc7b13ffcd2ddd51'
 ---> System.IO.FileNotFoundException: Could not load file or assembly 'Microsoft.Bcl.AsyncInterfaces, Culture=neutral, PublicKeyToken=null'. Не удается найти указанный файл.
File name: 'Microsoft.Bcl.AsyncInterfaces, Culture=neutral, PublicKeyToken=null'
   at System.Reflection.RuntimeAssembly.InternalLoad(AssemblyName assemblyName, StackCrawlMark& stackMark, AssemblyLoadContext assemblyLoadContext, RuntimeAssembly requestingAssembly, Boolean throwOnFileNotFound)
   at System.Reflection.Assembly.Load(AssemblyName assemblyRef)
   at Microsoft.VisualStudio.TestPlatform.Common.ExtensionFramework.TestPluginCache.CurrentDomainAssemblyResolve(Object sender, AssemblyResolveEventArgs args) in /_/src/Microsoft.TestPlatform.Common/ExtensionFramework/TestPluginCache.cs:line 514
   at System.Runtime.Loader.AssemblyLoadContext.GetFirstResolvedAssemblyFromResolvingEvent(AssemblyName assemblyName)
   at System.Runtime.Loader.AssemblyLoadContext.ResolveUsingEvent(AssemblyName assemblyName)
   at System.Runtime.Loader.AssemblyLoadContext.ResolveUsingResolvingEvent(IntPtr gchManagedAssemblyLoadContext, AssemblyName assemblyName)
TpTrace Verbose: 0 : 16428, 1, 2025/02/26, 18:58:30.754, 6992931709164, vstest.console.dll, MetadataReaderExtensionsHelper: Discovering extensions inside assembly 'Microsoft.TestPlatform.Extensions.BlameDataCollector, Version=15.0.0.0, Culture=neutral, PublicKeyToken=b03f5f7f11d50a3a' file path 'C:\Program Files\dotnet\sdk\9.0.101\Extensions\Microsoft.TestPlatform.Extensions.BlameDataCollector.dll'
TpTrace Information: 0 : 16428, 1, 2025/02/26, 18:58:30.754, 6992931713614, vstest.console.dll, GetTestExtensionFromType: Register extension with identifier data 'logger://Microsoft/TestPlatform/Extensions/Blame/v1' and type 'Microsoft.TestPlatform.Extensions.BlameDataCollector.BlameLogger, Microsoft.TestPlatform.Extensions.BlameDataCollector, Version=15.0.0.0, Culture=neutral, PublicKeyToken=b03f5f7f11d50a3a' inside file 'C:\Program Files\dotnet\sdk\9.0.101\Extensions\Microsoft.TestPlatform.Extensions.BlameDataCollector.dll'
TpTrace Verbose: 0 : 16428, 1, 2025/02/26, 18:58:30.754, 6992931714108, vstest.console.dll, MetadataReaderExtensionsHelper: Discovering extensions inside assembly 'Microsoft.TestPlatform.Extensions.EventLogCollector, Version=15.0.0.0, Culture=neutral, PublicKeyToken=b03f5f7f11d50a3a' file path 'C:\Program Files\dotnet\sdk\9.0.101\Extensions\Microsoft.TestPlatform.Extensions.EventLogCollector.dll'
TpTrace Verbose: 0 : 16428, 1, 2025/02/26, 18:58:30.754, 6992931717267, vstest.console.dll, MetadataReaderExtensionsHelper: Discovering extensions inside assembly 'Microsoft.TestPlatform.TestHostRuntimeProvider, Version=15.0.0.0, Culture=neutral, PublicKeyToken=b03f5f7f11d50a3a' file path 'C:\Program Files\dotnet\sdk\9.0.101\Extensions\Microsoft.TestPlatform.TestHostRuntimeProvider.dll'
TpTrace Verbose: 0 : 16428, 1, 2025/02/26, 18:58:30.755, 6992931720561, vstest.console.dll, MetadataReaderExtensionsHelper: Discovering extensions inside assembly 'Microsoft.VisualStudio.TestPlatform.Extensions.Html.TestLogger, Version=15.0.0.0, Culture=neutral, PublicKeyToken=b03f5f7f11d50a3a' file path 'C:\Program Files\dotnet\sdk\9.0.101\Extensions\Microsoft.VisualStudio.TestPlatform.Extensions.Html.TestLogger.dll'
TpTrace Information: 0 : 16428, 1, 2025/02/26, 18:58:30.755, 6992931725254, vstest.console.dll, GetTestExtensionFromType: Register extension with identifier data 'logger://Microsoft/TestPlatform/HtmlLogger/v1' and type 'Microsoft.VisualStudio.TestPlatform.Extensions.HtmlLogger.HtmlLogger, Microsoft.VisualStudio.TestPlatform.Extensions.Html.TestLogger, Version=15.0.0.0, Culture=neutral, PublicKeyToken=b03f5f7f11d50a3a' inside file 'C:\Program Files\dotnet\sdk\9.0.101\Extensions\Microsoft.VisualStudio.TestPlatform.Extensions.Html.TestLogger.dll'
TpTrace Verbose: 0 : 16428, 1, 2025/02/26, 18:58:30.755, 6992931725672, vstest.console.dll, MetadataReaderExtensionsHelper: Discovering extensions inside assembly 'Microsoft.VisualStudio.TestPlatform.Extensions.Trx.TestLogger, Version=15.0.0.0, Culture=neutral, PublicKeyToken=b03f5f7f11d50a3a' file path 'C:\Program Files\dotnet\sdk\9.0.101\Extensions\Microsoft.VisualStudio.TestPlatform.Extensions.Trx.TestLogger.dll'
TpTrace Information: 0 : 16428, 1, 2025/02/26, 18:58:30.756, 6992931728770, vstest.console.dll, GetTestExtensionFromType: Register extension with identifier data 'logger://Microsoft/TestPlatform/TrxLogger/v1' and type 'Microsoft.VisualStudio.TestPlatform.Extensions.TrxLogger.TrxLogger, Microsoft.VisualStudio.TestPlatform.Extensions.Trx.TestLogger, Version=15.0.0.0, Culture=neutral, PublicKeyToken=b03f5f7f11d50a3a' inside file 'C:\Program Files\dotnet\sdk\9.0.101\Extensions\Microsoft.VisualStudio.TestPlatform.Extensions.Trx.TestLogger.dll'
TpTrace Verbose: 0 : 16428, 1, 2025/02/26, 18:58:30.756, 6992931729307, vstest.console.dll, TestPluginCache: Discovered the extensions using extension path ''.
TpTrace Verbose: 0 : 16428, 1, 2025/02/26, 18:58:30.756, 6992931729534, vstest.console.dll, TestPluginCache: Discoverers are ''.
TpTrace Verbose: 0 : 16428, 1, 2025/02/26, 18:58:30.756, 6992931729657, vstest.console.dll, TestPluginCache: Executors are ''.
TpTrace Verbose: 0 : 16428, 1, 2025/02/26, 18:58:30.756, 6992931729765, vstest.console.dll, TestPluginCache: Executors2 are ''.
TpTrace Verbose: 0 : 16428, 1, 2025/02/26, 18:58:30.756, 6992931729870, vstest.console.dll, TestPluginCache: Setting providers are ''.
TpTrace Verbose: 0 : 16428, 1, 2025/02/26, 18:58:30.756, 6992931730254, vstest.console.dll, TestPluginCache: Loggers are 'logger://Microsoft/TestPlatform/Extensions/Blame/v1,logger://Microsoft/TestPlatform/HtmlLogger/v1,logger://Microsoft/TestPlatform/TrxLogger/v1'.
TpTrace Verbose: 0 : 16428, 1, 2025/02/26, 18:58:30.756, 6992931730511, vstest.console.dll, TestPluginCache: TestHosts are 'HostProvider://DefaultTestHost,HostProvider://DotnetTestHost'.
TpTrace Verbose: 0 : 16428, 1, 2025/02/26, 18:58:30.756, 6992931730648, vstest.console.dll, TestPluginCache: DataCollectors are ''.
TpTrace Information: 0 : 16428, 1, 2025/02/26, 18:58:30.756, 6992931735614, vstest.console.dll, TestPluginManager.CreateTestExtension: Attempting to load test extension: Microsoft.TestPlatform.Extensions.BlameDataCollector.BlameLogger
TpTrace Verbose: 0 : 16428, 1, 2025/02/26, 18:58:30.762, 6992931788872, vstest.console.dll, TestEngine: Initializing Parallel Execution as MaxCpuCount is set to: 1
TpTrace Information: 0 : 16428, 1, 2025/02/26, 18:58:30.762, 6992931797791, vstest.console.dll, TestPluginManager.CreateTestExtension: Attempting to load test extension: Microsoft.VisualStudio.TestPlatform.CrossPlatEngine.Hosting.DefaultTestHostManager
TpTrace Information: 0 : 16428, 1, 2025/02/26, 18:58:30.763, 6992931802128, vstest.console.dll, TestPluginManager.CreateTestExtension: Attempting to load test extension: Microsoft.VisualStudio.TestPlatform.CrossPlatEngine.Hosting.DotnetTestHostManager
TpTrace Verbose: 0 : 16428, 1, 2025/02/26, 18:58:30.763, 6992931806205, vstest.console.dll, TestHostManagerCallbacks.ctor: Forwarding output is enabled.
TpTrace Information: 0 : 16428, 1, 2025/02/26, 18:58:30.764, 6992931809518, vstest.console.dll, InferRunSettingsHelper.IsTestSettingsEnabled: Unable to navigate to RunSettings/MSTest. Current node: RunSettings
TpTrace Verbose: 0 : 16428, 1, 2025/02/26, 18:58:30.764, 6992931812513, vstest.console.dll, ParallelOperationManager.ClearSlots: Clearing all slots. Slots should accept more work: True
TpTrace Verbose: 0 : 16428, 1, 2025/02/26, 18:58:30.764, 6992931815872, vstest.console.dll, ParallelOperationManager.SetOccupiedSlotCount: Setting slot counts AvailableSlotCount = 1, OccupiedSlotCount = 0.
TpTrace Verbose: 0 : 16428, 1, 2025/02/26, 18:58:30.764, 6992931818229, vstest.console.dll, Occupied slots:

TpTrace Verbose: 0 : 16428, 1, 2025/02/26, 18:58:30.767, 6992931840555, vstest.console.dll, TestEngine.GetExecutionManager: Chosen execution manager 'Microsoft.VisualStudio.TestPlatform.CrossPlatEngine.Client.Parallel.ParallelProxyExecutionManager, Microsoft.TestPlatform.CrossPlatEngine, Version=15.0.0.0, Culture=neutral, PublicKeyToken=b03f5f7f11d50a3a' ParallelLevel '1'.
TpTrace Verbose: 0 : 16428, 1, 2025/02/26, 18:58:30.767, 6992931841441, vstest.console.dll, TestPlatform.GetSkipDefaultAdapters: Not skipping default adapters SkipDefaultAdapters was false.
TpTrace Verbose: 0 : 16428, 1, 2025/02/26, 18:58:30.767, 6992931841934, vstest.console.dll, TestRunRequest.ExecuteAsync: Creating test run request.
TpTrace Verbose: 0 : 16428, 1, 2025/02/26, 18:58:30.767, 6992931843438, vstest.console.dll, TestRunRequest.ExecuteAsync: Starting.
TpTrace Information: 0 : 16428, 1, 2025/02/26, 18:58:30.768, 6992931849951, vstest.console.dll, TestRunRequest.ExecuteAsync: Starting run with settings:TestRunCriteria:
   KeepAlive=False,FrequencyOfRunStatsChangeEvent=10,RunStatsChangeEventTimeout=00:00:01.5000000,TestCaseFilter=,TestExecutorLauncher=
   Settingsxml=<RunSettings>
  <RunConfiguration>
    <ResultsDirectory>B:\GIT\OOP\9.LabOOP\UnitTests\bin\Debug\net8.0\fine-code-coverage\coverage-tool-output</ResultsDirectory>
    <TargetPlatform>X64</TargetPlatform>
    <TargetFrameworkVersion>.NETCoreApp,Version=v8.0</TargetFrameworkVersion>
    <DesignMode>False</DesignMode>
    <CollectSourceInformation>False</CollectSourceInformation>
  </RunConfiguration>
  <LoggerRunSettings>
    <Loggers>
      <Logger friendlyName="blame" enabled="True" />
      <Logger friendlyName="Console" uri="logger://microsoft/TestPlatform/ConsoleLogger/v1" assemblyQualifiedName="Microsoft.VisualStudio.TestPlatform.CommandLine.Internal.ConsoleLogger, vstest.console, Version=15.0.0.0, Culture=neutral, PublicKeyToken=b03f5f7f11d50a3a" codeBase="C:\Program Files\dotnet\sdk\9.0.101\vstest.console.dll" enabled="True" />
    </Loggers>
  </LoggerRunSettings>
  <DataCollectionRunSettings>
    <DataCollectors>
      <DataCollector friendlyName="blame" enabled="True">
        <Configuration>
          <ResultsDirectory>B:\GIT\OOP\9.LabOOP\UnitTests\bin\Debug\net8.0\fine-code-coverage\coverage-tool-output</ResultsDirectory>
        </Configuration>
      </DataCollector>
    </DataCollectors>
  </DataCollectionRunSettings>
</RunSettings>

TpTrace Verbose: 0 : 16428, 1, 2025/02/26, 18:58:30.768, 6992931850318, vstest.console.dll, TestRunRequest.ExecuteAsync: Wait for the first run request is over.
TpTrace Verbose: 0 : 16428, 1, 2025/02/26, 18:58:30.768, 6992931851753, vstest.console.dll, MulticastDelegateUtilities.SafeInvoke: TestRun.TestRunStart: Invoking callbacks was skipped because there are no subscribers.
TpTrace Verbose: 0 : 16428, 4, 2025/02/26, 18:58:30.768, 6992931852950, vstest.console.dll, MulticastDelegateUtilities.SafeInvoke: InternalTestLoggerEvents.SendTestRunStart: Invoking callback 1/1 for Microsoft.VisualStudio.TestPlatform.CommandLine.Internal.ConsoleLogger., took 0 ms.
TpTrace Verbose: 0 : 16428, 1, 2025/02/26, 18:58:30.768, 6992931858166, vstest.console.dll, ParallelProxyExecutionManager: Start execution. Total sources: 1
TpTrace Verbose: 0 : 16428, 1, 2025/02/26, 18:58:30.769, 6992931860159, vstest.console.dll, ParallelOperationManager.StartWork: Starting adding 1 workloads.
TpTrace Verbose: 0 : 16428, 1, 2025/02/26, 18:58:30.769, 6992931860589, vstest.console.dll, ParallelOperationManager.ClearSlots: Clearing all slots. Slots should accept more work: True
TpTrace Verbose: 0 : 16428, 1, 2025/02/26, 18:58:30.769, 6992931860957, vstest.console.dll, ParallelOperationManager.SetOccupiedSlotCount: Setting slot counts AvailableSlotCount = 1, OccupiedSlotCount = 0.
TpTrace Verbose: 0 : 16428, 1, 2025/02/26, 18:58:30.769, 6992931861133, vstest.console.dll, Occupied slots:

TpTrace Verbose: 0 : 16428, 1, 2025/02/26, 18:58:30.769, 6992931868465, vstest.console.dll, TestHostManagerCallbacks.ctor: Forwarding output is enabled.
TpTrace Verbose: 0 : 16428, 1, 2025/02/26, 18:58:30.770, 6992931869890, vstest.console.dll, TestRequestSender is acting as server.
TpTrace Verbose: 0 : 16428, 1, 2025/02/26, 18:58:30.770, 6992931877628, vstest.console.dll, ParallelOperationManager.RunWorkInParallel: Adding 1 workload to slot, remaining workloads 0.
TpTrace Verbose: 0 : 16428, 1, 2025/02/26, 18:58:30.770, 6992931877969, vstest.console.dll, ParallelOperationManager.SetOccupiedSlotCount: Setting slot counts AvailableSlotCount = 0, OccupiedSlotCount = 1.
TpTrace Verbose: 0 : 16428, 1, 2025/02/26, 18:58:30.771, 6992931878609, vstest.console.dll, Occupied slots:
0: B:\GIT\OOP\9.LabOOP\UnitTests\bin\Debug\net8.0\fine-code-coverage\build-output\UnitTests.dll
TpTrace Verbose: 0 : 16428, 1, 2025/02/26, 18:58:30.771, 6992931886092, vstest.console.dll, ParallelOperationManager.RunWorkInParallel: Started host in slot number 0 for work (source): B:\GIT\OOP\9.LabOOP\UnitTests\bin\Debug\net8.0\fine-code-coverage\build-output\UnitTests.dll.
TpTrace Verbose: 0 : 16428, 1, 2025/02/26, 18:58:30.772, 6992931890280, vstest.console.dll, ParallelOperationManager.RunWorkInParallel: We started 1 work items, which is the max parallel level. Won't start more work.
TpTrace Verbose: 0 : 16428, 1, 2025/02/26, 18:58:30.772, 6992931890646, vstest.console.dll, ParallelOperationManager.RunWorkInParallel: We started 1 work items in here, returning True.
TpTrace Verbose: 0 : 16428, 5, 2025/02/26, 18:58:30.772, 6992931890687, vstest.console.dll, ParallelProxyExecutionManager.StartTestRunOnConcurrentManager: Initializing uninitialized client. Started clients: 0
TpTrace Information: 0 : 16428, 1, 2025/02/26, 18:58:30.772, 6992931890862, vstest.console.dll, TestRunRequest.ExecuteAsync: Started.
TpTrace Verbose: 0 : 16428, 5, 2025/02/26, 18:58:30.772, 6992931891854, vstest.console.dll, DataCollectionRequestSender.InitializeCommunication : Initialize communication. 
TpTrace Verbose: 0 : 16428, 1, 2025/02/26, 18:58:30.772, 6992931895004, vstest.console.dll, TestRunRequest.WaitForCompletion: Waiting with timeout -1.
TpTrace Information: 0 : 16428, 5, 2025/02/26, 18:58:30.777, 6992931943463, vstest.console.dll, Listening on Endpoint : 127.0.0.1:58523
TpTrace Verbose: 0 : 16428, 5, 2025/02/26, 18:58:30.781, 6992931979555, vstest.console.dll, DotnetDataCollectionLauncher: Adding  --runtimeconfig "C:\Program Files\dotnet\sdk\9.0.101\datacollector.runtimeconfig.json" in args
TpTrace Verbose: 0 : 16428, 5, 2025/02/26, 18:58:30.781, 6992931980117, vstest.console.dll, DotnetDataCollectionLauncher: Adding  --depsfile "C:\Program Files\dotnet\sdk\9.0.101\datacollector.deps.json" in args
TpTrace Verbose: 0 : 16428, 5, 2025/02/26, 18:58:30.781, 6992931980916, vstest.console.dll, DotnetDataCollectionLauncher: Full path of dotnet.exe is C:\Program Files\dotnet\dotnet.exe
TpTrace Information: 0 : 16428, 5, 2025/02/26, 18:58:30.785, 6992932019580, vstest.console.dll, ProxyDataCollectionManager.Initialize: Launched datacollector processId: 26320 port: 58523
TpTrace Information: 0 : 16428, 5, 2025/02/26, 18:58:30.785, 6992932020231, vstest.console.dll, ProxyDataCollectionManager.Initialize: waiting for connection with timeout: 90 seconds
TpTrace Verbose: 0 : 16428, 5, 2025/02/26, 18:58:30.785, 6992932020524, vstest.console.dll, DataCollectionRequestSender.WaitForRequestHandlerConnection : Waiting for connection with timeout: 90000
TpTrace Information: 0 : 16428, 9, 2025/02/26, 18:58:30.867, 6992932845849, vstest.console.dll, Using the buffer size of 16384 bytes
TpTrace Verbose: 0 : 16428, 5, 2025/02/26, 18:58:30.867, 6992932845951, vstest.console.dll, SocketCommunicationManager.WaitForClientConnection took: 82 ms, with 90000 ms timeout, and finished with True.
TpTrace Information: 0 : 16428, 9, 2025/02/26, 18:58:30.867, 6992932846473, vstest.console.dll, Accepted Client request and set the flag
TpTrace Verbose: 0 : 16428, 5, 2025/02/26, 18:58:30.867, 6992932847245, vstest.console.dll, ProxyDataCollectionManager.InvokeDataCollectionServiceAction: Starting.
TpTrace Information: 0 : 16428, 5, 2025/02/26, 18:58:30.867, 6992932847682, vstest.console.dll, ProxyDataCollectionManager.BeforeTestRunStart: Get environment variable and port for datacollector processId: 26320 port: 58523
TpTrace Verbose: 0 : 16428, 5, 2025/02/26, 18:58:30.867, 6992932848393, vstest.console.dll, DataCollectionRequestSender.SendBeforeTestRunStartAndGetResult: Send BeforeTestRunStart message with settingsXml <RunSettings><RunConfiguration><ResultsDirectory>B:\GIT\OOP\9.LabOOP\UnitTests\bin\Debug\net8.0\fine-code-coverage\coverage-tool-output</ResultsDirectory><TargetPlatform>X64</TargetPlatform><TargetFrameworkVersion>.NETCoreApp,Version=v8.0</TargetFrameworkVersion><DesignMode>False</DesignMode><CollectSourceInformation>False</CollectSourceInformation><TestAdaptersPaths>C:\Program Files\dotnet\sdk\9.0.101\Extensions</TestAdaptersPaths></RunConfiguration><LoggerRunSettings><Loggers><Logger friendlyName="blame" enabled="True" /><Logger friendlyName="Console" uri="logger://microsoft/TestPlatform/ConsoleLogger/v1" assemblyQualifiedName="Microsoft.VisualStudio.TestPlatform.CommandLine.Internal.ConsoleLogger, vstest.console, Version=15.0.0.0, Culture=neutral, PublicKeyToken=b03f5f7f11d50a3a" codeBase="C:\Program Files\dotnet\sdk\9.0.101\vstest.console.dll" enabled="True" /></Loggers></LoggerRunSettings><DataCollectionRunSettings><DataCollectors><DataCollector friendlyName="blame" enabled="True"><Configuration><ResultsDirectory>B:\GIT\OOP\9.LabOOP\UnitTests\bin\Debug\net8.0\fine-code-coverage\coverage-tool-output</ResultsDirectory></Configuration></DataCollector></DataCollectors></DataCollectionRunSettings></RunSettings> and sources System.Collections.Generic.List`1[System.String]: 
TpTrace Verbose: 0 : 16428, 5, 2025/02/26, 18:58:30.899, 6992933160781, vstest.console.dll, DataCollectionRequestSender.SendBeforeTestRunStartAndGetResult: Received message: (DataCollection.SendMessage) -> {"MessageType":"DataCollection.SendMessage","Payload":{"FriendlyName":null,"Uri":null,"TestCaseId":"00000000-0000-0000-0000-000000000000","Message":"Logging DataCollector Diagnostics in file: B:\\GIT\\OOP\\9.LabOOP\\UnitTests\\bin\\Debug\\net8.0\\fine-code-coverage\\coverage-tool-output\\diagnostics.datacollector.25-02-26_18-58-30_78099_5.log","Level":0}}
TpTrace Verbose: 0 : 16428, 5, 2025/02/26, 18:58:30.952, 6992933690888, vstest.console.dll, DataCollectionRequestSender.SendBeforeTestRunStartAndGetResult: Received message: (DataCollection.BeforeTestRunStartResult) -> {"MessageType":"DataCollection.BeforeTestRunStartResult","Payload":{"EnvironmentVariables":{},"DataCollectionEventsPort":58525}}
TpTrace Information: 0 : 16428, 5, 2025/02/26, 18:58:30.954, 6992933717363, vstest.console.dll, ProxyDataCollectionManager.BeforeTestRunStart: SendBeforeTestRunStartAndGetResult successful, env variable from datacollector:   and testhost port: 58525
TpTrace Information: 0 : 16428, 5, 2025/02/26, 18:58:30.954, 6992933717792, vstest.console.dll, ProxyDataCollectionManager.InvokeDataCollectionServiceAction: Completed.
TpTrace Verbose: 0 : 16428, 5, 2025/02/26, 18:58:30.954, 6992933717987, vstest.console.dll, ParallelProxyExecutionManager.StartTestRunOnConcurrentManager: Initializing test run. Started clients: 0
TpTrace Verbose: 0 : 16428, 5, 2025/02/26, 18:58:30.954, 6992933718476, vstest.console.dll, ProxyExecutionManager: Test host is always Lazy initialize.
TpTrace Verbose: 0 : 16428, 5, 2025/02/26, 18:58:30.955, 6992933719798, vstest.console.dll, TestRequestSender.InitializeCommunication: initialize communication. 
TpTrace Information: 0 : 16428, 5, 2025/02/26, 18:58:30.955, 6992933722615, vstest.console.dll, SocketServer.Start: Listening on endpoint : 127.0.0.1:58526
TpTrace Verbose: 0 : 16428, 5, 2025/02/26, 18:58:30.955, 6992933726797, vstest.console.dll, DotnetTestHostmanager.GetTestHostProcessStartInfo: Platform environment 'X64' target architecture 'X64' framework '.NETCoreApp,Version=v8.0' OS 'Windows'
TpTrace Verbose: 0 : 16428, 5, 2025/02/26, 18:58:30.955, 6992933727688, vstest.console.dll, DotnetTestHostmanager: Adding  --runtimeconfig "B:\GIT\OOP\9.LabOOP\UnitTests\bin\Debug\net8.0\fine-code-coverage\build-output\UnitTests.runtimeconfig.json" in args
TpTrace Verbose: 0 : 16428, 5, 2025/02/26, 18:58:30.955, 6992933727972, vstest.console.dll, DotnetTestHostmanager: Adding  --depsfile "B:\GIT\OOP\9.LabOOP\UnitTests\bin\Debug\net8.0\fine-code-coverage\build-output\UnitTests.deps.json" in args
TpTrace Verbose: 0 : 16428, 5, 2025/02/26, 18:58:30.956, 6992933729492, vstest.console.dll, DotnetTestHostmanager.IsWinOnArm: Current PROCESSOR_ARCHITECTURE from environment variable 'AMD64'
TpTrace Verbose: 0 : 16428, 5, 2025/02/26, 18:58:30.956, 6992933729916, vstest.console.dll, DotnetTestHostmanager.IsWinOnArm: Is Windows on ARM 'False'
TpTrace Verbose: 0 : 16428, 5, 2025/02/26, 18:58:30.956, 6992933730190, vstest.console.dll, DotnetTestHostManager: testhost.exe found at path: B:\GIT\OOP\9.LabOOP\UnitTests\bin\Debug\net8.0\fine-code-coverage\build-output\testhost.exe
TpTrace Verbose: 0 : 16428, 5, 2025/02/26, 18:58:30.956, 6992933730374, vstest.console.dll, DotnetTestHostmanager: Full path of host exe is B:\GIT\OOP\9.LabOOP\UnitTests\bin\Debug\net8.0\fine-code-coverage\build-output\testhost.exe
TpTrace Verbose: 0 : 16428, 5, 2025/02/26, 18:58:30.956, 6992933731023, vstest.console.dll, DotnetTestHostmanager.LaunchTestHostAsync: Found 'VSTEST_WINAPPHOST_DOTNET_ROOT' in env variables, value 'C:\Program Files\dotnet', forwarding to 'DOTNET_ROOT'
TpTrace Verbose: 0 : 16428, 5, 2025/02/26, 18:58:30.956, 6992933731850, vstest.console.dll, DotnetTestHostManager: Starting process 'B:\GIT\OOP\9.LabOOP\UnitTests\bin\Debug\net8.0\fine-code-coverage\build-output\testhost.exe' with command line ' --runtimeconfig "B:\GIT\OOP\9.LabOOP\UnitTests\bin\Debug\net8.0\fine-code-coverage\build-output\UnitTests.runtimeconfig.json" --depsfile "B:\GIT\OOP\9.LabOOP\UnitTests\bin\Debug\net8.0\fine-code-coverage\build-output\UnitTests.deps.json" --port 58526 --endpoint 127.0.0.1:058526 --role client --parentprocessid 16428 --diag "B:\GIT\OOP\9.LabOOP\UnitTests\bin\Debug\net8.0\fine-code-coverage\coverage-tool-output\diagnostics.host.25-02-26_18-58-30_95561_5.log" --tracelevel 4 --datacollectionport 58525 --telemetryoptedin false'
TpTrace Verbose: 0 : 16428, 5, 2025/02/26, 18:58:30.959, 6992933766852, vstest.console.dll, MulticastDelegateUtilities.SafeInvoke: HostProviderEvents.OnHostLaunched: Invoking callback 1/2 for Microsoft.VisualStudio.TestPlatform.CrossPlatEngine.Client.ProxyExecutionManagerWithDataCollection., took 0 ms.
TpTrace Verbose: 0 : 16428, 5, 2025/02/26, 18:58:30.959, 6992933768157, vstest.console.dll, Test Runtime launched
TpTrace Verbose: 0 : 16428, 5, 2025/02/26, 18:58:30.960, 6992933768626, vstest.console.dll, MulticastDelegateUtilities.SafeInvoke: HostProviderEvents.OnHostLaunched: Invoking callback 2/2 for Microsoft.VisualStudio.TestPlatform.CrossPlatEngine.Client.ProxyOperationManager., took 0 ms.
TpTrace Verbose: 0 : 16428, 5, 2025/02/26, 18:58:30.960, 6992933769296, vstest.console.dll, TestRequestSender.WaitForRequestHandlerConnection: waiting for connection with timeout: 90000.
TpTrace Verbose: 0 : 16428, 5, 2025/02/26, 18:58:31.054, 6992934712232, vstest.console.dll, TestRequestSender.WaitForRequestHandlerConnection: waiting took 94 ms, with timeout 90000 ms, and result 0, which is success.
TpTrace Verbose: 0 : 16428, 12, 2025/02/26, 18:58:31.054, 6992934712232, vstest.console.dll, MulticastDelegateUtilities.SafeInvoke: SocketServer: ClientConnected: Invoking callback 1/1 for Microsoft.VisualStudio.TestPlatform.CommunicationUtilities.TestRequestSender., took 0 ms.
TpTrace Verbose: 0 : 16428, 12, 2025/02/26, 18:58:31.054, 6992934713360, vstest.console.dll, SocketServer.OnClientConnected: Client connected for endPoint: 127.0.0.1:58526, starting MessageLoopAsync:
TpTrace Verbose: 0 : 16428, 13, 2025/02/26, 18:58:31.054, 6992934716885, vstest.console.dll, TcpClientExtensions.MessageLoopAsync: Polling on remoteEndPoint: 127.0.0.1:58527 localEndPoint: 127.0.0.1:58526 after 0 ms
TpTrace Verbose: 0 : 16428, 5, 2025/02/26, 18:58:31.054, 6992934718482, vstest.console.dll, TestRequestSender.CheckVersionWithTestHost: Sending check version message: {"MessageType":"ProtocolVersion","Payload":7}
TpTrace Verbose: 0 : 16428, 13, 2025/02/26, 18:58:31.121, 6992935386613, vstest.console.dll, TcpClientExtensions.MessageLoopAsync: NotifyDataAvailable remoteEndPoint: 127.0.0.1:58527 localEndPoint: 127.0.0.1:58526
TpTrace Verbose: 0 : 16428, 13, 2025/02/26, 18:58:31.121, 6992935388212, vstest.console.dll, TestRequestSender.CheckVersionWithTestHost: onMessageReceived received message: (ProtocolVersion) -> {"MessageType":"ProtocolVersion","Payload":7}
TpTrace Verbose: 0 : 16428, 13, 2025/02/26, 18:58:31.122, 6992935392549, vstest.console.dll, MulticastDelegateUtilities.SafeInvoke: LengthPrefixCommunicationChannel: MessageReceived: Invoking callback 1/1 for Microsoft.VisualStudio.TestPlatform.CommunicationUtilities.TestRequestSender+<>c__DisplayClass29_0., took 0 ms.
TpTrace Verbose: 0 : 16428, 13, 2025/02/26, 18:58:31.122, 6992935393102, vstest.console.dll, TcpClientExtensions.MessageLoopAsync: Polling on remoteEndPoint: 127.0.0.1:58527 localEndPoint: 127.0.0.1:58526 after 67 ms
TpTrace Verbose: 0 : 16428, 5, 2025/02/26, 18:58:31.122, 6992935393464, vstest.console.dll, TestPluginCache.GetExtensionPaths: Filtered extension paths: 
TpTrace Verbose: 0 : 16428, 5, 2025/02/26, 18:58:31.122, 6992935393901, vstest.console.dll, TestPluginCache.GetExtensionPaths: Added default extension paths: C:\Program Files\dotnet\sdk\9.0.101\Extensions\Microsoft.Diagnostics.NETCore.Client.dll
C:\Program Files\dotnet\sdk\9.0.101\Extensions\Microsoft.TestPlatform.Extensions.BlameDataCollector.dll
C:\Program Files\dotnet\sdk\9.0.101\Extensions\Microsoft.TestPlatform.Extensions.EventLogCollector.dll
C:\Program Files\dotnet\sdk\9.0.101\Extensions\Microsoft.TestPlatform.TestHostRuntimeProvider.dll
C:\Program Files\dotnet\sdk\9.0.101\Extensions\Microsoft.VisualStudio.TestPlatform.Extensions.Html.TestLogger.dll
C:\Program Files\dotnet\sdk\9.0.101\Extensions\Microsoft.VisualStudio.TestPlatform.Extensions.Trx.TestLogger.dll
TpTrace Verbose: 0 : 16428, 5, 2025/02/26, 18:58:31.122, 6992935394181, vstest.console.dll, TestPluginCache.GetExtensionPaths: Added unfilterableExtensionPaths: 
TpTrace Verbose: 0 : 16428, 5, 2025/02/26, 18:58:31.124, 6992935410663, vstest.console.dll, TestRequestSender.InitializeExecution: Sending initialize execution with message: {"Version":7,"MessageType":"TestExecution.Initialize","Payload":["B:\\GIT\\OOP\\9.LabOOP\\UnitTests\\bin\\Debug\\net8.0\\fine-code-coverage\\build-output\\xunit.runner.visualstudio.dotnetcore.testadapter.dll"]}
TpTrace Verbose: 0 : 16428, 5, 2025/02/26, 18:58:31.124, 6992935411618, vstest.console.dll, ParallelProxyExecutionManager.StartTestRunOnConcurrentManager: Execution starting. Started clients: 1
TpTrace Verbose: 0 : 16428, 5, 2025/02/26, 18:58:31.124, 6992935413372, vstest.console.dll, TestRunRequest:SendTestRunMessage: Starting.
TpTrace Verbose: 0 : 16428, 5, 2025/02/26, 18:58:31.124, 6992935414457, vstest.console.dll, MulticastDelegateUtilities.SafeInvoke: TestRun.LogMessages: Invoking callback 1/1 for Microsoft.VisualStudio.TestPlatform.CommandLine.TestRunResultAggregator., took 0 ms.
TpTrace Information: 0 : 16428, 5, 2025/02/26, 18:58:31.124, 6992935414717, vstest.console.dll, TestRunRequest:SendTestRunMessage: Completed.
TpTrace Verbose: 0 : 16428, 4, 2025/02/26, 18:58:31.124, 6992935415688, vstest.console.dll, MulticastDelegateUtilities.SafeInvoke: InternalTestLoggerEvents.SendTestRunMessage: Invoking callback 1/1 for Microsoft.VisualStudio.TestPlatform.CommandLine.Internal.ConsoleLogger., took 0 ms.
TpTrace Warning: 0 : 16428, 5, 2025/02/26, 18:58:31.124, 6992935417157, vstest.console.dll, InferRunSettingsHelper.MakeRunsettingsCompatible: Removing the following settings: TargetPlatform from RunSettings file. To use those settings please move to latest version of Microsoft.NET.Test.Sdk
TpTrace Verbose: 0 : 16428, 13, 2025/02/26, 18:58:31.125, 6992935419267, vstest.console.dll, TcpClientExtensions.MessageLoopAsync: NotifyDataAvailable remoteEndPoint: 127.0.0.1:58527 localEndPoint: 127.0.0.1:58526
TpTrace Verbose: 0 : 16428, 13, 2025/02/26, 18:58:31.125, 6992935421141, vstest.console.dll, TestRequestSender.OnExecutionMessageReceived: Received message: {"Version":7,"MessageType":"TestSession.Message","Payload":{"MessageLevel":0,"Message":"Logging TestHost Diagnostics in file: B:\\GIT\\OOP\\9.LabOOP\\UnitTests\\bin\\Debug\\net8.0\\fine-code-coverage\\coverage-tool-output\\diagnostics.host.25-02-26_18-58-30_95561_5.log"}}
TpTrace Verbose: 0 : 16428, 13, 2025/02/26, 18:58:31.126, 6992935437029, vstest.console.dll, TestRunRequest:SendTestRunMessage: Starting.
TpTrace Verbose: 0 : 16428, 13, 2025/02/26, 18:58:31.126, 6992935437724, vstest.console.dll, MulticastDelegateUtilities.SafeInvoke: TestRun.LogMessages: Invoking callback 1/1 for Microsoft.VisualStudio.TestPlatform.CommandLine.TestRunResultAggregator., took 0 ms.
TpTrace Verbose: 0 : 16428, 4, 2025/02/26, 18:58:31.126, 6992935437858, vstest.console.dll, MulticastDelegateUtilities.SafeInvoke: InternalTestLoggerEvents.SendTestRunMessage: Invoking callback 1/1 for Microsoft.VisualStudio.TestPlatform.CommandLine.Internal.ConsoleLogger., took 0 ms.
TpTrace Information: 0 : 16428, 13, 2025/02/26, 18:58:31.126, 6992935437931, vstest.console.dll, TestRunRequest:SendTestRunMessage: Completed.
TpTrace Verbose: 0 : 16428, 13, 2025/02/26, 18:58:31.127, 6992935438757, vstest.console.dll, MulticastDelegateUtilities.SafeInvoke: LengthPrefixCommunicationChannel: MessageReceived: Invoking callback 1/1 for Microsoft.VisualStudio.TestPlatform.CommunicationUtilities.TestRequestSender+<>c__DisplayClass34_0., took 1 ms.
TpTrace Verbose: 0 : 16428, 13, 2025/02/26, 18:58:31.127, 6992935438989, vstest.console.dll, TcpClientExtensions.MessageLoopAsync: Polling on remoteEndPoint: 127.0.0.1:58527 localEndPoint: 127.0.0.1:58526 after 4 ms
TpTrace Verbose: 0 : 16428, 5, 2025/02/26, 18:58:31.128, 6992935457276, vstest.console.dll, TestRequestSender.StartTestRun: Sending test run with message: {"Version":7,"MessageType":"TestExecution.StartWithSources","Payload":{"AdapterSourceMap":{"_none_":["B:\\GIT\\OOP\\9.LabOOP\\UnitTests\\bin\\Debug\\net8.0\\fine-code-coverage\\build-output\\UnitTests.dll"]},"RunSettings":"<RunSettings>\r\n  <RunConfiguration>\r\n    <ResultsDirectory>B:\\GIT\\OOP\\9.LabOOP\\UnitTests\\bin\\Debug\\net8.0\\fine-code-coverage\\coverage-tool-output</ResultsDirectory>\r\n    <TargetFrameworkVersion>.NETCoreApp,Version=v8.0</TargetFrameworkVersion>\r\n    <DesignMode>False</DesignMode>\r\n    <CollectSourceInformation>False</CollectSourceInformation>\r\n  </RunConfiguration>\r\n  <LoggerRunSettings>\r\n    <Loggers>\r\n      <Logger friendlyName=\"blame\" enabled=\"True\" />\r\n      <Logger friendlyName=\"Console\" uri=\"logger://microsoft/TestPlatform/ConsoleLogger/v1\" assemblyQualifiedName=\"Microsoft.VisualStudio.TestPlatform.CommandLine.Internal.ConsoleLogger, vstest.console, Version=15.0.0.0, Culture=neutral, PublicKeyToken=b03f5f7f11d50a3a\" codeBase=\"C:\\Program Files\\dotnet\\sdk\\9.0.101\\vstest.console.dll\" enabled=\"True\" />\r\n    </Loggers>\r\n  </LoggerRunSettings>\r\n  <DataCollectionRunSettings>\r\n    <DataCollectors>\r\n      <DataCollector friendlyName=\"blame\" enabled=\"True\">\r\n        <Configuration>\r\n          <ResultsDirectory>B:\\GIT\\OOP\\9.LabOOP\\UnitTests\\bin\\Debug\\net8.0\\fine-code-coverage\\coverage-tool-output</ResultsDirectory>\r\n        </Configuration>\r\n      </DataCollector>\r\n    </DataCollectors>\r\n  </DataCollectionRunSettings>\r\n</RunSettings>","TestExecutionContext":{"FrequencyOfRunStatsChangeEvent":10,"RunStatsChangeEventTimeout":"00:00:01.5000000","InIsolation":false,"KeepAlive":false,"AreTestCaseLevelEventsRequired":false,"IsDebug":false,"TestCaseFilter":null,"FilterOptions":null},"Package":null}}
TpTrace Verbose: 0 : 16428, 5, 2025/02/26, 18:58:31.128, 6992935457935, vstest.console.dll, ParallelProxyExecutionManager.StartTestRunOnConcurrentManager: Execution started. Started clients: 1
TpTrace Verbose: 0 : 16428, 13, 2025/02/26, 18:58:31.201, 6992936188140, vstest.console.dll, TcpClientExtensions.MessageLoopAsync: NotifyDataAvailable remoteEndPoint: 127.0.0.1:58527 localEndPoint: 127.0.0.1:58526
TpTrace Verbose: 0 : 16428, 13, 2025/02/26, 18:58:31.202, 6992936189165, vstest.console.dll, TestRequestSender.OnExecutionMessageReceived: Received message: {"Version":7,"MessageType":"TestSession.Message","Payload":{"MessageLevel":0,"Message":"[xUnit.net 00:00:00.00] xUnit.net VSTest Adapter v2.5.3.1+6b60a9e56a (64-bit .NET 8.0.11)"}}
TpTrace Verbose: 0 : 16428, 13, 2025/02/26, 18:58:31.202, 6992936190457, vstest.console.dll, TestRunRequest:SendTestRunMessage: Starting.
TpTrace Verbose: 0 : 16428, 13, 2025/02/26, 18:58:31.202, 6992936190944, vstest.console.dll, MulticastDelegateUtilities.SafeInvoke: TestRun.LogMessages: Invoking callback 1/1 for Microsoft.VisualStudio.TestPlatform.CommandLine.TestRunResultAggregator., took 0 ms.
TpTrace Information: 0 : 16428, 13, 2025/02/26, 18:58:31.202, 6992936191130, vstest.console.dll, TestRunRequest:SendTestRunMessage: Completed.
TpTrace Verbose: 0 : 16428, 4, 2025/02/26, 18:58:31.202, 6992936191128, vstest.console.dll, MulticastDelegateUtilities.SafeInvoke: InternalTestLoggerEvents.SendTestRunMessage: Invoking callback 1/1 for Microsoft.VisualStudio.TestPlatform.CommandLine.Internal.ConsoleLogger., took 0 ms.
TpTrace Verbose: 0 : 16428, 13, 2025/02/26, 18:58:31.202, 6992936191289, vstest.console.dll, MulticastDelegateUtilities.SafeInvoke: LengthPrefixCommunicationChannel: MessageReceived: Invoking callback 1/1 for Microsoft.VisualStudio.TestPlatform.CommunicationUtilities.TestRequestSender+<>c__DisplayClass34_0., took 0 ms.
TpTrace Verbose: 0 : 16428, 13, 2025/02/26, 18:58:31.202, 6992936191945, vstest.console.dll, TcpClientExtensions.MessageLoopAsync: Polling on remoteEndPoint: 127.0.0.1:58527 localEndPoint: 127.0.0.1:58526 after 75 ms
TpTrace Verbose: 0 : 16428, 13, 2025/02/26, 18:58:31.243, 6992936603379, vstest.console.dll, TcpClientExtensions.MessageLoopAsync: NotifyDataAvailable remoteEndPoint: 127.0.0.1:58527 localEndPoint: 127.0.0.1:58526
TpTrace Verbose: 0 : 16428, 13, 2025/02/26, 18:58:31.243, 6992936604105, vstest.console.dll, TestRequestSender.OnExecutionMessageReceived: Received message: {"Version":7,"MessageType":"TestSession.Message","Payload":{"MessageLevel":0,"Message":"[xUnit.net 00:00:00.04]   Discovering: UnitTests"}}
TpTrace Verbose: 0 : 16428, 13, 2025/02/26, 18:58:31.243, 6992936604778, vstest.console.dll, TestRunRequest:SendTestRunMessage: Starting.
TpTrace Verbose: 0 : 16428, 13, 2025/02/26, 18:58:31.243, 6992936605159, vstest.console.dll, MulticastDelegateUtilities.SafeInvoke: TestRun.LogMessages: Invoking callback 1/1 for Microsoft.VisualStudio.TestPlatform.CommandLine.TestRunResultAggregator., took 0 ms.
TpTrace Verbose: 0 : 16428, 4, 2025/02/26, 18:58:31.243, 6992936605266, vstest.console.dll, MulticastDelegateUtilities.SafeInvoke: InternalTestLoggerEvents.SendTestRunMessage: Invoking callback 1/1 for Microsoft.VisualStudio.TestPlatform.CommandLine.Internal.ConsoleLogger., took 0 ms.
TpTrace Information: 0 : 16428, 13, 2025/02/26, 18:58:31.243, 6992936605351, vstest.console.dll, TestRunRequest:SendTestRunMessage: Completed.
TpTrace Verbose: 0 : 16428, 13, 2025/02/26, 18:58:31.243, 6992936605912, vstest.console.dll, MulticastDelegateUtilities.SafeInvoke: LengthPrefixCommunicationChannel: MessageReceived: Invoking callback 1/1 for Microsoft.VisualStudio.TestPlatform.CommunicationUtilities.TestRequestSender+<>c__DisplayClass34_0., took 0 ms.
TpTrace Verbose: 0 : 16428, 13, 2025/02/26, 18:58:31.243, 6992936606110, vstest.console.dll, TcpClientExtensions.MessageLoopAsync: Polling on remoteEndPoint: 127.0.0.1:58527 localEndPoint: 127.0.0.1:58526 after 41 ms
TpTrace Verbose: 0 : 16428, 13, 2025/02/26, 18:58:31.263, 6992936804648, vstest.console.dll, TcpClientExtensions.MessageLoopAsync: NotifyDataAvailable remoteEndPoint: 127.0.0.1:58527 localEndPoint: 127.0.0.1:58526
TpTrace Verbose: 0 : 16428, 13, 2025/02/26, 18:58:31.263, 6992936805285, vstest.console.dll, TestRequestSender.OnExecutionMessageReceived: Received message: {"Version":7,"MessageType":"TestSession.Message","Payload":{"MessageLevel":0,"Message":"[xUnit.net 00:00:00.06]   Discovered:  UnitTests"}}
TpTrace Verbose: 0 : 16428, 13, 2025/02/26, 18:58:31.263, 6992936805820, vstest.console.dll, TestRunRequest:SendTestRunMessage: Starting.
TpTrace Verbose: 0 : 16428, 13, 2025/02/26, 18:58:31.263, 6992936806121, vstest.console.dll, MulticastDelegateUtilities.SafeInvoke: TestRun.LogMessages: Invoking callback 1/1 for Microsoft.VisualStudio.TestPlatform.CommandLine.TestRunResultAggregator., took 0 ms.
TpTrace Verbose: 0 : 16428, 4, 2025/02/26, 18:58:31.263, 6992936806319, vstest.console.dll, MulticastDelegateUtilities.SafeInvoke: InternalTestLoggerEvents.SendTestRunMessage: Invoking callback 1/1 for Microsoft.VisualStudio.TestPlatform.CommandLine.Internal.ConsoleLogger., took 0 ms.
TpTrace Information: 0 : 16428, 13, 2025/02/26, 18:58:31.263, 6992936806373, vstest.console.dll, TestRunRequest:SendTestRunMessage: Completed.
TpTrace Verbose: 0 : 16428, 13, 2025/02/26, 18:58:31.263, 6992936806988, vstest.console.dll, MulticastDelegateUtilities.SafeInvoke: LengthPrefixCommunicationChannel: MessageReceived: Invoking callback 1/1 for Microsoft.VisualStudio.TestPlatform.CommunicationUtilities.TestRequestSender+<>c__DisplayClass34_0., took 0 ms.
TpTrace Verbose: 0 : 16428, 13, 2025/02/26, 18:58:31.263, 6992936807179, vstest.console.dll, TcpClientExtensions.MessageLoopAsync: Polling on remoteEndPoint: 127.0.0.1:58527 localEndPoint: 127.0.0.1:58526 after 20 ms
TpTrace Verbose: 0 : 16428, 13, 2025/02/26, 18:58:31.265, 6992936820312, vstest.console.dll, TcpClientExtensions.MessageLoopAsync: NotifyDataAvailable remoteEndPoint: 127.0.0.1:58527 localEndPoint: 127.0.0.1:58526
TpTrace Verbose: 0 : 16428, 13, 2025/02/26, 18:58:31.265, 6992936820838, vstest.console.dll, TestRequestSender.OnExecutionMessageReceived: Received message: {"Version":7,"MessageType":"TestSession.Message","Payload":{"MessageLevel":0,"Message":"[xUnit.net 00:00:00.06]   Starting:    UnitTests"}}
TpTrace Verbose: 0 : 16428, 13, 2025/02/26, 18:58:31.265, 6992936821346, vstest.console.dll, TestRunRequest:SendTestRunMessage: Starting.
TpTrace Verbose: 0 : 16428, 13, 2025/02/26, 18:58:31.265, 6992936821645, vstest.console.dll, MulticastDelegateUtilities.SafeInvoke: TestRun.LogMessages: Invoking callback 1/1 for Microsoft.VisualStudio.TestPlatform.CommandLine.TestRunResultAggregator., took 0 ms.
TpTrace Verbose: 0 : 16428, 4, 2025/02/26, 18:58:31.265, 6992936821793, vstest.console.dll, MulticastDelegateUtilities.SafeInvoke: InternalTestLoggerEvents.SendTestRunMessage: Invoking callback 1/1 for Microsoft.VisualStudio.TestPlatform.CommandLine.Internal.ConsoleLogger., took 0 ms.
TpTrace Information: 0 : 16428, 13, 2025/02/26, 18:58:31.265, 6992936821821, vstest.console.dll, TestRunRequest:SendTestRunMessage: Completed.
TpTrace Verbose: 0 : 16428, 13, 2025/02/26, 18:58:31.265, 6992936822482, vstest.console.dll, MulticastDelegateUtilities.SafeInvoke: LengthPrefixCommunicationChannel: MessageReceived: Invoking callback 1/1 for Microsoft.VisualStudio.TestPlatform.CommunicationUtilities.TestRequestSender+<>c__DisplayClass34_0., took 0 ms.
TpTrace Verbose: 0 : 16428, 13, 2025/02/26, 18:58:31.265, 6992936822676, vstest.console.dll, TcpClientExtensions.MessageLoopAsync: Polling on remoteEndPoint: 127.0.0.1:58527 localEndPoint: 127.0.0.1:58526 after 1 ms
TpTrace Verbose: 0 : 16428, 13, 2025/02/26, 18:58:31.317, 6992937344459, vstest.console.dll, TcpClientExtensions.MessageLoopAsync: NotifyDataAvailable remoteEndPoint: 127.0.0.1:58527 localEndPoint: 127.0.0.1:58526
TpTrace Verbose: 0 : 16428, 13, 2025/02/26, 18:58:31.317, 6992937345306, vstest.console.dll, TestRequestSender.OnExecutionMessageReceived: Received message: {"Version":7,"MessageType":"TestSession.Message","Payload":{"MessageLevel":0,"Message":"[xUnit.net 00:00:00.11]   Finished:    UnitTests"}}
TpTrace Verbose: 0 : 16428, 13, 2025/02/26, 18:58:31.317, 6992937345940, vstest.console.dll, TestRunRequest:SendTestRunMessage: Starting.
TpTrace Verbose: 0 : 16428, 13, 2025/02/26, 18:58:31.317, 6992937346261, vstest.console.dll, MulticastDelegateUtilities.SafeInvoke: TestRun.LogMessages: Invoking callback 1/1 for Microsoft.VisualStudio.TestPlatform.CommandLine.TestRunResultAggregator., took 0 ms.
TpTrace Information: 0 : 16428, 13, 2025/02/26, 18:58:31.317, 6992937346410, vstest.console.dll, TestRunRequest:SendTestRunMessage: Completed.
TpTrace Verbose: 0 : 16428, 4, 2025/02/26, 18:58:31.317, 6992937346479, vstest.console.dll, MulticastDelegateUtilities.SafeInvoke: InternalTestLoggerEvents.SendTestRunMessage: Invoking callback 1/1 for Microsoft.VisualStudio.TestPlatform.CommandLine.Internal.ConsoleLogger., took 0 ms.
TpTrace Verbose: 0 : 16428, 13, 2025/02/26, 18:58:31.317, 6992937346574, vstest.console.dll, MulticastDelegateUtilities.SafeInvoke: LengthPrefixCommunicationChannel: MessageReceived: Invoking callback 1/1 for Microsoft.VisualStudio.TestPlatform.CommunicationUtilities.TestRequestSender+<>c__DisplayClass34_0., took 0 ms.
TpTrace Verbose: 0 : 16428, 13, 2025/02/26, 18:58:31.317, 6992937347139, vstest.console.dll, TcpClientExtensions.MessageLoopAsync: Polling on remoteEndPoint: 127.0.0.1:58527 localEndPoint: 127.0.0.1:58526 after 52 ms
TpTrace Verbose: 0 : 16428, 13, 2025/02/26, 18:58:31.341, 6992937581856, vstest.console.dll, TcpClientExtensions.MessageLoopAsync: NotifyDataAvailable remoteEndPoint: 127.0.0.1:58527 localEndPoint: 127.0.0.1:58526
TpTrace Verbose: 0 : 16428, 13, 2025/02/26, 18:58:31.341, 6992937582979, vstest.console.dll, TestRequestSender.OnExecutionMessageReceived: Received message: {"Version":7,"MessageType":"TestExecution.Completed","Payload":{"TestRunCompleteArgs":{"TestRunStatistics":{"ExecutedTests":5,"Stats":{"Passed":5}},"IsCanceled":false,"IsAborted":false,"Error":null,"AttachmentSets":[],"InvokedDataCollectors":[],"ElapsedTimeInRunningTests":"00:00:00.1236007","Metrics":{},"DiscoveredExtensions":{"TestDiscoverers":["Xunit.Runner.VisualStudio.VsTestRunner, xunit.runner.visualstudio.dotnetcore.testadapter, Version=2.5.0.0, Culture=neutral, PublicKeyToken=null"],"TestExecutors":["executor://xunit/VsTestRunner2/netcoreapp"],"TestExecutors2":[],"TestSettingsProviders":[]}},"LastRunTests":{"NewTestResults":[{"TestCase":{"Id":"5a68e7d1-3dfc-e9ed-55c1-52234bc1a14e","FullyQualifiedName":"UnitTests.LINQHashTableTests.OrderByCustom_SortAscending","DisplayName":"UnitTests.LINQHashTableTests.OrderByCustom_SortAscending","ExecutorUri":"executor://xunit/VsTestRunner2/netcoreapp","Source":"B:\\GIT\\OOP\\9.LabOOP\\UnitTests\\bin\\Debug\\net8.0\\fine-code-coverage\\build-output\\UnitTests.dll","CodeFilePath":null,"LineNumber":0,"Properties":[]},"Attachments":[],"Outcome":1,"ErrorMessage":null,"ErrorStackTrace":null,"DisplayName":"UnitTests.LINQHashTableTests.OrderByCustom_SortAscending","Messages":[],"ComputerName":"BIBUBPERSONALCO","Duration":"00:00:00.0092173","StartTime":"2025-02-26T13:58:31.3030214+00:00","EndTime":"2025-02-26T13:58:31.3030341+00:00","Properties":[]},{"TestCase":{"Id":"82b9ff8e-6d4e-1576-87e1-5f9935190063","FullyQualifiedName":"UnitTests.LINQHashTableTests.AggregateCustom_ReturnProductOfNumbers","DisplayName":"UnitTests.LINQHashTableTests.AggregateCustom_ReturnProductOfNumbers","ExecutorUri":"executor://xunit/VsTestRunner2/netcoreapp","Source":"B:\\GIT\\OOP\\9.LabOOP\\UnitTests\\bin\\Debug\\net8.0\\fine-code-coverage\\build-output\\UnitTests.dll","CodeFilePath":null,"LineNumber":0,"Properties":[]},"Attachments":[],"Outcome":1,"ErrorMessage":null,"ErrorStackTrace":null,"DisplayName":"UnitTests.LINQHashTableTests.AggregateCustom_ReturnProductOfNumbers","Messages":[],"ComputerName":"BIBUBPERSONALCO","Duration":"00:00:00.0013971","StartTime":"2025-02-26T13:58:31.312246+00:00","EndTime":"2025-02-26T13:58:31.3122461+00:00","Properties":[]},{"TestCase":{"Id":"9a9abb7a-a51d-3670-3fd5-0a2a190a68f6","FullyQualifiedName":"UnitTests.LINQHashTableTests.OrderByCustom_SortDescending","DisplayName":"UnitTests.LINQHashTableTests.OrderByCustom_SortDescending","ExecutorUri":"executor://xunit/VsTestRunner2/netcoreapp","Source":"B:\\GIT\\OOP\\9.LabOOP\\UnitTests\\bin\\Debug\\net8.0\\fine-code-coverage\\build-output\\UnitTests.dll","CodeFilePath":null,"LineNumber":0,"Properties":[]},"Attachments":[],"Outcome":1,"ErrorMessage":null,"ErrorStackTrace":null,"DisplayName":"UnitTests.LINQHashTableTests.OrderByCustom_SortDescending","Messages":[],"ComputerName":"BIBUBPERSONALCO","Duration":"00:00:00.0003014","StartTime":"2025-02-26T13:58:31.3140207+00:00","EndTime":"2025-02-26T13:58:31.3140208+00:00","Properties":[]},{"TestCase":{"Id":"9d99fc35-cf00-e7f4-5646-b2265019eec3","FullyQualifiedName":"UnitTests.LINQHashTableTests.WhereCustom_ReturnNumbersGreaterThan","DisplayName":"UnitTests.LINQHashTableTests.WhereCustom_ReturnNumbersGreaterThan","ExecutorUri":"executor://xunit/VsTestRunner2/netcoreapp","Source":"B:\\GIT\\OOP\\9.LabOOP\\UnitTests\\bin\\Debug\\net8.0\\fine-code-coverage\\build-output\\UnitTests.dll","CodeFilePath":null,"LineNumber":0,"Properties":[]},"Attachments":[],"Outcome":1,"ErrorMessage":null,"ErrorStackTrace":null,"DisplayName":"UnitTests.LINQHashTableTests.WhereCustom_ReturnNumbersGreaterThan","Messages":[],"ComputerName":"BIBUBPERSONALCO","Duration":"00:00:00.0006591","StartTime":"2025-02-26T13:58:31.3151339+00:00","EndTime":"2025-02-26T13:58:31.315134+00:00","Properties":[]},{"TestCase":{"Id":"09e9f5fd-4f3d-f987-87f9-55e90653cc75","FullyQualifiedName":"UnitTests.LINQHashTableTests.AggregateCustom_ReturnSumOfNumbers","DisplayName":"UnitTests.LINQHashTableTests.AggregateCustom_ReturnSumOfNumbers","ExecutorUri":"executor://xunit/VsTestRunner2/netcoreapp","Source":"B:\\GIT\\OOP\\9.LabOOP\\UnitTests\\bin\\Debug\\net8.0\\fine-code-coverage\\build-output\\UnitTests.dll","CodeFilePath":null,"LineNumber":0,"Properties":[]},"Attachments":[],"Outcome":1,"ErrorMessage":null,"ErrorStackTrace":null,"DisplayName":"UnitTests.LINQHashTableTests.AggregateCustom_ReturnSumOfNumbers","Messages":[],"ComputerName":"BIBUBPERSONALCO","Duration":"00:00:00.0001499","StartTime":"2025-02-26T13:58:31.3162712+00:00","EndTime":"2025-02-26T13:58:31.3162713+00:00","Properties":[]}],"TestRunStatistics":{"ExecutedTests":5,"Stats":{"Passed":5}},"ActiveTests":[]},"RunAttachments":[],"ExecutorUris":["executor://xunit/VsTestRunner2/netcoreapp"]}}
TpTrace Verbose: 0 : 16428, 13, 2025/02/26, 18:58:31.341, 6992937583839, vstest.console.dll, TestRequestSender.EndSession: Sending end session.
TpTrace Verbose: 0 : 16428, 13, 2025/02/26, 18:58:31.341, 6992937584807, vstest.console.dll, ProxyOperationManager.Close: waiting for test host to exit for 100 ms
TpTrace Warning: 0 : 16428, 9, 2025/02/26, 18:58:31.356, 6992937733306, vstest.console.dll, TestHostManagerCallbacks.ErrorReceivedCallback Test host standard error line: 
TpTrace Verbose: 0 : 16428, 11, 2025/02/26, 18:58:31.356, 6992937733306, vstest.console.dll, TestHostManagerCallbacks.StandardOutputReceivedCallback Test host standard output line: 
TpTrace Verbose: 0 : 16428, 11, 2025/02/26, 18:58:31.361, 6992937779612, vstest.console.dll, TestHostProvider.ExitCallBack: Host exited starting callback.
TpTrace Information: 0 : 16428, 11, 2025/02/26, 18:58:31.361, 6992937780462, vstest.console.dll, TestHostManagerCallbacks.ExitCallBack: Testhost processId: 26476 exited with exitcode: 0 error: ''
TpTrace Verbose: 0 : 16428, 11, 2025/02/26, 18:58:31.361, 6992937780771, vstest.console.dll, DotnetTestHostManager.OnHostExited: invoking OnHostExited callback
TpTrace Verbose: 0 : 16428, 11, 2025/02/26, 18:58:31.361, 6992937781098, vstest.console.dll, CrossPlatEngine.TestHostManagerHostExited: calling on client process exit callback.
TpTrace Information: 0 : 16428, 11, 2025/02/26, 18:58:31.361, 6992937781444, vstest.console.dll, TestRequestSender.OnClientProcessExit: Test host process exited. Standard error: 
TpTrace Information: 0 : 16428, 11, 2025/02/26, 18:58:31.361, 6992937781674, vstest.console.dll, SocketServer.Stop: Stop server endPoint: 127.0.0.1:58526
TpTrace Information: 0 : 16428, 13, 2025/02/26, 18:58:31.361, 6992937781651, vstest.console.dll, SocketServer.Stop: Stop server endPoint: 127.0.0.1:58526
TpTrace Information: 0 : 16428, 11, 2025/02/26, 18:58:31.361, 6992937781847, vstest.console.dll, SocketServer.Stop: Cancellation requested. Stopping message loop.
TpTrace Information: 0 : 16428, 13, 2025/02/26, 18:58:31.361, 6992937782176, vstest.console.dll, SocketServer.Stop: Cancellation requested. Stopping message loop.
TpTrace Information: 0 : 16428, 13, 2025/02/26, 18:58:31.361, 6992937782741, vstest.console.dll, Closing the connection
TpTrace Verbose: 0 : 16428, 11, 2025/02/26, 18:58:31.361, 6992937782911, vstest.console.dll, MulticastDelegateUtilities.SafeInvoke: HostProviderEvents.OnHostExited: Invoking callback 1/1 for Microsoft.VisualStudio.TestPlatform.CrossPlatEngine.Client.ProxyOperationManager., took 0 ms.
TpTrace Verbose: 0 : 16428, 13, 2025/02/26, 18:58:31.361, 6992937784140, vstest.console.dll, ProxyDataCollectionManager.InvokeDataCollectionServiceAction: Starting.
TpTrace Information: 0 : 16428, 13, 2025/02/26, 18:58:31.361, 6992937784434, vstest.console.dll, ProxyDataCollectionManager.AfterTestRunEnd: Get attachment set and invoked data collectors processId: 26320 port: 58523
TpTrace Verbose: 0 : 16428, 13, 2025/02/26, 18:58:31.361, 6992937784702, vstest.console.dll, DataCollectionRequestSender.SendAfterTestRunStartAndGetResult: Send AfterTestRunEnd message with isCancelled: False
TpTrace Verbose: 0 : 16428, 13, 2025/02/26, 18:58:31.365, 6992937821489, vstest.console.dll, DataCollectionRequestSender.SendAfterTestRunStartAndGetResult: Received message: (DataCollection.AfterTestRunEndResult) -> {"MessageType":"DataCollection.AfterTestRunEndResult","Payload":{"AttachmentSets":[],"InvokedDataCollectors":[{"Uri":"datacollector://Microsoft/TestPlatform/Extensions/Blame/v1","FriendlyName":"Blame","AssemblyQualifiedName":"Microsoft.TestPlatform.Extensions.BlameDataCollector.BlameCollector, Microsoft.TestPlatform.Extensions.BlameDataCollector, Version=15.0.0.0, Culture=neutral, PublicKeyToken=b03f5f7f11d50a3a","FilePath":"C:\\Program Files\\dotnet\\sdk\\9.0.101\\Extensions\\Microsoft.TestPlatform.Extensions.BlameDataCollector.dll","HasAttachmentProcessor":false}],"Metrics":{}}}
TpTrace Information: 0 : 16428, 13, 2025/02/26, 18:58:31.368, 6992937854787, vstest.console.dll, ProxyDataCollectionManager.InvokeDataCollectionServiceAction: Completed.
TpTrace Warning: 0 : 16428, 10, 2025/02/26, 18:58:31.376, 6992937930356, vstest.console.dll, DataCollectionLauncher.ErrorReceivedCallback datacollector standard error line: 
TpTrace Information: 0 : 16428, 10, 2025/02/26, 18:58:31.379, 6992937961543, vstest.console.dll, DataCollectionLauncher.ExitCallBack: Data collector exited with exitcode: 0 error: ''
TpTrace Verbose: 0 : 16428, 13, 2025/02/26, 18:58:31.395, 6992938125914, vstest.console.dll, TestRunRequest:SendTestRunStatsChange: Starting.
TpTrace Verbose: 0 : 16428, 13, 2025/02/26, 18:58:31.395, 6992938127224, vstest.console.dll, MulticastDelegateUtilities.SafeInvoke: TestRun.RunStatsChanged: Invoking callbacks was skipped because there are no subscribers.
TpTrace Information: 0 : 16428, 13, 2025/02/26, 18:58:31.395, 6992938127435, vstest.console.dll, TestRunRequest:SendTestRunStatsChange: Completed.
TpTrace Verbose: 0 : 16428, 13, 2025/02/26, 18:58:31.396, 6992938128937, vstest.console.dll, ParallelProxyExecutionManager: HandlePartialRunComplete: Total workloads = 1, Total started clients = 1 Total completed clients = 1, Run complete = True, Run canceled: False.
TpTrace Verbose: 0 : 16428, 13, 2025/02/26, 18:58:31.396, 6992938129154, vstest.console.dll, ParallelProxyExecutionManager: HandlePartialRunComplete: All runs completed stopping all managers.
TpTrace Verbose: 0 : 16428, 13, 2025/02/26, 18:58:31.396, 6992938129390, vstest.console.dll, ParallelOperationManager.StopAllManagers: Stopping all managers.
TpTrace Verbose: 0 : 16428, 13, 2025/02/26, 18:58:31.396, 6992938129638, vstest.console.dll, ParallelOperationManager.ClearSlots: Clearing all slots. Slots should accept more work: False
TpTrace Verbose: 0 : 16428, 13, 2025/02/26, 18:58:31.396, 6992938129890, vstest.console.dll, ParallelOperationManager.SetOccupiedSlotCount: Setting slot counts AvailableSlotCount = 1, OccupiedSlotCount = 0.
TpTrace Verbose: 0 : 16428, 13, 2025/02/26, 18:58:31.396, 6992938130054, vstest.console.dll, Occupied slots:

TpTrace Verbose: 0 : 16428, 4, 2025/02/26, 18:58:31.396, 6992938135550, vstest.console.dll, MulticastDelegateUtilities.SafeInvoke: InternalTestLoggerEvents.SendTestResult: Invoking callback 1/1 for Microsoft.VisualStudio.TestPlatform.CommandLine.Internal.ConsoleLogger., took 0 ms.
TpTrace Verbose: 0 : 16428, 4, 2025/02/26, 18:58:31.396, 6992938137186, vstest.console.dll, MulticastDelegateUtilities.SafeInvoke: InternalTestLoggerEvents.SendTestResult: Invoking callback 1/1 for Microsoft.VisualStudio.TestPlatform.CommandLine.Internal.ConsoleLogger., took 0 ms.
TpTrace Verbose: 0 : 16428, 4, 2025/02/26, 18:58:31.396, 6992938137647, vstest.console.dll, MulticastDelegateUtilities.SafeInvoke: InternalTestLoggerEvents.SendTestResult: Invoking callback 1/1 for Microsoft.VisualStudio.TestPlatform.CommandLine.Internal.ConsoleLogger., took 0 ms.
TpTrace Verbose: 0 : 16428, 4, 2025/02/26, 18:58:31.396, 6992938137853, vstest.console.dll, MulticastDelegateUtilities.SafeInvoke: InternalTestLoggerEvents.SendTestResult: Invoking callback 1/1 for Microsoft.VisualStudio.TestPlatform.CommandLine.Internal.ConsoleLogger., took 0 ms.
TpTrace Verbose: 0 : 16428, 4, 2025/02/26, 18:58:31.396, 6992938138026, vstest.console.dll, MulticastDelegateUtilities.SafeInvoke: InternalTestLoggerEvents.SendTestResult: Invoking callback 1/1 for Microsoft.VisualStudio.TestPlatform.CommandLine.Internal.ConsoleLogger., took 0 ms.
TpTrace Verbose: 0 : 16428, 4, 2025/02/26, 18:58:31.401, 6992938178896, vstest.console.dll, MulticastDelegateUtilities.SafeInvoke: InternalTestLoggerEvents.SendTestRunComplete: Invoking callback 1/2 for Microsoft.TestPlatform.Extensions.BlameDataCollector.BlameLogger., took 0 ms.
TpTrace Verbose: 0 : 16428, 4, 2025/02/26, 18:58:31.403, 6992938205883, vstest.console.dll, MulticastDelegateUtilities.SafeInvoke: InternalTestLoggerEvents.SendTestRunComplete: Invoking callback 2/2 for Microsoft.VisualStudio.TestPlatform.CommandLine.Internal.ConsoleLogger., took 2 ms.
TpTrace Verbose: 0 : 16428, 13, 2025/02/26, 18:58:31.403, 6992938207415, vstest.console.dll, TestRunRequest:TestRunComplete: Starting. IsAborted:False IsCanceled:False.
TpTrace Verbose: 0 : 16428, 13, 2025/02/26, 18:58:31.403, 6992938208453, vstest.console.dll, ParallelOperationManager.DoActionOnAllManagers: Calling an action on all managers.
TpTrace Verbose: 0 : 16428, 13, 2025/02/26, 18:58:31.404, 6992938213762, vstest.console.dll, TestLoggerManager.HandleTestRunComplete: Ignoring as the object is disposed.
TpTrace Verbose: 0 : 16428, 13, 2025/02/26, 18:58:31.404, 6992938215043, vstest.console.dll, MulticastDelegateUtilities.SafeInvoke: TestRun.TestRunComplete: Invoking callback 1/2 for Microsoft.VisualStudio.TestPlatform.CommandLine.TestRunResultAggregator., took 0 ms.
TpTrace Verbose: 0 : 16428, 13, 2025/02/26, 18:58:31.404, 6992938215828, vstest.console.dll, MulticastDelegateUtilities.SafeInvoke: TestRun.TestRunComplete: Invoking callback 2/2 for Microsoft.VisualStudio.TestPlatform.CommandLine.Processors.RunTestsArgumentExecutor+TestRunRequestEventsRegistrar., took 0 ms.
TpTrace Information: 0 : 16428, 13, 2025/02/26, 18:58:31.404, 6992938216468, vstest.console.dll, TestRunRequest:TestRunComplete: Completed.
TpTrace Verbose: 0 : 16428, 1, 2025/02/26, 18:58:31.404, 6992938216523, vstest.console.dll, TestRunRequest.Dispose: Starting.
TpTrace Verbose: 0 : 16428, 13, 2025/02/26, 18:58:31.404, 6992938216707, vstest.console.dll, TestRequestSender.SetOperationComplete: Setting operation complete.
TpTrace Information: 0 : 16428, 13, 2025/02/26, 18:58:31.404, 6992938217255, vstest.console.dll, SocketServer.Stop: Stop server endPoint: 127.0.0.1:58526
TpTrace Information: 0 : 16428, 1, 2025/02/26, 18:58:31.404, 6992938217074, vstest.console.dll, TestRunRequest.Dispose: Completed.
TpTrace Information: 0 : 16428, 13, 2025/02/26, 18:58:31.404, 6992938217665, vstest.console.dll, SocketServer.Stop: Cancellation requested. Stopping message loop.
TpTrace Information: 0 : 16428, 1, 2025/02/26, 18:58:31.404, 6992938217755, vstest.console.dll, TestRequestManager.RunTests: run tests completed.
TpTrace Verbose: 0 : 16428, 13, 2025/02/26, 18:58:31.404, 6992938217883, vstest.console.dll, MulticastDelegateUtilities.SafeInvoke: LengthPrefixCommunicationChannel: MessageReceived: Invoking callback 1/1 for Microsoft.VisualStudio.TestPlatform.CommunicationUtilities.TestRequestSender+<>c__DisplayClass34_0., took 63 ms.
TpTrace Information: 0 : 16428, 13, 2025/02/26, 18:58:31.404, 6992938218333, vstest.console.dll, SocketServer.PrivateStop: Stopping server endPoint: 127.0.0.1:58526 error: 
TpTrace Information: 0 : 16428, 1, 2025/02/26, 18:58:31.405, 6992938218980, vstest.console.dll, RunTestsArgumentProcessor:Execute: Test run is completed.
TpTrace Verbose: 0 : 16428, 1, 2025/02/26, 18:58:31.405, 6992938220135, vstest.console.dll, Executor.Execute: Exiting with exit code of 0
TpTrace Verbose: 0 : 16428, 13, 2025/02/26, 18:58:31.405, 6992938220623, vstest.console.dll, LengthPrefixCommunicationChannel.Dispose: Dispose reader and writer.
TpTrace Information: 0 : 16428, 13, 2025/02/26, 18:58:31.405, 6992938221125, vstest.console.dll, SocketServer.Stop: Raise disconnected event endPoint: 127.0.0.1:58526 error: 
TpTrace Verbose: 0 : 16428, 13, 2025/02/26, 18:58:31.405, 6992938221461, vstest.console.dll, TestRequestSender: OnTestRunAbort: Operation is already complete. Skip error message.
TpTrace Verbose: 0 : 16428, 13, 2025/02/26, 18:58:31.405, 6992938221632, vstest.console.dll, MulticastDelegateUtilities.SafeInvoke: SocketServer: ClientDisconnected: Invoking callback 1/1 for Microsoft.VisualStudio.TestPlatform.CommunicationUtilities.TestRequestSender., took 0 ms.
TpTrace Verbose: 0 : 16428, 13, 2025/02/26, 18:58:31.405, 6992938221784, vstest.console.dll, TcpClientExtensions.MessageLoopAsync: exiting MessageLoopAsync remoteEndPoint: 127.0.0.1:58527 localEndPoint: 127.0.0.1:58526
