TpTrace Verbose: 0 : 992, 1, 2025/02/21, 08:38:56.252, 1166391301968, vstest.console.dll, Version: 17.12.0-release-24508-01 Current process architecture: X64
TpTrace Verbose: 0 : 992, 1, 2025/02/21, 08:38:56.256, 1166391346988, vstest.console.dll, Runtime location: C:\Program Files\dotnet\shared\Microsoft.NETCore.App\9.0.2
TpTrace Verbose: 0 : 992, 1, 2025/02/21, 08:38:56.260, 1166391386454, vstest.console.dll, ArtifactProcessingPostProcessModeProcessorExecutor.Initialize: ArtifactProcessingMode.Collect
TpTrace Verbose: 0 : 992, 1, 2025/02/21, 08:38:56.260, 1166391388728, vstest.console.dll, TestSessionCorrelationIdProcessorModeProcessorExecutor.Initialize: TestSessionCorrelationId '13684_45c13da3-eb27-4024-af9e-ef46ea698e9b'
TpTrace Information: 0 : 992, 1, 2025/02/21, 08:38:56.278, 1166391567271, vstest.console.dll, FilePatternParser: The given file C:\Users\Bibub\Documents\GitHub\OOP\8.LabOOP\UnitTests\bin\Debug\net8.0\fine-code-coverage\build-output\UnitTests.dll is a full path.
TpTrace Verbose: 0 : 992, 1, 2025/02/21, 08:38:56.286, 1166391647682, vstest.console.dll, TestPluginCache.DiscoverTestExtensions: finding test extensions in assemblies ends with: RuntimeProvider.dll TPluginInfo: Microsoft.VisualStudio.TestPlatform.Common.ExtensionFramework.Utilities.TestRuntimePluginInformation TExtension: Microsoft.VisualStudio.TestPlatform.ObjectModel.Host.ITestRuntimeProvider
TpTrace Verbose: 0 : 992, 1, 2025/02/21, 08:38:56.289, 1166391670312, vstest.console.dll, TestPluginCache.GetExtensionPaths: Filtered extension paths: 
TpTrace Verbose: 0 : 992, 1, 2025/02/21, 08:38:56.289, 1166391671925, vstest.console.dll, TestPluginCache.GetExtensionPaths: Added default extension paths: C:\Program Files\dotnet\sdk\9.0.200\Extensions\Microsoft.Diagnostics.NETCore.Client.dll
C:\Program Files\dotnet\sdk\9.0.200\Extensions\Microsoft.TestPlatform.Extensions.BlameDataCollector.dll
C:\Program Files\dotnet\sdk\9.0.200\Extensions\Microsoft.TestPlatform.Extensions.EventLogCollector.dll
C:\Program Files\dotnet\sdk\9.0.200\Extensions\Microsoft.TestPlatform.TestHostRuntimeProvider.dll
C:\Program Files\dotnet\sdk\9.0.200\Extensions\Microsoft.VisualStudio.TestPlatform.Extensions.Html.TestLogger.dll
C:\Program Files\dotnet\sdk\9.0.200\Extensions\Microsoft.VisualStudio.TestPlatform.Extensions.Trx.TestLogger.dll
TpTrace Verbose: 0 : 992, 1, 2025/02/21, 08:38:56.289, 1166391672281, vstest.console.dll, TestPluginCache.GetExtensionPaths: Added unfilterableExtensionPaths: 
TpTrace Information: 0 : 992, 1, 2025/02/21, 08:38:56.290, 1166391679774, vstest.console.dll, AssemblyResolver.ctor: Creating AssemblyResolver with searchDirectories C:\Program Files\dotnet\sdk\9.0.200\Extensions,C:\Program Files\dotnet\sdk\9.0.200
TpTrace Verbose: 0 : 992, 1, 2025/02/21, 08:38:56.291, 1166391698999, vstest.console.dll, TestPluginCache.DiscoverTestExtensions: Discovering the extensions using extension path.
TpTrace Verbose: 0 : 992, 1, 2025/02/21, 08:38:56.292, 1166391701182, vstest.console.dll, TestPluginCache.GetExtensionPaths: Filtered extension paths: 
TpTrace Verbose: 0 : 992, 1, 2025/02/21, 08:38:56.292, 1166391701589, vstest.console.dll, TestPluginCache.GetExtensionPaths: Added default extension paths: C:\Program Files\dotnet\sdk\9.0.200\Extensions\Microsoft.Diagnostics.NETCore.Client.dll
C:\Program Files\dotnet\sdk\9.0.200\Extensions\Microsoft.TestPlatform.Extensions.BlameDataCollector.dll
C:\Program Files\dotnet\sdk\9.0.200\Extensions\Microsoft.TestPlatform.Extensions.EventLogCollector.dll
C:\Program Files\dotnet\sdk\9.0.200\Extensions\Microsoft.TestPlatform.TestHostRuntimeProvider.dll
C:\Program Files\dotnet\sdk\9.0.200\Extensions\Microsoft.VisualStudio.TestPlatform.Extensions.Html.TestLogger.dll
C:\Program Files\dotnet\sdk\9.0.200\Extensions\Microsoft.VisualStudio.TestPlatform.Extensions.Trx.TestLogger.dll
TpTrace Verbose: 0 : 992, 1, 2025/02/21, 08:38:56.292, 1166391701928, vstest.console.dll, TestPluginCache.GetExtensionPaths: Added unfilterableExtensionPaths: 
TpTrace Verbose: 0 : 992, 1, 2025/02/21, 08:38:56.292, 1166391702817, vstest.console.dll, TestPluginCache.DiscoverTestExtensions: Discovering the extensions using allExtensionPaths: C:\Program Files\dotnet\sdk\9.0.200\Extensions\Microsoft.Diagnostics.NETCore.Client.dll
C:\Program Files\dotnet\sdk\9.0.200\Extensions\Microsoft.TestPlatform.Extensions.BlameDataCollector.dll
C:\Program Files\dotnet\sdk\9.0.200\Extensions\Microsoft.TestPlatform.Extensions.EventLogCollector.dll
C:\Program Files\dotnet\sdk\9.0.200\Extensions\Microsoft.TestPlatform.TestHostRuntimeProvider.dll
C:\Program Files\dotnet\sdk\9.0.200\Extensions\Microsoft.VisualStudio.TestPlatform.Extensions.Html.TestLogger.dll
C:\Program Files\dotnet\sdk\9.0.200\Extensions\Microsoft.VisualStudio.TestPlatform.Extensions.Trx.TestLogger.dll
TpTrace Information: 0 : 992, 1, 2025/02/21, 08:38:56.292, 1166391704952, vstest.console.dll, AssemblyResolver.AddSearchDirectories: Adding more searchDirectories C:\Program Files\dotnet\sdk\9.0.200\Extensions,C:\Program Files\dotnet\sdk\9.0.200
TpTrace Information: 0 : 992, 1, 2025/02/21, 08:38:56.292, 1166391705680, vstest.console.dll, AssemblyResolver.AddSearchDirectories: Adding more searchDirectories C:\Program Files\dotnet\sdk\9.0.200\Extensions,C:\Program Files\dotnet\sdk\9.0.200
TpTrace Information: 0 : 992, 1, 2025/02/21, 08:38:56.292, 1166391706002, vstest.console.dll, AssemblyResolver.AddSearchDirectories: Adding more searchDirectories C:\Program Files\dotnet\sdk\9.0.200\Extensions,C:\Program Files\dotnet\sdk\9.0.200
TpTrace Information: 0 : 992, 1, 2025/02/21, 08:38:56.292, 1166391706291, vstest.console.dll, AssemblyResolver.AddSearchDirectories: Adding more searchDirectories C:\Program Files\dotnet\sdk\9.0.200\Extensions,C:\Program Files\dotnet\sdk\9.0.200
TpTrace Information: 0 : 992, 1, 2025/02/21, 08:38:56.292, 1166391706632, vstest.console.dll, AssemblyResolver.AddSearchDirectories: Adding more searchDirectories C:\Program Files\dotnet\sdk\9.0.200\Extensions,C:\Program Files\dotnet\sdk\9.0.200
TpTrace Information: 0 : 992, 1, 2025/02/21, 08:38:56.292, 1166391706925, vstest.console.dll, AssemblyResolver.AddSearchDirectories: Adding more searchDirectories C:\Program Files\dotnet\sdk\9.0.200\Extensions,C:\Program Files\dotnet\sdk\9.0.200
TpTrace Information: 0 : 992, 1, 2025/02/21, 08:38:56.293, 1166391711456, vstest.console.dll, AssemblyResolver.OnResolve: Microsoft.Diagnostics.NETCore.Client: Resolving assembly.
TpTrace Information: 0 : 992, 1, 2025/02/21, 08:38:56.293, 1166391712516, vstest.console.dll, AssemblyResolver.OnResolve: Microsoft.Diagnostics.NETCore.Client: Searching in: 'C:\Program Files\dotnet\sdk\9.0.200\Extensions'.
TpTrace Information: 0 : 992, 1, 2025/02/21, 08:38:56.314, 1166391929004, vstest.console.dll, AssemblyResolver.OnResolve: Microsoft.Diagnostics.NETCore.Client: Loading assembly 'C:\Program Files\dotnet\sdk\9.0.200\Extensions\Microsoft.Diagnostics.NETCore.Client.dll'.
TpTrace Information: 0 : 992, 1, 2025/02/21, 08:38:56.316, 1166391946608, vstest.console.dll, AssemblyResolver.OnResolve: Resolved assembly: Microsoft.Diagnostics.NETCore.Client, from path: C:\Program Files\dotnet\sdk\9.0.200\Extensions\Microsoft.Diagnostics.NETCore.Client.dll
TpTrace Verbose: 0 : 992, 1, 2025/02/21, 08:38:56.318, 1166391963785, vstest.console.dll, MetadataReaderExtensionsHelper: Discovering extensions inside assembly 'Microsoft.Diagnostics.NETCore.Client, Version=0.2.10.41601, Culture=neutral, PublicKeyToken=31bf3856ad364e35' file path 'C:\Program Files\dotnet\sdk\9.0.200\Extensions\Microsoft.Diagnostics.NETCore.Client.dll'
TpTrace Information: 0 : 992, 1, 2025/02/21, 08:38:56.325, 1166392031680, vstest.console.dll, AssemblyResolver.OnResolve: Microsoft.Bcl.AsyncInterfaces: Resolving assembly.
TpTrace Information: 0 : 992, 1, 2025/02/21, 08:38:56.325, 1166392033441, vstest.console.dll, AssemblyResolver.OnResolve: Microsoft.Bcl.AsyncInterfaces: Searching in: 'C:\Program Files\dotnet\sdk\9.0.200\Extensions'.
TpTrace Information: 0 : 992, 1, 2025/02/21, 08:38:56.325, 1166392034777, vstest.console.dll, AssemblyResolver.OnResolve: Microsoft.Bcl.AsyncInterfaces: Assembly path does not exist: 'C:\Program Files\dotnet\sdk\9.0.200\Extensions\Microsoft.Bcl.AsyncInterfaces.dll', returning.
TpTrace Information: 0 : 992, 1, 2025/02/21, 08:38:56.325, 1166392036442, vstest.console.dll, AssemblyResolver.OnResolve: Microsoft.Bcl.AsyncInterfaces: Assembly path does not exist: 'C:\Program Files\dotnet\sdk\9.0.200\Extensions\Microsoft.Bcl.AsyncInterfaces.exe', returning.
TpTrace Information: 0 : 992, 1, 2025/02/21, 08:38:56.325, 1166392036827, vstest.console.dll, AssemblyResolver.OnResolve: Microsoft.Bcl.AsyncInterfaces: Searching in: 'C:\Program Files\dotnet\sdk\9.0.200'.
TpTrace Information: 0 : 992, 1, 2025/02/21, 08:38:56.325, 1166392037695, vstest.console.dll, AssemblyResolver.OnResolve: Microsoft.Bcl.AsyncInterfaces: Assembly path does not exist: 'C:\Program Files\dotnet\sdk\9.0.200\Microsoft.Bcl.AsyncInterfaces.dll', returning.
TpTrace Information: 0 : 992, 1, 2025/02/21, 08:38:56.325, 1166392038408, vstest.console.dll, AssemblyResolver.OnResolve: Microsoft.Bcl.AsyncInterfaces: Assembly path does not exist: 'C:\Program Files\dotnet\sdk\9.0.200\Microsoft.Bcl.AsyncInterfaces.exe', returning.
TpTrace Information: 0 : 992, 1, 2025/02/21, 08:38:56.325, 1166392038716, vstest.console.dll, AssemblyResolver.OnResolve: Microsoft.Bcl.AsyncInterfaces: Failed to load assembly.
TpTrace Verbose: 0 : 992, 1, 2025/02/21, 08:38:56.326, 1166392039370, vstest.console.dll, CurrentDomainAssemblyResolve: Resolving assembly 'Microsoft.Bcl.AsyncInterfaces'.
TpTrace Information: 0 : 992, 1, 2025/02/21, 08:38:56.326, 1166392040085, vstest.console.dll, AssemblyResolver.OnResolve: Microsoft.Bcl.AsyncInterfaces: Resolving assembly.
TpTrace Information: 0 : 992, 1, 2025/02/21, 08:38:56.326, 1166392040544, vstest.console.dll, AssemblyResolver.OnResolve: Microsoft.Bcl.AsyncInterfaces: Resolved from cache.
TpTrace Verbose: 0 : 992, 1, 2025/02/21, 08:38:56.326, 1166392040826, vstest.console.dll, CurrentDomainAssemblyResolve: Resolving assembly 'Microsoft.Bcl.AsyncInterfaces'.
TpTrace Verbose: 0 : 992, 1, 2025/02/21, 08:38:56.326, 1166392041251, vstest.console.dll, CurrentDomainAssemblyResolve: Failed to resolve assembly 'Microsoft.Bcl.AsyncInterfaces'.
TpTrace Verbose: 0 : 992, 1, 2025/02/21, 08:38:56.327, 1166392054889, vstest.console.dll, CurrentDomainAssemblyResolve: Failed to resolve assembly 'Microsoft.Bcl.AsyncInterfaces'.
TpTrace Warning: 0 : 992, 1, 2025/02/21, 08:38:56.344, 1166392223805, vstest.console.dll, TestPluginDiscoverer: Failed to get types from assembly 'Microsoft.Diagnostics.NETCore.Client, Version=0.2.10.41601, Culture=neutral, PublicKeyToken=31bf3856ad364e35'. Error: System.Reflection.ReflectionTypeLoadException: Unable to load one or more of the requested types.
Could not load file or assembly 'Microsoft.Bcl.AsyncInterfaces, Version=6.0.0.0, Culture=neutral, PublicKeyToken=cc7b13ffcd2ddd51'. Не удается найти указанный файл.
   at System.Reflection.RuntimeModule.GetDefinedTypes()
   at System.Reflection.RuntimeModule.GetTypes()
   at Microsoft.VisualStudio.TestPlatform.Common.ExtensionFramework.TestPluginDiscoverer.GetTestExtensionsFromAssembly[TPluginInfo,TExtension](Assembly assembly, Dictionary`2 pluginInfos, String filePath) in /_/src/Microsoft.TestPlatform.Common/ExtensionFramework/TestPluginDiscoverer.cs:line 159
System.IO.FileNotFoundException: Could not load file or assembly 'Microsoft.Bcl.AsyncInterfaces, Version=6.0.0.0, Culture=neutral, PublicKeyToken=cc7b13ffcd2ddd51'. Не удается найти указанный файл.
File name: 'Microsoft.Bcl.AsyncInterfaces, Version=6.0.0.0, Culture=neutral, PublicKeyToken=cc7b13ffcd2ddd51'
 ---> System.IO.FileNotFoundException: Could not load file or assembly 'Microsoft.Bcl.AsyncInterfaces, Culture=neutral, PublicKeyToken=null'. Не удается найти указанный файл.
File name: 'Microsoft.Bcl.AsyncInterfaces, Culture=neutral, PublicKeyToken=null'
   at System.Reflection.RuntimeAssembly.InternalLoad(AssemblyName assemblyName, StackCrawlMark& stackMark, AssemblyLoadContext assemblyLoadContext, RuntimeAssembly requestingAssembly, Boolean throwOnFileNotFound)
   at System.Reflection.Assembly.Load(AssemblyName assemblyRef)
   at Microsoft.VisualStudio.TestPlatform.Common.ExtensionFramework.TestPluginCache.CurrentDomainAssemblyResolve(Object sender, AssemblyResolveEventArgs args) in /_/src/Microsoft.TestPlatform.Common/ExtensionFramework/TestPluginCache.cs:line 514
   at System.Runtime.Loader.AssemblyLoadContext.GetFirstResolvedAssemblyFromResolvingEvent(AssemblyName assemblyName)
   at System.Runtime.Loader.AssemblyLoadContext.ResolveUsingEvent(AssemblyName assemblyName)
   at System.Runtime.Loader.AssemblyLoadContext.ResolveUsingResolvingEvent(IntPtr gchManagedAssemblyLoadContext, AssemblyName assemblyName)
TpTrace Warning: 0 : 992, 1, 2025/02/21, 08:38:56.344, 1166392228791, vstest.console.dll, LoaderExceptions: System.IO.FileNotFoundException: Could not load file or assembly 'Microsoft.Bcl.AsyncInterfaces, Version=6.0.0.0, Culture=neutral, PublicKeyToken=cc7b13ffcd2ddd51'. Не удается найти указанный файл.
File name: 'Microsoft.Bcl.AsyncInterfaces, Version=6.0.0.0, Culture=neutral, PublicKeyToken=cc7b13ffcd2ddd51'
 ---> System.IO.FileNotFoundException: Could not load file or assembly 'Microsoft.Bcl.AsyncInterfaces, Culture=neutral, PublicKeyToken=null'. Не удается найти указанный файл.
File name: 'Microsoft.Bcl.AsyncInterfaces, Culture=neutral, PublicKeyToken=null'
   at System.Reflection.RuntimeAssembly.InternalLoad(AssemblyName assemblyName, StackCrawlMark& stackMark, AssemblyLoadContext assemblyLoadContext, RuntimeAssembly requestingAssembly, Boolean throwOnFileNotFound)
   at System.Reflection.Assembly.Load(AssemblyName assemblyRef)
   at Microsoft.VisualStudio.TestPlatform.Common.ExtensionFramework.TestPluginCache.CurrentDomainAssemblyResolve(Object sender, AssemblyResolveEventArgs args) in /_/src/Microsoft.TestPlatform.Common/ExtensionFramework/TestPluginCache.cs:line 514
   at System.Runtime.Loader.AssemblyLoadContext.GetFirstResolvedAssemblyFromResolvingEvent(AssemblyName assemblyName)
   at System.Runtime.Loader.AssemblyLoadContext.ResolveUsingEvent(AssemblyName assemblyName)
   at System.Runtime.Loader.AssemblyLoadContext.ResolveUsingResolvingEvent(IntPtr gchManagedAssemblyLoadContext, AssemblyName assemblyName)
TpTrace Information: 0 : 992, 1, 2025/02/21, 08:38:56.345, 1166392230591, vstest.console.dll, AssemblyResolver.OnResolve: Microsoft.TestPlatform.Extensions.BlameDataCollector: Resolving assembly.
TpTrace Information: 0 : 992, 1, 2025/02/21, 08:38:56.345, 1166392231240, vstest.console.dll, AssemblyResolver.OnResolve: Microsoft.TestPlatform.Extensions.BlameDataCollector: Searching in: 'C:\Program Files\dotnet\sdk\9.0.200\Extensions'.
TpTrace Information: 0 : 992, 1, 2025/02/21, 08:38:56.346, 1166392243919, vstest.console.dll, AssemblyResolver.OnResolve: Microsoft.TestPlatform.Extensions.BlameDataCollector: Loading assembly 'C:\Program Files\dotnet\sdk\9.0.200\Extensions\Microsoft.TestPlatform.Extensions.BlameDataCollector.dll'.
TpTrace Information: 0 : 992, 1, 2025/02/21, 08:38:56.347, 1166392256000, vstest.console.dll, AssemblyResolver.OnResolve: Resolved assembly: Microsoft.TestPlatform.Extensions.BlameDataCollector, from path: C:\Program Files\dotnet\sdk\9.0.200\Extensions\Microsoft.TestPlatform.Extensions.BlameDataCollector.dll
TpTrace Verbose: 0 : 992, 1, 2025/02/21, 08:38:56.347, 1166392257620, vstest.console.dll, MetadataReaderExtensionsHelper: Discovering extensions inside assembly 'Microsoft.TestPlatform.Extensions.BlameDataCollector, Version=15.0.0.0, Culture=neutral, PublicKeyToken=b03f5f7f11d50a3a' file path 'C:\Program Files\dotnet\sdk\9.0.200\Extensions\Microsoft.TestPlatform.Extensions.BlameDataCollector.dll'
TpTrace Information: 0 : 992, 1, 2025/02/21, 08:38:56.350, 1166392282307, vstest.console.dll, AssemblyResolver.OnResolve: Microsoft.TestPlatform.Extensions.EventLogCollector: Resolving assembly.
TpTrace Information: 0 : 992, 1, 2025/02/21, 08:38:56.350, 1166392284013, vstest.console.dll, AssemblyResolver.OnResolve: Microsoft.TestPlatform.Extensions.EventLogCollector: Searching in: 'C:\Program Files\dotnet\sdk\9.0.200\Extensions'.
TpTrace Information: 0 : 992, 1, 2025/02/21, 08:38:56.351, 1166392296162, vstest.console.dll, AssemblyResolver.OnResolve: Microsoft.TestPlatform.Extensions.EventLogCollector: Loading assembly 'C:\Program Files\dotnet\sdk\9.0.200\Extensions\Microsoft.TestPlatform.Extensions.EventLogCollector.dll'.
TpTrace Information: 0 : 992, 1, 2025/02/21, 08:38:56.352, 1166392304056, vstest.console.dll, AssemblyResolver.OnResolve: Resolved assembly: Microsoft.TestPlatform.Extensions.EventLogCollector, from path: C:\Program Files\dotnet\sdk\9.0.200\Extensions\Microsoft.TestPlatform.Extensions.EventLogCollector.dll
TpTrace Verbose: 0 : 992, 1, 2025/02/21, 08:38:56.352, 1166392305188, vstest.console.dll, MetadataReaderExtensionsHelper: Discovering extensions inside assembly 'Microsoft.TestPlatform.Extensions.EventLogCollector, Version=15.0.0.0, Culture=neutral, PublicKeyToken=b03f5f7f11d50a3a' file path 'C:\Program Files\dotnet\sdk\9.0.200\Extensions\Microsoft.TestPlatform.Extensions.EventLogCollector.dll'
TpTrace Information: 0 : 992, 1, 2025/02/21, 08:38:56.356, 1166392341807, vstest.console.dll, AssemblyResolver.OnResolve: Microsoft.TestPlatform.TestHostRuntimeProvider: Resolving assembly.
TpTrace Information: 0 : 992, 1, 2025/02/21, 08:38:56.356, 1166392343401, vstest.console.dll, AssemblyResolver.OnResolve: Microsoft.TestPlatform.TestHostRuntimeProvider: Searching in: 'C:\Program Files\dotnet\sdk\9.0.200\Extensions'.
TpTrace Information: 0 : 992, 1, 2025/02/21, 08:38:56.357, 1166392351762, vstest.console.dll, AssemblyResolver.OnResolve: Microsoft.TestPlatform.TestHostRuntimeProvider: Loading assembly 'C:\Program Files\dotnet\sdk\9.0.200\Extensions\Microsoft.TestPlatform.TestHostRuntimeProvider.dll'.
TpTrace Information: 0 : 992, 1, 2025/02/21, 08:38:56.358, 1166392363305, vstest.console.dll, AssemblyResolver.OnResolve: Resolved assembly: Microsoft.TestPlatform.TestHostRuntimeProvider, from path: C:\Program Files\dotnet\sdk\9.0.200\Extensions\Microsoft.TestPlatform.TestHostRuntimeProvider.dll
TpTrace Verbose: 0 : 992, 1, 2025/02/21, 08:38:56.358, 1166392364443, vstest.console.dll, MetadataReaderExtensionsHelper: Discovering extensions inside assembly 'Microsoft.TestPlatform.TestHostRuntimeProvider, Version=15.0.0.0, Culture=neutral, PublicKeyToken=b03f5f7f11d50a3a' file path 'C:\Program Files\dotnet\sdk\9.0.200\Extensions\Microsoft.TestPlatform.TestHostRuntimeProvider.dll'
TpTrace Information: 0 : 992, 1, 2025/02/21, 08:38:56.361, 1166392398007, vstest.console.dll, GetTestExtensionFromType: Register extension with identifier data 'HostProvider://DefaultTestHost' and type 'Microsoft.VisualStudio.TestPlatform.CrossPlatEngine.Hosting.DefaultTestHostManager, Microsoft.TestPlatform.TestHostRuntimeProvider, Version=15.0.0.0, Culture=neutral, PublicKeyToken=b03f5f7f11d50a3a' inside file 'C:\Program Files\dotnet\sdk\9.0.200\Extensions\Microsoft.TestPlatform.TestHostRuntimeProvider.dll'
TpTrace Information: 0 : 992, 1, 2025/02/21, 08:38:56.362, 1166392402218, vstest.console.dll, GetTestExtensionFromType: Register extension with identifier data 'HostProvider://DotnetTestHost' and type 'Microsoft.VisualStudio.TestPlatform.CrossPlatEngine.Hosting.DotnetTestHostManager, Microsoft.TestPlatform.TestHostRuntimeProvider, Version=15.0.0.0, Culture=neutral, PublicKeyToken=b03f5f7f11d50a3a' inside file 'C:\Program Files\dotnet\sdk\9.0.200\Extensions\Microsoft.TestPlatform.TestHostRuntimeProvider.dll'
TpTrace Information: 0 : 992, 1, 2025/02/21, 08:38:56.362, 1166392403292, vstest.console.dll, AssemblyResolver.OnResolve: Microsoft.VisualStudio.TestPlatform.Extensions.Html.TestLogger: Resolving assembly.
TpTrace Information: 0 : 992, 1, 2025/02/21, 08:38:56.362, 1166392403858, vstest.console.dll, AssemblyResolver.OnResolve: Microsoft.VisualStudio.TestPlatform.Extensions.Html.TestLogger: Searching in: 'C:\Program Files\dotnet\sdk\9.0.200\Extensions'.
TpTrace Information: 0 : 992, 1, 2025/02/21, 08:38:56.363, 1166392416928, vstest.console.dll, AssemblyResolver.OnResolve: Microsoft.VisualStudio.TestPlatform.Extensions.Html.TestLogger: Loading assembly 'C:\Program Files\dotnet\sdk\9.0.200\Extensions\Microsoft.VisualStudio.TestPlatform.Extensions.Html.TestLogger.dll'.
TpTrace Information: 0 : 992, 1, 2025/02/21, 08:38:56.364, 1166392428382, vstest.console.dll, AssemblyResolver.OnResolve: Resolved assembly: Microsoft.VisualStudio.TestPlatform.Extensions.Html.TestLogger, from path: C:\Program Files\dotnet\sdk\9.0.200\Extensions\Microsoft.VisualStudio.TestPlatform.Extensions.Html.TestLogger.dll
TpTrace Verbose: 0 : 992, 1, 2025/02/21, 08:38:56.365, 1166392429693, vstest.console.dll, MetadataReaderExtensionsHelper: Discovering extensions inside assembly 'Microsoft.VisualStudio.TestPlatform.Extensions.Html.TestLogger, Version=15.0.0.0, Culture=neutral, PublicKeyToken=b03f5f7f11d50a3a' file path 'C:\Program Files\dotnet\sdk\9.0.200\Extensions\Microsoft.VisualStudio.TestPlatform.Extensions.Html.TestLogger.dll'
TpTrace Information: 0 : 992, 1, 2025/02/21, 08:38:56.366, 1166392445193, vstest.console.dll, AssemblyResolver.OnResolve: Microsoft.VisualStudio.TestPlatform.Extensions.Trx.TestLogger: Resolving assembly.
TpTrace Information: 0 : 992, 1, 2025/02/21, 08:38:56.366, 1166392446656, vstest.console.dll, AssemblyResolver.OnResolve: Microsoft.VisualStudio.TestPlatform.Extensions.Trx.TestLogger: Searching in: 'C:\Program Files\dotnet\sdk\9.0.200\Extensions'.
TpTrace Information: 0 : 992, 1, 2025/02/21, 08:38:56.367, 1166392454572, vstest.console.dll, AssemblyResolver.OnResolve: Microsoft.VisualStudio.TestPlatform.Extensions.Trx.TestLogger: Loading assembly 'C:\Program Files\dotnet\sdk\9.0.200\Extensions\Microsoft.VisualStudio.TestPlatform.Extensions.Trx.TestLogger.dll'.
TpTrace Information: 0 : 992, 1, 2025/02/21, 08:38:56.368, 1166392464717, vstest.console.dll, AssemblyResolver.OnResolve: Resolved assembly: Microsoft.VisualStudio.TestPlatform.Extensions.Trx.TestLogger, from path: C:\Program Files\dotnet\sdk\9.0.200\Extensions\Microsoft.VisualStudio.TestPlatform.Extensions.Trx.TestLogger.dll
TpTrace Verbose: 0 : 992, 1, 2025/02/21, 08:38:56.368, 1166392465771, vstest.console.dll, MetadataReaderExtensionsHelper: Discovering extensions inside assembly 'Microsoft.VisualStudio.TestPlatform.Extensions.Trx.TestLogger, Version=15.0.0.0, Culture=neutral, PublicKeyToken=b03f5f7f11d50a3a' file path 'C:\Program Files\dotnet\sdk\9.0.200\Extensions\Microsoft.VisualStudio.TestPlatform.Extensions.Trx.TestLogger.dll'
TpTrace Verbose: 0 : 992, 1, 2025/02/21, 08:38:56.370, 1166392485397, vstest.console.dll, TestPluginCache: Discovered the extensions using extension path ''.
TpTrace Verbose: 0 : 992, 1, 2025/02/21, 08:38:56.370, 1166392486699, vstest.console.dll, TestPluginCache: Discoverers are ''.
TpTrace Verbose: 0 : 992, 1, 2025/02/21, 08:38:56.370, 1166392486991, vstest.console.dll, TestPluginCache: Executors are ''.
TpTrace Verbose: 0 : 992, 1, 2025/02/21, 08:38:56.370, 1166392487267, vstest.console.dll, TestPluginCache: Executors2 are ''.
TpTrace Verbose: 0 : 992, 1, 2025/02/21, 08:38:56.370, 1166392487525, vstest.console.dll, TestPluginCache: Setting providers are ''.
TpTrace Verbose: 0 : 992, 1, 2025/02/21, 08:38:56.370, 1166392487789, vstest.console.dll, TestPluginCache: Loggers are ''.
TpTrace Verbose: 0 : 992, 1, 2025/02/21, 08:38:56.371, 1166392489893, vstest.console.dll, TestPluginCache: TestHosts are 'HostProvider://DefaultTestHost,HostProvider://DotnetTestHost'.
TpTrace Verbose: 0 : 992, 1, 2025/02/21, 08:38:56.371, 1166392490297, vstest.console.dll, TestPluginCache: DataCollectors are ''.
TpTrace Information: 0 : 992, 1, 2025/02/21, 08:38:56.391, 1166392698127, vstest.console.dll, RunTestsArgumentProcessor:Execute: Test run is starting.
TpTrace Verbose: 0 : 992, 1, 2025/02/21, 08:38:56.392, 1166392699480, vstest.console.dll, RunTestsArgumentProcessor:Execute: Queuing Test run.
TpTrace Information: 0 : 992, 1, 2025/02/21, 08:38:56.392, 1166392702649, vstest.console.dll, TestRequestManager.RunTests: run tests started.
TpTrace Information: 0 : 992, 1, 2025/02/21, 08:38:56.394, 1166392719779, vstest.console.dll, AssemblyMetadataProvider.GetFrameworkName: Determined framework:'.NETCoreApp,Version=v8.0' for source: 'C:\Users\Bibub\Documents\GitHub\OOP\8.LabOOP\UnitTests\bin\Debug\net8.0\fine-code-coverage\build-output\UnitTests.dll'
TpTrace Information: 0 : 992, 1, 2025/02/21, 08:38:56.394, 1166392722571, vstest.console.dll, Determined framework for all sources: .NETCoreApp,Version=v8.0
TpTrace Verbose: 0 : 992, 1, 2025/02/21, 08:38:56.394, 1166392727046, vstest.console.dll, TestRequestManager.UpdateRunSettingsIfRequired: Default architecture: X64 IsDefaultTargetArchitecture: True, Current process architecture: X64 OperatingSystem: Windows.
TpTrace Information: 0 : 992, 1, 2025/02/21, 08:38:56.396, 1166392748340, vstest.console.dll, AssemblyMetadataProvider.GetArchitecture: Determined architecture:AnyCPU info for assembly: C:\Users\Bibub\Documents\GitHub\OOP\8.LabOOP\UnitTests\bin\Debug\net8.0\fine-code-coverage\build-output\UnitTests.dll
TpTrace Information: 0 : 992, 1, 2025/02/21, 08:38:56.397, 1166392749323, vstest.console.dll, Determined platform for source 'C:\Users\Bibub\Documents\GitHub\OOP\8.LabOOP\UnitTests\bin\Debug\net8.0\fine-code-coverage\build-output\UnitTests.dll' was AnyCPU and it will use the default plaform X64.
TpTrace Information: 0 : 992, 1, 2025/02/21, 08:38:56.397, 1166392749638, vstest.console.dll, None of the sources provided any runnable platform, using the default platform: X64
TpTrace Information: 0 : 992, 1, 2025/02/21, 08:38:56.397, 1166392751038, vstest.console.dll, Platform was updated to 'X64'.
TpTrace Information: 0 : 992, 1, 2025/02/21, 08:38:56.400, 1166392787396, vstest.console.dll, InferRunSettingsHelper.IsTestSettingsEnabled: Unable to navigate to RunSettings/MSTest. Current node: RunSettings
TpTrace Information: 0 : 992, 1, 2025/02/21, 08:38:56.401, 1166392795594, vstest.console.dll, AssemblyResolver.OnResolve: Microsoft.VisualStudio.TestPlatform.Fakes: Resolving assembly.
TpTrace Information: 0 : 992, 1, 2025/02/21, 08:38:56.401, 1166392796756, vstest.console.dll, AssemblyResolver.OnResolve: Microsoft.VisualStudio.TestPlatform.Fakes: Searching in: 'C:\Program Files\dotnet\sdk\9.0.200\Extensions'.
TpTrace Information: 0 : 992, 1, 2025/02/21, 08:38:56.401, 1166392798545, vstest.console.dll, AssemblyResolver.OnResolve: Microsoft.VisualStudio.TestPlatform.Fakes: Assembly path does not exist: 'C:\Program Files\dotnet\sdk\9.0.200\Extensions\Microsoft.VisualStudio.TestPlatform.Fakes.dll', returning.
TpTrace Information: 0 : 992, 1, 2025/02/21, 08:38:56.402, 1166392799296, vstest.console.dll, AssemblyResolver.OnResolve: Microsoft.VisualStudio.TestPlatform.Fakes: Assembly path does not exist: 'C:\Program Files\dotnet\sdk\9.0.200\Extensions\Microsoft.VisualStudio.TestPlatform.Fakes.exe', returning.
TpTrace Information: 0 : 992, 1, 2025/02/21, 08:38:56.402, 1166392799603, vstest.console.dll, AssemblyResolver.OnResolve: Microsoft.VisualStudio.TestPlatform.Fakes: Searching in: 'C:\Program Files\dotnet\sdk\9.0.200'.
TpTrace Information: 0 : 992, 1, 2025/02/21, 08:38:56.402, 1166392800461, vstest.console.dll, AssemblyResolver.OnResolve: Microsoft.VisualStudio.TestPlatform.Fakes: Assembly path does not exist: 'C:\Program Files\dotnet\sdk\9.0.200\Microsoft.VisualStudio.TestPlatform.Fakes.dll', returning.
TpTrace Information: 0 : 992, 1, 2025/02/21, 08:38:56.402, 1166392801123, vstest.console.dll, AssemblyResolver.OnResolve: Microsoft.VisualStudio.TestPlatform.Fakes: Assembly path does not exist: 'C:\Program Files\dotnet\sdk\9.0.200\Microsoft.VisualStudio.TestPlatform.Fakes.exe', returning.
TpTrace Information: 0 : 992, 1, 2025/02/21, 08:38:56.402, 1166392801424, vstest.console.dll, AssemblyResolver.OnResolve: Microsoft.VisualStudio.TestPlatform.Fakes: Failed to load assembly.
TpTrace Information: 0 : 992, 1, 2025/02/21, 08:38:56.402, 1166392804796, vstest.console.dll, Failed to load assembly Microsoft.VisualStudio.TestPlatform.Fakes, Version=17.0.0.0, Culture=neutral. Reason:System.IO.FileNotFoundException: Could not load file or assembly 'Microsoft.VisualStudio.TestPlatform.Fakes, Version=17.0.0.0, Culture=neutral, PublicKeyToken=null'. Не удается найти указанный файл.
File name: 'Microsoft.VisualStudio.TestPlatform.Fakes, Version=17.0.0.0, Culture=neutral, PublicKeyToken=null'
   at System.Reflection.RuntimeAssembly.InternalLoad(AssemblyName assemblyName, StackCrawlMark& stackMark, AssemblyLoadContext assemblyLoadContext, RuntimeAssembly requestingAssembly, Boolean throwOnFileNotFound)
   at System.Reflection.Assembly.Load(AssemblyName assemblyRef)
   at Microsoft.VisualStudio.TestPlatform.Common.Utilities.FakesUtilities.LoadTestPlatformAssembly() in /_/src/Microsoft.TestPlatform.Common/Utilities/FakesUtilities.cs:line 273
TpTrace Verbose: 0 : 992, 1, 2025/02/21, 08:38:56.406, 1166392845106, vstest.console.dll, TestPluginCache.DiscoverTestExtensions: finding test extensions in assemblies ends with: TestLogger.dll TPluginInfo: Microsoft.VisualStudio.TestPlatform.Common.ExtensionFramework.Utilities.TestLoggerPluginInformation TExtension: Microsoft.VisualStudio.TestPlatform.ObjectModel.Client.ITestLogger
TpTrace Verbose: 0 : 992, 1, 2025/02/21, 08:38:56.406, 1166392846657, vstest.console.dll, TestPluginCache.GetExtensionPaths: Filtered extension paths: 
TpTrace Verbose: 0 : 992, 1, 2025/02/21, 08:38:56.406, 1166392847067, vstest.console.dll, TestPluginCache.GetExtensionPaths: Added default extension paths: C:\Program Files\dotnet\sdk\9.0.200\Extensions\Microsoft.Diagnostics.NETCore.Client.dll
C:\Program Files\dotnet\sdk\9.0.200\Extensions\Microsoft.TestPlatform.Extensions.BlameDataCollector.dll
C:\Program Files\dotnet\sdk\9.0.200\Extensions\Microsoft.TestPlatform.Extensions.EventLogCollector.dll
C:\Program Files\dotnet\sdk\9.0.200\Extensions\Microsoft.TestPlatform.TestHostRuntimeProvider.dll
C:\Program Files\dotnet\sdk\9.0.200\Extensions\Microsoft.VisualStudio.TestPlatform.Extensions.Html.TestLogger.dll
C:\Program Files\dotnet\sdk\9.0.200\Extensions\Microsoft.VisualStudio.TestPlatform.Extensions.Trx.TestLogger.dll
TpTrace Verbose: 0 : 992, 1, 2025/02/21, 08:38:56.406, 1166392847380, vstest.console.dll, TestPluginCache.GetExtensionPaths: Added unfilterableExtensionPaths: 
TpTrace Information: 0 : 992, 1, 2025/02/21, 08:38:56.407, 1166392849466, vstest.console.dll, AssemblyResolver.AddSearchDirectories: Adding more searchDirectories C:\Program Files\dotnet\sdk\9.0.200\Extensions,C:\Program Files\dotnet\sdk\9.0.200
TpTrace Verbose: 0 : 992, 1, 2025/02/21, 08:38:56.407, 1166392849931, vstest.console.dll, TestPluginCache.DiscoverTestExtensions: Discovering the extensions using extension path.
TpTrace Verbose: 0 : 992, 1, 2025/02/21, 08:38:56.407, 1166392850438, vstest.console.dll, TestPluginCache.GetExtensionPaths: Filtered extension paths: 
TpTrace Verbose: 0 : 992, 1, 2025/02/21, 08:38:56.407, 1166392850808, vstest.console.dll, TestPluginCache.GetExtensionPaths: Added default extension paths: C:\Program Files\dotnet\sdk\9.0.200\Extensions\Microsoft.Diagnostics.NETCore.Client.dll
C:\Program Files\dotnet\sdk\9.0.200\Extensions\Microsoft.TestPlatform.Extensions.BlameDataCollector.dll
C:\Program Files\dotnet\sdk\9.0.200\Extensions\Microsoft.TestPlatform.Extensions.EventLogCollector.dll
C:\Program Files\dotnet\sdk\9.0.200\Extensions\Microsoft.TestPlatform.TestHostRuntimeProvider.dll
C:\Program Files\dotnet\sdk\9.0.200\Extensions\Microsoft.VisualStudio.TestPlatform.Extensions.Html.TestLogger.dll
C:\Program Files\dotnet\sdk\9.0.200\Extensions\Microsoft.VisualStudio.TestPlatform.Extensions.Trx.TestLogger.dll
TpTrace Verbose: 0 : 992, 1, 2025/02/21, 08:38:56.407, 1166392851101, vstest.console.dll, TestPluginCache.GetExtensionPaths: Added unfilterableExtensionPaths: 
TpTrace Verbose: 0 : 992, 1, 2025/02/21, 08:38:56.407, 1166392851468, vstest.console.dll, TestPluginCache.DiscoverTestExtensions: Discovering the extensions using allExtensionPaths: C:\Program Files\dotnet\sdk\9.0.200\Extensions\Microsoft.Diagnostics.NETCore.Client.dll
C:\Program Files\dotnet\sdk\9.0.200\Extensions\Microsoft.TestPlatform.Extensions.BlameDataCollector.dll
C:\Program Files\dotnet\sdk\9.0.200\Extensions\Microsoft.TestPlatform.Extensions.EventLogCollector.dll
C:\Program Files\dotnet\sdk\9.0.200\Extensions\Microsoft.TestPlatform.TestHostRuntimeProvider.dll
C:\Program Files\dotnet\sdk\9.0.200\Extensions\Microsoft.VisualStudio.TestPlatform.Extensions.Html.TestLogger.dll
C:\Program Files\dotnet\sdk\9.0.200\Extensions\Microsoft.VisualStudio.TestPlatform.Extensions.Trx.TestLogger.dll
TpTrace Information: 0 : 992, 1, 2025/02/21, 08:38:56.407, 1166392852824, vstest.console.dll, AssemblyResolver.AddSearchDirectories: Adding more searchDirectories C:\Program Files\dotnet\sdk\9.0.200\Extensions,C:\Program Files\dotnet\sdk\9.0.200
TpTrace Information: 0 : 992, 1, 2025/02/21, 08:38:56.407, 1166392853271, vstest.console.dll, AssemblyResolver.AddSearchDirectories: Adding more searchDirectories C:\Program Files\dotnet\sdk\9.0.200\Extensions,C:\Program Files\dotnet\sdk\9.0.200
TpTrace Information: 0 : 992, 1, 2025/02/21, 08:38:56.407, 1166392853575, vstest.console.dll, AssemblyResolver.AddSearchDirectories: Adding more searchDirectories C:\Program Files\dotnet\sdk\9.0.200\Extensions,C:\Program Files\dotnet\sdk\9.0.200
TpTrace Information: 0 : 992, 1, 2025/02/21, 08:38:56.407, 1166392853864, vstest.console.dll, AssemblyResolver.AddSearchDirectories: Adding more searchDirectories C:\Program Files\dotnet\sdk\9.0.200\Extensions,C:\Program Files\dotnet\sdk\9.0.200
TpTrace Information: 0 : 992, 1, 2025/02/21, 08:38:56.407, 1166392854150, vstest.console.dll, AssemblyResolver.AddSearchDirectories: Adding more searchDirectories C:\Program Files\dotnet\sdk\9.0.200\Extensions,C:\Program Files\dotnet\sdk\9.0.200
TpTrace Information: 0 : 992, 1, 2025/02/21, 08:38:56.407, 1166392854501, vstest.console.dll, AssemblyResolver.AddSearchDirectories: Adding more searchDirectories C:\Program Files\dotnet\sdk\9.0.200\Extensions,C:\Program Files\dotnet\sdk\9.0.200
TpTrace Verbose: 0 : 992, 1, 2025/02/21, 08:38:56.407, 1166392855853, vstest.console.dll, MetadataReaderExtensionsHelper: Discovering extensions inside assembly 'Microsoft.Diagnostics.NETCore.Client, Version=0.2.10.41601, Culture=neutral, PublicKeyToken=31bf3856ad364e35' file path 'C:\Program Files\dotnet\sdk\9.0.200\Extensions\Microsoft.Diagnostics.NETCore.Client.dll'
TpTrace Information: 0 : 992, 1, 2025/02/21, 08:38:56.409, 1166392872048, vstest.console.dll, AssemblyResolver.OnResolve: Microsoft.Bcl.AsyncInterfaces: Resolving assembly.
TpTrace Information: 0 : 992, 1, 2025/02/21, 08:38:56.409, 1166392873213, vstest.console.dll, AssemblyResolver.OnResolve: Microsoft.Bcl.AsyncInterfaces: Resolved from cache.
TpTrace Verbose: 0 : 992, 1, 2025/02/21, 08:38:56.409, 1166392873632, vstest.console.dll, CurrentDomainAssemblyResolve: Resolving assembly 'Microsoft.Bcl.AsyncInterfaces'.
TpTrace Information: 0 : 992, 1, 2025/02/21, 08:38:56.409, 1166392874186, vstest.console.dll, AssemblyResolver.OnResolve: Microsoft.Bcl.AsyncInterfaces: Resolving assembly.
TpTrace Information: 0 : 992, 1, 2025/02/21, 08:38:56.409, 1166392874490, vstest.console.dll, AssemblyResolver.OnResolve: Microsoft.Bcl.AsyncInterfaces: Resolved from cache.
TpTrace Verbose: 0 : 992, 1, 2025/02/21, 08:38:56.409, 1166392874766, vstest.console.dll, CurrentDomainAssemblyResolve: Resolving assembly 'Microsoft.Bcl.AsyncInterfaces'.
TpTrace Verbose: 0 : 992, 1, 2025/02/21, 08:38:56.409, 1166392875041, vstest.console.dll, CurrentDomainAssemblyResolve: Failed to resolve assembly 'Microsoft.Bcl.AsyncInterfaces'.
TpTrace Verbose: 0 : 992, 1, 2025/02/21, 08:38:56.409, 1166392876930, vstest.console.dll, CurrentDomainAssemblyResolve: Failed to resolve assembly 'Microsoft.Bcl.AsyncInterfaces'.
TpTrace Warning: 0 : 992, 1, 2025/02/21, 08:38:56.410, 1166392881151, vstest.console.dll, TestPluginDiscoverer: Failed to get types from assembly 'Microsoft.Diagnostics.NETCore.Client, Version=0.2.10.41601, Culture=neutral, PublicKeyToken=31bf3856ad364e35'. Error: System.Reflection.ReflectionTypeLoadException: Unable to load one or more of the requested types.
Could not load file or assembly 'Microsoft.Bcl.AsyncInterfaces, Version=6.0.0.0, Culture=neutral, PublicKeyToken=cc7b13ffcd2ddd51'. Не удается найти указанный файл.
   at System.Reflection.RuntimeModule.GetDefinedTypes()
   at System.Reflection.RuntimeModule.GetTypes()
   at Microsoft.VisualStudio.TestPlatform.Common.ExtensionFramework.TestPluginDiscoverer.GetTestExtensionsFromAssembly[TPluginInfo,TExtension](Assembly assembly, Dictionary`2 pluginInfos, String filePath) in /_/src/Microsoft.TestPlatform.Common/ExtensionFramework/TestPluginDiscoverer.cs:line 159
System.IO.FileNotFoundException: Could not load file or assembly 'Microsoft.Bcl.AsyncInterfaces, Version=6.0.0.0, Culture=neutral, PublicKeyToken=cc7b13ffcd2ddd51'. Не удается найти указанный файл.
File name: 'Microsoft.Bcl.AsyncInterfaces, Version=6.0.0.0, Culture=neutral, PublicKeyToken=cc7b13ffcd2ddd51'
 ---> System.IO.FileNotFoundException: Could not load file or assembly 'Microsoft.Bcl.AsyncInterfaces, Culture=neutral, PublicKeyToken=null'. Не удается найти указанный файл.
File name: 'Microsoft.Bcl.AsyncInterfaces, Culture=neutral, PublicKeyToken=null'
   at System.Reflection.RuntimeAssembly.InternalLoad(AssemblyName assemblyName, StackCrawlMark& stackMark, AssemblyLoadContext assemblyLoadContext, RuntimeAssembly requestingAssembly, Boolean throwOnFileNotFound)
   at System.Reflection.Assembly.Load(AssemblyName assemblyRef)
   at Microsoft.VisualStudio.TestPlatform.Common.ExtensionFramework.TestPluginCache.CurrentDomainAssemblyResolve(Object sender, AssemblyResolveEventArgs args) in /_/src/Microsoft.TestPlatform.Common/ExtensionFramework/TestPluginCache.cs:line 514
   at System.Runtime.Loader.AssemblyLoadContext.GetFirstResolvedAssemblyFromResolvingEvent(AssemblyName assemblyName)
   at System.Runtime.Loader.AssemblyLoadContext.ResolveUsingEvent(AssemblyName assemblyName)
   at System.Runtime.Loader.AssemblyLoadContext.ResolveUsingResolvingEvent(IntPtr gchManagedAssemblyLoadContext, AssemblyName assemblyName)
TpTrace Warning: 0 : 992, 1, 2025/02/21, 08:38:56.410, 1166392884318, vstest.console.dll, LoaderExceptions: System.IO.FileNotFoundException: Could not load file or assembly 'Microsoft.Bcl.AsyncInterfaces, Version=6.0.0.0, Culture=neutral, PublicKeyToken=cc7b13ffcd2ddd51'. Не удается найти указанный файл.
File name: 'Microsoft.Bcl.AsyncInterfaces, Version=6.0.0.0, Culture=neutral, PublicKeyToken=cc7b13ffcd2ddd51'
 ---> System.IO.FileNotFoundException: Could not load file or assembly 'Microsoft.Bcl.AsyncInterfaces, Culture=neutral, PublicKeyToken=null'. Не удается найти указанный файл.
File name: 'Microsoft.Bcl.AsyncInterfaces, Culture=neutral, PublicKeyToken=null'
   at System.Reflection.RuntimeAssembly.InternalLoad(AssemblyName assemblyName, StackCrawlMark& stackMark, AssemblyLoadContext assemblyLoadContext, RuntimeAssembly requestingAssembly, Boolean throwOnFileNotFound)
   at System.Reflection.Assembly.Load(AssemblyName assemblyRef)
   at Microsoft.VisualStudio.TestPlatform.Common.ExtensionFramework.TestPluginCache.CurrentDomainAssemblyResolve(Object sender, AssemblyResolveEventArgs args) in /_/src/Microsoft.TestPlatform.Common/ExtensionFramework/TestPluginCache.cs:line 514
   at System.Runtime.Loader.AssemblyLoadContext.GetFirstResolvedAssemblyFromResolvingEvent(AssemblyName assemblyName)
   at System.Runtime.Loader.AssemblyLoadContext.ResolveUsingEvent(AssemblyName assemblyName)
   at System.Runtime.Loader.AssemblyLoadContext.ResolveUsingResolvingEvent(IntPtr gchManagedAssemblyLoadContext, AssemblyName assemblyName)
TpTrace Verbose: 0 : 992, 1, 2025/02/21, 08:38:56.410, 1166392885269, vstest.console.dll, MetadataReaderExtensionsHelper: Discovering extensions inside assembly 'Microsoft.TestPlatform.Extensions.BlameDataCollector, Version=15.0.0.0, Culture=neutral, PublicKeyToken=b03f5f7f11d50a3a' file path 'C:\Program Files\dotnet\sdk\9.0.200\Extensions\Microsoft.TestPlatform.Extensions.BlameDataCollector.dll'
TpTrace Information: 0 : 992, 1, 2025/02/21, 08:38:56.411, 1166392896805, vstest.console.dll, GetTestExtensionFromType: Register extension with identifier data 'logger://Microsoft/TestPlatform/Extensions/Blame/v1' and type 'Microsoft.TestPlatform.Extensions.BlameDataCollector.BlameLogger, Microsoft.TestPlatform.Extensions.BlameDataCollector, Version=15.0.0.0, Culture=neutral, PublicKeyToken=b03f5f7f11d50a3a' inside file 'C:\Program Files\dotnet\sdk\9.0.200\Extensions\Microsoft.TestPlatform.Extensions.BlameDataCollector.dll'
TpTrace Verbose: 0 : 992, 1, 2025/02/21, 08:38:56.411, 1166392897890, vstest.console.dll, MetadataReaderExtensionsHelper: Discovering extensions inside assembly 'Microsoft.TestPlatform.Extensions.EventLogCollector, Version=15.0.0.0, Culture=neutral, PublicKeyToken=b03f5f7f11d50a3a' file path 'C:\Program Files\dotnet\sdk\9.0.200\Extensions\Microsoft.TestPlatform.Extensions.EventLogCollector.dll'
TpTrace Verbose: 0 : 992, 1, 2025/02/21, 08:38:56.412, 1166392905784, vstest.console.dll, MetadataReaderExtensionsHelper: Discovering extensions inside assembly 'Microsoft.TestPlatform.TestHostRuntimeProvider, Version=15.0.0.0, Culture=neutral, PublicKeyToken=b03f5f7f11d50a3a' file path 'C:\Program Files\dotnet\sdk\9.0.200\Extensions\Microsoft.TestPlatform.TestHostRuntimeProvider.dll'
TpTrace Verbose: 0 : 992, 1, 2025/02/21, 08:38:56.413, 1166392914992, vstest.console.dll, MetadataReaderExtensionsHelper: Discovering extensions inside assembly 'Microsoft.VisualStudio.TestPlatform.Extensions.Html.TestLogger, Version=15.0.0.0, Culture=neutral, PublicKeyToken=b03f5f7f11d50a3a' file path 'C:\Program Files\dotnet\sdk\9.0.200\Extensions\Microsoft.VisualStudio.TestPlatform.Extensions.Html.TestLogger.dll'
TpTrace Information: 0 : 992, 1, 2025/02/21, 08:38:56.415, 1166392929658, vstest.console.dll, GetTestExtensionFromType: Register extension with identifier data 'logger://Microsoft/TestPlatform/HtmlLogger/v1' and type 'Microsoft.VisualStudio.TestPlatform.Extensions.HtmlLogger.HtmlLogger, Microsoft.VisualStudio.TestPlatform.Extensions.Html.TestLogger, Version=15.0.0.0, Culture=neutral, PublicKeyToken=b03f5f7f11d50a3a' inside file 'C:\Program Files\dotnet\sdk\9.0.200\Extensions\Microsoft.VisualStudio.TestPlatform.Extensions.Html.TestLogger.dll'
TpTrace Verbose: 0 : 992, 1, 2025/02/21, 08:38:56.415, 1166392930932, vstest.console.dll, MetadataReaderExtensionsHelper: Discovering extensions inside assembly 'Microsoft.VisualStudio.TestPlatform.Extensions.Trx.TestLogger, Version=15.0.0.0, Culture=neutral, PublicKeyToken=b03f5f7f11d50a3a' file path 'C:\Program Files\dotnet\sdk\9.0.200\Extensions\Microsoft.VisualStudio.TestPlatform.Extensions.Trx.TestLogger.dll'
TpTrace Information: 0 : 992, 1, 2025/02/21, 08:38:56.416, 1166392939994, vstest.console.dll, GetTestExtensionFromType: Register extension with identifier data 'logger://Microsoft/TestPlatform/TrxLogger/v1' and type 'Microsoft.VisualStudio.TestPlatform.Extensions.TrxLogger.TrxLogger, Microsoft.VisualStudio.TestPlatform.Extensions.Trx.TestLogger, Version=15.0.0.0, Culture=neutral, PublicKeyToken=b03f5f7f11d50a3a' inside file 'C:\Program Files\dotnet\sdk\9.0.200\Extensions\Microsoft.VisualStudio.TestPlatform.Extensions.Trx.TestLogger.dll'
TpTrace Verbose: 0 : 992, 1, 2025/02/21, 08:38:56.416, 1166392941245, vstest.console.dll, TestPluginCache: Discovered the extensions using extension path ''.
TpTrace Verbose: 0 : 992, 1, 2025/02/21, 08:38:56.416, 1166392941583, vstest.console.dll, TestPluginCache: Discoverers are ''.
TpTrace Verbose: 0 : 992, 1, 2025/02/21, 08:38:56.416, 1166392941863, vstest.console.dll, TestPluginCache: Executors are ''.
TpTrace Verbose: 0 : 992, 1, 2025/02/21, 08:38:56.416, 1166392942126, vstest.console.dll, TestPluginCache: Executors2 are ''.
TpTrace Verbose: 0 : 992, 1, 2025/02/21, 08:38:56.416, 1166392942384, vstest.console.dll, TestPluginCache: Setting providers are ''.
TpTrace Verbose: 0 : 992, 1, 2025/02/21, 08:38:56.416, 1166392943427, vstest.console.dll, TestPluginCache: Loggers are 'logger://Microsoft/TestPlatform/Extensions/Blame/v1,logger://Microsoft/TestPlatform/HtmlLogger/v1,logger://Microsoft/TestPlatform/TrxLogger/v1'.
TpTrace Verbose: 0 : 992, 1, 2025/02/21, 08:38:56.416, 1166392943992, vstest.console.dll, TestPluginCache: TestHosts are 'HostProvider://DefaultTestHost,HostProvider://DotnetTestHost'.
TpTrace Verbose: 0 : 992, 1, 2025/02/21, 08:38:56.416, 1166392944399, vstest.console.dll, TestPluginCache: DataCollectors are ''.
TpTrace Information: 0 : 992, 1, 2025/02/21, 08:38:56.417, 1166392955816, vstest.console.dll, TestPluginManager.CreateTestExtension: Attempting to load test extension: Microsoft.TestPlatform.Extensions.BlameDataCollector.BlameLogger
TpTrace Verbose: 0 : 992, 1, 2025/02/21, 08:38:56.429, 1166393076083, vstest.console.dll, TestEngine: Initializing Parallel Execution as MaxCpuCount is set to: 1
TpTrace Information: 0 : 992, 1, 2025/02/21, 08:38:56.431, 1166393094789, vstest.console.dll, TestPluginManager.CreateTestExtension: Attempting to load test extension: Microsoft.VisualStudio.TestPlatform.CrossPlatEngine.Hosting.DefaultTestHostManager
TpTrace Information: 0 : 992, 1, 2025/02/21, 08:38:56.433, 1166393113643, vstest.console.dll, TestPluginManager.CreateTestExtension: Attempting to load test extension: Microsoft.VisualStudio.TestPlatform.CrossPlatEngine.Hosting.DotnetTestHostManager
TpTrace Verbose: 0 : 992, 1, 2025/02/21, 08:38:56.433, 1166393117442, vstest.console.dll, TestHostManagerCallbacks.ctor: Forwarding output is enabled.
TpTrace Information: 0 : 992, 1, 2025/02/21, 08:38:56.434, 1166393122868, vstest.console.dll, InferRunSettingsHelper.IsTestSettingsEnabled: Unable to navigate to RunSettings/MSTest. Current node: RunSettings
TpTrace Verbose: 0 : 992, 1, 2025/02/21, 08:38:56.435, 1166393129469, vstest.console.dll, ParallelOperationManager.ClearSlots: Clearing all slots. Slots should accept more work: True
TpTrace Verbose: 0 : 992, 1, 2025/02/21, 08:38:56.435, 1166393136343, vstest.console.dll, ParallelOperationManager.SetOccupiedSlotCount: Setting slot counts AvailableSlotCount = 1, OccupiedSlotCount = 0.
TpTrace Verbose: 0 : 992, 1, 2025/02/21, 08:38:56.436, 1166393140823, vstest.console.dll, Occupied slots:

TpTrace Verbose: 0 : 992, 1, 2025/02/21, 08:38:56.440, 1166393182751, vstest.console.dll, TestEngine.GetExecutionManager: Chosen execution manager 'Microsoft.VisualStudio.TestPlatform.CrossPlatEngine.Client.Parallel.ParallelProxyExecutionManager, Microsoft.TestPlatform.CrossPlatEngine, Version=15.0.0.0, Culture=neutral, PublicKeyToken=b03f5f7f11d50a3a' ParallelLevel '1'.
TpTrace Verbose: 0 : 992, 1, 2025/02/21, 08:38:56.440, 1166393185909, vstest.console.dll, TestPlatform.GetSkipDefaultAdapters: Not skipping default adapters SkipDefaultAdapters was false.
TpTrace Verbose: 0 : 992, 1, 2025/02/21, 08:38:56.440, 1166393187086, vstest.console.dll, TestRunRequest.ExecuteAsync: Creating test run request.
TpTrace Verbose: 0 : 992, 1, 2025/02/21, 08:38:56.442, 1166393208053, vstest.console.dll, TestRunRequest.ExecuteAsync: Starting.
TpTrace Information: 0 : 992, 1, 2025/02/21, 08:38:56.444, 1166393223381, vstest.console.dll, TestRunRequest.ExecuteAsync: Starting run with settings:TestRunCriteria:
   KeepAlive=False,FrequencyOfRunStatsChangeEvent=10,RunStatsChangeEventTimeout=00:00:01.5000000,TestCaseFilter=,TestExecutorLauncher=
   Settingsxml=<RunSettings>
  <RunConfiguration>
    <ResultsDirectory>C:\Users\Bibub\Documents\GitHub\OOP\8.LabOOP\UnitTests\bin\Debug\net8.0\fine-code-coverage\coverage-tool-output</ResultsDirectory>
    <TargetPlatform>X64</TargetPlatform>
    <TargetFrameworkVersion>.NETCoreApp,Version=v8.0</TargetFrameworkVersion>
    <DesignMode>False</DesignMode>
    <CollectSourceInformation>False</CollectSourceInformation>
  </RunConfiguration>
  <LoggerRunSettings>
    <Loggers>
      <Logger friendlyName="blame" enabled="True" />
      <Logger friendlyName="Console" uri="logger://microsoft/TestPlatform/ConsoleLogger/v1" assemblyQualifiedName="Microsoft.VisualStudio.TestPlatform.CommandLine.Internal.ConsoleLogger, vstest.console, Version=15.0.0.0, Culture=neutral, PublicKeyToken=b03f5f7f11d50a3a" codeBase="C:\Program Files\dotnet\sdk\9.0.200\vstest.console.dll" enabled="True" />
    </Loggers>
  </LoggerRunSettings>
  <DataCollectionRunSettings>
    <DataCollectors>
      <DataCollector friendlyName="blame" enabled="True">
        <Configuration>
          <ResultsDirectory>C:\Users\Bibub\Documents\GitHub\OOP\8.LabOOP\UnitTests\bin\Debug\net8.0\fine-code-coverage\coverage-tool-output</ResultsDirectory>
        </Configuration>
      </DataCollector>
    </DataCollectors>
  </DataCollectionRunSettings>
</RunSettings>

TpTrace Verbose: 0 : 992, 1, 2025/02/21, 08:38:56.444, 1166393224297, vstest.console.dll, TestRunRequest.ExecuteAsync: Wait for the first run request is over.
TpTrace Verbose: 0 : 992, 1, 2025/02/21, 08:38:56.444, 1166393228310, vstest.console.dll, MulticastDelegateUtilities.SafeInvoke: TestRun.TestRunStart: Invoking callbacks was skipped because there are no subscribers.
TpTrace Verbose: 0 : 992, 4, 2025/02/21, 08:38:56.445, 1166393232014, vstest.console.dll, MulticastDelegateUtilities.SafeInvoke: InternalTestLoggerEvents.SendTestRunStart: Invoking callback 1/1 for Microsoft.VisualStudio.TestPlatform.CommandLine.Internal.ConsoleLogger., took 0 ms.
TpTrace Verbose: 0 : 992, 1, 2025/02/21, 08:38:56.446, 1166393243242, vstest.console.dll, ParallelProxyExecutionManager: Start execution. Total sources: 1
TpTrace Verbose: 0 : 992, 1, 2025/02/21, 08:38:56.446, 1166393248704, vstest.console.dll, ParallelOperationManager.StartWork: Starting adding 1 workloads.
TpTrace Verbose: 0 : 992, 1, 2025/02/21, 08:38:56.447, 1166393249531, vstest.console.dll, ParallelOperationManager.ClearSlots: Clearing all slots. Slots should accept more work: True
TpTrace Verbose: 0 : 992, 1, 2025/02/21, 08:38:56.447, 1166393250336, vstest.console.dll, ParallelOperationManager.SetOccupiedSlotCount: Setting slot counts AvailableSlotCount = 1, OccupiedSlotCount = 0.
TpTrace Verbose: 0 : 992, 1, 2025/02/21, 08:38:56.447, 1166393250718, vstest.console.dll, Occupied slots:

TpTrace Verbose: 0 : 992, 1, 2025/02/21, 08:38:56.448, 1166393265635, vstest.console.dll, TestHostManagerCallbacks.ctor: Forwarding output is enabled.
TpTrace Verbose: 0 : 992, 1, 2025/02/21, 08:38:56.448, 1166393268598, vstest.console.dll, TestRequestSender is acting as server.
TpTrace Verbose: 0 : 992, 1, 2025/02/21, 08:38:56.450, 1166393282774, vstest.console.dll, ParallelOperationManager.RunWorkInParallel: Adding 1 workload to slot, remaining workloads 0.
TpTrace Verbose: 0 : 992, 1, 2025/02/21, 08:38:56.450, 1166393283846, vstest.console.dll, ParallelOperationManager.SetOccupiedSlotCount: Setting slot counts AvailableSlotCount = 0, OccupiedSlotCount = 1.
TpTrace Verbose: 0 : 992, 1, 2025/02/21, 08:38:56.450, 1166393285160, vstest.console.dll, Occupied slots:
0: C:\Users\Bibub\Documents\GitHub\OOP\8.LabOOP\UnitTests\bin\Debug\net8.0\fine-code-coverage\build-output\UnitTests.dll
TpTrace Verbose: 0 : 992, 1, 2025/02/21, 08:38:56.452, 1166393299760, vstest.console.dll, ParallelOperationManager.RunWorkInParallel: Started host in slot number 0 for work (source): C:\Users\Bibub\Documents\GitHub\OOP\8.LabOOP\UnitTests\bin\Debug\net8.0\fine-code-coverage\build-output\UnitTests.dll.
TpTrace Verbose: 0 : 992, 1, 2025/02/21, 08:38:56.453, 1166393311439, vstest.console.dll, ParallelOperationManager.RunWorkInParallel: We started 1 work items, which is the max parallel level. Won't start more work.
TpTrace Verbose: 0 : 992, 1, 2025/02/21, 08:38:56.453, 1166393312216, vstest.console.dll, ParallelOperationManager.RunWorkInParallel: We started 1 work items in here, returning True.
TpTrace Information: 0 : 992, 1, 2025/02/21, 08:38:56.453, 1166393312721, vstest.console.dll, TestRunRequest.ExecuteAsync: Started.
TpTrace Verbose: 0 : 992, 5, 2025/02/21, 08:38:56.453, 1166393312850, vstest.console.dll, ParallelProxyExecutionManager.StartTestRunOnConcurrentManager: Initializing uninitialized client. Started clients: 0
TpTrace Verbose: 0 : 992, 5, 2025/02/21, 08:38:56.453, 1166393314607, vstest.console.dll, DataCollectionRequestSender.InitializeCommunication : Initialize communication. 
TpTrace Verbose: 0 : 992, 1, 2025/02/21, 08:38:56.454, 1166393319860, vstest.console.dll, TestRunRequest.WaitForCompletion: Waiting with timeout -1.
TpTrace Information: 0 : 992, 5, 2025/02/21, 08:38:56.464, 1166393422854, vstest.console.dll, Listening on Endpoint : 127.0.0.1:50071
TpTrace Verbose: 0 : 992, 5, 2025/02/21, 08:38:56.474, 1166393526169, vstest.console.dll, DotnetDataCollectionLauncher: Adding  --runtimeconfig "C:\Program Files\dotnet\sdk\9.0.200\datacollector.runtimeconfig.json" in args
TpTrace Verbose: 0 : 992, 5, 2025/02/21, 08:38:56.474, 1166393527810, vstest.console.dll, DotnetDataCollectionLauncher: Adding  --depsfile "C:\Program Files\dotnet\sdk\9.0.200\datacollector.deps.json" in args
TpTrace Verbose: 0 : 992, 5, 2025/02/21, 08:38:56.475, 1166393529918, vstest.console.dll, DotnetDataCollectionLauncher: Full path of dotnet.exe is C:\Program Files\dotnet\dotnet.exe
TpTrace Information: 0 : 992, 5, 2025/02/21, 08:38:56.483, 1166393618529, vstest.console.dll, ProxyDataCollectionManager.Initialize: Launched datacollector processId: 13148 port: 50071
TpTrace Information: 0 : 992, 5, 2025/02/21, 08:38:56.484, 1166393620953, vstest.console.dll, ProxyDataCollectionManager.Initialize: waiting for connection with timeout: 90 seconds
TpTrace Verbose: 0 : 992, 5, 2025/02/21, 08:38:56.484, 1166393621744, vstest.console.dll, DataCollectionRequestSender.WaitForRequestHandlerConnection : Waiting for connection with timeout: 90000
TpTrace Information: 0 : 992, 9, 2025/02/21, 08:38:56.715, 1166395930271, vstest.console.dll, Using the buffer size of 16384 bytes
TpTrace Verbose: 0 : 992, 5, 2025/02/21, 08:38:56.715, 1166395930545, vstest.console.dll, SocketCommunicationManager.WaitForClientConnection took: 230 ms, with 90000 ms timeout, and finished with True.
TpTrace Information: 0 : 992, 9, 2025/02/21, 08:38:56.715, 1166395931720, vstest.console.dll, Accepted Client request and set the flag
TpTrace Verbose: 0 : 992, 5, 2025/02/21, 08:38:56.715, 1166395933070, vstest.console.dll, ProxyDataCollectionManager.InvokeDataCollectionServiceAction: Starting.
TpTrace Information: 0 : 992, 5, 2025/02/21, 08:38:56.715, 1166395934244, vstest.console.dll, ProxyDataCollectionManager.BeforeTestRunStart: Get environment variable and port for datacollector processId: 13148 port: 50071
TpTrace Verbose: 0 : 992, 5, 2025/02/21, 08:38:56.715, 1166395936303, vstest.console.dll, DataCollectionRequestSender.SendBeforeTestRunStartAndGetResult: Send BeforeTestRunStart message with settingsXml <RunSettings><RunConfiguration><ResultsDirectory>C:\Users\Bibub\Documents\GitHub\OOP\8.LabOOP\UnitTests\bin\Debug\net8.0\fine-code-coverage\coverage-tool-output</ResultsDirectory><TargetPlatform>X64</TargetPlatform><TargetFrameworkVersion>.NETCoreApp,Version=v8.0</TargetFrameworkVersion><DesignMode>False</DesignMode><CollectSourceInformation>False</CollectSourceInformation><TestAdaptersPaths>C:\Program Files\dotnet\sdk\9.0.200\Extensions</TestAdaptersPaths></RunConfiguration><LoggerRunSettings><Loggers><Logger friendlyName="blame" enabled="True" /><Logger friendlyName="Console" uri="logger://microsoft/TestPlatform/ConsoleLogger/v1" assemblyQualifiedName="Microsoft.VisualStudio.TestPlatform.CommandLine.Internal.ConsoleLogger, vstest.console, Version=15.0.0.0, Culture=neutral, PublicKeyToken=b03f5f7f11d50a3a" codeBase="C:\Program Files\dotnet\sdk\9.0.200\vstest.console.dll" enabled="True" /></Loggers></LoggerRunSettings><DataCollectionRunSettings><DataCollectors><DataCollector friendlyName="blame" enabled="True"><Configuration><ResultsDirectory>C:\Users\Bibub\Documents\GitHub\OOP\8.LabOOP\UnitTests\bin\Debug\net8.0\fine-code-coverage\coverage-tool-output</ResultsDirectory></Configuration></DataCollector></DataCollectors></DataCollectionRunSettings></RunSettings> and sources System.Collections.Generic.List`1[System.String]: 
TpTrace Verbose: 0 : 992, 5, 2025/02/21, 08:38:56.804, 1166396828747, vstest.console.dll, DataCollectionRequestSender.SendBeforeTestRunStartAndGetResult: Received message: (DataCollection.SendMessage) -> {"MessageType":"DataCollection.SendMessage","Payload":{"FriendlyName":null,"Uri":null,"TestCaseId":"00000000-0000-0000-0000-000000000000","Message":"Logging DataCollector Diagnostics in file: C:\\Users\\Bibub\\Documents\\GitHub\\OOP\\8.LabOOP\\UnitTests\\bin\\Debug\\net8.0\\fine-code-coverage\\coverage-tool-output\\diagnostics.datacollector.25-02-21_08-38-56_47436_5.log","Level":0}}
TpTrace Verbose: 0 : 992, 5, 2025/02/21, 08:38:56.919, 1166397975516, vstest.console.dll, DataCollectionRequestSender.SendBeforeTestRunStartAndGetResult: Received message: (DataCollection.BeforeTestRunStartResult) -> {"MessageType":"DataCollection.BeforeTestRunStartResult","Payload":{"EnvironmentVariables":{},"DataCollectionEventsPort":50073}}
TpTrace Information: 0 : 992, 5, 2025/02/21, 08:38:56.924, 1166398028026, vstest.console.dll, ProxyDataCollectionManager.BeforeTestRunStart: SendBeforeTestRunStartAndGetResult successful, env variable from datacollector:   and testhost port: 50073
TpTrace Information: 0 : 992, 5, 2025/02/21, 08:38:56.925, 1166398029305, vstest.console.dll, ProxyDataCollectionManager.InvokeDataCollectionServiceAction: Completed.
TpTrace Verbose: 0 : 992, 5, 2025/02/21, 08:38:56.925, 1166398029660, vstest.console.dll, ParallelProxyExecutionManager.StartTestRunOnConcurrentManager: Initializing test run. Started clients: 0
TpTrace Verbose: 0 : 992, 5, 2025/02/21, 08:38:56.925, 1166398030675, vstest.console.dll, ProxyExecutionManager: Test host is always Lazy initialize.
TpTrace Verbose: 0 : 992, 5, 2025/02/21, 08:38:56.925, 1166398032958, vstest.console.dll, TestRequestSender.InitializeCommunication: initialize communication. 
TpTrace Information: 0 : 992, 5, 2025/02/21, 08:38:56.925, 1166398038509, vstest.console.dll, SocketServer.Start: Listening on endpoint : 127.0.0.1:50074
TpTrace Verbose: 0 : 992, 5, 2025/02/21, 08:38:56.926, 1166398047064, vstest.console.dll, DotnetTestHostmanager.GetTestHostProcessStartInfo: Platform environment 'X64' target architecture 'X64' framework '.NETCoreApp,Version=v8.0' OS 'Windows'
TpTrace Verbose: 0 : 992, 5, 2025/02/21, 08:38:56.927, 1166398049995, vstest.console.dll, DotnetTestHostmanager: Adding  --runtimeconfig "C:\Users\Bibub\Documents\GitHub\OOP\8.LabOOP\UnitTests\bin\Debug\net8.0\fine-code-coverage\build-output\UnitTests.runtimeconfig.json" in args
TpTrace Verbose: 0 : 992, 5, 2025/02/21, 08:38:56.927, 1166398051109, vstest.console.dll, DotnetTestHostmanager: Adding  --depsfile "C:\Users\Bibub\Documents\GitHub\OOP\8.LabOOP\UnitTests\bin\Debug\net8.0\fine-code-coverage\build-output\UnitTests.deps.json" in args
TpTrace Verbose: 0 : 992, 5, 2025/02/21, 08:38:56.927, 1166398053288, vstest.console.dll, DotnetTestHostmanager.IsWinOnArm: Current PROCESSOR_ARCHITECTURE from environment variable 'AMD64'
TpTrace Verbose: 0 : 992, 5, 2025/02/21, 08:38:56.927, 1166398054026, vstest.console.dll, DotnetTestHostmanager.IsWinOnArm: Is Windows on ARM 'False'
TpTrace Verbose: 0 : 992, 5, 2025/02/21, 08:38:56.927, 1166398055058, vstest.console.dll, DotnetTestHostManager: testhost.exe found at path: C:\Users\Bibub\Documents\GitHub\OOP\8.LabOOP\UnitTests\bin\Debug\net8.0\fine-code-coverage\build-output\testhost.exe
TpTrace Verbose: 0 : 992, 5, 2025/02/21, 08:38:56.927, 1166398055558, vstest.console.dll, DotnetTestHostmanager: Full path of host exe is C:\Users\Bibub\Documents\GitHub\OOP\8.LabOOP\UnitTests\bin\Debug\net8.0\fine-code-coverage\build-output\testhost.exe
TpTrace Verbose: 0 : 992, 5, 2025/02/21, 08:38:56.927, 1166398057586, vstest.console.dll, DotnetTestHostmanager.LaunchTestHostAsync: Found 'VSTEST_WINAPPHOST_DOTNET_ROOT' in env variables, value 'C:\Program Files\dotnet', forwarding to 'DOTNET_ROOT'
TpTrace Verbose: 0 : 992, 5, 2025/02/21, 08:38:56.928, 1166398059267, vstest.console.dll, DotnetTestHostManager: Starting process 'C:\Users\Bibub\Documents\GitHub\OOP\8.LabOOP\UnitTests\bin\Debug\net8.0\fine-code-coverage\build-output\testhost.exe' with command line ' --runtimeconfig "C:\Users\Bibub\Documents\GitHub\OOP\8.LabOOP\UnitTests\bin\Debug\net8.0\fine-code-coverage\build-output\UnitTests.runtimeconfig.json" --depsfile "C:\Users\Bibub\Documents\GitHub\OOP\8.LabOOP\UnitTests\bin\Debug\net8.0\fine-code-coverage\build-output\UnitTests.deps.json" --port 50074 --endpoint 127.0.0.1:050074 --role client --parentprocessid 992 --diag "C:\Users\Bibub\Documents\GitHub\OOP\8.LabOOP\UnitTests\bin\Debug\net8.0\fine-code-coverage\coverage-tool-output\diagnostics.host.25-02-21_08-38-56_92635_5.log" --tracelevel 4 --datacollectionport 50073 --telemetryoptedin false'
TpTrace Verbose: 0 : 992, 5, 2025/02/21, 08:38:56.936, 1166398145767, vstest.console.dll, MulticastDelegateUtilities.SafeInvoke: HostProviderEvents.OnHostLaunched: Invoking callback 1/2 for Microsoft.VisualStudio.TestPlatform.CrossPlatEngine.Client.ProxyExecutionManagerWithDataCollection., took 1 ms.
TpTrace Verbose: 0 : 992, 5, 2025/02/21, 08:38:56.937, 1166398151011, vstest.console.dll, Test Runtime launched
TpTrace Verbose: 0 : 992, 5, 2025/02/21, 08:38:56.937, 1166398152247, vstest.console.dll, MulticastDelegateUtilities.SafeInvoke: HostProviderEvents.OnHostLaunched: Invoking callback 2/2 for Microsoft.VisualStudio.TestPlatform.CrossPlatEngine.Client.ProxyOperationManager., took 0 ms.
TpTrace Verbose: 0 : 992, 5, 2025/02/21, 08:38:56.937, 1166398153902, vstest.console.dll, TestRequestSender.WaitForRequestHandlerConnection: waiting for connection with timeout: 90000.
TpTrace Verbose: 0 : 992, 5, 2025/02/21, 08:38:57.125, 1166400032684, vstest.console.dll, TestRequestSender.WaitForRequestHandlerConnection: waiting took 187 ms, with timeout 90000 ms, and result 0, which is success.
TpTrace Verbose: 0 : 992, 12, 2025/02/21, 08:38:57.125, 1166400032660, vstest.console.dll, MulticastDelegateUtilities.SafeInvoke: SocketServer: ClientConnected: Invoking callback 1/1 for Microsoft.VisualStudio.TestPlatform.CommunicationUtilities.TestRequestSender., took 0 ms.
TpTrace Verbose: 0 : 992, 12, 2025/02/21, 08:38:57.125, 1166400035429, vstest.console.dll, SocketServer.OnClientConnected: Client connected for endPoint: 127.0.0.1:50074, starting MessageLoopAsync:
TpTrace Verbose: 0 : 992, 13, 2025/02/21, 08:38:57.126, 1166400043355, vstest.console.dll, TcpClientExtensions.MessageLoopAsync: Polling on remoteEndPoint: 127.0.0.1:50075 localEndPoint: 127.0.0.1:50074 after 0 ms
TpTrace Verbose: 0 : 992, 5, 2025/02/21, 08:38:57.126, 1166400046937, vstest.console.dll, TestRequestSender.CheckVersionWithTestHost: Sending check version message: {"MessageType":"ProtocolVersion","Payload":7}
TpTrace Verbose: 0 : 992, 13, 2025/02/21, 08:38:57.270, 1166401487436, vstest.console.dll, TcpClientExtensions.MessageLoopAsync: NotifyDataAvailable remoteEndPoint: 127.0.0.1:50075 localEndPoint: 127.0.0.1:50074
TpTrace Verbose: 0 : 992, 13, 2025/02/21, 08:38:57.271, 1166401490335, vstest.console.dll, TestRequestSender.CheckVersionWithTestHost: onMessageReceived received message: (ProtocolVersion) -> {"MessageType":"ProtocolVersion","Payload":7}
TpTrace Verbose: 0 : 992, 13, 2025/02/21, 08:38:57.271, 1166401499008, vstest.console.dll, MulticastDelegateUtilities.SafeInvoke: LengthPrefixCommunicationChannel: MessageReceived: Invoking callback 1/1 for Microsoft.VisualStudio.TestPlatform.CommunicationUtilities.TestRequestSender+<>c__DisplayClass29_0., took 0 ms.
TpTrace Verbose: 0 : 992, 13, 2025/02/21, 08:38:57.272, 1166401500628, vstest.console.dll, TcpClientExtensions.MessageLoopAsync: Polling on remoteEndPoint: 127.0.0.1:50075 localEndPoint: 127.0.0.1:50074 after 145 ms
TpTrace Verbose: 0 : 992, 5, 2025/02/21, 08:38:57.272, 1166401500642, vstest.console.dll, TestPluginCache.GetExtensionPaths: Filtered extension paths: 
TpTrace Verbose: 0 : 992, 5, 2025/02/21, 08:38:57.272, 1166401501998, vstest.console.dll, TestPluginCache.GetExtensionPaths: Added default extension paths: C:\Program Files\dotnet\sdk\9.0.200\Extensions\Microsoft.Diagnostics.NETCore.Client.dll
C:\Program Files\dotnet\sdk\9.0.200\Extensions\Microsoft.TestPlatform.Extensions.BlameDataCollector.dll
C:\Program Files\dotnet\sdk\9.0.200\Extensions\Microsoft.TestPlatform.Extensions.EventLogCollector.dll
C:\Program Files\dotnet\sdk\9.0.200\Extensions\Microsoft.TestPlatform.TestHostRuntimeProvider.dll
C:\Program Files\dotnet\sdk\9.0.200\Extensions\Microsoft.VisualStudio.TestPlatform.Extensions.Html.TestLogger.dll
C:\Program Files\dotnet\sdk\9.0.200\Extensions\Microsoft.VisualStudio.TestPlatform.Extensions.Trx.TestLogger.dll
TpTrace Verbose: 0 : 992, 5, 2025/02/21, 08:38:57.272, 1166401502681, vstest.console.dll, TestPluginCache.GetExtensionPaths: Added unfilterableExtensionPaths: 
TpTrace Verbose: 0 : 992, 5, 2025/02/21, 08:38:57.276, 1166401540951, vstest.console.dll, TestRequestSender.InitializeExecution: Sending initialize execution with message: {"Version":7,"MessageType":"TestExecution.Initialize","Payload":["C:\\Users\\Bibub\\Documents\\GitHub\\OOP\\8.LabOOP\\UnitTests\\bin\\Debug\\net8.0\\fine-code-coverage\\build-output\\xunit.runner.visualstudio.dotnetcore.testadapter.dll"]}
TpTrace Verbose: 0 : 992, 5, 2025/02/21, 08:38:57.276, 1166401543736, vstest.console.dll, ParallelProxyExecutionManager.StartTestRunOnConcurrentManager: Execution starting. Started clients: 1
TpTrace Verbose: 0 : 992, 5, 2025/02/21, 08:38:57.276, 1166401547974, vstest.console.dll, TestRunRequest:SendTestRunMessage: Starting.
TpTrace Verbose: 0 : 992, 5, 2025/02/21, 08:38:57.277, 1166401550382, vstest.console.dll, MulticastDelegateUtilities.SafeInvoke: TestRun.LogMessages: Invoking callback 1/1 for Microsoft.VisualStudio.TestPlatform.CommandLine.TestRunResultAggregator., took 0 ms.
TpTrace Information: 0 : 992, 5, 2025/02/21, 08:38:57.277, 1166401551189, vstest.console.dll, TestRunRequest:SendTestRunMessage: Completed.
TpTrace Verbose: 0 : 992, 4, 2025/02/21, 08:38:57.277, 1166401553929, vstest.console.dll, MulticastDelegateUtilities.SafeInvoke: InternalTestLoggerEvents.SendTestRunMessage: Invoking callback 1/1 for Microsoft.VisualStudio.TestPlatform.CommandLine.Internal.ConsoleLogger., took 0 ms.
TpTrace Warning: 0 : 992, 5, 2025/02/21, 08:38:57.277, 1166401556225, vstest.console.dll, InferRunSettingsHelper.MakeRunsettingsCompatible: Removing the following settings: TargetPlatform from RunSettings file. To use those settings please move to latest version of Microsoft.NET.Test.Sdk
TpTrace Verbose: 0 : 992, 13, 2025/02/21, 08:38:57.282, 1166401606114, vstest.console.dll, TcpClientExtensions.MessageLoopAsync: NotifyDataAvailable remoteEndPoint: 127.0.0.1:50075 localEndPoint: 127.0.0.1:50074
TpTrace Verbose: 0 : 992, 13, 2025/02/21, 08:38:57.283, 1166401611510, vstest.console.dll, TestRequestSender.OnExecutionMessageReceived: Received message: {"Version":7,"MessageType":"TestSession.Message","Payload":{"MessageLevel":0,"Message":"Ведение журналов диагностики TestHost в файле: C:\\Users\\Bibub\\Documents\\GitHub\\OOP\\8.LabOOP\\UnitTests\\bin\\Debug\\net8.0\\fine-code-coverage\\coverage-tool-output\\diagnostics.host.25-02-21_08-38-56_92635_5.log"}}
TpTrace Verbose: 0 : 992, 13, 2025/02/21, 08:38:57.287, 1166401652978, vstest.console.dll, TestRunRequest:SendTestRunMessage: Starting.
TpTrace Verbose: 0 : 992, 13, 2025/02/21, 08:38:57.287, 1166401654916, vstest.console.dll, MulticastDelegateUtilities.SafeInvoke: TestRun.LogMessages: Invoking callback 1/1 for Microsoft.VisualStudio.TestPlatform.CommandLine.TestRunResultAggregator., took 0 ms.
TpTrace Verbose: 0 : 992, 4, 2025/02/21, 08:38:57.287, 1166401655112, vstest.console.dll, MulticastDelegateUtilities.SafeInvoke: InternalTestLoggerEvents.SendTestRunMessage: Invoking callback 1/1 for Microsoft.VisualStudio.TestPlatform.CommandLine.Internal.ConsoleLogger., took 0 ms.
TpTrace Information: 0 : 992, 13, 2025/02/21, 08:38:57.287, 1166401655592, vstest.console.dll, TestRunRequest:SendTestRunMessage: Completed.
TpTrace Verbose: 0 : 992, 13, 2025/02/21, 08:38:57.287, 1166401657149, vstest.console.dll, MulticastDelegateUtilities.SafeInvoke: LengthPrefixCommunicationChannel: MessageReceived: Invoking callback 1/1 for Microsoft.VisualStudio.TestPlatform.CommunicationUtilities.TestRequestSender+<>c__DisplayClass34_0., took 4 ms.
TpTrace Verbose: 0 : 992, 13, 2025/02/21, 08:38:57.287, 1166401657770, vstest.console.dll, TcpClientExtensions.MessageLoopAsync: Polling on remoteEndPoint: 127.0.0.1:50075 localEndPoint: 127.0.0.1:50074 after 15 ms
TpTrace Verbose: 0 : 992, 5, 2025/02/21, 08:38:57.289, 1166401678073, vstest.console.dll, TestRequestSender.StartTestRun: Sending test run with message: {"Version":7,"MessageType":"TestExecution.StartWithSources","Payload":{"AdapterSourceMap":{"_none_":["C:\\Users\\Bibub\\Documents\\GitHub\\OOP\\8.LabOOP\\UnitTests\\bin\\Debug\\net8.0\\fine-code-coverage\\build-output\\UnitTests.dll"]},"RunSettings":"<RunSettings>\r\n  <RunConfiguration>\r\n    <ResultsDirectory>C:\\Users\\Bibub\\Documents\\GitHub\\OOP\\8.LabOOP\\UnitTests\\bin\\Debug\\net8.0\\fine-code-coverage\\coverage-tool-output</ResultsDirectory>\r\n    <TargetFrameworkVersion>.NETCoreApp,Version=v8.0</TargetFrameworkVersion>\r\n    <DesignMode>False</DesignMode>\r\n    <CollectSourceInformation>False</CollectSourceInformation>\r\n  </RunConfiguration>\r\n  <LoggerRunSettings>\r\n    <Loggers>\r\n      <Logger friendlyName=\"blame\" enabled=\"True\" />\r\n      <Logger friendlyName=\"Console\" uri=\"logger://microsoft/TestPlatform/ConsoleLogger/v1\" assemblyQualifiedName=\"Microsoft.VisualStudio.TestPlatform.CommandLine.Internal.ConsoleLogger, vstest.console, Version=15.0.0.0, Culture=neutral, PublicKeyToken=b03f5f7f11d50a3a\" codeBase=\"C:\\Program Files\\dotnet\\sdk\\9.0.200\\vstest.console.dll\" enabled=\"True\" />\r\n    </Loggers>\r\n  </LoggerRunSettings>\r\n  <DataCollectionRunSettings>\r\n    <DataCollectors>\r\n      <DataCollector friendlyName=\"blame\" enabled=\"True\">\r\n        <Configuration>\r\n          <ResultsDirectory>C:\\Users\\Bibub\\Documents\\GitHub\\OOP\\8.LabOOP\\UnitTests\\bin\\Debug\\net8.0\\fine-code-coverage\\coverage-tool-output</ResultsDirectory>\r\n        </Configuration>\r\n      </DataCollector>\r\n    </DataCollectors>\r\n  </DataCollectionRunSettings>\r\n</RunSettings>","TestExecutionContext":{"FrequencyOfRunStatsChangeEvent":10,"RunStatsChangeEventTimeout":"00:00:01.5000000","InIsolation":false,"KeepAlive":false,"AreTestCaseLevelEventsRequired":false,"IsDebug":false,"TestCaseFilter":null,"FilterOptions":null},"Package":null}}
TpTrace Verbose: 0 : 992, 5, 2025/02/21, 08:38:57.290, 1166401680914, vstest.console.dll, ParallelProxyExecutionManager.StartTestRunOnConcurrentManager: Execution started. Started clients: 1
TpTrace Verbose: 0 : 992, 13, 2025/02/21, 08:38:57.488, 1166403661497, vstest.console.dll, TcpClientExtensions.MessageLoopAsync: NotifyDataAvailable remoteEndPoint: 127.0.0.1:50075 localEndPoint: 127.0.0.1:50074
TpTrace Verbose: 0 : 992, 13, 2025/02/21, 08:38:57.488, 1166403663155, vstest.console.dll, TestRequestSender.OnExecutionMessageReceived: Received message: {"Version":7,"MessageType":"TestSession.Message","Payload":{"MessageLevel":0,"Message":"[xUnit.net 00:00:00.00] xUnit.net VSTest Adapter v2.5.3.1+6b60a9e56a (64-bit .NET 8.0.13)"}}
TpTrace Verbose: 0 : 992, 13, 2025/02/21, 08:38:57.488, 1166403665248, vstest.console.dll, TestRunRequest:SendTestRunMessage: Starting.
TpTrace Verbose: 0 : 992, 13, 2025/02/21, 08:38:57.488, 1166403666057, vstest.console.dll, MulticastDelegateUtilities.SafeInvoke: TestRun.LogMessages: Invoking callback 1/1 for Microsoft.VisualStudio.TestPlatform.CommandLine.TestRunResultAggregator., took 0 ms.
TpTrace Verbose: 0 : 992, 4, 2025/02/21, 08:38:57.488, 1166403666269, vstest.console.dll, MulticastDelegateUtilities.SafeInvoke: InternalTestLoggerEvents.SendTestRunMessage: Invoking callback 1/1 for Microsoft.VisualStudio.TestPlatform.CommandLine.Internal.ConsoleLogger., took 0 ms.
TpTrace Information: 0 : 992, 13, 2025/02/21, 08:38:57.488, 1166403666969, vstest.console.dll, TestRunRequest:SendTestRunMessage: Completed.
TpTrace Verbose: 0 : 992, 13, 2025/02/21, 08:38:57.488, 1166403668565, vstest.console.dll, MulticastDelegateUtilities.SafeInvoke: LengthPrefixCommunicationChannel: MessageReceived: Invoking callback 1/1 for Microsoft.VisualStudio.TestPlatform.CommunicationUtilities.TestRequestSender+<>c__DisplayClass34_0., took 0 ms.
TpTrace Verbose: 0 : 992, 13, 2025/02/21, 08:38:57.489, 1166403669243, vstest.console.dll, TcpClientExtensions.MessageLoopAsync: Polling on remoteEndPoint: 127.0.0.1:50075 localEndPoint: 127.0.0.1:50074 after 201 ms
TpTrace Verbose: 0 : 992, 13, 2025/02/21, 08:38:57.601, 1166404791297, vstest.console.dll, TcpClientExtensions.MessageLoopAsync: NotifyDataAvailable remoteEndPoint: 127.0.0.1:50075 localEndPoint: 127.0.0.1:50074
TpTrace Verbose: 0 : 992, 13, 2025/02/21, 08:38:57.601, 1166404793471, vstest.console.dll, TestRequestSender.OnExecutionMessageReceived: Received message: {"Version":7,"MessageType":"TestSession.Message","Payload":{"MessageLevel":0,"Message":"[xUnit.net 00:00:00.11]   Discovering: UnitTests"}}
TpTrace Verbose: 0 : 992, 13, 2025/02/21, 08:38:57.601, 1166404795032, vstest.console.dll, TestRunRequest:SendTestRunMessage: Starting.
TpTrace Verbose: 0 : 992, 13, 2025/02/21, 08:38:57.601, 1166404795892, vstest.console.dll, MulticastDelegateUtilities.SafeInvoke: TestRun.LogMessages: Invoking callback 1/1 for Microsoft.VisualStudio.TestPlatform.CommandLine.TestRunResultAggregator., took 0 ms.
TpTrace Information: 0 : 992, 13, 2025/02/21, 08:38:57.601, 1166404796377, vstest.console.dll, TestRunRequest:SendTestRunMessage: Completed.
TpTrace Verbose: 0 : 992, 4, 2025/02/21, 08:38:57.601, 1166404796377, vstest.console.dll, MulticastDelegateUtilities.SafeInvoke: InternalTestLoggerEvents.SendTestRunMessage: Invoking callback 1/1 for Microsoft.VisualStudio.TestPlatform.CommandLine.Internal.ConsoleLogger., took 0 ms.
TpTrace Verbose: 0 : 992, 13, 2025/02/21, 08:38:57.601, 1166404796770, vstest.console.dll, MulticastDelegateUtilities.SafeInvoke: LengthPrefixCommunicationChannel: MessageReceived: Invoking callback 1/1 for Microsoft.VisualStudio.TestPlatform.CommunicationUtilities.TestRequestSender+<>c__DisplayClass34_0., took 0 ms.
TpTrace Verbose: 0 : 992, 13, 2025/02/21, 08:38:57.601, 1166404798647, vstest.console.dll, TcpClientExtensions.MessageLoopAsync: Polling on remoteEndPoint: 127.0.0.1:50075 localEndPoint: 127.0.0.1:50074 after 112 ms
TpTrace Verbose: 0 : 992, 13, 2025/02/21, 08:38:57.645, 1166405234092, vstest.console.dll, TcpClientExtensions.MessageLoopAsync: NotifyDataAvailable remoteEndPoint: 127.0.0.1:50075 localEndPoint: 127.0.0.1:50074
TpTrace Verbose: 0 : 992, 13, 2025/02/21, 08:38:57.645, 1166405236980, vstest.console.dll, TestRequestSender.OnExecutionMessageReceived: Received message: {"Version":7,"MessageType":"TestSession.Message","Payload":{"MessageLevel":0,"Message":"[xUnit.net 00:00:00.16]   Discovered:  UnitTests"}}
TpTrace Verbose: 0 : 992, 13, 2025/02/21, 08:38:57.646, 1166405239561, vstest.console.dll, TestRunRequest:SendTestRunMessage: Starting.
TpTrace Verbose: 0 : 992, 13, 2025/02/21, 08:38:57.646, 1166405240812, vstest.console.dll, MulticastDelegateUtilities.SafeInvoke: TestRun.LogMessages: Invoking callback 1/1 for Microsoft.VisualStudio.TestPlatform.CommandLine.TestRunResultAggregator., took 0 ms.
TpTrace Verbose: 0 : 992, 4, 2025/02/21, 08:38:57.646, 1166405240972, vstest.console.dll, MulticastDelegateUtilities.SafeInvoke: InternalTestLoggerEvents.SendTestRunMessage: Invoking callback 1/1 for Microsoft.VisualStudio.TestPlatform.CommandLine.Internal.ConsoleLogger., took 0 ms.
TpTrace Information: 0 : 992, 13, 2025/02/21, 08:38:57.646, 1166405241648, vstest.console.dll, TestRunRequest:SendTestRunMessage: Completed.
TpTrace Verbose: 0 : 992, 13, 2025/02/21, 08:38:57.646, 1166405243120, vstest.console.dll, MulticastDelegateUtilities.SafeInvoke: LengthPrefixCommunicationChannel: MessageReceived: Invoking callback 1/1 for Microsoft.VisualStudio.TestPlatform.CommunicationUtilities.TestRequestSender+<>c__DisplayClass34_0., took 0 ms.
TpTrace Verbose: 0 : 992, 13, 2025/02/21, 08:38:57.646, 1166405243966, vstest.console.dll, TcpClientExtensions.MessageLoopAsync: Polling on remoteEndPoint: 127.0.0.1:50075 localEndPoint: 127.0.0.1:50074 after 44 ms
TpTrace Verbose: 0 : 992, 13, 2025/02/21, 08:38:57.649, 1166405270484, vstest.console.dll, TcpClientExtensions.MessageLoopAsync: NotifyDataAvailable remoteEndPoint: 127.0.0.1:50075 localEndPoint: 127.0.0.1:50074
TpTrace Verbose: 0 : 992, 13, 2025/02/21, 08:38:57.649, 1166405272029, vstest.console.dll, TestRequestSender.OnExecutionMessageReceived: Received message: {"Version":7,"MessageType":"TestSession.Message","Payload":{"MessageLevel":0,"Message":"[xUnit.net 00:00:00.16]   Starting:    UnitTests"}}
TpTrace Verbose: 0 : 992, 13, 2025/02/21, 08:38:57.649, 1166405273261, vstest.console.dll, TestRunRequest:SendTestRunMessage: Starting.
TpTrace Verbose: 0 : 992, 13, 2025/02/21, 08:38:57.649, 1166405273832, vstest.console.dll, MulticastDelegateUtilities.SafeInvoke: TestRun.LogMessages: Invoking callback 1/1 for Microsoft.VisualStudio.TestPlatform.CommandLine.TestRunResultAggregator., took 0 ms.
TpTrace Information: 0 : 992, 13, 2025/02/21, 08:38:57.649, 1166405274186, vstest.console.dll, TestRunRequest:SendTestRunMessage: Completed.
TpTrace Verbose: 0 : 992, 4, 2025/02/21, 08:38:57.649, 1166405274184, vstest.console.dll, MulticastDelegateUtilities.SafeInvoke: InternalTestLoggerEvents.SendTestRunMessage: Invoking callback 1/1 for Microsoft.VisualStudio.TestPlatform.CommandLine.Internal.ConsoleLogger., took 0 ms.
TpTrace Verbose: 0 : 992, 13, 2025/02/21, 08:38:57.649, 1166405274626, vstest.console.dll, MulticastDelegateUtilities.SafeInvoke: LengthPrefixCommunicationChannel: MessageReceived: Invoking callback 1/1 for Microsoft.VisualStudio.TestPlatform.CommunicationUtilities.TestRequestSender+<>c__DisplayClass34_0., took 0 ms.
TpTrace Verbose: 0 : 992, 13, 2025/02/21, 08:38:57.649, 1166405275763, vstest.console.dll, TcpClientExtensions.MessageLoopAsync: Polling on remoteEndPoint: 127.0.0.1:50075 localEndPoint: 127.0.0.1:50074 after 3 ms
TpTrace Verbose: 0 : 992, 11, 2025/02/21, 08:38:57.722, 1166406008579, vstest.console.dll, TestHostManagerCallbacks.StandardOutputReceivedCallback Test host standard output line: Collection: TestCollection method Add called
TpTrace Verbose: 0 : 992, 11, 2025/02/21, 08:38:57.723, 1166406011634, vstest.console.dll, MulticastDelegateUtilities.SafeInvoke: TestRunMessageLoggerProxy.SendMessage: Invoking callback 1/1 for Microsoft.VisualStudio.TestPlatform.Common.Logging.InternalTestLoggerEvents., took 0 ms.
TpTrace Verbose: 0 : 992, 4, 2025/02/21, 08:38:57.723, 1166406011808, vstest.console.dll, MulticastDelegateUtilities.SafeInvoke: InternalTestLoggerEvents.SendMessage: Invoking callback 1/1 for Microsoft.VisualStudio.TestPlatform.CommandLine.Internal.ConsoleLogger., took 0 ms.
TpTrace Verbose: 0 : 992, 5, 2025/02/21, 08:38:57.724, 1166406022297, vstest.console.dll, TestHostManagerCallbacks.StandardOutputReceivedCallback Test host standard output line: Collection: TestCollection method Remove(person1) called
TpTrace Verbose: 0 : 992, 5, 2025/02/21, 08:38:57.724, 1166406024137, vstest.console.dll, MulticastDelegateUtilities.SafeInvoke: TestRunMessageLoggerProxy.SendMessage: Invoking callback 1/1 for Microsoft.VisualStudio.TestPlatform.Common.Logging.InternalTestLoggerEvents., took 0 ms.
TpTrace Verbose: 0 : 992, 4, 2025/02/21, 08:38:57.724, 1166406024652, vstest.console.dll, MulticastDelegateUtilities.SafeInvoke: InternalTestLoggerEvents.SendMessage: Invoking callback 1/1 for Microsoft.VisualStudio.TestPlatform.CommandLine.Internal.ConsoleLogger., took 0 ms.
TpTrace Verbose: 0 : 992, 5, 2025/02/21, 08:38:57.735, 1166406135848, vstest.console.dll, TestHostManagerCallbacks.StandardOutputReceivedCallback Test host standard output line: Collection: TestCollection method Add called
TpTrace Verbose: 0 : 992, 5, 2025/02/21, 08:38:57.735, 1166406137832, vstest.console.dll, MulticastDelegateUtilities.SafeInvoke: TestRunMessageLoggerProxy.SendMessage: Invoking callback 1/1 for Microsoft.VisualStudio.TestPlatform.Common.Logging.InternalTestLoggerEvents., took 0 ms.
TpTrace Verbose: 0 : 992, 4, 2025/02/21, 08:38:57.735, 1166406138277, vstest.console.dll, MulticastDelegateUtilities.SafeInvoke: InternalTestLoggerEvents.SendMessage: Invoking callback 1/1 for Microsoft.VisualStudio.TestPlatform.CommandLine.Internal.ConsoleLogger., took 0 ms.
TpTrace Verbose: 0 : 992, 5, 2025/02/21, 08:38:57.736, 1166406139740, vstest.console.dll, TestHostManagerCallbacks.StandardOutputReceivedCallback Test host standard output line: Collection: TestCollection method Indexator[person1] called
TpTrace Verbose: 0 : 992, 5, 2025/02/21, 08:38:57.736, 1166406140804, vstest.console.dll, MulticastDelegateUtilities.SafeInvoke: TestRunMessageLoggerProxy.SendMessage: Invoking callback 1/1 for Microsoft.VisualStudio.TestPlatform.Common.Logging.InternalTestLoggerEvents., took 0 ms.
TpTrace Verbose: 0 : 992, 4, 2025/02/21, 08:38:57.736, 1166406141177, vstest.console.dll, MulticastDelegateUtilities.SafeInvoke: InternalTestLoggerEvents.SendMessage: Invoking callback 1/1 for Microsoft.VisualStudio.TestPlatform.CommandLine.Internal.ConsoleLogger., took 0 ms.
TpTrace Verbose: 0 : 992, 5, 2025/02/21, 08:38:57.736, 1166406143658, vstest.console.dll, TestHostManagerCallbacks.StandardOutputReceivedCallback Test host standard output line: Collection: TestCollection method Add called
TpTrace Verbose: 0 : 992, 5, 2025/02/21, 08:38:57.736, 1166406144853, vstest.console.dll, MulticastDelegateUtilities.SafeInvoke: TestRunMessageLoggerProxy.SendMessage: Invoking callback 1/1 for Microsoft.VisualStudio.TestPlatform.Common.Logging.InternalTestLoggerEvents., took 0 ms.
TpTrace Verbose: 0 : 992, 4, 2025/02/21, 08:38:57.736, 1166406145282, vstest.console.dll, MulticastDelegateUtilities.SafeInvoke: InternalTestLoggerEvents.SendMessage: Invoking callback 1/1 for Microsoft.VisualStudio.TestPlatform.CommandLine.Internal.ConsoleLogger., took 0 ms.
TpTrace Verbose: 0 : 992, 5, 2025/02/21, 08:38:57.736, 1166406148405, vstest.console.dll, TestHostManagerCallbacks.StandardOutputReceivedCallback Test host standard output line: Collection: TestCollection method Add called
TpTrace Verbose: 0 : 992, 5, 2025/02/21, 08:38:57.737, 1166406149352, vstest.console.dll, MulticastDelegateUtilities.SafeInvoke: TestRunMessageLoggerProxy.SendMessage: Invoking callback 1/1 for Microsoft.VisualStudio.TestPlatform.Common.Logging.InternalTestLoggerEvents., took 0 ms.
TpTrace Verbose: 0 : 992, 4, 2025/02/21, 08:38:57.737, 1166406149780, vstest.console.dll, MulticastDelegateUtilities.SafeInvoke: InternalTestLoggerEvents.SendMessage: Invoking callback 1/1 for Microsoft.VisualStudio.TestPlatform.CommandLine.Internal.ConsoleLogger., took 0 ms.
TpTrace Verbose: 0 : 992, 5, 2025/02/21, 08:38:57.738, 1166406159506, vstest.console.dll, TestHostManagerCallbacks.StandardOutputReceivedCallback Test host standard output line: Collection: TestCollection method Add called
TpTrace Verbose: 0 : 992, 5, 2025/02/21, 08:38:57.738, 1166406161388, vstest.console.dll, MulticastDelegateUtilities.SafeInvoke: TestRunMessageLoggerProxy.SendMessage: Invoking callback 1/1 for Microsoft.VisualStudio.TestPlatform.Common.Logging.InternalTestLoggerEvents., took 0 ms.
TpTrace Verbose: 0 : 992, 4, 2025/02/21, 08:38:57.738, 1166406161787, vstest.console.dll, MulticastDelegateUtilities.SafeInvoke: InternalTestLoggerEvents.SendMessage: Invoking callback 1/1 for Microsoft.VisualStudio.TestPlatform.CommandLine.Internal.ConsoleLogger., took 0 ms.
TpTrace Verbose: 0 : 992, 5, 2025/02/21, 08:38:57.738, 1166406168512, vstest.console.dll, TestHostManagerCallbacks.StandardOutputReceivedCallback Test host standard output line: Collection: TestCollection method Add called
TpTrace Verbose: 0 : 992, 5, 2025/02/21, 08:38:57.739, 1166406170075, vstest.console.dll, MulticastDelegateUtilities.SafeInvoke: TestRunMessageLoggerProxy.SendMessage: Invoking callback 1/1 for Microsoft.VisualStudio.TestPlatform.Common.Logging.InternalTestLoggerEvents., took 0 ms.
TpTrace Verbose: 0 : 992, 4, 2025/02/21, 08:38:57.739, 1166406170440, vstest.console.dll, MulticastDelegateUtilities.SafeInvoke: InternalTestLoggerEvents.SendMessage: Invoking callback 1/1 for Microsoft.VisualStudio.TestPlatform.CommandLine.Internal.ConsoleLogger., took 0 ms.
TpTrace Verbose: 0 : 992, 5, 2025/02/21, 08:38:57.739, 1166406173356, vstest.console.dll, TestHostManagerCallbacks.StandardOutputReceivedCallback Test host standard output line: Collection: TestCollection method Remove(person1) called
TpTrace Verbose: 0 : 992, 5, 2025/02/21, 08:38:57.739, 1166406174499, vstest.console.dll, MulticastDelegateUtilities.SafeInvoke: TestRunMessageLoggerProxy.SendMessage: Invoking callback 1/1 for Microsoft.VisualStudio.TestPlatform.Common.Logging.InternalTestLoggerEvents., took 0 ms.
TpTrace Verbose: 0 : 992, 4, 2025/02/21, 08:38:57.739, 1166406174866, vstest.console.dll, MulticastDelegateUtilities.SafeInvoke: InternalTestLoggerEvents.SendMessage: Invoking callback 1/1 for Microsoft.VisualStudio.TestPlatform.CommandLine.Internal.ConsoleLogger., took 0 ms.
TpTrace Verbose: 0 : 992, 13, 2025/02/21, 08:38:57.778, 1166406566463, vstest.console.dll, TcpClientExtensions.MessageLoopAsync: NotifyDataAvailable remoteEndPoint: 127.0.0.1:50075 localEndPoint: 127.0.0.1:50074
TpTrace Verbose: 0 : 992, 13, 2025/02/21, 08:38:57.778, 1166406568415, vstest.console.dll, TestRequestSender.OnExecutionMessageReceived: Received message: {"Version":7,"MessageType":"TestSession.Message","Payload":{"MessageLevel":0,"Message":"[xUnit.net 00:00:00.29]   Finished:    UnitTests"}}
TpTrace Verbose: 0 : 992, 13, 2025/02/21, 08:38:57.779, 1166406570217, vstest.console.dll, TestRunRequest:SendTestRunMessage: Starting.
TpTrace Verbose: 0 : 992, 13, 2025/02/21, 08:38:57.779, 1166406571219, vstest.console.dll, MulticastDelegateUtilities.SafeInvoke: TestRun.LogMessages: Invoking callback 1/1 for Microsoft.VisualStudio.TestPlatform.CommandLine.TestRunResultAggregator., took 0 ms.
TpTrace Verbose: 0 : 992, 4, 2025/02/21, 08:38:57.779, 1166406571488, vstest.console.dll, MulticastDelegateUtilities.SafeInvoke: InternalTestLoggerEvents.SendTestRunMessage: Invoking callback 1/1 for Microsoft.VisualStudio.TestPlatform.CommandLine.Internal.ConsoleLogger., took 0 ms.
TpTrace Information: 0 : 992, 13, 2025/02/21, 08:38:57.779, 1166406572537, vstest.console.dll, TestRunRequest:SendTestRunMessage: Completed.
TpTrace Verbose: 0 : 992, 13, 2025/02/21, 08:38:57.779, 1166406573306, vstest.console.dll, MulticastDelegateUtilities.SafeInvoke: LengthPrefixCommunicationChannel: MessageReceived: Invoking callback 1/1 for Microsoft.VisualStudio.TestPlatform.CommunicationUtilities.TestRequestSender+<>c__DisplayClass34_0., took 0 ms.
TpTrace Verbose: 0 : 992, 13, 2025/02/21, 08:38:57.779, 1166406573976, vstest.console.dll, TcpClientExtensions.MessageLoopAsync: Polling on remoteEndPoint: 127.0.0.1:50075 localEndPoint: 127.0.0.1:50074 after 129 ms
TpTrace Verbose: 0 : 992, 13, 2025/02/21, 08:38:57.833, 1166407110242, vstest.console.dll, TcpClientExtensions.MessageLoopAsync: NotifyDataAvailable remoteEndPoint: 127.0.0.1:50075 localEndPoint: 127.0.0.1:50074
TpTrace Verbose: 0 : 992, 13, 2025/02/21, 08:38:57.833, 1166407112624, vstest.console.dll, TestRequestSender.OnExecutionMessageReceived: Received message: {"Version":7,"MessageType":"TestExecution.Completed","Payload":{"TestRunCompleteArgs":{"TestRunStatistics":{"ExecutedTests":5,"Stats":{"Passed":5}},"IsCanceled":false,"IsAborted":false,"Error":null,"AttachmentSets":[],"InvokedDataCollectors":[],"ElapsedTimeInRunningTests":"00:00:00.3091403","Metrics":{},"DiscoveredExtensions":{"TestDiscoverers":["Xunit.Runner.VisualStudio.VsTestRunner, xunit.runner.visualstudio.dotnetcore.testadapter, Version=2.5.0.0, Culture=neutral, PublicKeyToken=null"],"TestExecutors":["executor://xunit/VsTestRunner2/netcoreapp"],"TestExecutors2":[],"TestSettingsProviders":[]}},"LastRunTests":{"NewTestResults":[{"TestCase":{"Id":"e8a19a0a-b8ea-c9ef-b4b4-a5acdd08585d","FullyQualifiedName":"UnitTests.UnitTest.Remove_ShouldTriggerCollectionCountChangedEvent","DisplayName":"UnitTests.UnitTest.Remove_ShouldTriggerCollectionCountChangedEvent","ExecutorUri":"executor://xunit/VsTestRunner2/netcoreapp","Source":"C:\\Users\\Bibub\\Documents\\GitHub\\OOP\\8.LabOOP\\UnitTests\\bin\\Debug\\net8.0\\fine-code-coverage\\build-output\\UnitTests.dll","CodeFilePath":null,"LineNumber":0,"Properties":[]},"Attachments":[],"Outcome":1,"ErrorMessage":null,"ErrorStackTrace":null,"DisplayName":"UnitTests.UnitTest.Remove_ShouldTriggerCollectionCountChangedEvent","Messages":[],"ComputerName":"DESKTOP-JL5R5PS","Duration":"00:00:00.0280296","StartTime":"2025-02-21T03:38:57.7360936+00:00","EndTime":"2025-02-21T03:38:57.7361173+00:00","Properties":[]},{"TestCase":{"Id":"99636b9f-1b8d-4135-e3d7-fce6be975689","FullyQualifiedName":"UnitTests.UnitTest.Indexator_Set_ShouldTriggerCollectionRefChangedEvent","DisplayName":"UnitTests.UnitTest.Indexator_Set_ShouldTriggerCollectionRefChangedEvent","ExecutorUri":"executor://xunit/VsTestRunner2/netcoreapp","Source":"C:\\Users\\Bibub\\Documents\\GitHub\\OOP\\8.LabOOP\\UnitTests\\bin\\Debug\\net8.0\\fine-code-coverage\\build-output\\UnitTests.dll","CodeFilePath":null,"LineNumber":0,"Properties":[]},"Attachments":[],"Outcome":1,"ErrorMessage":null,"ErrorStackTrace":null,"DisplayName":"UnitTests.UnitTest.Indexator_Set_ShouldTriggerCollectionRefChangedEvent","Messages":[],"ComputerName":"DESKTOP-JL5R5PS","Duration":"00:00:00.0011508","StartTime":"2025-02-21T03:38:57.7641345+00:00","EndTime":"2025-02-21T03:38:57.7641347+00:00","Properties":[]},{"TestCase":{"Id":"dde16888-7f00-7814-43a7-5958f5f95807","FullyQualifiedName":"UnitTests.UnitTest.Add_ShouldTriggerCollectionCountChangedEvent","DisplayName":"UnitTests.UnitTest.Add_ShouldTriggerCollectionCountChangedEvent","ExecutorUri":"executor://xunit/VsTestRunner2/netcoreapp","Source":"C:\\Users\\Bibub\\Documents\\GitHub\\OOP\\8.LabOOP\\UnitTests\\bin\\Debug\\net8.0\\fine-code-coverage\\build-output\\UnitTests.dll","CodeFilePath":null,"LineNumber":0,"Properties":[]},"Attachments":[],"Outcome":1,"ErrorMessage":null,"ErrorStackTrace":null,"DisplayName":"UnitTests.UnitTest.Add_ShouldTriggerCollectionCountChangedEvent","Messages":[],"ComputerName":"DESKTOP-JL5R5PS","Duration":"00:00:00.0005612","StartTime":"2025-02-21T03:38:57.7690175+00:00","EndTime":"2025-02-21T03:38:57.7690176+00:00","Properties":[]},{"TestCase":{"Id":"59e702bd-9921-b198-b313-d541ea857f5f","FullyQualifiedName":"UnitTests.UnitTest.AddPair_ShouldTriggerCollectionCountChangedEvent","DisplayName":"UnitTests.UnitTest.AddPair_ShouldTriggerCollectionCountChangedEvent","ExecutorUri":"executor://xunit/VsTestRunner2/netcoreapp","Source":"C:\\Users\\Bibub\\Documents\\GitHub\\OOP\\8.LabOOP\\UnitTests\\bin\\Debug\\net8.0\\fine-code-coverage\\build-output\\UnitTests.dll","CodeFilePath":null,"LineNumber":0,"Properties":[]},"Attachments":[],"Outcome":1,"ErrorMessage":null,"ErrorStackTrace":null,"DisplayName":"UnitTests.UnitTest.AddPair_ShouldTriggerCollectionCountChangedEvent","Messages":[],"ComputerName":"DESKTOP-JL5R5PS","Duration":"00:00:00.0010470","StartTime":"2025-02-21T03:38:57.7719476+00:00","EndTime":"2025-02-21T03:38:57.7719477+00:00","Properties":[]},{"TestCase":{"Id":"c01c6bd8-ff67-372f-d678-65f4f2759e02","FullyQualifiedName":"UnitTests.UnitTest.RemovePair_ShouldTriggerCollectionCountChangedEvent","DisplayName":"UnitTests.UnitTest.RemovePair_ShouldTriggerCollectionCountChangedEvent","ExecutorUri":"executor://xunit/VsTestRunner2/netcoreapp","Source":"C:\\Users\\Bibub\\Documents\\GitHub\\OOP\\8.LabOOP\\UnitTests\\bin\\Debug\\net8.0\\fine-code-coverage\\build-output\\UnitTests.dll","CodeFilePath":null,"LineNumber":0,"Properties":[]},"Attachments":[],"Outcome":1,"ErrorMessage":null,"ErrorStackTrace":null,"DisplayName":"UnitTests.UnitTest.RemovePair_ShouldTriggerCollectionCountChangedEvent","Messages":[],"ComputerName":"DESKTOP-JL5R5PS","Duration":"00:00:00.0012598","StartTime":"2025-02-21T03:38:57.7752991+00:00","EndTime":"2025-02-21T03:38:57.7752992+00:00","Properties":[]}],"TestRunStatistics":{"ExecutedTests":5,"Stats":{"Passed":5}},"ActiveTests":[]},"RunAttachments":[],"ExecutorUris":["executor://xunit/VsTestRunner2/netcoreapp"]}}
TpTrace Verbose: 0 : 992, 13, 2025/02/21, 08:38:57.833, 1166407114103, vstest.console.dll, TestRequestSender.EndSession: Sending end session.
TpTrace Verbose: 0 : 992, 13, 2025/02/21, 08:38:57.833, 1166407115612, vstest.console.dll, ProxyOperationManager.Close: waiting for test host to exit for 100 ms
TpTrace Verbose: 0 : 992, 5, 2025/02/21, 08:38:57.865, 1166407433756, vstest.console.dll, TestHostManagerCallbacks.StandardOutputReceivedCallback Test host standard output line: 
TpTrace Warning: 0 : 992, 9, 2025/02/21, 08:38:57.865, 1166407434213, vstest.console.dll, TestHostManagerCallbacks.ErrorReceivedCallback Test host standard error line: 
TpTrace Verbose: 0 : 992, 9, 2025/02/21, 08:38:57.874, 1166407520497, vstest.console.dll, TestHostProvider.ExitCallBack: Host exited starting callback.
TpTrace Information: 0 : 992, 9, 2025/02/21, 08:38:57.874, 1166407522195, vstest.console.dll, TestHostManagerCallbacks.ExitCallBack: Testhost processId: 9200 exited with exitcode: 0 error: ''
TpTrace Verbose: 0 : 992, 9, 2025/02/21, 08:38:57.874, 1166407522614, vstest.console.dll, DotnetTestHostManager.OnHostExited: invoking OnHostExited callback
TpTrace Verbose: 0 : 992, 9, 2025/02/21, 08:38:57.874, 1166407523123, vstest.console.dll, CrossPlatEngine.TestHostManagerHostExited: calling on client process exit callback.
TpTrace Information: 0 : 992, 9, 2025/02/21, 08:38:57.874, 1166407523636, vstest.console.dll, TestRequestSender.OnClientProcessExit: Test host process exited. Standard error: 
TpTrace Information: 0 : 992, 9, 2025/02/21, 08:38:57.874, 1166407524060, vstest.console.dll, SocketServer.Stop: Stop server endPoint: 127.0.0.1:50074
TpTrace Information: 0 : 992, 9, 2025/02/21, 08:38:57.874, 1166407524334, vstest.console.dll, SocketServer.Stop: Cancellation requested. Stopping message loop.
TpTrace Information: 0 : 992, 13, 2025/02/21, 08:38:57.874, 1166407524417, vstest.console.dll, SocketServer.Stop: Stop server endPoint: 127.0.0.1:50074
TpTrace Verbose: 0 : 992, 9, 2025/02/21, 08:38:57.874, 1166407525321, vstest.console.dll, MulticastDelegateUtilities.SafeInvoke: HostProviderEvents.OnHostExited: Invoking callback 1/1 for Microsoft.VisualStudio.TestPlatform.CrossPlatEngine.Client.ProxyOperationManager., took 0 ms.
TpTrace Information: 0 : 992, 13, 2025/02/21, 08:38:57.874, 1166407525432, vstest.console.dll, SocketServer.Stop: Cancellation requested. Stopping message loop.
TpTrace Information: 0 : 992, 13, 2025/02/21, 08:38:57.874, 1166407526927, vstest.console.dll, Closing the connection
TpTrace Verbose: 0 : 992, 13, 2025/02/21, 08:38:57.875, 1166407530463, vstest.console.dll, ProxyDataCollectionManager.InvokeDataCollectionServiceAction: Starting.
TpTrace Information: 0 : 992, 13, 2025/02/21, 08:38:57.875, 1166407531223, vstest.console.dll, ProxyDataCollectionManager.AfterTestRunEnd: Get attachment set and invoked data collectors processId: 13148 port: 50071
TpTrace Verbose: 0 : 992, 13, 2025/02/21, 08:38:57.875, 1166407531984, vstest.console.dll, DataCollectionRequestSender.SendAfterTestRunStartAndGetResult: Send AfterTestRunEnd message with isCancelled: False
TpTrace Verbose: 0 : 992, 13, 2025/02/21, 08:38:57.882, 1166407601853, vstest.console.dll, DataCollectionRequestSender.SendAfterTestRunStartAndGetResult: Received message: (DataCollection.AfterTestRunEndResult) -> {"MessageType":"DataCollection.AfterTestRunEndResult","Payload":{"AttachmentSets":[],"InvokedDataCollectors":[{"Uri":"datacollector://Microsoft/TestPlatform/Extensions/Blame/v1","FriendlyName":"Blame","AssemblyQualifiedName":"Microsoft.TestPlatform.Extensions.BlameDataCollector.BlameCollector, Microsoft.TestPlatform.Extensions.BlameDataCollector, Version=15.0.0.0, Culture=neutral, PublicKeyToken=b03f5f7f11d50a3a","FilePath":"C:\\Program Files\\dotnet\\sdk\\9.0.200\\Extensions\\Microsoft.TestPlatform.Extensions.BlameDataCollector.dll","HasAttachmentProcessor":false}],"Metrics":{}}}
TpTrace Warning: 0 : 992, 10, 2025/02/21, 08:38:57.886, 1166407644840, vstest.console.dll, DataCollectionLauncher.ErrorReceivedCallback datacollector standard error line: 
TpTrace Information: 0 : 992, 13, 2025/02/21, 08:38:57.890, 1166407682334, vstest.console.dll, ProxyDataCollectionManager.InvokeDataCollectionServiceAction: Completed.
TpTrace Information: 0 : 992, 10, 2025/02/21, 08:38:57.893, 1166407710929, vstest.console.dll, DataCollectionLauncher.ExitCallBack: Data collector exited with exitcode: 0 error: ''
TpTrace Verbose: 0 : 992, 13, 2025/02/21, 08:38:57.961, 1166408396238, vstest.console.dll, TestRunRequest:SendTestRunStatsChange: Starting.
TpTrace Verbose: 0 : 992, 13, 2025/02/21, 08:38:57.962, 1166408399860, vstest.console.dll, MulticastDelegateUtilities.SafeInvoke: TestRun.RunStatsChanged: Invoking callbacks was skipped because there are no subscribers.
TpTrace Information: 0 : 992, 13, 2025/02/21, 08:38:57.962, 1166408400871, vstest.console.dll, TestRunRequest:SendTestRunStatsChange: Completed.
TpTrace Verbose: 0 : 992, 13, 2025/02/21, 08:38:57.962, 1166408405480, vstest.console.dll, ParallelProxyExecutionManager: HandlePartialRunComplete: Total workloads = 1, Total started clients = 1 Total completed clients = 1, Run complete = True, Run canceled: False.
TpTrace Verbose: 0 : 992, 13, 2025/02/21, 08:38:57.962, 1166408407279, vstest.console.dll, ParallelProxyExecutionManager: HandlePartialRunComplete: All runs completed stopping all managers.
TpTrace Verbose: 0 : 992, 13, 2025/02/21, 08:38:57.962, 1166408408276, vstest.console.dll, ParallelOperationManager.StopAllManagers: Stopping all managers.
TpTrace Verbose: 0 : 992, 13, 2025/02/21, 08:38:57.962, 1166408408839, vstest.console.dll, ParallelOperationManager.ClearSlots: Clearing all slots. Slots should accept more work: False
TpTrace Verbose: 0 : 992, 13, 2025/02/21, 08:38:57.963, 1166408409440, vstest.console.dll, ParallelOperationManager.SetOccupiedSlotCount: Setting slot counts AvailableSlotCount = 1, OccupiedSlotCount = 0.
TpTrace Verbose: 0 : 992, 13, 2025/02/21, 08:38:57.963, 1166408409965, vstest.console.dll, Occupied slots:

TpTrace Verbose: 0 : 992, 4, 2025/02/21, 08:38:57.964, 1166408422494, vstest.console.dll, MulticastDelegateUtilities.SafeInvoke: InternalTestLoggerEvents.SendTestResult: Invoking callback 1/1 for Microsoft.VisualStudio.TestPlatform.CommandLine.Internal.ConsoleLogger., took 2 ms.
TpTrace Verbose: 0 : 992, 4, 2025/02/21, 08:38:57.964, 1166408427374, vstest.console.dll, MulticastDelegateUtilities.SafeInvoke: InternalTestLoggerEvents.SendTestResult: Invoking callback 1/1 for Microsoft.VisualStudio.TestPlatform.CommandLine.Internal.ConsoleLogger., took 0 ms.
TpTrace Verbose: 0 : 992, 4, 2025/02/21, 08:38:57.964, 1166408429019, vstest.console.dll, MulticastDelegateUtilities.SafeInvoke: InternalTestLoggerEvents.SendTestResult: Invoking callback 1/1 for Microsoft.VisualStudio.TestPlatform.CommandLine.Internal.ConsoleLogger., took 0 ms.
TpTrace Verbose: 0 : 992, 4, 2025/02/21, 08:38:57.965, 1166408429720, vstest.console.dll, MulticastDelegateUtilities.SafeInvoke: InternalTestLoggerEvents.SendTestResult: Invoking callback 1/1 for Microsoft.VisualStudio.TestPlatform.CommandLine.Internal.ConsoleLogger., took 0 ms.
TpTrace Verbose: 0 : 992, 4, 2025/02/21, 08:38:57.965, 1166408430411, vstest.console.dll, MulticastDelegateUtilities.SafeInvoke: InternalTestLoggerEvents.SendTestResult: Invoking callback 1/1 for Microsoft.VisualStudio.TestPlatform.CommandLine.Internal.ConsoleLogger., took 0 ms.
TpTrace Verbose: 0 : 992, 4, 2025/02/21, 08:38:57.972, 1166408502110, vstest.console.dll, MulticastDelegateUtilities.SafeInvoke: InternalTestLoggerEvents.SendTestRunComplete: Invoking callback 1/2 for Microsoft.TestPlatform.Extensions.BlameDataCollector.BlameLogger., took 0 ms.
TpTrace Verbose: 0 : 992, 4, 2025/02/21, 08:38:57.977, 1166408559131, vstest.console.dll, MulticastDelegateUtilities.SafeInvoke: InternalTestLoggerEvents.SendTestRunComplete: Invoking callback 2/2 for Microsoft.VisualStudio.TestPlatform.CommandLine.Internal.ConsoleLogger., took 5 ms.
TpTrace Verbose: 0 : 992, 13, 2025/02/21, 08:38:57.978, 1166408563008, vstest.console.dll, TestRunRequest:TestRunComplete: Starting. IsAborted:False IsCanceled:False.
TpTrace Verbose: 0 : 992, 13, 2025/02/21, 08:38:57.978, 1166408564881, vstest.console.dll, ParallelOperationManager.DoActionOnAllManagers: Calling an action on all managers.
TpTrace Verbose: 0 : 992, 13, 2025/02/21, 08:38:57.979, 1166408574748, vstest.console.dll, TestLoggerManager.HandleTestRunComplete: Ignoring as the object is disposed.
TpTrace Verbose: 0 : 992, 13, 2025/02/21, 08:38:57.979, 1166408577930, vstest.console.dll, MulticastDelegateUtilities.SafeInvoke: TestRun.TestRunComplete: Invoking callback 1/2 for Microsoft.VisualStudio.TestPlatform.CommandLine.TestRunResultAggregator., took 0 ms.
TpTrace Verbose: 0 : 992, 13, 2025/02/21, 08:38:57.979, 1166408579187, vstest.console.dll, MulticastDelegateUtilities.SafeInvoke: TestRun.TestRunComplete: Invoking callback 2/2 for Microsoft.VisualStudio.TestPlatform.CommandLine.Processors.RunTestsArgumentExecutor+TestRunRequestEventsRegistrar., took 0 ms.
TpTrace Information: 0 : 992, 13, 2025/02/21, 08:38:57.980, 1166408580298, vstest.console.dll, TestRunRequest:TestRunComplete: Completed.
TpTrace Verbose: 0 : 992, 13, 2025/02/21, 08:38:57.980, 1166408580736, vstest.console.dll, TestRequestSender.SetOperationComplete: Setting operation complete.
TpTrace Verbose: 0 : 992, 1, 2025/02/21, 08:38:57.980, 1166408580729, vstest.console.dll, TestRunRequest.Dispose: Starting.
TpTrace Information: 0 : 992, 13, 2025/02/21, 08:38:57.980, 1166408581052, vstest.console.dll, SocketServer.Stop: Stop server endPoint: 127.0.0.1:50074
TpTrace Information: 0 : 992, 1, 2025/02/21, 08:38:57.980, 1166408581812, vstest.console.dll, TestRunRequest.Dispose: Completed.
TpTrace Information: 0 : 992, 13, 2025/02/21, 08:38:57.980, 1166408582197, vstest.console.dll, SocketServer.Stop: Cancellation requested. Stopping message loop.
TpTrace Information: 0 : 992, 1, 2025/02/21, 08:38:57.980, 1166408582904, vstest.console.dll, TestRequestManager.RunTests: run tests completed.
TpTrace Verbose: 0 : 992, 13, 2025/02/21, 08:38:57.980, 1166408583524, vstest.console.dll, MulticastDelegateUtilities.SafeInvoke: LengthPrefixCommunicationChannel: MessageReceived: Invoking callback 1/1 for Microsoft.VisualStudio.TestPlatform.CommunicationUtilities.TestRequestSender+<>c__DisplayClass34_0., took 147 ms.
TpTrace Information: 0 : 992, 1, 2025/02/21, 08:38:57.980, 1166408583873, vstest.console.dll, RunTestsArgumentProcessor:Execute: Test run is completed.
TpTrace Information: 0 : 992, 13, 2025/02/21, 08:38:57.980, 1166408584262, vstest.console.dll, SocketServer.PrivateStop: Stopping server endPoint: 127.0.0.1:50074 error: 
TpTrace Verbose: 0 : 992, 1, 2025/02/21, 08:38:57.980, 1166408586323, vstest.console.dll, Executor.Execute: Exiting with exit code of 0
TpTrace Verbose: 0 : 992, 13, 2025/02/21, 08:38:57.980, 1166408588149, vstest.console.dll, LengthPrefixCommunicationChannel.Dispose: Dispose reader and writer.
TpTrace Information: 0 : 992, 13, 2025/02/21, 08:38:57.980, 1166408588958, vstest.console.dll, SocketServer.Stop: Raise disconnected event endPoint: 127.0.0.1:50074 error: 
TpTrace Verbose: 0 : 992, 13, 2025/02/21, 08:38:57.981, 1166408589696, vstest.console.dll, TestRequestSender: OnTestRunAbort: Operation is already complete. Skip error message.
TpTrace Verbose: 0 : 992, 13, 2025/02/21, 08:38:57.981, 1166408590100, vstest.console.dll, MulticastDelegateUtilities.SafeInvoke: SocketServer: ClientDisconnected: Invoking callback 1/1 for Microsoft.VisualStudio.TestPlatform.CommunicationUtilities.TestRequestSender., took 0 ms.
TpTrace Verbose: 0 : 992, 13, 2025/02/21, 08:38:57.981, 1166408590410, vstest.console.dll, TcpClientExtensions.MessageLoopAsync: exiting MessageLoopAsync remoteEndPoint: 127.0.0.1:50075 localEndPoint: 127.0.0.1:50074
