<?xml version="1.0" encoding="utf-8"?>
<!DOCTYPE coverage SYSTEM "http://cobertura.sourceforge.net/xml/coverage-04.dtd">
<coverage line-rate="0.437308868501529" branch-rate="0.235537190082645" lines-covered="286" lines-valid="654" branches-covered="57" branches-valid="242" complexity="286" version="0" timestamp="1733358966">
  <sources>
    <source>C:\GIT\OOP\5.LabOOP\ClassIerarchyLib\</source>
  </sources>
  <packages>
    <package name="ClassIerarchyLib" line-rate="0.437308868501529" branch-rate="0.235537190082645" complexity="286">
      <classes>
        <class name="ClassIerarchyLib.Admin" filename="C:\GIT\OOP\5.LabOOP\ClassIerarchyLib\ClassIerarchiLib.cs" line-rate="0.580645161290323" branch-rate="0.7" complexity="17">
          <methods>
            <method name="get___HeadOffice__" signature="()" line-rate="1" branch-rate="1" complexity="1">
              <lines>
                <line number="472" hits="2" branch="false" />
                <line number="473" hits="2" branch="false" />
                <line number="474" hits="2" branch="false" />
              </lines>
            </method>
            <method name="set___HeadOffice__" signature="(...)" line-rate="0.666666666666667" branch-rate="0.5" complexity="2">
              <lines>
                <line number="476" hits="8" branch="false" />
                <line number="477" hits="8" branch="true" condition-coverage="50% (1/2)" />
                <line number="478" hits="0" branch="false" />
                <line number="479" hits="0" branch="false" />
                <line number="481" hits="8" branch="false" />
                <line number="482" hits="8" branch="false" />
              </lines>
            </method>
            <method name="Show" signature="()" line-rate="0" branch-rate="1" complexity="1">
              <lines>
                <line number="499" hits="0" branch="false" />
                <line number="500" hits="0" branch="false" />
                <line number="501" hits="0" branch="false" />
                <line number="502" hits="0" branch="false" />
              </lines>
            </method>
            <method name="Init" signature="()" line-rate="0" branch-rate="0" complexity="2">
              <lines>
                <line number="504" hits="0" branch="false" />
                <line number="506" hits="0" branch="false" />
                <line number="508" hits="0" branch="false" />
                <line number="509" hits="0" branch="false" />
                <line number="511" hits="0" branch="false" />
                <line number="512" hits="0" branch="true" condition-coverage="0% (0/2)" />
                <line number="513" hits="0" branch="false" />
                <line number="514" hits="0" branch="false" />
                <line number="515" hits="0" branch="false" />
                <line number="516" hits="0" branch="false" />
                <line number="517" hits="0" branch="false" />
                <line number="518" hits="0" branch="false" />
                <line number="519" hits="0" branch="false" />
                <line number="520" hits="0" branch="false" />
                <line number="521" hits="0" branch="false" />
                <line number="522" hits="0" branch="false" />
                <line number="523" hits="0" branch="false" />
                <line number="524" hits="0" branch="false" />
                <line number="525" hits="0" branch="false" />
                <line number="527" hits="0" branch="false" />
              </lines>
            </method>
            <method name="RandomInit" signature="()" line-rate="1" branch-rate="1" complexity="1">
              <lines>
                <line number="529" hits="8" branch="false" />
                <line number="530" hits="8" branch="false" />
                <line number="531" hits="8" branch="false" />
                <line number="532" hits="8" branch="false" />
                <line number="533" hits="8" branch="false" />
              </lines>
            </method>
            <method name="Equals" signature="(...)" line-rate="1" branch-rate="1" complexity="6">
              <lines>
                <line number="535" hits="3" branch="false" />
                <line number="536" hits="3" branch="true" condition-coverage="100% (2/2)" />
                <line number="537" hits="1" branch="false" />
                <line number="538" hits="1" branch="false" />
                <line number="540" hits="2" branch="false" />
                <line number="541" hits="2" branch="true" condition-coverage="100% (4/4)" />
                <line number="542" hits="2" branch="false" />
                <line number="543" hits="1" branch="false" />
                <line number="544" hits="1" branch="false" />
                <line number="546" hits="2" branch="false" />
                <line number="547" hits="3" branch="false" />
              </lines>
            </method>
            <method name=".ctor" signature="()" line-rate="1" branch-rate="1" complexity="1">
              <lines>
                <line number="485" hits="10" branch="false" />
                <line number="486" hits="10" branch="false" />
                <line number="487" hits="10" branch="false" />
                <line number="488" hits="10" branch="false" />
              </lines>
            </method>
            <method name=".ctor" signature="(...)" line-rate="1" branch-rate="1" complexity="1">
              <lines>
                <line number="489" hits="4" branch="false" />
                <line number="490" hits="4" branch="false" />
                <line number="491" hits="4" branch="false" />
                <line number="492" hits="4" branch="false" />
              </lines>
            </method>
            <method name=".ctor" signature="(...)" line-rate="1" branch-rate="1" complexity="1">
              <lines>
                <line number="493" hits="1" branch="false" />
                <line number="494" hits="1" branch="false" />
                <line number="495" hits="1" branch="false" />
                <line number="496" hits="1" branch="false" />
              </lines>
            </method>
            <method name=".cctor" signature="()" line-rate="1" branch-rate="1" complexity="1">
              <lines>
                <line number="467" hits="1" branch="false" />
              </lines>
            </method>
          </methods>
          <lines>
            <line number="467" hits="1" branch="false" />
            <line number="472" hits="2" branch="false" />
            <line number="473" hits="2" branch="false" />
            <line number="474" hits="2" branch="false" />
            <line number="476" hits="8" branch="false" />
            <line number="477" hits="8" branch="true" condition-coverage="50% (1/2)" />
            <line number="478" hits="0" branch="false" />
            <line number="479" hits="0" branch="false" />
            <line number="481" hits="8" branch="false" />
            <line number="482" hits="8" branch="false" />
            <line number="485" hits="10" branch="false" />
            <line number="486" hits="10" branch="false" />
            <line number="487" hits="10" branch="false" />
            <line number="488" hits="10" branch="false" />
            <line number="489" hits="4" branch="false" />
            <line number="490" hits="4" branch="false" />
            <line number="491" hits="4" branch="false" />
            <line number="492" hits="4" branch="false" />
            <line number="493" hits="1" branch="false" />
            <line number="494" hits="1" branch="false" />
            <line number="495" hits="1" branch="false" />
            <line number="496" hits="1" branch="false" />
            <line number="499" hits="0" branch="false" />
            <line number="500" hits="0" branch="false" />
            <line number="501" hits="0" branch="false" />
            <line number="502" hits="0" branch="false" />
            <line number="504" hits="0" branch="false" />
            <line number="506" hits="0" branch="false" />
            <line number="508" hits="0" branch="false" />
            <line number="509" hits="0" branch="false" />
            <line number="511" hits="0" branch="false" />
            <line number="512" hits="0" branch="true" condition-coverage="0% (0/2)" />
            <line number="513" hits="0" branch="false" />
            <line number="514" hits="0" branch="false" />
            <line number="515" hits="0" branch="false" />
            <line number="516" hits="0" branch="false" />
            <line number="517" hits="0" branch="false" />
            <line number="518" hits="0" branch="false" />
            <line number="519" hits="0" branch="false" />
            <line number="520" hits="0" branch="false" />
            <line number="521" hits="0" branch="false" />
            <line number="522" hits="0" branch="false" />
            <line number="523" hits="0" branch="false" />
            <line number="524" hits="0" branch="false" />
            <line number="525" hits="0" branch="false" />
            <line number="527" hits="0" branch="false" />
            <line number="529" hits="8" branch="false" />
            <line number="530" hits="8" branch="false" />
            <line number="531" hits="8" branch="false" />
            <line number="532" hits="8" branch="false" />
            <line number="533" hits="8" branch="false" />
            <line number="535" hits="3" branch="false" />
            <line number="536" hits="3" branch="true" condition-coverage="100% (2/2)" />
            <line number="537" hits="1" branch="false" />
            <line number="538" hits="1" branch="false" />
            <line number="540" hits="2" branch="false" />
            <line number="541" hits="2" branch="true" condition-coverage="100% (4/4)" />
            <line number="542" hits="2" branch="false" />
            <line number="543" hits="1" branch="false" />
            <line number="544" hits="1" branch="false" />
            <line number="546" hits="2" branch="false" />
            <line number="547" hits="3" branch="false" />
          </lines>
        </class>
        <class name="ClassIerarchyLib.Employee" filename="C:\GIT\OOP\5.LabOOP\ClassIerarchyLib\ClassIerarchiLib.cs" line-rate="0.561904761904762" branch-rate="0.576923076923077" complexity="34">
          <methods>
            <method name="get___Id__" signature="()" line-rate="1" branch-rate="1" complexity="1">
              <lines>
                <line number="241" hits="2" branch="false" />
                <line number="242" hits="2" branch="false" />
                <line number="243" hits="2" branch="false" />
              </lines>
            </method>
            <method name="set___Id__" signature="(...)" line-rate="0.666666666666667" branch-rate="0.5" complexity="2">
              <lines>
                <line number="245" hits="33" branch="false" />
                <line number="246" hits="33" branch="true" condition-coverage="50% (1/2)" />
                <line number="247" hits="0" branch="false" />
                <line number="248" hits="0" branch="false" />
                <line number="250" hits="33" branch="false" />
                <line number="251" hits="33" branch="false" />
              </lines>
            </method>
            <method name="get___Experience__" signature="()" line-rate="1" branch-rate="1" complexity="1">
              <lines>
                <line number="257" hits="2" branch="false" />
                <line number="258" hits="2" branch="false" />
                <line number="259" hits="2" branch="false" />
              </lines>
            </method>
            <method name="set___Experience__" signature="(...)" line-rate="0.666666666666667" branch-rate="0.5" complexity="4">
              <lines>
                <line number="261" hits="45" branch="false" />
                <line number="262" hits="45" branch="true" condition-coverage="50% (2/4)" />
                <line number="263" hits="0" branch="false" />
                <line number="264" hits="0" branch="false" />
                <line number="266" hits="45" branch="false" />
                <line number="267" hits="45" branch="false" />
              </lines>
            </method>
            <method name="get___Salary__" signature="()" line-rate="1" branch-rate="1" complexity="1">
              <lines>
                <line number="273" hits="2" branch="false" />
                <line number="274" hits="2" branch="false" />
                <line number="275" hits="2" branch="false" />
              </lines>
            </method>
            <method name="set___Salary__" signature="(...)" line-rate="0.666666666666667" branch-rate="0.5" complexity="4">
              <lines>
                <line number="277" hits="45" branch="false" />
                <line number="278" hits="45" branch="true" condition-coverage="50% (2/4)" />
                <line number="279" hits="0" branch="false" />
                <line number="280" hits="0" branch="false" />
                <line number="282" hits="45" branch="false" />
                <line number="283" hits="45" branch="false" />
              </lines>
            </method>
            <method name="Show" signature="()" line-rate="0" branch-rate="1" complexity="1">
              <lines>
                <line number="306" hits="0" branch="false" />
                <line number="307" hits="0" branch="false" />
                <line number="308" hits="0" branch="false" />
                <line number="309" hits="0" branch="false" />
                <line number="310" hits="0" branch="false" />
                <line number="311" hits="0" branch="false" />
              </lines>
            </method>
            <method name="Init" signature="()" line-rate="0" branch-rate="0" complexity="6">
              <lines>
                <line number="313" hits="0" branch="false" />
                <line number="315" hits="0" branch="false" />
                <line number="316" hits="0" branch="false" />
                <line number="317" hits="0" branch="false" />
                <line number="319" hits="0" branch="false" />
                <line number="320" hits="0" branch="false" />
                <line number="322" hits="0" branch="false" />
                <line number="323" hits="0" branch="true" condition-coverage="0% (0/2)" />
                <line number="324" hits="0" branch="false" />
                <line number="325" hits="0" branch="false" />
                <line number="327" hits="0" branch="false" />
                <line number="328" hits="0" branch="false" />
                <line number="329" hits="0" branch="false" />
                <line number="330" hits="0" branch="false" />
                <line number="331" hits="0" branch="true" condition-coverage="0% (0/2)" />
                <line number="332" hits="0" branch="false" />
                <line number="333" hits="0" branch="false" />
                <line number="335" hits="0" branch="false" />
                <line number="336" hits="0" branch="false" />
                <line number="337" hits="0" branch="false" />
                <line number="338" hits="0" branch="false" />
                <line number="339" hits="0" branch="true" condition-coverage="0% (0/2)" />
                <line number="340" hits="0" branch="false" />
                <line number="341" hits="0" branch="false" />
                <line number="343" hits="0" branch="false" />
                <line number="344" hits="0" branch="false" />
                <line number="345" hits="0" branch="false" />
                <line number="346" hits="0" branch="false" />
                <line number="347" hits="0" branch="false" />
                <line number="348" hits="0" branch="false" />
                <line number="349" hits="0" branch="false" />
                <line number="350" hits="0" branch="false" />
                <line number="351" hits="0" branch="false" />
                <line number="353" hits="0" branch="false" />
              </lines>
            </method>
            <method name="RandomInit" signature="()" line-rate="1" branch-rate="1" complexity="1">
              <lines>
                <line number="355" hits="33" branch="false" />
                <line number="356" hits="33" branch="false" />
                <line number="357" hits="33" branch="false" />
                <line number="358" hits="33" branch="false" />
                <line number="359" hits="33" branch="false" />
                <line number="360" hits="33" branch="false" />
                <line number="361" hits="33" branch="false" />
              </lines>
            </method>
            <method name="Equals" signature="(...)" line-rate="1" branch-rate="1" complexity="10">
              <lines>
                <line number="363" hits="7" branch="false" />
                <line number="364" hits="7" branch="true" condition-coverage="100% (2/2)" />
                <line number="365" hits="1" branch="false" />
                <line number="366" hits="1" branch="false" />
                <line number="368" hits="6" branch="false" />
                <line number="369" hits="6" branch="true" condition-coverage="100% (8/8)" />
                <line number="370" hits="6" branch="false" />
                <line number="371" hits="6" branch="false" />
                <line number="372" hits="6" branch="false" />
                <line number="373" hits="3" branch="false" />
                <line number="374" hits="3" branch="false" />
                <line number="376" hits="6" branch="false" />
                <line number="377" hits="7" branch="false" />
              </lines>
            </method>
            <method name=".ctor" signature="()" line-rate="1" branch-rate="1" complexity="1">
              <lines>
                <line number="286" hits="39" branch="false" />
                <line number="287" hits="39" branch="false" />
                <line number="288" hits="39" branch="false" />
                <line number="289" hits="39" branch="false" />
                <line number="290" hits="39" branch="false" />
                <line number="291" hits="39" branch="false" />
              </lines>
            </method>
            <method name=".ctor" signature="(...)" line-rate="1" branch-rate="1" complexity="1">
              <lines>
                <line number="292" hits="12" branch="false" />
                <line number="293" hits="12" branch="false" />
                <line number="294" hits="12" branch="false" />
                <line number="295" hits="12" branch="false" />
                <line number="296" hits="12" branch="false" />
                <line number="297" hits="12" branch="false" />
              </lines>
            </method>
            <method name=".ctor" signature="(...)" line-rate="1" branch-rate="1" complexity="1">
              <lines>
                <line number="298" hits="3" branch="false" />
                <line number="299" hits="3" branch="false" />
                <line number="300" hits="3" branch="false" />
                <line number="301" hits="3" branch="false" />
                <line number="302" hits="3" branch="false" />
                <line number="303" hits="3" branch="false" />
              </lines>
            </method>
          </methods>
          <lines>
            <line number="241" hits="2" branch="false" />
            <line number="242" hits="2" branch="false" />
            <line number="243" hits="2" branch="false" />
            <line number="245" hits="33" branch="false" />
            <line number="246" hits="33" branch="true" condition-coverage="50% (1/2)" />
            <line number="247" hits="0" branch="false" />
            <line number="248" hits="0" branch="false" />
            <line number="250" hits="33" branch="false" />
            <line number="251" hits="33" branch="false" />
            <line number="257" hits="2" branch="false" />
            <line number="258" hits="2" branch="false" />
            <line number="259" hits="2" branch="false" />
            <line number="261" hits="45" branch="false" />
            <line number="262" hits="45" branch="true" condition-coverage="50% (2/4)" />
            <line number="263" hits="0" branch="false" />
            <line number="264" hits="0" branch="false" />
            <line number="266" hits="45" branch="false" />
            <line number="267" hits="45" branch="false" />
            <line number="273" hits="2" branch="false" />
            <line number="274" hits="2" branch="false" />
            <line number="275" hits="2" branch="false" />
            <line number="277" hits="45" branch="false" />
            <line number="278" hits="45" branch="true" condition-coverage="50% (2/4)" />
            <line number="279" hits="0" branch="false" />
            <line number="280" hits="0" branch="false" />
            <line number="282" hits="45" branch="false" />
            <line number="283" hits="45" branch="false" />
            <line number="286" hits="39" branch="false" />
            <line number="287" hits="39" branch="false" />
            <line number="288" hits="39" branch="false" />
            <line number="289" hits="39" branch="false" />
            <line number="290" hits="39" branch="false" />
            <line number="291" hits="39" branch="false" />
            <line number="292" hits="12" branch="false" />
            <line number="293" hits="12" branch="false" />
            <line number="294" hits="12" branch="false" />
            <line number="295" hits="12" branch="false" />
            <line number="296" hits="12" branch="false" />
            <line number="297" hits="12" branch="false" />
            <line number="298" hits="3" branch="false" />
            <line number="299" hits="3" branch="false" />
            <line number="300" hits="3" branch="false" />
            <line number="301" hits="3" branch="false" />
            <line number="302" hits="3" branch="false" />
            <line number="303" hits="3" branch="false" />
            <line number="306" hits="0" branch="false" />
            <line number="307" hits="0" branch="false" />
            <line number="308" hits="0" branch="false" />
            <line number="309" hits="0" branch="false" />
            <line number="310" hits="0" branch="false" />
            <line number="311" hits="0" branch="false" />
            <line number="313" hits="0" branch="false" />
            <line number="315" hits="0" branch="false" />
            <line number="316" hits="0" branch="false" />
            <line number="317" hits="0" branch="false" />
            <line number="319" hits="0" branch="false" />
            <line number="320" hits="0" branch="false" />
            <line number="322" hits="0" branch="false" />
            <line number="323" hits="0" branch="true" condition-coverage="0% (0/2)" />
            <line number="324" hits="0" branch="false" />
            <line number="325" hits="0" branch="false" />
            <line number="327" hits="0" branch="false" />
            <line number="328" hits="0" branch="false" />
            <line number="329" hits="0" branch="false" />
            <line number="330" hits="0" branch="false" />
            <line number="331" hits="0" branch="true" condition-coverage="0% (0/2)" />
            <line number="332" hits="0" branch="false" />
            <line number="333" hits="0" branch="false" />
            <line number="335" hits="0" branch="false" />
            <line number="336" hits="0" branch="false" />
            <line number="337" hits="0" branch="false" />
            <line number="338" hits="0" branch="false" />
            <line number="339" hits="0" branch="true" condition-coverage="0% (0/2)" />
            <line number="340" hits="0" branch="false" />
            <line number="341" hits="0" branch="false" />
            <line number="343" hits="0" branch="false" />
            <line number="344" hits="0" branch="false" />
            <line number="345" hits="0" branch="false" />
            <line number="346" hits="0" branch="false" />
            <line number="347" hits="0" branch="false" />
            <line number="348" hits="0" branch="false" />
            <line number="349" hits="0" branch="false" />
            <line number="350" hits="0" branch="false" />
            <line number="351" hits="0" branch="false" />
            <line number="353" hits="0" branch="false" />
            <line number="355" hits="33" branch="false" />
            <line number="356" hits="33" branch="false" />
            <line number="357" hits="33" branch="false" />
            <line number="358" hits="33" branch="false" />
            <line number="359" hits="33" branch="false" />
            <line number="360" hits="33" branch="false" />
            <line number="361" hits="33" branch="false" />
            <line number="363" hits="7" branch="false" />
            <line number="364" hits="7" branch="true" condition-coverage="100% (2/2)" />
            <line number="365" hits="1" branch="false" />
            <line number="366" hits="1" branch="false" />
            <line number="368" hits="6" branch="false" />
            <line number="369" hits="6" branch="true" condition-coverage="100% (8/8)" />
            <line number="370" hits="6" branch="false" />
            <line number="371" hits="6" branch="false" />
            <line number="372" hits="6" branch="false" />
            <line number="373" hits="3" branch="false" />
            <line number="374" hits="3" branch="false" />
            <line number="376" hits="6" branch="false" />
            <line number="377" hits="7" branch="false" />
          </lines>
        </class>
        <class name="ClassIerarchyLib.Engineer" filename="C:\GIT\OOP\5.LabOOP\ClassIerarchyLib\ClassIerarchiLib.cs" line-rate="0.580645161290323" branch-rate="0.7" complexity="17">
          <methods>
            <method name="get___Department__" signature="()" line-rate="1" branch-rate="1" complexity="1">
              <lines>
                <line number="388" hits="3" branch="false" />
                <line number="389" hits="3" branch="false" />
                <line number="390" hits="3" branch="false" />
              </lines>
            </method>
            <method name="set___Department__" signature="(...)" line-rate="0.666666666666667" branch-rate="0.5" complexity="2">
              <lines>
                <line number="392" hits="13" branch="false" />
                <line number="393" hits="13" branch="true" condition-coverage="50% (1/2)" />
                <line number="394" hits="0" branch="false" />
                <line number="395" hits="0" branch="false" />
                <line number="397" hits="13" branch="false" />
                <line number="398" hits="13" branch="false" />
              </lines>
            </method>
            <method name="Show" signature="()" line-rate="0" branch-rate="1" complexity="1">
              <lines>
                <line number="415" hits="0" branch="false" />
                <line number="416" hits="0" branch="false" />
                <line number="417" hits="0" branch="false" />
                <line number="418" hits="0" branch="false" />
              </lines>
            </method>
            <method name="Init" signature="()" line-rate="0" branch-rate="0" complexity="2">
              <lines>
                <line number="420" hits="0" branch="false" />
                <line number="422" hits="0" branch="false" />
                <line number="424" hits="0" branch="false" />
                <line number="425" hits="0" branch="false" />
                <line number="427" hits="0" branch="false" />
                <line number="428" hits="0" branch="true" condition-coverage="0% (0/2)" />
                <line number="429" hits="0" branch="false" />
                <line number="430" hits="0" branch="false" />
                <line number="431" hits="0" branch="false" />
                <line number="432" hits="0" branch="false" />
                <line number="433" hits="0" branch="false" />
                <line number="434" hits="0" branch="false" />
                <line number="435" hits="0" branch="false" />
                <line number="436" hits="0" branch="false" />
                <line number="437" hits="0" branch="false" />
                <line number="438" hits="0" branch="false" />
                <line number="439" hits="0" branch="false" />
                <line number="440" hits="0" branch="false" />
                <line number="441" hits="0" branch="false" />
                <line number="443" hits="0" branch="false" />
              </lines>
            </method>
            <method name="RandomInit" signature="()" line-rate="1" branch-rate="1" complexity="1">
              <lines>
                <line number="445" hits="13" branch="false" />
                <line number="446" hits="13" branch="false" />
                <line number="448" hits="13" branch="false" />
                <line number="449" hits="13" branch="false" />
              </lines>
            </method>
            <method name="Equals" signature="(...)" line-rate="1" branch-rate="1" complexity="6">
              <lines>
                <line number="451" hits="3" branch="false" />
                <line number="452" hits="3" branch="true" condition-coverage="100% (2/2)" />
                <line number="453" hits="1" branch="false" />
                <line number="454" hits="1" branch="false" />
                <line number="456" hits="2" branch="false" />
                <line number="457" hits="2" branch="true" condition-coverage="100% (4/4)" />
                <line number="458" hits="2" branch="false" />
                <line number="459" hits="1" branch="false" />
                <line number="460" hits="1" branch="false" />
                <line number="462" hits="2" branch="false" />
                <line number="463" hits="3" branch="false" />
              </lines>
            </method>
            <method name=".ctor" signature="()" line-rate="0.857142857142857" branch-rate="0.5" complexity="1">
              <lines>
                <line number="383" hits="20" branch="false" />
                <line number="388" hits="3" branch="false" />
                <line number="389" hits="3" branch="false" />
                <line number="390" hits="3" branch="false" />
                <line number="392" hits="13" branch="false" />
                <line number="393" hits="13" branch="true" condition-coverage="50% (1/2)" />
                <line number="394" hits="0" branch="false" />
                <line number="395" hits="0" branch="false" />
                <line number="397" hits="13" branch="false" />
                <line number="398" hits="13" branch="false" />
                <line number="401" hits="15" branch="false" />
                <line number="402" hits="15" branch="false" />
                <line number="403" hits="15" branch="false" />
                <line number="404" hits="15" branch="false" />
              </lines>
            </method>
            <method name=".ctor" signature="(...)" line-rate="1" branch-rate="1" complexity="1">
              <lines>
                <line number="405" hits="4" branch="false" />
                <line number="406" hits="4" branch="false" />
                <line number="407" hits="4" branch="false" />
                <line number="408" hits="4" branch="false" />
              </lines>
            </method>
            <method name=".ctor" signature="(...)" line-rate="1" branch-rate="1" complexity="1">
              <lines>
                <line number="409" hits="1" branch="false" />
                <line number="410" hits="1" branch="false" />
                <line number="411" hits="1" branch="false" />
                <line number="412" hits="1" branch="false" />
              </lines>
            </method>
            <method name=".cctor" signature="()" line-rate="1" branch-rate="1" complexity="1">
              <lines>
                <line number="382" hits="1" branch="false" />
              </lines>
            </method>
          </methods>
          <lines>
            <line number="382" hits="1" branch="false" />
            <line number="383" hits="20" branch="false" />
            <line number="388" hits="3" branch="false" />
            <line number="389" hits="3" branch="false" />
            <line number="390" hits="3" branch="false" />
            <line number="392" hits="13" branch="false" />
            <line number="393" hits="13" branch="true" condition-coverage="50% (1/2)" />
            <line number="394" hits="0" branch="false" />
            <line number="395" hits="0" branch="false" />
            <line number="397" hits="13" branch="false" />
            <line number="398" hits="13" branch="false" />
            <line number="401" hits="15" branch="false" />
            <line number="402" hits="15" branch="false" />
            <line number="403" hits="15" branch="false" />
            <line number="404" hits="15" branch="false" />
            <line number="405" hits="4" branch="false" />
            <line number="406" hits="4" branch="false" />
            <line number="407" hits="4" branch="false" />
            <line number="408" hits="4" branch="false" />
            <line number="409" hits="1" branch="false" />
            <line number="410" hits="1" branch="false" />
            <line number="411" hits="1" branch="false" />
            <line number="412" hits="1" branch="false" />
            <line number="415" hits="0" branch="false" />
            <line number="416" hits="0" branch="false" />
            <line number="417" hits="0" branch="false" />
            <line number="418" hits="0" branch="false" />
            <line number="420" hits="0" branch="false" />
            <line number="422" hits="0" branch="false" />
            <line number="424" hits="0" branch="false" />
            <line number="425" hits="0" branch="false" />
            <line number="427" hits="0" branch="false" />
            <line number="428" hits="0" branch="true" condition-coverage="0% (0/2)" />
            <line number="429" hits="0" branch="false" />
            <line number="430" hits="0" branch="false" />
            <line number="431" hits="0" branch="false" />
            <line number="432" hits="0" branch="false" />
            <line number="433" hits="0" branch="false" />
            <line number="434" hits="0" branch="false" />
            <line number="435" hits="0" branch="false" />
            <line number="436" hits="0" branch="false" />
            <line number="437" hits="0" branch="false" />
            <line number="438" hits="0" branch="false" />
            <line number="439" hits="0" branch="false" />
            <line number="440" hits="0" branch="false" />
            <line number="441" hits="0" branch="false" />
            <line number="443" hits="0" branch="false" />
            <line number="445" hits="13" branch="false" />
            <line number="446" hits="13" branch="false" />
            <line number="448" hits="13" branch="false" />
            <line number="449" hits="13" branch="false" />
            <line number="451" hits="3" branch="false" />
            <line number="452" hits="3" branch="true" condition-coverage="100% (2/2)" />
            <line number="453" hits="1" branch="false" />
            <line number="454" hits="1" branch="false" />
            <line number="456" hits="2" branch="false" />
            <line number="457" hits="2" branch="true" condition-coverage="100% (4/4)" />
            <line number="458" hits="2" branch="false" />
            <line number="459" hits="1" branch="false" />
            <line number="460" hits="1" branch="false" />
            <line number="462" hits="2" branch="false" />
            <line number="463" hits="3" branch="false" />
          </lines>
        </class>
        <class name="ClassIerarchyLib.Link" filename="C:\GIT\OOP\5.LabOOP\ClassIerarchyLib\ClassIerarchiLib.cs" line-rate="0.67741935483871" branch-rate="1" complexity="6">
          <methods>
            <method name="Show" signature="()" line-rate="0" branch-rate="1" complexity="1">
              <lines>
                <line number="30" hits="0" branch="false" />
                <line number="31" hits="0" branch="false" />
                <line number="32" hits="0" branch="false" />
                <line number="33" hits="0" branch="false" />
              </lines>
            </method>
            <method name="Init" signature="()" line-rate="0" branch-rate="1" complexity="1">
              <lines>
                <line number="35" hits="0" branch="false" />
                <line number="36" hits="0" branch="false" />
                <line number="37" hits="0" branch="false" />
                <line number="38" hits="0" branch="false" />
                <line number="39" hits="0" branch="false" />
                <line number="40" hits="0" branch="false" />
              </lines>
            </method>
            <method name="RandomInit" signature="()" line-rate="1" branch-rate="1" complexity="1">
              <lines>
                <line number="42" hits="1" branch="false" />
                <line number="43" hits="1" branch="false" />
                <line number="44" hits="1" branch="false" />
                <line number="45" hits="1" branch="false" />
                <line number="46" hits="1" branch="false" />
              </lines>
            </method>
            <method name=".ctor" signature="()" line-rate="1" branch-rate="1" complexity="1">
              <lines>
                <line number="13" hits="88" branch="false" />
                <line number="14" hits="88" branch="false" />
                <line number="15" hits="88" branch="false" />
                <line number="16" hits="5" branch="false" />
                <line number="17" hits="5" branch="false" />
                <line number="18" hits="5" branch="false" />
                <line number="19" hits="5" branch="false" />
                <line number="20" hits="5" branch="false" />
              </lines>
            </method>
            <method name=".ctor" signature="(...)" line-rate="1" branch-rate="1" complexity="1">
              <lines>
                <line number="21" hits="83" branch="false" />
                <line number="22" hits="83" branch="false" />
                <line number="23" hits="83" branch="false" />
                <line number="24" hits="83" branch="false" />
              </lines>
            </method>
            <method name=".ctor" signature="(...)" line-rate="1" branch-rate="1" complexity="1">
              <lines>
                <line number="25" hits="81" branch="false" />
                <line number="26" hits="81" branch="false" />
                <line number="27" hits="81" branch="false" />
                <line number="28" hits="81" branch="false" />
              </lines>
            </method>
          </methods>
          <lines>
            <line number="13" hits="88" branch="false" />
            <line number="14" hits="88" branch="false" />
            <line number="15" hits="88" branch="false" />
            <line number="16" hits="5" branch="false" />
            <line number="17" hits="5" branch="false" />
            <line number="18" hits="5" branch="false" />
            <line number="19" hits="5" branch="false" />
            <line number="20" hits="5" branch="false" />
            <line number="21" hits="83" branch="false" />
            <line number="22" hits="83" branch="false" />
            <line number="23" hits="83" branch="false" />
            <line number="24" hits="83" branch="false" />
            <line number="25" hits="81" branch="false" />
            <line number="26" hits="81" branch="false" />
            <line number="27" hits="81" branch="false" />
            <line number="28" hits="81" branch="false" />
            <line number="30" hits="0" branch="false" />
            <line number="31" hits="0" branch="false" />
            <line number="32" hits="0" branch="false" />
            <line number="33" hits="0" branch="false" />
            <line number="35" hits="0" branch="false" />
            <line number="36" hits="0" branch="false" />
            <line number="37" hits="0" branch="false" />
            <line number="38" hits="0" branch="false" />
            <line number="39" hits="0" branch="false" />
            <line number="40" hits="0" branch="false" />
            <line number="42" hits="1" branch="false" />
            <line number="43" hits="1" branch="false" />
            <line number="44" hits="1" branch="false" />
            <line number="45" hits="1" branch="false" />
            <line number="46" hits="1" branch="false" />
          </lines>
        </class>
        <class name="ClassIerarchyLib.Person" filename="C:\GIT\OOP\5.LabOOP\ClassIerarchyLib\ClassIerarchiLib.cs" line-rate="0.619047619047619" branch-rate="0.545454545454545" complexity="35">
          <methods>
            <method name="get___Name__" signature="()" line-rate="1" branch-rate="1" complexity="1">
              <lines>
                <line number="61" hits="304" branch="false" />
                <line number="62" hits="304" branch="false" />
                <line number="63" hits="304" branch="false" />
              </lines>
            </method>
            <method name="set___Name__" signature="(...)" line-rate="0.666666666666667" branch-rate="0.5" complexity="2">
              <lines>
                <line number="65" hits="43" branch="false" />
                <line number="66" hits="43" branch="true" condition-coverage="50% (1/2)" />
                <line number="67" hits="0" branch="false" />
                <line number="68" hits="0" branch="false" />
                <line number="70" hits="43" branch="false" />
                <line number="71" hits="43" branch="false" />
              </lines>
            </method>
            <method name="get___Age__" signature="()" line-rate="1" branch-rate="1" complexity="1">
              <lines>
                <line number="77" hits="163" branch="false" />
                <line number="78" hits="163" branch="false" />
                <line number="79" hits="163" branch="false" />
              </lines>
            </method>
            <method name="set___Age__" signature="(...)" line-rate="0.666666666666667" branch-rate="0.5" complexity="4">
              <lines>
                <line number="81" hits="43" branch="false" />
                <line number="82" hits="43" branch="true" condition-coverage="50% (2/4)" />
                <line number="83" hits="0" branch="false" />
                <line number="84" hits="0" branch="false" />
                <line number="86" hits="43" branch="false" />
                <line number="87" hits="43" branch="false" />
              </lines>
            </method>
            <method name="get___Residence__" signature="()" line-rate="1" branch-rate="1" complexity="1">
              <lines>
                <line number="93" hits="21" branch="false" />
                <line number="94" hits="21" branch="false" />
                <line number="95" hits="21" branch="false" />
              </lines>
            </method>
            <method name="set___Residence__" signature="(...)" line-rate="0.666666666666667" branch-rate="0.5" complexity="2">
              <lines>
                <line number="97" hits="43" branch="false" />
                <line number="98" hits="43" branch="true" condition-coverage="50% (1/2)" />
                <line number="99" hits="0" branch="false" />
                <line number="100" hits="0" branch="false" />
                <line number="102" hits="43" branch="false" />
                <line number="103" hits="43" branch="false" />
              </lines>
            </method>
            <method name="Show" signature="()" line-rate="0" branch-rate="1" complexity="1">
              <lines>
                <line number="139" hits="0" branch="false" />
                <line number="140" hits="0" branch="false" />
                <line number="141" hits="0" branch="false" />
                <line number="142" hits="0" branch="false" />
                <line number="143" hits="0" branch="false" />
              </lines>
            </method>
            <method name="Init" signature="()" line-rate="0" branch-rate="0" complexity="6">
              <lines>
                <line number="146" hits="0" branch="false" />
                <line number="148" hits="0" branch="false" />
                <line number="149" hits="0" branch="false" />
                <line number="150" hits="0" branch="false" />
                <line number="152" hits="0" branch="false" />
                <line number="154" hits="0" branch="false" />
                <line number="155" hits="0" branch="true" condition-coverage="0% (0/2)" />
                <line number="156" hits="0" branch="false" />
                <line number="157" hits="0" branch="false" />
                <line number="158" hits="0" branch="false" />
                <line number="159" hits="0" branch="false" />
                <line number="160" hits="0" branch="false" />
                <line number="161" hits="0" branch="false" />
                <line number="162" hits="0" branch="false" />
                <line number="163" hits="0" branch="true" condition-coverage="0% (0/2)" />
                <line number="164" hits="0" branch="false" />
                <line number="165" hits="0" branch="false" />
                <line number="167" hits="0" branch="false" />
                <line number="168" hits="0" branch="false" />
                <line number="169" hits="0" branch="false" />
                <line number="170" hits="0" branch="false" />
                <line number="171" hits="0" branch="true" condition-coverage="0% (0/2)" />
                <line number="172" hits="0" branch="false" />
                <line number="173" hits="0" branch="false" />
                <line number="174" hits="0" branch="false" />
                <line number="175" hits="0" branch="false" />
                <line number="176" hits="0" branch="false" />
                <line number="177" hits="0" branch="false" />
                <line number="178" hits="0" branch="false" />
                <line number="179" hits="0" branch="false" />
                <line number="180" hits="0" branch="false" />
                <line number="181" hits="0" branch="false" />
                <line number="182" hits="0" branch="false" />
                <line number="183" hits="0" branch="false" />
                <line number="184" hits="0" branch="false" />
                <line number="185" hits="0" branch="false" />
                <line number="187" hits="0" branch="false" />
              </lines>
            </method>
            <method name="RandomInit" signature="()" line-rate="1" branch-rate="1" complexity="1">
              <lines>
                <line number="190" hits="43" branch="false" />
                <line number="191" hits="43" branch="false" />
                <line number="192" hits="43" branch="false" />
                <line number="193" hits="43" branch="false" />
                <line number="194" hits="43" branch="false" />
                <line number="195" hits="43" branch="false" />
              </lines>
            </method>
            <method name="Equals" signature="(...)" line-rate="1" branch-rate="1" complexity="8">
              <lines>
                <line number="197" hits="9" branch="false" />
                <line number="198" hits="9" branch="true" condition-coverage="100% (2/2)" />
                <line number="199" hits="1" branch="false" />
                <line number="200" hits="1" branch="false" />
                <line number="202" hits="8" branch="false" />
                <line number="203" hits="8" branch="true" condition-coverage="100% (6/6)" />
                <line number="204" hits="8" branch="false" />
                <line number="205" hits="8" branch="false" />
                <line number="206" hits="4" branch="false" />
                <line number="207" hits="4" branch="false" />
                <line number="209" hits="8" branch="false" />
                <line number="210" hits="9" branch="false" />
              </lines>
            </method>
            <method name="CompareTo" signature="(...)" line-rate="1" branch-rate="1" complexity="1">
              <lines>
                <line number="214" hits="3" branch="false" />
                <line number="222" hits="3" branch="false" />
                <line number="223" hits="3" branch="false" />
              </lines>
            </method>
            <method name="Clone" signature="()" line-rate="1" branch-rate="1" complexity="1">
              <lines>
                <line number="226" hits="1" branch="false" />
                <line number="227" hits="1" branch="false" />
                <line number="228" hits="1" branch="false" />
              </lines>
            </method>
            <method name="ShallowCopy" signature="()" line-rate="1" branch-rate="1" complexity="1">
              <lines>
                <line number="231" hits="1" branch="false" />
                <line number="232" hits="1" branch="false" />
                <line number="233" hits="1" branch="false" />
              </lines>
            </method>
            <method name=".ctor" signature="()" line-rate="1" branch-rate="1" complexity="1">
              <lines>
                <line number="108" hits="52" branch="false" />
                <line number="109" hits="52" branch="false" />
                <line number="110" hits="52" branch="false" />
                <line number="111" hits="52" branch="false" />
                <line number="112" hits="52" branch="false" />
                <line number="113" hits="52" branch="false" />
                <line number="114" hits="52" branch="false" />
              </lines>
            </method>
            <method name=".ctor" signature="(...)" line-rate="1" branch-rate="1" complexity="1">
              <lines>
                <line number="115" hits="26" branch="false" />
                <line number="116" hits="26" branch="false" />
                <line number="117" hits="26" branch="false" />
                <line number="118" hits="26" branch="false" />
                <line number="119" hits="26" branch="false" />
                <line number="120" hits="26" branch="false" />
                <line number="121" hits="26" branch="false" />
              </lines>
            </method>
            <method name=".ctor" signature="(...)" line-rate="1" branch-rate="1" complexity="1">
              <lines>
                <line number="122" hits="2" branch="false" />
                <line number="123" hits="2" branch="false" />
                <line number="124" hits="2" branch="false" />
                <line number="125" hits="2" branch="false" />
                <line number="126" hits="2" branch="false" />
                <line number="127" hits="2" branch="false" />
                <line number="128" hits="2" branch="false" />
              </lines>
            </method>
            <method name=".ctor" signature="(...)" line-rate="1" branch-rate="1" complexity="1">
              <lines>
                <line number="130" hits="4" branch="false" />
                <line number="131" hits="4" branch="false" />
                <line number="132" hits="4" branch="false" />
                <line number="133" hits="4" branch="false" />
                <line number="134" hits="4" branch="false" />
                <line number="135" hits="4" branch="false" />
                <line number="136" hits="4" branch="false" />
              </lines>
            </method>
            <method name=".cctor" signature="()" line-rate="1" branch-rate="1" complexity="1">
              <lines>
                <line number="55" hits="1" branch="false" />
                <line number="56" hits="1" branch="false" />
              </lines>
            </method>
          </methods>
          <lines>
            <line number="55" hits="1" branch="false" />
            <line number="56" hits="1" branch="false" />
            <line number="61" hits="304" branch="false" />
            <line number="62" hits="304" branch="false" />
            <line number="63" hits="304" branch="false" />
            <line number="65" hits="43" branch="false" />
            <line number="66" hits="43" branch="true" condition-coverage="50% (1/2)" />
            <line number="67" hits="0" branch="false" />
            <line number="68" hits="0" branch="false" />
            <line number="70" hits="43" branch="false" />
            <line number="71" hits="43" branch="false" />
            <line number="77" hits="163" branch="false" />
            <line number="78" hits="163" branch="false" />
            <line number="79" hits="163" branch="false" />
            <line number="81" hits="43" branch="false" />
            <line number="82" hits="43" branch="true" condition-coverage="50% (2/4)" />
            <line number="83" hits="0" branch="false" />
            <line number="84" hits="0" branch="false" />
            <line number="86" hits="43" branch="false" />
            <line number="87" hits="43" branch="false" />
            <line number="93" hits="21" branch="false" />
            <line number="94" hits="21" branch="false" />
            <line number="95" hits="21" branch="false" />
            <line number="97" hits="43" branch="false" />
            <line number="98" hits="43" branch="true" condition-coverage="50% (1/2)" />
            <line number="99" hits="0" branch="false" />
            <line number="100" hits="0" branch="false" />
            <line number="102" hits="43" branch="false" />
            <line number="103" hits="43" branch="false" />
            <line number="108" hits="52" branch="false" />
            <line number="109" hits="52" branch="false" />
            <line number="110" hits="52" branch="false" />
            <line number="111" hits="52" branch="false" />
            <line number="112" hits="52" branch="false" />
            <line number="113" hits="52" branch="false" />
            <line number="114" hits="52" branch="false" />
            <line number="115" hits="26" branch="false" />
            <line number="116" hits="26" branch="false" />
            <line number="117" hits="26" branch="false" />
            <line number="118" hits="26" branch="false" />
            <line number="119" hits="26" branch="false" />
            <line number="120" hits="26" branch="false" />
            <line number="121" hits="26" branch="false" />
            <line number="122" hits="2" branch="false" />
            <line number="123" hits="2" branch="false" />
            <line number="124" hits="2" branch="false" />
            <line number="125" hits="2" branch="false" />
            <line number="126" hits="2" branch="false" />
            <line number="127" hits="2" branch="false" />
            <line number="128" hits="2" branch="false" />
            <line number="130" hits="4" branch="false" />
            <line number="131" hits="4" branch="false" />
            <line number="132" hits="4" branch="false" />
            <line number="133" hits="4" branch="false" />
            <line number="134" hits="4" branch="false" />
            <line number="135" hits="4" branch="false" />
            <line number="136" hits="4" branch="false" />
            <line number="139" hits="0" branch="false" />
            <line number="140" hits="0" branch="false" />
            <line number="141" hits="0" branch="false" />
            <line number="142" hits="0" branch="false" />
            <line number="143" hits="0" branch="false" />
            <line number="146" hits="0" branch="false" />
            <line number="148" hits="0" branch="false" />
            <line number="149" hits="0" branch="false" />
            <line number="150" hits="0" branch="false" />
            <line number="152" hits="0" branch="false" />
            <line number="154" hits="0" branch="false" />
            <line number="155" hits="0" branch="true" condition-coverage="0% (0/2)" />
            <line number="156" hits="0" branch="false" />
            <line number="157" hits="0" branch="false" />
            <line number="158" hits="0" branch="false" />
            <line number="159" hits="0" branch="false" />
            <line number="160" hits="0" branch="false" />
            <line number="161" hits="0" branch="false" />
            <line number="162" hits="0" branch="false" />
            <line number="163" hits="0" branch="true" condition-coverage="0% (0/2)" />
            <line number="164" hits="0" branch="false" />
            <line number="165" hits="0" branch="false" />
            <line number="167" hits="0" branch="false" />
            <line number="168" hits="0" branch="false" />
            <line number="169" hits="0" branch="false" />
            <line number="170" hits="0" branch="false" />
            <line number="171" hits="0" branch="true" condition-coverage="0% (0/2)" />
            <line number="172" hits="0" branch="false" />
            <line number="173" hits="0" branch="false" />
            <line number="174" hits="0" branch="false" />
            <line number="175" hits="0" branch="false" />
            <line number="176" hits="0" branch="false" />
            <line number="177" hits="0" branch="false" />
            <line number="178" hits="0" branch="false" />
            <line number="179" hits="0" branch="false" />
            <line number="180" hits="0" branch="false" />
            <line number="181" hits="0" branch="false" />
            <line number="182" hits="0" branch="false" />
            <line number="183" hits="0" branch="false" />
            <line number="184" hits="0" branch="false" />
            <line number="185" hits="0" branch="false" />
            <line number="187" hits="0" branch="false" />
            <line number="190" hits="43" branch="false" />
            <line number="191" hits="43" branch="false" />
            <line number="192" hits="43" branch="false" />
            <line number="193" hits="43" branch="false" />
            <line number="194" hits="43" branch="false" />
            <line number="195" hits="43" branch="false" />
            <line number="197" hits="9" branch="false" />
            <line number="198" hits="9" branch="true" condition-coverage="100% (2/2)" />
            <line number="199" hits="1" branch="false" />
            <line number="200" hits="1" branch="false" />
            <line number="202" hits="8" branch="false" />
            <line number="203" hits="8" branch="true" condition-coverage="100% (6/6)" />
            <line number="204" hits="8" branch="false" />
            <line number="205" hits="8" branch="false" />
            <line number="206" hits="4" branch="false" />
            <line number="207" hits="4" branch="false" />
            <line number="209" hits="8" branch="false" />
            <line number="210" hits="9" branch="false" />
            <line number="214" hits="3" branch="false" />
            <line number="222" hits="3" branch="false" />
            <line number="223" hits="3" branch="false" />
            <line number="226" hits="1" branch="false" />
            <line number="227" hits="1" branch="false" />
            <line number="228" hits="1" branch="false" />
            <line number="231" hits="1" branch="false" />
            <line number="232" hits="1" branch="false" />
            <line number="233" hits="1" branch="false" />
          </lines>
        </class>
        <class name="ClassIerarchyLib.QueryMaker" filename="C:\GIT\OOP\5.LabOOP\ClassIerarchyLib\QueryLib.cs" line-rate="0.190839694656489" branch-rate="0.0919540229885057" complexity="175">
          <methods>
            <method name="InitCompanyArray" signature="()" line-rate="1" branch-rate="1" complexity="10">
              <lines>
                <line number="16" hits="4" branch="false" />
                <line number="17" hits="4" branch="false" />
                <line number="18" hits="88" branch="true" condition-coverage="100% (2/2)" />
                <line number="19" hits="40" branch="false" />
                <line number="20" hits="40" branch="false" />
                <line number="21" hits="40" branch="true" condition-coverage="100% (2/2)" />
                <line number="22" hits="9" branch="false" />
                <line number="23" hits="9" branch="false" />
                <line number="24" hits="9" branch="false" />
                <line number="25" hits="31" branch="true" condition-coverage="100% (2/2)" />
                <line number="26" hits="11" branch="false" />
                <line number="27" hits="11" branch="false" />
                <line number="28" hits="11" branch="false" />
                <line number="29" hits="20" branch="true" condition-coverage="100% (2/2)" />
                <line number="30" hits="12" branch="false" />
                <line number="31" hits="12" branch="false" />
                <line number="32" hits="12" branch="false" />
                <line number="33" hits="8" branch="true" condition-coverage="100% (2/2)" />
                <line number="34" hits="8" branch="false" />
                <line number="35" hits="8" branch="false" />
                <line number="36" hits="8" branch="false" />
                <line number="37" hits="40" branch="false" />
                <line number="38" hits="40" branch="false" />
                <line number="39" hits="4" branch="false" />
              </lines>
            </method>
            <method name="ShowCompanyArray" signature="()" line-rate="0" branch-rate="0" complexity="2">
              <lines>
                <line number="41" hits="0" branch="false" />
                <line number="42" hits="0" branch="true" condition-coverage="0% (0/2)" />
                <line number="43" hits="0" branch="false" />
                <line number="44" hits="0" branch="false" />
                <line number="45" hits="0" branch="false" />
                <line number="46" hits="0" branch="false" />
                <line number="47" hits="0" branch="false" />
              </lines>
            </method>
            <method name="ShowQuantityOfClassObjects" signature="()" line-rate="0" branch-rate="0" complexity="8">
              <lines>
                <line number="51" hits="0" branch="false" />
                <line number="53" hits="0" branch="false" />
                <line number="54" hits="0" branch="false" />
                <line number="55" hits="0" branch="false" />
                <line number="56" hits="0" branch="false" />
                <line number="58" hits="0" branch="true" condition-coverage="0% (0/2)" />
                <line number="59" hits="0" branch="false" />
                <line number="60" hits="0" branch="true" condition-coverage="0% (0/2)" />
                <line number="61" hits="0" branch="false" />
                <line number="62" hits="0" branch="false" />
                <line number="63" hits="0" branch="false" />
                <line number="65" hits="0" branch="true" condition-coverage="0% (0/2)" />
                <line number="66" hits="0" branch="false" />
                <line number="67" hits="0" branch="false" />
                <line number="68" hits="0" branch="false" />
                <line number="70" hits="0" branch="true" condition-coverage="0% (0/2)" />
                <line number="71" hits="0" branch="false" />
                <line number="72" hits="0" branch="false" />
                <line number="73" hits="0" branch="false" />
                <line number="75" hits="0" branch="false" />
                <line number="76" hits="0" branch="false" />
                <line number="77" hits="0" branch="false" />
                <line number="78" hits="0" branch="false" />
                <line number="79" hits="0" branch="false" />
                <line number="80" hits="0" branch="false" />
                <line number="81" hits="0" branch="false" />
                <line number="82" hits="0" branch="false" />
              </lines>
            </method>
            <method name="ShowQuantityOfClassObjects" signature="(...)" line-rate="0" branch-rate="0" complexity="8">
              <lines>
                <line number="84" hits="0" branch="false" />
                <line number="86" hits="0" branch="false" />
                <line number="87" hits="0" branch="false" />
                <line number="88" hits="0" branch="false" />
                <line number="89" hits="0" branch="false" />
                <line number="91" hits="0" branch="true" condition-coverage="0% (0/2)" />
                <line number="92" hits="0" branch="false" />
                <line number="93" hits="0" branch="true" condition-coverage="0% (0/2)" />
                <line number="94" hits="0" branch="false" />
                <line number="95" hits="0" branch="false" />
                <line number="96" hits="0" branch="false" />
                <line number="98" hits="0" branch="true" condition-coverage="0% (0/2)" />
                <line number="99" hits="0" branch="false" />
                <line number="100" hits="0" branch="false" />
                <line number="101" hits="0" branch="false" />
                <line number="103" hits="0" branch="true" condition-coverage="0% (0/2)" />
                <line number="104" hits="0" branch="false" />
                <line number="105" hits="0" branch="false" />
                <line number="106" hits="0" branch="false" />
                <line number="108" hits="0" branch="false" />
                <line number="109" hits="0" branch="false" />
                <line number="110" hits="0" branch="false" />
                <line number="111" hits="0" branch="false" />
                <line number="112" hits="0" branch="false" />
                <line number="113" hits="0" branch="false" />
                <line number="114" hits="0" branch="false" />
                <line number="115" hits="0" branch="false" />
              </lines>
            </method>
            <method name="ShowQuantityOfEngineersOfChosenDepartment" signature="()" line-rate="0" branch-rate="0" complexity="6">
              <lines>
                <line number="119" hits="0" branch="false" />
                <line number="120" hits="0" branch="false" />
                <line number="122" hits="0" branch="false" />
                <line number="123" hits="0" branch="true" condition-coverage="0% (0/2)" />
                <line number="124" hits="0" branch="false" />
                <line number="125" hits="0" branch="false" />
                <line number="126" hits="0" branch="true" condition-coverage="0% (0/2)" />
                <line number="127" hits="0" branch="false" />
                <line number="128" hits="0" branch="true" condition-coverage="0% (0/2)" />
                <line number="129" hits="0" branch="false" />
                <line number="130" hits="0" branch="false" />
                <line number="131" hits="0" branch="false" />
                <line number="132" hits="0" branch="false" />
                <line number="133" hits="0" branch="false" />
                <line number="135" hits="0" branch="false" />
                <line number="136" hits="0" branch="false" />
                <line number="137" hits="0" branch="false" />
                <line number="138" hits="0" branch="false" />
                <line number="139" hits="0" branch="false" />
              </lines>
            </method>
            <method name="ShowQuantityOfEngineersOfChosenDepartment" signature="(...)" line-rate="0" branch-rate="0" complexity="6">
              <lines>
                <line number="141" hits="0" branch="false" />
                <line number="142" hits="0" branch="false" />
                <line number="144" hits="0" branch="false" />
                <line number="145" hits="0" branch="true" condition-coverage="0% (0/2)" />
                <line number="146" hits="0" branch="false" />
                <line number="147" hits="0" branch="false" />
                <line number="148" hits="0" branch="true" condition-coverage="0% (0/2)" />
                <line number="149" hits="0" branch="false" />
                <line number="150" hits="0" branch="true" condition-coverage="0% (0/2)" />
                <line number="151" hits="0" branch="false" />
                <line number="152" hits="0" branch="false" />
                <line number="153" hits="0" branch="false" />
                <line number="154" hits="0" branch="false" />
                <line number="155" hits="0" branch="false" />
                <line number="157" hits="0" branch="false" />
                <line number="158" hits="0" branch="false" />
                <line number="159" hits="0" branch="false" />
                <line number="160" hits="0" branch="false" />
                <line number="161" hits="0" branch="false" />
              </lines>
            </method>
            <method name="CalcTotalSalaryToPayByClassObject" signature="()" line-rate="0" branch-rate="0" complexity="60">
              <lines>
                <line number="166" hits="0" branch="false" />
                <line number="167" hits="0" branch="false" />
                <line number="168" hits="0" branch="false" />
                <line number="169" hits="0" branch="true" condition-coverage="0% (0/2)" />
                <line number="170" hits="0" branch="false" />
                <line number="171" hits="0" branch="true" condition-coverage="0% (0/2)" />
                <line number="172" hits="0" branch="false" />
                <line number="173" hits="0" branch="true" condition-coverage="0% (0/8)" />
                <line number="174" hits="0" branch="false" />
                <line number="175" hits="0" branch="false" />
                <line number="176" hits="0" branch="true" condition-coverage="0% (0/2)" />
                <line number="177" hits="0" branch="true" condition-coverage="0% (0/6)" />
                <line number="178" hits="0" branch="false" />
                <line number="180" hits="0" branch="false" />
                <line number="181" hits="0" branch="false" />
                <line number="182" hits="0" branch="true" condition-coverage="0% (0/2)" />
                <line number="183" hits="0" branch="false" />
                <line number="184" hits="0" branch="true" condition-coverage="0% (0/2)" />
                <line number="185" hits="0" branch="false" />
                <line number="186" hits="0" branch="true" condition-coverage="0% (0/8)" />
                <line number="187" hits="0" branch="false" />
                <line number="188" hits="0" branch="false" />
                <line number="189" hits="0" branch="true" condition-coverage="0% (0/2)" />
                <line number="190" hits="0" branch="true" condition-coverage="0% (0/6)" />
                <line number="191" hits="0" branch="false" />
                <line number="193" hits="0" branch="false" />
                <line number="194" hits="0" branch="false" />
                <line number="195" hits="0" branch="true" condition-coverage="0% (0/2)" />
                <line number="196" hits="0" branch="false" />
                <line number="197" hits="0" branch="true" condition-coverage="0% (0/2)" />
                <line number="198" hits="0" branch="false" />
                <line number="199" hits="0" branch="true" condition-coverage="0% (0/8)" />
                <line number="200" hits="0" branch="false" />
                <line number="201" hits="0" branch="false" />
                <line number="202" hits="0" branch="true" condition-coverage="0% (0/2)" />
                <line number="203" hits="0" branch="true" condition-coverage="0% (0/6)" />
                <line number="204" hits="0" branch="false" />
                <line number="206" hits="0" branch="false" />
                <line number="207" hits="0" branch="false" />
                <line number="208" hits="0" branch="false" />
                <line number="209" hits="0" branch="false" />
                <line number="210" hits="0" branch="false" />
                <line number="211" hits="0" branch="false" />
              </lines>
            </method>
            <method name="CalcTotalSalaryToPayByClassObject" signature="(...)" line-rate="0" branch-rate="0" complexity="60">
              <lines>
                <line number="213" hits="0" branch="false" />
                <line number="214" hits="0" branch="false" />
                <line number="215" hits="0" branch="false" />
                <line number="216" hits="0" branch="true" condition-coverage="0% (0/2)" />
                <line number="217" hits="0" branch="false" />
                <line number="218" hits="0" branch="true" condition-coverage="0% (0/2)" />
                <line number="219" hits="0" branch="false" />
                <line number="220" hits="0" branch="true" condition-coverage="0% (0/8)" />
                <line number="221" hits="0" branch="false" />
                <line number="222" hits="0" branch="false" />
                <line number="223" hits="0" branch="true" condition-coverage="0% (0/2)" />
                <line number="224" hits="0" branch="true" condition-coverage="0% (0/6)" />
                <line number="225" hits="0" branch="false" />
                <line number="227" hits="0" branch="false" />
                <line number="228" hits="0" branch="false" />
                <line number="229" hits="0" branch="true" condition-coverage="0% (0/2)" />
                <line number="230" hits="0" branch="false" />
                <line number="231" hits="0" branch="true" condition-coverage="0% (0/2)" />
                <line number="232" hits="0" branch="false" />
                <line number="233" hits="0" branch="true" condition-coverage="0% (0/8)" />
                <line number="234" hits="0" branch="false" />
                <line number="235" hits="0" branch="false" />
                <line number="236" hits="0" branch="true" condition-coverage="0% (0/2)" />
                <line number="237" hits="0" branch="true" condition-coverage="0% (0/6)" />
                <line number="238" hits="0" branch="false" />
                <line number="240" hits="0" branch="false" />
                <line number="241" hits="0" branch="false" />
                <line number="242" hits="0" branch="true" condition-coverage="0% (0/2)" />
                <line number="243" hits="0" branch="false" />
                <line number="244" hits="0" branch="true" condition-coverage="0% (0/2)" />
                <line number="245" hits="0" branch="false" />
                <line number="246" hits="0" branch="true" condition-coverage="0% (0/8)" />
                <line number="247" hits="0" branch="false" />
                <line number="248" hits="0" branch="false" />
                <line number="249" hits="0" branch="true" condition-coverage="0% (0/2)" />
                <line number="250" hits="0" branch="true" condition-coverage="0% (0/6)" />
                <line number="251" hits="0" branch="false" />
                <line number="253" hits="0" branch="false" />
                <line number="254" hits="0" branch="false" />
                <line number="255" hits="0" branch="false" />
                <line number="256" hits="0" branch="false" />
                <line number="257" hits="0" branch="false" />
                <line number="258" hits="0" branch="false" />
              </lines>
            </method>
            <method name="BinarySearch" signature="(...)" line-rate="1" branch-rate="1" complexity="6">
              <lines>
                <line number="261" hits="4" branch="false" />
                <line number="263" hits="4" branch="false" />
                <line number="264" hits="4" branch="false" />
                <line number="265" hits="10" branch="true" condition-coverage="100% (2/2)" />
                <line number="266" hits="9" branch="false" />
                <line number="267" hits="9" branch="false" />
                <line number="268" hits="9" branch="false" />
                <line number="269" hits="9" branch="false" />
                <line number="270" hits="9" branch="true" condition-coverage="100% (2/2)" />
                <line number="271" hits="3" branch="false" />
                <line number="272" hits="3" branch="false" />
                <line number="273" hits="3" branch="false" />
                <line number="276" hits="6" branch="true" condition-coverage="100% (2/2)" />
                <line number="277" hits="5" branch="false" />
                <line number="278" hits="5" branch="false" />
                <line number="279" hits="5" branch="false" />
                <line number="280" hits="5" branch="false" />
                <line number="283" hits="1" branch="false" />
                <line number="284" hits="1" branch="false" />
                <line number="285" hits="1" branch="false" />
                <line number="286" hits="1" branch="false" />
                <line number="287" hits="6" branch="false" />
                <line number="288" hits="1" branch="false" />
                <line number="289" hits="4" branch="false" />
              </lines>
            </method>
            <method name="ChooseDepartment" signature="()" line-rate="0" branch-rate="0" complexity="4">
              <lines>
                <line number="291" hits="0" branch="false" />
                <line number="292" hits="0" branch="false" />
                <line number="294" hits="0" branch="false" />
                <line number="295" hits="0" branch="false" />
                <line number="296" hits="0" branch="true" condition-coverage="0% (0/2)" />
                <line number="297" hits="0" branch="false" />
                <line number="298" hits="0" branch="false" />
                <line number="299" hits="0" branch="false" />
                <line number="300" hits="0" branch="false" />
                <line number="301" hits="0" branch="false" />
                <line number="302" hits="0" branch="true" condition-coverage="0% (0/2)" />
                <line number="303" hits="0" branch="false" />
                <line number="304" hits="0" branch="false" />
              </lines>
            </method>
            <method name="ChoosePosition" signature="()" line-rate="0" branch-rate="0" complexity="4">
              <lines>
                <line number="306" hits="0" branch="false" />
                <line number="307" hits="0" branch="false" />
                <line number="308" hits="0" branch="false" />
                <line number="310" hits="0" branch="false" />
                <line number="311" hits="0" branch="false" />
                <line number="312" hits="0" branch="true" condition-coverage="0% (0/2)" />
                <line number="313" hits="0" branch="false" />
                <line number="314" hits="0" branch="false" />
                <line number="315" hits="0" branch="false" />
                <line number="316" hits="0" branch="false" />
                <line number="317" hits="0" branch="false" />
                <line number="318" hits="0" branch="true" condition-coverage="0% (0/2)" />
                <line number="319" hits="0" branch="false" />
                <line number="320" hits="0" branch="false" />
              </lines>
            </method>
            <method name=".cctor" signature="()" line-rate="1" branch-rate="1" complexity="1">
              <lines>
                <line number="12" hits="1" branch="false" />
                <line number="13" hits="1" branch="false" />
              </lines>
            </method>
          </methods>
          <lines>
            <line number="12" hits="1" branch="false" />
            <line number="13" hits="1" branch="false" />
            <line number="16" hits="4" branch="false" />
            <line number="17" hits="4" branch="false" />
            <line number="18" hits="88" branch="true" condition-coverage="100% (2/2)" />
            <line number="19" hits="40" branch="false" />
            <line number="20" hits="40" branch="false" />
            <line number="21" hits="40" branch="true" condition-coverage="100% (2/2)" />
            <line number="22" hits="9" branch="false" />
            <line number="23" hits="9" branch="false" />
            <line number="24" hits="9" branch="false" />
            <line number="25" hits="31" branch="true" condition-coverage="100% (2/2)" />
            <line number="26" hits="11" branch="false" />
            <line number="27" hits="11" branch="false" />
            <line number="28" hits="11" branch="false" />
            <line number="29" hits="20" branch="true" condition-coverage="100% (2/2)" />
            <line number="30" hits="12" branch="false" />
            <line number="31" hits="12" branch="false" />
            <line number="32" hits="12" branch="false" />
            <line number="33" hits="8" branch="true" condition-coverage="100% (2/2)" />
            <line number="34" hits="8" branch="false" />
            <line number="35" hits="8" branch="false" />
            <line number="36" hits="8" branch="false" />
            <line number="37" hits="40" branch="false" />
            <line number="38" hits="40" branch="false" />
            <line number="39" hits="4" branch="false" />
            <line number="41" hits="0" branch="false" />
            <line number="42" hits="0" branch="true" condition-coverage="0% (0/2)" />
            <line number="43" hits="0" branch="false" />
            <line number="44" hits="0" branch="false" />
            <line number="45" hits="0" branch="false" />
            <line number="46" hits="0" branch="false" />
            <line number="47" hits="0" branch="false" />
            <line number="51" hits="0" branch="false" />
            <line number="53" hits="0" branch="false" />
            <line number="54" hits="0" branch="false" />
            <line number="55" hits="0" branch="false" />
            <line number="56" hits="0" branch="false" />
            <line number="58" hits="0" branch="true" condition-coverage="0% (0/2)" />
            <line number="59" hits="0" branch="false" />
            <line number="60" hits="0" branch="true" condition-coverage="0% (0/2)" />
            <line number="61" hits="0" branch="false" />
            <line number="62" hits="0" branch="false" />
            <line number="63" hits="0" branch="false" />
            <line number="65" hits="0" branch="true" condition-coverage="0% (0/2)" />
            <line number="66" hits="0" branch="false" />
            <line number="67" hits="0" branch="false" />
            <line number="68" hits="0" branch="false" />
            <line number="70" hits="0" branch="true" condition-coverage="0% (0/2)" />
            <line number="71" hits="0" branch="false" />
            <line number="72" hits="0" branch="false" />
            <line number="73" hits="0" branch="false" />
            <line number="75" hits="0" branch="false" />
            <line number="76" hits="0" branch="false" />
            <line number="77" hits="0" branch="false" />
            <line number="78" hits="0" branch="false" />
            <line number="79" hits="0" branch="false" />
            <line number="80" hits="0" branch="false" />
            <line number="81" hits="0" branch="false" />
            <line number="82" hits="0" branch="false" />
            <line number="84" hits="0" branch="false" />
            <line number="86" hits="0" branch="false" />
            <line number="87" hits="0" branch="false" />
            <line number="88" hits="0" branch="false" />
            <line number="89" hits="0" branch="false" />
            <line number="91" hits="0" branch="true" condition-coverage="0% (0/2)" />
            <line number="92" hits="0" branch="false" />
            <line number="93" hits="0" branch="true" condition-coverage="0% (0/2)" />
            <line number="94" hits="0" branch="false" />
            <line number="95" hits="0" branch="false" />
            <line number="96" hits="0" branch="false" />
            <line number="98" hits="0" branch="true" condition-coverage="0% (0/2)" />
            <line number="99" hits="0" branch="false" />
            <line number="100" hits="0" branch="false" />
            <line number="101" hits="0" branch="false" />
            <line number="103" hits="0" branch="true" condition-coverage="0% (0/2)" />
            <line number="104" hits="0" branch="false" />
            <line number="105" hits="0" branch="false" />
            <line number="106" hits="0" branch="false" />
            <line number="108" hits="0" branch="false" />
            <line number="109" hits="0" branch="false" />
            <line number="110" hits="0" branch="false" />
            <line number="111" hits="0" branch="false" />
            <line number="112" hits="0" branch="false" />
            <line number="113" hits="0" branch="false" />
            <line number="114" hits="0" branch="false" />
            <line number="115" hits="0" branch="false" />
            <line number="119" hits="0" branch="false" />
            <line number="120" hits="0" branch="false" />
            <line number="122" hits="0" branch="false" />
            <line number="123" hits="0" branch="true" condition-coverage="0% (0/2)" />
            <line number="124" hits="0" branch="false" />
            <line number="125" hits="0" branch="false" />
            <line number="126" hits="0" branch="true" condition-coverage="0% (0/2)" />
            <line number="127" hits="0" branch="false" />
            <line number="128" hits="0" branch="true" condition-coverage="0% (0/2)" />
            <line number="129" hits="0" branch="false" />
            <line number="130" hits="0" branch="false" />
            <line number="131" hits="0" branch="false" />
            <line number="132" hits="0" branch="false" />
            <line number="133" hits="0" branch="false" />
            <line number="135" hits="0" branch="false" />
            <line number="136" hits="0" branch="false" />
            <line number="137" hits="0" branch="false" />
            <line number="138" hits="0" branch="false" />
            <line number="139" hits="0" branch="false" />
            <line number="141" hits="0" branch="false" />
            <line number="142" hits="0" branch="false" />
            <line number="144" hits="0" branch="false" />
            <line number="145" hits="0" branch="true" condition-coverage="0% (0/2)" />
            <line number="146" hits="0" branch="false" />
            <line number="147" hits="0" branch="false" />
            <line number="148" hits="0" branch="true" condition-coverage="0% (0/2)" />
            <line number="149" hits="0" branch="false" />
            <line number="150" hits="0" branch="true" condition-coverage="0% (0/2)" />
            <line number="151" hits="0" branch="false" />
            <line number="152" hits="0" branch="false" />
            <line number="153" hits="0" branch="false" />
            <line number="154" hits="0" branch="false" />
            <line number="155" hits="0" branch="false" />
            <line number="157" hits="0" branch="false" />
            <line number="158" hits="0" branch="false" />
            <line number="159" hits="0" branch="false" />
            <line number="160" hits="0" branch="false" />
            <line number="161" hits="0" branch="false" />
            <line number="166" hits="0" branch="false" />
            <line number="167" hits="0" branch="false" />
            <line number="168" hits="0" branch="false" />
            <line number="169" hits="0" branch="true" condition-coverage="0% (0/2)" />
            <line number="170" hits="0" branch="false" />
            <line number="171" hits="0" branch="true" condition-coverage="0% (0/2)" />
            <line number="172" hits="0" branch="false" />
            <line number="173" hits="0" branch="true" condition-coverage="0% (0/8)" />
            <line number="174" hits="0" branch="false" />
            <line number="175" hits="0" branch="false" />
            <line number="176" hits="0" branch="true" condition-coverage="0% (0/2)" />
            <line number="177" hits="0" branch="true" condition-coverage="0% (0/6)" />
            <line number="178" hits="0" branch="false" />
            <line number="180" hits="0" branch="false" />
            <line number="181" hits="0" branch="false" />
            <line number="182" hits="0" branch="true" condition-coverage="0% (0/2)" />
            <line number="183" hits="0" branch="false" />
            <line number="184" hits="0" branch="true" condition-coverage="0% (0/2)" />
            <line number="185" hits="0" branch="false" />
            <line number="186" hits="0" branch="true" condition-coverage="0% (0/8)" />
            <line number="187" hits="0" branch="false" />
            <line number="188" hits="0" branch="false" />
            <line number="189" hits="0" branch="true" condition-coverage="0% (0/2)" />
            <line number="190" hits="0" branch="true" condition-coverage="0% (0/6)" />
            <line number="191" hits="0" branch="false" />
            <line number="193" hits="0" branch="false" />
            <line number="194" hits="0" branch="false" />
            <line number="195" hits="0" branch="true" condition-coverage="0% (0/2)" />
            <line number="196" hits="0" branch="false" />
            <line number="197" hits="0" branch="true" condition-coverage="0% (0/2)" />
            <line number="198" hits="0" branch="false" />
            <line number="199" hits="0" branch="true" condition-coverage="0% (0/8)" />
            <line number="200" hits="0" branch="false" />
            <line number="201" hits="0" branch="false" />
            <line number="202" hits="0" branch="true" condition-coverage="0% (0/2)" />
            <line number="203" hits="0" branch="true" condition-coverage="0% (0/6)" />
            <line number="204" hits="0" branch="false" />
            <line number="206" hits="0" branch="false" />
            <line number="207" hits="0" branch="false" />
            <line number="208" hits="0" branch="false" />
            <line number="209" hits="0" branch="false" />
            <line number="210" hits="0" branch="false" />
            <line number="211" hits="0" branch="false" />
            <line number="213" hits="0" branch="false" />
            <line number="214" hits="0" branch="false" />
            <line number="215" hits="0" branch="false" />
            <line number="216" hits="0" branch="true" condition-coverage="0% (0/2)" />
            <line number="217" hits="0" branch="false" />
            <line number="218" hits="0" branch="true" condition-coverage="0% (0/2)" />
            <line number="219" hits="0" branch="false" />
            <line number="220" hits="0" branch="true" condition-coverage="0% (0/8)" />
            <line number="221" hits="0" branch="false" />
            <line number="222" hits="0" branch="false" />
            <line number="223" hits="0" branch="true" condition-coverage="0% (0/2)" />
            <line number="224" hits="0" branch="true" condition-coverage="0% (0/6)" />
            <line number="225" hits="0" branch="false" />
            <line number="227" hits="0" branch="false" />
            <line number="228" hits="0" branch="false" />
            <line number="229" hits="0" branch="true" condition-coverage="0% (0/2)" />
            <line number="230" hits="0" branch="false" />
            <line number="231" hits="0" branch="true" condition-coverage="0% (0/2)" />
            <line number="232" hits="0" branch="false" />
            <line number="233" hits="0" branch="true" condition-coverage="0% (0/8)" />
            <line number="234" hits="0" branch="false" />
            <line number="235" hits="0" branch="false" />
            <line number="236" hits="0" branch="true" condition-coverage="0% (0/2)" />
            <line number="237" hits="0" branch="true" condition-coverage="0% (0/6)" />
            <line number="238" hits="0" branch="false" />
            <line number="240" hits="0" branch="false" />
            <line number="241" hits="0" branch="false" />
            <line number="242" hits="0" branch="true" condition-coverage="0% (0/2)" />
            <line number="243" hits="0" branch="false" />
            <line number="244" hits="0" branch="true" condition-coverage="0% (0/2)" />
            <line number="245" hits="0" branch="false" />
            <line number="246" hits="0" branch="true" condition-coverage="0% (0/8)" />
            <line number="247" hits="0" branch="false" />
            <line number="248" hits="0" branch="false" />
            <line number="249" hits="0" branch="true" condition-coverage="0% (0/2)" />
            <line number="250" hits="0" branch="true" condition-coverage="0% (0/6)" />
            <line number="251" hits="0" branch="false" />
            <line number="253" hits="0" branch="false" />
            <line number="254" hits="0" branch="false" />
            <line number="255" hits="0" branch="false" />
            <line number="256" hits="0" branch="false" />
            <line number="257" hits="0" branch="false" />
            <line number="258" hits="0" branch="false" />
            <line number="261" hits="4" branch="false" />
            <line number="263" hits="4" branch="false" />
            <line number="264" hits="4" branch="false" />
            <line number="265" hits="10" branch="true" condition-coverage="100% (2/2)" />
            <line number="266" hits="9" branch="false" />
            <line number="267" hits="9" branch="false" />
            <line number="268" hits="9" branch="false" />
            <line number="269" hits="9" branch="false" />
            <line number="270" hits="9" branch="true" condition-coverage="100% (2/2)" />
            <line number="271" hits="3" branch="false" />
            <line number="272" hits="3" branch="false" />
            <line number="273" hits="3" branch="false" />
            <line number="276" hits="6" branch="true" condition-coverage="100% (2/2)" />
            <line number="277" hits="5" branch="false" />
            <line number="278" hits="5" branch="false" />
            <line number="279" hits="5" branch="false" />
            <line number="280" hits="5" branch="false" />
            <line number="283" hits="1" branch="false" />
            <line number="284" hits="1" branch="false" />
            <line number="285" hits="1" branch="false" />
            <line number="286" hits="1" branch="false" />
            <line number="287" hits="6" branch="false" />
            <line number="288" hits="1" branch="false" />
            <line number="289" hits="4" branch="false" />
            <line number="291" hits="0" branch="false" />
            <line number="292" hits="0" branch="false" />
            <line number="294" hits="0" branch="false" />
            <line number="295" hits="0" branch="false" />
            <line number="296" hits="0" branch="true" condition-coverage="0% (0/2)" />
            <line number="297" hits="0" branch="false" />
            <line number="298" hits="0" branch="false" />
            <line number="299" hits="0" branch="false" />
            <line number="300" hits="0" branch="false" />
            <line number="301" hits="0" branch="false" />
            <line number="302" hits="0" branch="true" condition-coverage="0% (0/2)" />
            <line number="303" hits="0" branch="false" />
            <line number="304" hits="0" branch="false" />
            <line number="306" hits="0" branch="false" />
            <line number="307" hits="0" branch="false" />
            <line number="308" hits="0" branch="false" />
            <line number="310" hits="0" branch="false" />
            <line number="311" hits="0" branch="false" />
            <line number="312" hits="0" branch="true" condition-coverage="0% (0/2)" />
            <line number="313" hits="0" branch="false" />
            <line number="314" hits="0" branch="false" />
            <line number="315" hits="0" branch="false" />
            <line number="316" hits="0" branch="false" />
            <line number="317" hits="0" branch="false" />
            <line number="318" hits="0" branch="true" condition-coverage="0% (0/2)" />
            <line number="319" hits="0" branch="false" />
            <line number="320" hits="0" branch="false" />
          </lines>
        </class>
        <class name="ClassIerarchyLib.SortByAge" filename="C:\GIT\OOP\5.LabOOP\ClassIerarchyLib\ClassIerarchiLib.cs" line-rate="1" branch-rate="1" complexity="1">
          <methods>
            <method name="Compare" signature="(...)" line-rate="1" branch-rate="1" complexity="1">
              <lines>
                <line number="554" hits="62" branch="false" />
                <line number="555" hits="62" branch="false" />
                <line number="556" hits="61" branch="false" />
              </lines>
            </method>
          </methods>
          <lines>
            <line number="554" hits="62" branch="false" />
            <line number="555" hits="62" branch="false" />
            <line number="556" hits="61" branch="false" />
          </lines>
        </class>
        <class name="ClassIerarchyLib.SortByName" filename="C:\GIT\OOP\5.LabOOP\ClassIerarchyLib\ClassIerarchiLib.cs" line-rate="1" branch-rate="1" complexity="1">
          <methods>
            <method name="Compare" signature="(...)" line-rate="1" branch-rate="1" complexity="1">
              <lines>
                <line number="562" hits="124" branch="false" />
                <line number="563" hits="124" branch="false" />
                <line number="564" hits="123" branch="false" />
              </lines>
            </method>
          </methods>
          <lines>
            <line number="562" hits="124" branch="false" />
            <line number="563" hits="124" branch="false" />
            <line number="564" hits="123" branch="false" />
          </lines>
        </class>
      </classes>
    </package>
  </packages>
</coverage>