TpTrace Verbose: 0 : 18932, 1, 2025/02/14, 15:17:22.706, 3321028458180, vstest.console.dll, Version: 17.12.0-release-24508-01 Current process architecture: X64
TpTrace Verbose: 0 : 18932, 1, 2025/02/14, 15:17:22.709, 3321028485570, vstest.console.dll, Runtime location: C:\Program Files\dotnet\shared\Microsoft.NETCore.App\9.0.0
TpTrace Verbose: 0 : 18932, 1, 2025/02/14, 15:17:22.712, 3321028517930, vstest.console.dll, ArtifactProcessingPostProcessModeProcessorExecutor.Initialize: ArtifactProcessingMode.Collect
TpTrace Verbose: 0 : 18932, 1, 2025/02/14, 15:17:22.712, 3321028518557, vstest.console.dll, TestSessionCorrelationIdProcessorModeProcessorExecutor.Initialize: TestSessionCorrelationId '292_3bf9a41a-46a2-497e-9aa1-a814d5fd551b'
TpTrace Information: 0 : 18932, 1, 2025/02/14, 15:17:22.718, 3321028570278, vstest.console.dll, FilePatternParser: The given file B:\GIT\C#-OOP-Discrete\OOP\7.LabOOP\UnitTests\bin\Debug\net8.0\fine-code-coverage\build-output\UnitTests.dll is a full path.
TpTrace Verbose: 0 : 18932, 1, 2025/02/14, 15:17:22.727, 3321028664168, vstest.console.dll, TestPluginCache.DiscoverTestExtensions: finding test extensions in assemblies ends with: RuntimeProvider.dll TPluginInfo: Microsoft.VisualStudio.TestPlatform.Common.ExtensionFramework.Utilities.TestRuntimePluginInformation TExtension: Microsoft.VisualStudio.TestPlatform.ObjectModel.Host.ITestRuntimeProvider
TpTrace Verbose: 0 : 18932, 1, 2025/02/14, 15:17:22.727, 3321028666110, vstest.console.dll, TestPluginCache.GetExtensionPaths: Filtered extension paths: 
TpTrace Verbose: 0 : 18932, 1, 2025/02/14, 15:17:22.727, 3321028666542, vstest.console.dll, TestPluginCache.GetExtensionPaths: Added default extension paths: C:\Program Files\dotnet\sdk\9.0.101\Extensions\Microsoft.Diagnostics.NETCore.Client.dll
C:\Program Files\dotnet\sdk\9.0.101\Extensions\Microsoft.TestPlatform.Extensions.BlameDataCollector.dll
C:\Program Files\dotnet\sdk\9.0.101\Extensions\Microsoft.TestPlatform.Extensions.EventLogCollector.dll
C:\Program Files\dotnet\sdk\9.0.101\Extensions\Microsoft.TestPlatform.TestHostRuntimeProvider.dll
C:\Program Files\dotnet\sdk\9.0.101\Extensions\Microsoft.VisualStudio.TestPlatform.Extensions.Html.TestLogger.dll
C:\Program Files\dotnet\sdk\9.0.101\Extensions\Microsoft.VisualStudio.TestPlatform.Extensions.Trx.TestLogger.dll
TpTrace Verbose: 0 : 18932, 1, 2025/02/14, 15:17:22.727, 3321028666761, vstest.console.dll, TestPluginCache.GetExtensionPaths: Added unfilterableExtensionPaths: 
TpTrace Information: 0 : 18932, 1, 2025/02/14, 15:17:22.728, 3321028671755, vstest.console.dll, AssemblyResolver.ctor: Creating AssemblyResolver with searchDirectories C:\Program Files\dotnet\sdk\9.0.101\Extensions,C:\Program Files\dotnet\sdk\9.0.101
TpTrace Verbose: 0 : 18932, 1, 2025/02/14, 15:17:22.730, 3321028689412, vstest.console.dll, TestPluginCache.DiscoverTestExtensions: Discovering the extensions using extension path.
TpTrace Verbose: 0 : 18932, 1, 2025/02/14, 15:17:22.730, 3321028690067, vstest.console.dll, TestPluginCache.GetExtensionPaths: Filtered extension paths: 
TpTrace Verbose: 0 : 18932, 1, 2025/02/14, 15:17:22.730, 3321028690304, vstest.console.dll, TestPluginCache.GetExtensionPaths: Added default extension paths: C:\Program Files\dotnet\sdk\9.0.101\Extensions\Microsoft.Diagnostics.NETCore.Client.dll
C:\Program Files\dotnet\sdk\9.0.101\Extensions\Microsoft.TestPlatform.Extensions.BlameDataCollector.dll
C:\Program Files\dotnet\sdk\9.0.101\Extensions\Microsoft.TestPlatform.Extensions.EventLogCollector.dll
C:\Program Files\dotnet\sdk\9.0.101\Extensions\Microsoft.TestPlatform.TestHostRuntimeProvider.dll
C:\Program Files\dotnet\sdk\9.0.101\Extensions\Microsoft.VisualStudio.TestPlatform.Extensions.Html.TestLogger.dll
C:\Program Files\dotnet\sdk\9.0.101\Extensions\Microsoft.VisualStudio.TestPlatform.Extensions.Trx.TestLogger.dll
TpTrace Verbose: 0 : 18932, 1, 2025/02/14, 15:17:22.730, 3321028690504, vstest.console.dll, TestPluginCache.GetExtensionPaths: Added unfilterableExtensionPaths: 
TpTrace Verbose: 0 : 18932, 1, 2025/02/14, 15:17:22.730, 3321028690787, vstest.console.dll, TestPluginCache.DiscoverTestExtensions: Discovering the extensions using allExtensionPaths: C:\Program Files\dotnet\sdk\9.0.101\Extensions\Microsoft.Diagnostics.NETCore.Client.dll
C:\Program Files\dotnet\sdk\9.0.101\Extensions\Microsoft.TestPlatform.Extensions.BlameDataCollector.dll
C:\Program Files\dotnet\sdk\9.0.101\Extensions\Microsoft.TestPlatform.Extensions.EventLogCollector.dll
C:\Program Files\dotnet\sdk\9.0.101\Extensions\Microsoft.TestPlatform.TestHostRuntimeProvider.dll
C:\Program Files\dotnet\sdk\9.0.101\Extensions\Microsoft.VisualStudio.TestPlatform.Extensions.Html.TestLogger.dll
C:\Program Files\dotnet\sdk\9.0.101\Extensions\Microsoft.VisualStudio.TestPlatform.Extensions.Trx.TestLogger.dll
TpTrace Information: 0 : 18932, 1, 2025/02/14, 15:17:22.730, 3321028691653, vstest.console.dll, AssemblyResolver.AddSearchDirectories: Adding more searchDirectories C:\Program Files\dotnet\sdk\9.0.101\Extensions,C:\Program Files\dotnet\sdk\9.0.101
TpTrace Information: 0 : 18932, 1, 2025/02/14, 15:17:22.730, 3321028692008, vstest.console.dll, AssemblyResolver.AddSearchDirectories: Adding more searchDirectories C:\Program Files\dotnet\sdk\9.0.101\Extensions,C:\Program Files\dotnet\sdk\9.0.101
TpTrace Information: 0 : 18932, 1, 2025/02/14, 15:17:22.730, 3321028692176, vstest.console.dll, AssemblyResolver.AddSearchDirectories: Adding more searchDirectories C:\Program Files\dotnet\sdk\9.0.101\Extensions,C:\Program Files\dotnet\sdk\9.0.101
TpTrace Information: 0 : 18932, 1, 2025/02/14, 15:17:22.730, 3321028692341, vstest.console.dll, AssemblyResolver.AddSearchDirectories: Adding more searchDirectories C:\Program Files\dotnet\sdk\9.0.101\Extensions,C:\Program Files\dotnet\sdk\9.0.101
TpTrace Information: 0 : 18932, 1, 2025/02/14, 15:17:22.730, 3321028692481, vstest.console.dll, AssemblyResolver.AddSearchDirectories: Adding more searchDirectories C:\Program Files\dotnet\sdk\9.0.101\Extensions,C:\Program Files\dotnet\sdk\9.0.101
TpTrace Information: 0 : 18932, 1, 2025/02/14, 15:17:22.730, 3321028692611, vstest.console.dll, AssemblyResolver.AddSearchDirectories: Adding more searchDirectories C:\Program Files\dotnet\sdk\9.0.101\Extensions,C:\Program Files\dotnet\sdk\9.0.101
TpTrace Information: 0 : 18932, 1, 2025/02/14, 15:17:22.730, 3321028695496, vstest.console.dll, AssemblyResolver.OnResolve: Microsoft.Diagnostics.NETCore.Client: Resolving assembly.
TpTrace Information: 0 : 18932, 1, 2025/02/14, 15:17:22.730, 3321028695991, vstest.console.dll, AssemblyResolver.OnResolve: Microsoft.Diagnostics.NETCore.Client: Searching in: 'C:\Program Files\dotnet\sdk\9.0.101\Extensions'.
TpTrace Information: 0 : 18932, 1, 2025/02/14, 15:17:22.750, 3321028898004, vstest.console.dll, AssemblyResolver.OnResolve: Microsoft.Diagnostics.NETCore.Client: Loading assembly 'C:\Program Files\dotnet\sdk\9.0.101\Extensions\Microsoft.Diagnostics.NETCore.Client.dll'.
TpTrace Information: 0 : 18932, 1, 2025/02/14, 15:17:22.753, 3321028922478, vstest.console.dll, AssemblyResolver.OnResolve: Resolved assembly: Microsoft.Diagnostics.NETCore.Client, from path: C:\Program Files\dotnet\sdk\9.0.101\Extensions\Microsoft.Diagnostics.NETCore.Client.dll
TpTrace Verbose: 0 : 18932, 1, 2025/02/14, 15:17:22.753, 3321028928389, vstest.console.dll, MetadataReaderExtensionsHelper: Discovering extensions inside assembly 'Microsoft.Diagnostics.NETCore.Client, Version=0.2.10.41601, Culture=neutral, PublicKeyToken=31bf3856ad364e35' file path 'C:\Program Files\dotnet\sdk\9.0.101\Extensions\Microsoft.Diagnostics.NETCore.Client.dll'
TpTrace Information: 0 : 18932, 1, 2025/02/14, 15:17:22.762, 3321029010010, vstest.console.dll, AssemblyResolver.OnResolve: Microsoft.Bcl.AsyncInterfaces: Resolving assembly.
TpTrace Information: 0 : 18932, 1, 2025/02/14, 15:17:22.762, 3321029010576, vstest.console.dll, AssemblyResolver.OnResolve: Microsoft.Bcl.AsyncInterfaces: Searching in: 'C:\Program Files\dotnet\sdk\9.0.101\Extensions'.
TpTrace Information: 0 : 18932, 1, 2025/02/14, 15:17:22.762, 3321029011098, vstest.console.dll, AssemblyResolver.OnResolve: Microsoft.Bcl.AsyncInterfaces: Assembly path does not exist: 'C:\Program Files\dotnet\sdk\9.0.101\Extensions\Microsoft.Bcl.AsyncInterfaces.dll', returning.
TpTrace Information: 0 : 18932, 1, 2025/02/14, 15:17:22.762, 3321029011807, vstest.console.dll, AssemblyResolver.OnResolve: Microsoft.Bcl.AsyncInterfaces: Assembly path does not exist: 'C:\Program Files\dotnet\sdk\9.0.101\Extensions\Microsoft.Bcl.AsyncInterfaces.exe', returning.
TpTrace Information: 0 : 18932, 1, 2025/02/14, 15:17:22.762, 3321029012026, vstest.console.dll, AssemblyResolver.OnResolve: Microsoft.Bcl.AsyncInterfaces: Searching in: 'C:\Program Files\dotnet\sdk\9.0.101'.
TpTrace Information: 0 : 18932, 1, 2025/02/14, 15:17:22.762, 3321029012427, vstest.console.dll, AssemblyResolver.OnResolve: Microsoft.Bcl.AsyncInterfaces: Assembly path does not exist: 'C:\Program Files\dotnet\sdk\9.0.101\Microsoft.Bcl.AsyncInterfaces.dll', returning.
TpTrace Information: 0 : 18932, 1, 2025/02/14, 15:17:22.762, 3321029012847, vstest.console.dll, AssemblyResolver.OnResolve: Microsoft.Bcl.AsyncInterfaces: Assembly path does not exist: 'C:\Program Files\dotnet\sdk\9.0.101\Microsoft.Bcl.AsyncInterfaces.exe', returning.
TpTrace Information: 0 : 18932, 1, 2025/02/14, 15:17:22.762, 3321029013008, vstest.console.dll, AssemblyResolver.OnResolve: Microsoft.Bcl.AsyncInterfaces: Failed to load assembly.
TpTrace Verbose: 0 : 18932, 1, 2025/02/14, 15:17:22.762, 3321029013185, vstest.console.dll, CurrentDomainAssemblyResolve: Resolving assembly 'Microsoft.Bcl.AsyncInterfaces'.
TpTrace Information: 0 : 18932, 1, 2025/02/14, 15:17:22.762, 3321029013490, vstest.console.dll, AssemblyResolver.OnResolve: Microsoft.Bcl.AsyncInterfaces: Resolving assembly.
TpTrace Information: 0 : 18932, 1, 2025/02/14, 15:17:22.762, 3321029013674, vstest.console.dll, AssemblyResolver.OnResolve: Microsoft.Bcl.AsyncInterfaces: Resolved from cache.
TpTrace Verbose: 0 : 18932, 1, 2025/02/14, 15:17:22.762, 3321029013846, vstest.console.dll, CurrentDomainAssemblyResolve: Resolving assembly 'Microsoft.Bcl.AsyncInterfaces'.
TpTrace Verbose: 0 : 18932, 1, 2025/02/14, 15:17:22.762, 3321029014011, vstest.console.dll, CurrentDomainAssemblyResolve: Failed to resolve assembly 'Microsoft.Bcl.AsyncInterfaces'.
TpTrace Verbose: 0 : 18932, 1, 2025/02/14, 15:17:22.770, 3321029095705, vstest.console.dll, CurrentDomainAssemblyResolve: Failed to resolve assembly 'Microsoft.Bcl.AsyncInterfaces'.
TpTrace Warning: 0 : 18932, 1, 2025/02/14, 15:17:22.795, 3321029344110, vstest.console.dll, TestPluginDiscoverer: Failed to get types from assembly 'Microsoft.Diagnostics.NETCore.Client, Version=0.2.10.41601, Culture=neutral, PublicKeyToken=31bf3856ad364e35'. Error: System.Reflection.ReflectionTypeLoadException: Unable to load one or more of the requested types.
Could not load file or assembly 'Microsoft.Bcl.AsyncInterfaces, Version=6.0.0.0, Culture=neutral, PublicKeyToken=cc7b13ffcd2ddd51'. Не удается найти указанный файл.
   at System.Reflection.RuntimeModule.GetDefinedTypes()
   at System.Reflection.RuntimeModule.GetTypes()
   at Microsoft.VisualStudio.TestPlatform.Common.ExtensionFramework.TestPluginDiscoverer.GetTestExtensionsFromAssembly[TPluginInfo,TExtension](Assembly assembly, Dictionary`2 pluginInfos, String filePath) in /_/src/Microsoft.TestPlatform.Common/ExtensionFramework/TestPluginDiscoverer.cs:line 159
System.IO.FileNotFoundException: Could not load file or assembly 'Microsoft.Bcl.AsyncInterfaces, Version=6.0.0.0, Culture=neutral, PublicKeyToken=cc7b13ffcd2ddd51'. Не удается найти указанный файл.
File name: 'Microsoft.Bcl.AsyncInterfaces, Version=6.0.0.0, Culture=neutral, PublicKeyToken=cc7b13ffcd2ddd51'
 ---> System.IO.FileNotFoundException: Could not load file or assembly 'Microsoft.Bcl.AsyncInterfaces, Culture=neutral, PublicKeyToken=null'. Не удается найти указанный файл.
File name: 'Microsoft.Bcl.AsyncInterfaces, Culture=neutral, PublicKeyToken=null'
   at System.Reflection.RuntimeAssembly.InternalLoad(AssemblyName assemblyName, StackCrawlMark& stackMark, AssemblyLoadContext assemblyLoadContext, RuntimeAssembly requestingAssembly, Boolean throwOnFileNotFound)
   at System.Reflection.Assembly.Load(AssemblyName assemblyRef)
   at Microsoft.VisualStudio.TestPlatform.Common.ExtensionFramework.TestPluginCache.CurrentDomainAssemblyResolve(Object sender, AssemblyResolveEventArgs args) in /_/src/Microsoft.TestPlatform.Common/ExtensionFramework/TestPluginCache.cs:line 514
   at System.Runtime.Loader.AssemblyLoadContext.GetFirstResolvedAssemblyFromResolvingEvent(AssemblyName assemblyName)
   at System.Runtime.Loader.AssemblyLoadContext.ResolveUsingEvent(AssemblyName assemblyName)
   at System.Runtime.Loader.AssemblyLoadContext.ResolveUsingResolvingEvent(IntPtr gchManagedAssemblyLoadContext, AssemblyName assemblyName)
TpTrace Warning: 0 : 18932, 1, 2025/02/14, 15:17:22.795, 3321029346154, vstest.console.dll, LoaderExceptions: System.IO.FileNotFoundException: Could not load file or assembly 'Microsoft.Bcl.AsyncInterfaces, Version=6.0.0.0, Culture=neutral, PublicKeyToken=cc7b13ffcd2ddd51'. Не удается найти указанный файл.
File name: 'Microsoft.Bcl.AsyncInterfaces, Version=6.0.0.0, Culture=neutral, PublicKeyToken=cc7b13ffcd2ddd51'
 ---> System.IO.FileNotFoundException: Could not load file or assembly 'Microsoft.Bcl.AsyncInterfaces, Culture=neutral, PublicKeyToken=null'. Не удается найти указанный файл.
File name: 'Microsoft.Bcl.AsyncInterfaces, Culture=neutral, PublicKeyToken=null'
   at System.Reflection.RuntimeAssembly.InternalLoad(AssemblyName assemblyName, StackCrawlMark& stackMark, AssemblyLoadContext assemblyLoadContext, RuntimeAssembly requestingAssembly, Boolean throwOnFileNotFound)
   at System.Reflection.Assembly.Load(AssemblyName assemblyRef)
   at Microsoft.VisualStudio.TestPlatform.Common.ExtensionFramework.TestPluginCache.CurrentDomainAssemblyResolve(Object sender, AssemblyResolveEventArgs args) in /_/src/Microsoft.TestPlatform.Common/ExtensionFramework/TestPluginCache.cs:line 514
   at System.Runtime.Loader.AssemblyLoadContext.GetFirstResolvedAssemblyFromResolvingEvent(AssemblyName assemblyName)
   at System.Runtime.Loader.AssemblyLoadContext.ResolveUsingEvent(AssemblyName assemblyName)
   at System.Runtime.Loader.AssemblyLoadContext.ResolveUsingResolvingEvent(IntPtr gchManagedAssemblyLoadContext, AssemblyName assemblyName)
TpTrace Information: 0 : 18932, 1, 2025/02/14, 15:17:22.795, 3321029346961, vstest.console.dll, AssemblyResolver.OnResolve: Microsoft.TestPlatform.Extensions.BlameDataCollector: Resolving assembly.
TpTrace Information: 0 : 18932, 1, 2025/02/14, 15:17:22.795, 3321029347269, vstest.console.dll, AssemblyResolver.OnResolve: Microsoft.TestPlatform.Extensions.BlameDataCollector: Searching in: 'C:\Program Files\dotnet\sdk\9.0.101\Extensions'.
TpTrace Information: 0 : 18932, 1, 2025/02/14, 15:17:22.797, 3321029366720, vstest.console.dll, AssemblyResolver.OnResolve: Microsoft.TestPlatform.Extensions.BlameDataCollector: Loading assembly 'C:\Program Files\dotnet\sdk\9.0.101\Extensions\Microsoft.TestPlatform.Extensions.BlameDataCollector.dll'.
TpTrace Information: 0 : 18932, 1, 2025/02/14, 15:17:22.799, 3321029381231, vstest.console.dll, AssemblyResolver.OnResolve: Resolved assembly: Microsoft.TestPlatform.Extensions.BlameDataCollector, from path: C:\Program Files\dotnet\sdk\9.0.101\Extensions\Microsoft.TestPlatform.Extensions.BlameDataCollector.dll
TpTrace Verbose: 0 : 18932, 1, 2025/02/14, 15:17:22.799, 3321029381738, vstest.console.dll, MetadataReaderExtensionsHelper: Discovering extensions inside assembly 'Microsoft.TestPlatform.Extensions.BlameDataCollector, Version=15.0.0.0, Culture=neutral, PublicKeyToken=b03f5f7f11d50a3a' file path 'C:\Program Files\dotnet\sdk\9.0.101\Extensions\Microsoft.TestPlatform.Extensions.BlameDataCollector.dll'
TpTrace Information: 0 : 18932, 1, 2025/02/14, 15:17:22.800, 3321029398762, vstest.console.dll, AssemblyResolver.OnResolve: Microsoft.TestPlatform.Extensions.EventLogCollector: Resolving assembly.
TpTrace Information: 0 : 18932, 1, 2025/02/14, 15:17:22.800, 3321029399153, vstest.console.dll, AssemblyResolver.OnResolve: Microsoft.TestPlatform.Extensions.EventLogCollector: Searching in: 'C:\Program Files\dotnet\sdk\9.0.101\Extensions'.
TpTrace Information: 0 : 18932, 1, 2025/02/14, 15:17:22.801, 3321029407127, vstest.console.dll, AssemblyResolver.OnResolve: Microsoft.TestPlatform.Extensions.EventLogCollector: Loading assembly 'C:\Program Files\dotnet\sdk\9.0.101\Extensions\Microsoft.TestPlatform.Extensions.EventLogCollector.dll'.
TpTrace Information: 0 : 18932, 1, 2025/02/14, 15:17:22.802, 3321029414246, vstest.console.dll, AssemblyResolver.OnResolve: Resolved assembly: Microsoft.TestPlatform.Extensions.EventLogCollector, from path: C:\Program Files\dotnet\sdk\9.0.101\Extensions\Microsoft.TestPlatform.Extensions.EventLogCollector.dll
TpTrace Verbose: 0 : 18932, 1, 2025/02/14, 15:17:22.802, 3321029414725, vstest.console.dll, MetadataReaderExtensionsHelper: Discovering extensions inside assembly 'Microsoft.TestPlatform.Extensions.EventLogCollector, Version=15.0.0.0, Culture=neutral, PublicKeyToken=b03f5f7f11d50a3a' file path 'C:\Program Files\dotnet\sdk\9.0.101\Extensions\Microsoft.TestPlatform.Extensions.EventLogCollector.dll'
TpTrace Information: 0 : 18932, 1, 2025/02/14, 15:17:22.804, 3321029438822, vstest.console.dll, AssemblyResolver.OnResolve: Microsoft.TestPlatform.TestHostRuntimeProvider: Resolving assembly.
TpTrace Information: 0 : 18932, 1, 2025/02/14, 15:17:22.804, 3321029439208, vstest.console.dll, AssemblyResolver.OnResolve: Microsoft.TestPlatform.TestHostRuntimeProvider: Searching in: 'C:\Program Files\dotnet\sdk\9.0.101\Extensions'.
TpTrace Information: 0 : 18932, 1, 2025/02/14, 15:17:22.806, 3321029450610, vstest.console.dll, AssemblyResolver.OnResolve: Microsoft.TestPlatform.TestHostRuntimeProvider: Loading assembly 'C:\Program Files\dotnet\sdk\9.0.101\Extensions\Microsoft.TestPlatform.TestHostRuntimeProvider.dll'.
TpTrace Information: 0 : 18932, 1, 2025/02/14, 15:17:22.806, 3321029459171, vstest.console.dll, AssemblyResolver.OnResolve: Resolved assembly: Microsoft.TestPlatform.TestHostRuntimeProvider, from path: C:\Program Files\dotnet\sdk\9.0.101\Extensions\Microsoft.TestPlatform.TestHostRuntimeProvider.dll
TpTrace Verbose: 0 : 18932, 1, 2025/02/14, 15:17:22.807, 3321029459583, vstest.console.dll, MetadataReaderExtensionsHelper: Discovering extensions inside assembly 'Microsoft.TestPlatform.TestHostRuntimeProvider, Version=15.0.0.0, Culture=neutral, PublicKeyToken=b03f5f7f11d50a3a' file path 'C:\Program Files\dotnet\sdk\9.0.101\Extensions\Microsoft.TestPlatform.TestHostRuntimeProvider.dll'
TpTrace Information: 0 : 18932, 1, 2025/02/14, 15:17:22.808, 3321029473520, vstest.console.dll, GetTestExtensionFromType: Register extension with identifier data 'HostProvider://DefaultTestHost' and type 'Microsoft.VisualStudio.TestPlatform.CrossPlatEngine.Hosting.DefaultTestHostManager, Microsoft.TestPlatform.TestHostRuntimeProvider, Version=15.0.0.0, Culture=neutral, PublicKeyToken=b03f5f7f11d50a3a' inside file 'C:\Program Files\dotnet\sdk\9.0.101\Extensions\Microsoft.TestPlatform.TestHostRuntimeProvider.dll'
TpTrace Information: 0 : 18932, 1, 2025/02/14, 15:17:22.808, 3321029475106, vstest.console.dll, GetTestExtensionFromType: Register extension with identifier data 'HostProvider://DotnetTestHost' and type 'Microsoft.VisualStudio.TestPlatform.CrossPlatEngine.Hosting.DotnetTestHostManager, Microsoft.TestPlatform.TestHostRuntimeProvider, Version=15.0.0.0, Culture=neutral, PublicKeyToken=b03f5f7f11d50a3a' inside file 'C:\Program Files\dotnet\sdk\9.0.101\Extensions\Microsoft.TestPlatform.TestHostRuntimeProvider.dll'
TpTrace Information: 0 : 18932, 1, 2025/02/14, 15:17:22.808, 3321029475542, vstest.console.dll, AssemblyResolver.OnResolve: Microsoft.VisualStudio.TestPlatform.Extensions.Html.TestLogger: Resolving assembly.
TpTrace Information: 0 : 18932, 1, 2025/02/14, 15:17:22.808, 3321029475766, vstest.console.dll, AssemblyResolver.OnResolve: Microsoft.VisualStudio.TestPlatform.Extensions.Html.TestLogger: Searching in: 'C:\Program Files\dotnet\sdk\9.0.101\Extensions'.
TpTrace Information: 0 : 18932, 1, 2025/02/14, 15:17:22.809, 3321029484932, vstest.console.dll, AssemblyResolver.OnResolve: Microsoft.VisualStudio.TestPlatform.Extensions.Html.TestLogger: Loading assembly 'C:\Program Files\dotnet\sdk\9.0.101\Extensions\Microsoft.VisualStudio.TestPlatform.Extensions.Html.TestLogger.dll'.
TpTrace Information: 0 : 18932, 1, 2025/02/14, 15:17:22.810, 3321029489851, vstest.console.dll, AssemblyResolver.OnResolve: Resolved assembly: Microsoft.VisualStudio.TestPlatform.Extensions.Html.TestLogger, from path: C:\Program Files\dotnet\sdk\9.0.101\Extensions\Microsoft.VisualStudio.TestPlatform.Extensions.Html.TestLogger.dll
TpTrace Verbose: 0 : 18932, 1, 2025/02/14, 15:17:22.810, 3321029490306, vstest.console.dll, MetadataReaderExtensionsHelper: Discovering extensions inside assembly 'Microsoft.VisualStudio.TestPlatform.Extensions.Html.TestLogger, Version=15.0.0.0, Culture=neutral, PublicKeyToken=b03f5f7f11d50a3a' file path 'C:\Program Files\dotnet\sdk\9.0.101\Extensions\Microsoft.VisualStudio.TestPlatform.Extensions.Html.TestLogger.dll'
TpTrace Information: 0 : 18932, 1, 2025/02/14, 15:17:22.810, 3321029498153, vstest.console.dll, AssemblyResolver.OnResolve: Microsoft.VisualStudio.TestPlatform.Extensions.Trx.TestLogger: Resolving assembly.
TpTrace Information: 0 : 18932, 1, 2025/02/14, 15:17:22.810, 3321029498535, vstest.console.dll, AssemblyResolver.OnResolve: Microsoft.VisualStudio.TestPlatform.Extensions.Trx.TestLogger: Searching in: 'C:\Program Files\dotnet\sdk\9.0.101\Extensions'.
TpTrace Information: 0 : 18932, 1, 2025/02/14, 15:17:22.813, 3321029524056, vstest.console.dll, AssemblyResolver.OnResolve: Microsoft.VisualStudio.TestPlatform.Extensions.Trx.TestLogger: Loading assembly 'C:\Program Files\dotnet\sdk\9.0.101\Extensions\Microsoft.VisualStudio.TestPlatform.Extensions.Trx.TestLogger.dll'.
TpTrace Information: 0 : 18932, 1, 2025/02/14, 15:17:22.815, 3321029543013, vstest.console.dll, AssemblyResolver.OnResolve: Resolved assembly: Microsoft.VisualStudio.TestPlatform.Extensions.Trx.TestLogger, from path: C:\Program Files\dotnet\sdk\9.0.101\Extensions\Microsoft.VisualStudio.TestPlatform.Extensions.Trx.TestLogger.dll
TpTrace Verbose: 0 : 18932, 1, 2025/02/14, 15:17:22.815, 3321029543440, vstest.console.dll, MetadataReaderExtensionsHelper: Discovering extensions inside assembly 'Microsoft.VisualStudio.TestPlatform.Extensions.Trx.TestLogger, Version=15.0.0.0, Culture=neutral, PublicKeyToken=b03f5f7f11d50a3a' file path 'C:\Program Files\dotnet\sdk\9.0.101\Extensions\Microsoft.VisualStudio.TestPlatform.Extensions.Trx.TestLogger.dll'
TpTrace Verbose: 0 : 18932, 1, 2025/02/14, 15:17:22.817, 3321029563070, vstest.console.dll, TestPluginCache: Discovered the extensions using extension path ''.
TpTrace Verbose: 0 : 18932, 1, 2025/02/14, 15:17:22.817, 3321029563433, vstest.console.dll, TestPluginCache: Discoverers are ''.
TpTrace Verbose: 0 : 18932, 1, 2025/02/14, 15:17:22.817, 3321029563578, vstest.console.dll, TestPluginCache: Executors are ''.
TpTrace Verbose: 0 : 18932, 1, 2025/02/14, 15:17:22.817, 3321029563698, vstest.console.dll, TestPluginCache: Executors2 are ''.
TpTrace Verbose: 0 : 18932, 1, 2025/02/14, 15:17:22.817, 3321029563807, vstest.console.dll, TestPluginCache: Setting providers are ''.
TpTrace Verbose: 0 : 18932, 1, 2025/02/14, 15:17:22.817, 3321029563919, vstest.console.dll, TestPluginCache: Loggers are ''.
TpTrace Verbose: 0 : 18932, 1, 2025/02/14, 15:17:22.817, 3321029564846, vstest.console.dll, TestPluginCache: TestHosts are 'HostProvider://DefaultTestHost,HostProvider://DotnetTestHost'.
TpTrace Verbose: 0 : 18932, 1, 2025/02/14, 15:17:22.817, 3321029565063, vstest.console.dll, TestPluginCache: DataCollectors are ''.
TpTrace Information: 0 : 18932, 1, 2025/02/14, 15:17:22.841, 3321029806665, vstest.console.dll, RunTestsArgumentProcessor:Execute: Test run is starting.
TpTrace Verbose: 0 : 18932, 1, 2025/02/14, 15:17:22.841, 3321029807018, vstest.console.dll, RunTestsArgumentProcessor:Execute: Queuing Test run.
TpTrace Information: 0 : 18932, 1, 2025/02/14, 15:17:22.841, 3321029808277, vstest.console.dll, TestRequestManager.RunTests: run tests started.
TpTrace Information: 0 : 18932, 1, 2025/02/14, 15:17:22.842, 3321029814344, vstest.console.dll, AssemblyMetadataProvider.GetFrameworkName: Determined framework:'.NETCoreApp,Version=v8.0' for source: 'B:\GIT\C#-OOP-Discrete\OOP\7.LabOOP\UnitTests\bin\Debug\net8.0\fine-code-coverage\build-output\UnitTests.dll'
TpTrace Information: 0 : 18932, 1, 2025/02/14, 15:17:22.842, 3321029815141, vstest.console.dll, Determined framework for all sources: .NETCoreApp,Version=v8.0
TpTrace Verbose: 0 : 18932, 1, 2025/02/14, 15:17:22.842, 3321029817242, vstest.console.dll, TestRequestManager.UpdateRunSettingsIfRequired: Default architecture: X64 IsDefaultTargetArchitecture: True, Current process architecture: X64 OperatingSystem: Windows.
TpTrace Information: 0 : 18932, 1, 2025/02/14, 15:17:22.843, 3321029825888, vstest.console.dll, AssemblyMetadataProvider.GetArchitecture: Determined architecture:AnyCPU info for assembly: B:\GIT\C#-OOP-Discrete\OOP\7.LabOOP\UnitTests\bin\Debug\net8.0\fine-code-coverage\build-output\UnitTests.dll
TpTrace Information: 0 : 18932, 1, 2025/02/14, 15:17:22.843, 3321029826187, vstest.console.dll, Determined platform for source 'B:\GIT\C#-OOP-Discrete\OOP\7.LabOOP\UnitTests\bin\Debug\net8.0\fine-code-coverage\build-output\UnitTests.dll' was AnyCPU and it will use the default plaform X64.
TpTrace Information: 0 : 18932, 1, 2025/02/14, 15:17:22.843, 3321029826333, vstest.console.dll, None of the sources provided any runnable platform, using the default platform: X64
TpTrace Information: 0 : 18932, 1, 2025/02/14, 15:17:22.843, 3321029826896, vstest.console.dll, Platform was updated to 'X64'.
TpTrace Information: 0 : 18932, 1, 2025/02/14, 15:17:22.847, 3321029866754, vstest.console.dll, InferRunSettingsHelper.IsTestSettingsEnabled: Unable to navigate to RunSettings/MSTest. Current node: RunSettings
TpTrace Information: 0 : 18932, 1, 2025/02/14, 15:17:22.848, 3321029871908, vstest.console.dll, AssemblyResolver.OnResolve: Microsoft.VisualStudio.TestPlatform.Fakes: Resolving assembly.
TpTrace Information: 0 : 18932, 1, 2025/02/14, 15:17:22.848, 3321029872455, vstest.console.dll, AssemblyResolver.OnResolve: Microsoft.VisualStudio.TestPlatform.Fakes: Searching in: 'C:\Program Files\dotnet\sdk\9.0.101\Extensions'.
TpTrace Information: 0 : 18932, 1, 2025/02/14, 15:17:22.848, 3321029873076, vstest.console.dll, AssemblyResolver.OnResolve: Microsoft.VisualStudio.TestPlatform.Fakes: Assembly path does not exist: 'C:\Program Files\dotnet\sdk\9.0.101\Extensions\Microsoft.VisualStudio.TestPlatform.Fakes.dll', returning.
TpTrace Information: 0 : 18932, 1, 2025/02/14, 15:17:22.848, 3321029873563, vstest.console.dll, AssemblyResolver.OnResolve: Microsoft.VisualStudio.TestPlatform.Fakes: Assembly path does not exist: 'C:\Program Files\dotnet\sdk\9.0.101\Extensions\Microsoft.VisualStudio.TestPlatform.Fakes.exe', returning.
TpTrace Information: 0 : 18932, 1, 2025/02/14, 15:17:22.848, 3321029873759, vstest.console.dll, AssemblyResolver.OnResolve: Microsoft.VisualStudio.TestPlatform.Fakes: Searching in: 'C:\Program Files\dotnet\sdk\9.0.101'.
TpTrace Information: 0 : 18932, 1, 2025/02/14, 15:17:22.848, 3321029874226, vstest.console.dll, AssemblyResolver.OnResolve: Microsoft.VisualStudio.TestPlatform.Fakes: Assembly path does not exist: 'C:\Program Files\dotnet\sdk\9.0.101\Microsoft.VisualStudio.TestPlatform.Fakes.dll', returning.
TpTrace Information: 0 : 18932, 1, 2025/02/14, 15:17:22.848, 3321029874650, vstest.console.dll, AssemblyResolver.OnResolve: Microsoft.VisualStudio.TestPlatform.Fakes: Assembly path does not exist: 'C:\Program Files\dotnet\sdk\9.0.101\Microsoft.VisualStudio.TestPlatform.Fakes.exe', returning.
TpTrace Information: 0 : 18932, 1, 2025/02/14, 15:17:22.848, 3321029874843, vstest.console.dll, AssemblyResolver.OnResolve: Microsoft.VisualStudio.TestPlatform.Fakes: Failed to load assembly.
TpTrace Information: 0 : 18932, 1, 2025/02/14, 15:17:22.848, 3321029876847, vstest.console.dll, Failed to load assembly Microsoft.VisualStudio.TestPlatform.Fakes, Version=17.0.0.0, Culture=neutral. Reason:System.IO.FileNotFoundException: Could not load file or assembly 'Microsoft.VisualStudio.TestPlatform.Fakes, Version=17.0.0.0, Culture=neutral, PublicKeyToken=null'. Не удается найти указанный файл.
File name: 'Microsoft.VisualStudio.TestPlatform.Fakes, Version=17.0.0.0, Culture=neutral, PublicKeyToken=null'
   at System.Reflection.RuntimeAssembly.InternalLoad(AssemblyName assemblyName, StackCrawlMark& stackMark, AssemblyLoadContext assemblyLoadContext, RuntimeAssembly requestingAssembly, Boolean throwOnFileNotFound)
   at System.Reflection.Assembly.Load(AssemblyName assemblyRef)
   at Microsoft.VisualStudio.TestPlatform.Common.Utilities.FakesUtilities.LoadTestPlatformAssembly() in /_/src/Microsoft.TestPlatform.Common/Utilities/FakesUtilities.cs:line 273
TpTrace Verbose: 0 : 18932, 1, 2025/02/14, 15:17:22.851, 3321029900845, vstest.console.dll, TestPluginCache.DiscoverTestExtensions: finding test extensions in assemblies ends with: TestLogger.dll TPluginInfo: Microsoft.VisualStudio.TestPlatform.Common.ExtensionFramework.Utilities.TestLoggerPluginInformation TExtension: Microsoft.VisualStudio.TestPlatform.ObjectModel.Client.ITestLogger
TpTrace Verbose: 0 : 18932, 1, 2025/02/14, 15:17:22.851, 3321029901308, vstest.console.dll, TestPluginCache.GetExtensionPaths: Filtered extension paths: 
TpTrace Verbose: 0 : 18932, 1, 2025/02/14, 15:17:22.851, 3321029901531, vstest.console.dll, TestPluginCache.GetExtensionPaths: Added default extension paths: C:\Program Files\dotnet\sdk\9.0.101\Extensions\Microsoft.Diagnostics.NETCore.Client.dll
C:\Program Files\dotnet\sdk\9.0.101\Extensions\Microsoft.TestPlatform.Extensions.BlameDataCollector.dll
C:\Program Files\dotnet\sdk\9.0.101\Extensions\Microsoft.TestPlatform.Extensions.EventLogCollector.dll
C:\Program Files\dotnet\sdk\9.0.101\Extensions\Microsoft.TestPlatform.TestHostRuntimeProvider.dll
C:\Program Files\dotnet\sdk\9.0.101\Extensions\Microsoft.VisualStudio.TestPlatform.Extensions.Html.TestLogger.dll
C:\Program Files\dotnet\sdk\9.0.101\Extensions\Microsoft.VisualStudio.TestPlatform.Extensions.Trx.TestLogger.dll
TpTrace Verbose: 0 : 18932, 1, 2025/02/14, 15:17:22.851, 3321029901679, vstest.console.dll, TestPluginCache.GetExtensionPaths: Added unfilterableExtensionPaths: 
TpTrace Information: 0 : 18932, 1, 2025/02/14, 15:17:22.851, 3321029902391, vstest.console.dll, AssemblyResolver.AddSearchDirectories: Adding more searchDirectories C:\Program Files\dotnet\sdk\9.0.101\Extensions,C:\Program Files\dotnet\sdk\9.0.101
TpTrace Verbose: 0 : 18932, 1, 2025/02/14, 15:17:22.851, 3321029902686, vstest.console.dll, TestPluginCache.DiscoverTestExtensions: Discovering the extensions using extension path.
TpTrace Verbose: 0 : 18932, 1, 2025/02/14, 15:17:22.851, 3321029902922, vstest.console.dll, TestPluginCache.GetExtensionPaths: Filtered extension paths: 
TpTrace Verbose: 0 : 18932, 1, 2025/02/14, 15:17:22.851, 3321029903107, vstest.console.dll, TestPluginCache.GetExtensionPaths: Added default extension paths: C:\Program Files\dotnet\sdk\9.0.101\Extensions\Microsoft.Diagnostics.NETCore.Client.dll
C:\Program Files\dotnet\sdk\9.0.101\Extensions\Microsoft.TestPlatform.Extensions.BlameDataCollector.dll
C:\Program Files\dotnet\sdk\9.0.101\Extensions\Microsoft.TestPlatform.Extensions.EventLogCollector.dll
C:\Program Files\dotnet\sdk\9.0.101\Extensions\Microsoft.TestPlatform.TestHostRuntimeProvider.dll
C:\Program Files\dotnet\sdk\9.0.101\Extensions\Microsoft.VisualStudio.TestPlatform.Extensions.Html.TestLogger.dll
C:\Program Files\dotnet\sdk\9.0.101\Extensions\Microsoft.VisualStudio.TestPlatform.Extensions.Trx.TestLogger.dll
TpTrace Verbose: 0 : 18932, 1, 2025/02/14, 15:17:22.851, 3321029903247, vstest.console.dll, TestPluginCache.GetExtensionPaths: Added unfilterableExtensionPaths: 
TpTrace Verbose: 0 : 18932, 1, 2025/02/14, 15:17:22.851, 3321029903412, vstest.console.dll, TestPluginCache.DiscoverTestExtensions: Discovering the extensions using allExtensionPaths: C:\Program Files\dotnet\sdk\9.0.101\Extensions\Microsoft.Diagnostics.NETCore.Client.dll
C:\Program Files\dotnet\sdk\9.0.101\Extensions\Microsoft.TestPlatform.Extensions.BlameDataCollector.dll
C:\Program Files\dotnet\sdk\9.0.101\Extensions\Microsoft.TestPlatform.Extensions.EventLogCollector.dll
C:\Program Files\dotnet\sdk\9.0.101\Extensions\Microsoft.TestPlatform.TestHostRuntimeProvider.dll
C:\Program Files\dotnet\sdk\9.0.101\Extensions\Microsoft.VisualStudio.TestPlatform.Extensions.Html.TestLogger.dll
C:\Program Files\dotnet\sdk\9.0.101\Extensions\Microsoft.VisualStudio.TestPlatform.Extensions.Trx.TestLogger.dll
TpTrace Information: 0 : 18932, 1, 2025/02/14, 15:17:22.851, 3321029903946, vstest.console.dll, AssemblyResolver.AddSearchDirectories: Adding more searchDirectories C:\Program Files\dotnet\sdk\9.0.101\Extensions,C:\Program Files\dotnet\sdk\9.0.101
TpTrace Information: 0 : 18932, 1, 2025/02/14, 15:17:22.851, 3321029904183, vstest.console.dll, AssemblyResolver.AddSearchDirectories: Adding more searchDirectories C:\Program Files\dotnet\sdk\9.0.101\Extensions,C:\Program Files\dotnet\sdk\9.0.101
TpTrace Information: 0 : 18932, 1, 2025/02/14, 15:17:22.851, 3321029904336, vstest.console.dll, AssemblyResolver.AddSearchDirectories: Adding more searchDirectories C:\Program Files\dotnet\sdk\9.0.101\Extensions,C:\Program Files\dotnet\sdk\9.0.101
TpTrace Information: 0 : 18932, 1, 2025/02/14, 15:17:22.851, 3321029904470, vstest.console.dll, AssemblyResolver.AddSearchDirectories: Adding more searchDirectories C:\Program Files\dotnet\sdk\9.0.101\Extensions,C:\Program Files\dotnet\sdk\9.0.101
TpTrace Information: 0 : 18932, 1, 2025/02/14, 15:17:22.851, 3321029904598, vstest.console.dll, AssemblyResolver.AddSearchDirectories: Adding more searchDirectories C:\Program Files\dotnet\sdk\9.0.101\Extensions,C:\Program Files\dotnet\sdk\9.0.101
TpTrace Information: 0 : 18932, 1, 2025/02/14, 15:17:22.851, 3321029904785, vstest.console.dll, AssemblyResolver.AddSearchDirectories: Adding more searchDirectories C:\Program Files\dotnet\sdk\9.0.101\Extensions,C:\Program Files\dotnet\sdk\9.0.101
TpTrace Verbose: 0 : 18932, 1, 2025/02/14, 15:17:22.851, 3321029905347, vstest.console.dll, MetadataReaderExtensionsHelper: Discovering extensions inside assembly 'Microsoft.Diagnostics.NETCore.Client, Version=0.2.10.41601, Culture=neutral, PublicKeyToken=31bf3856ad364e35' file path 'C:\Program Files\dotnet\sdk\9.0.101\Extensions\Microsoft.Diagnostics.NETCore.Client.dll'
TpTrace Information: 0 : 18932, 1, 2025/02/14, 15:17:22.852, 3321029910308, vstest.console.dll, AssemblyResolver.OnResolve: Microsoft.Bcl.AsyncInterfaces: Resolving assembly.
TpTrace Information: 0 : 18932, 1, 2025/02/14, 15:17:22.852, 3321029910621, vstest.console.dll, AssemblyResolver.OnResolve: Microsoft.Bcl.AsyncInterfaces: Resolved from cache.
TpTrace Verbose: 0 : 18932, 1, 2025/02/14, 15:17:22.852, 3321029910775, vstest.console.dll, CurrentDomainAssemblyResolve: Resolving assembly 'Microsoft.Bcl.AsyncInterfaces'.
TpTrace Information: 0 : 18932, 1, 2025/02/14, 15:17:22.852, 3321029910993, vstest.console.dll, AssemblyResolver.OnResolve: Microsoft.Bcl.AsyncInterfaces: Resolving assembly.
TpTrace Information: 0 : 18932, 1, 2025/02/14, 15:17:22.852, 3321029911164, vstest.console.dll, AssemblyResolver.OnResolve: Microsoft.Bcl.AsyncInterfaces: Resolved from cache.
TpTrace Verbose: 0 : 18932, 1, 2025/02/14, 15:17:22.852, 3321029911293, vstest.console.dll, CurrentDomainAssemblyResolve: Resolving assembly 'Microsoft.Bcl.AsyncInterfaces'.
TpTrace Verbose: 0 : 18932, 1, 2025/02/14, 15:17:22.852, 3321029911412, vstest.console.dll, CurrentDomainAssemblyResolve: Failed to resolve assembly 'Microsoft.Bcl.AsyncInterfaces'.
TpTrace Verbose: 0 : 18932, 1, 2025/02/14, 15:17:22.852, 3321029912076, vstest.console.dll, CurrentDomainAssemblyResolve: Failed to resolve assembly 'Microsoft.Bcl.AsyncInterfaces'.
TpTrace Warning: 0 : 18932, 1, 2025/02/14, 15:17:22.852, 3321029913983, vstest.console.dll, TestPluginDiscoverer: Failed to get types from assembly 'Microsoft.Diagnostics.NETCore.Client, Version=0.2.10.41601, Culture=neutral, PublicKeyToken=31bf3856ad364e35'. Error: System.Reflection.ReflectionTypeLoadException: Unable to load one or more of the requested types.
Could not load file or assembly 'Microsoft.Bcl.AsyncInterfaces, Version=6.0.0.0, Culture=neutral, PublicKeyToken=cc7b13ffcd2ddd51'. Не удается найти указанный файл.
   at System.Reflection.RuntimeModule.GetDefinedTypes()
   at System.Reflection.RuntimeModule.GetTypes()
   at Microsoft.VisualStudio.TestPlatform.Common.ExtensionFramework.TestPluginDiscoverer.GetTestExtensionsFromAssembly[TPluginInfo,TExtension](Assembly assembly, Dictionary`2 pluginInfos, String filePath) in /_/src/Microsoft.TestPlatform.Common/ExtensionFramework/TestPluginDiscoverer.cs:line 159
System.IO.FileNotFoundException: Could not load file or assembly 'Microsoft.Bcl.AsyncInterfaces, Version=6.0.0.0, Culture=neutral, PublicKeyToken=cc7b13ffcd2ddd51'. Не удается найти указанный файл.
File name: 'Microsoft.Bcl.AsyncInterfaces, Version=6.0.0.0, Culture=neutral, PublicKeyToken=cc7b13ffcd2ddd51'
 ---> System.IO.FileNotFoundException: Could not load file or assembly 'Microsoft.Bcl.AsyncInterfaces, Culture=neutral, PublicKeyToken=null'. Не удается найти указанный файл.
File name: 'Microsoft.Bcl.AsyncInterfaces, Culture=neutral, PublicKeyToken=null'
   at System.Reflection.RuntimeAssembly.InternalLoad(AssemblyName assemblyName, StackCrawlMark& stackMark, AssemblyLoadContext assemblyLoadContext, RuntimeAssembly requestingAssembly, Boolean throwOnFileNotFound)
   at System.Reflection.Assembly.Load(AssemblyName assemblyRef)
   at Microsoft.VisualStudio.TestPlatform.Common.ExtensionFramework.TestPluginCache.CurrentDomainAssemblyResolve(Object sender, AssemblyResolveEventArgs args) in /_/src/Microsoft.TestPlatform.Common/ExtensionFramework/TestPluginCache.cs:line 514
   at System.Runtime.Loader.AssemblyLoadContext.GetFirstResolvedAssemblyFromResolvingEvent(AssemblyName assemblyName)
   at System.Runtime.Loader.AssemblyLoadContext.ResolveUsingEvent(AssemblyName assemblyName)
   at System.Runtime.Loader.AssemblyLoadContext.ResolveUsingResolvingEvent(IntPtr gchManagedAssemblyLoadContext, AssemblyName assemblyName)
TpTrace Warning: 0 : 18932, 1, 2025/02/14, 15:17:22.852, 3321029915177, vstest.console.dll, LoaderExceptions: System.IO.FileNotFoundException: Could not load file or assembly 'Microsoft.Bcl.AsyncInterfaces, Version=6.0.0.0, Culture=neutral, PublicKeyToken=cc7b13ffcd2ddd51'. Не удается найти указанный файл.
File name: 'Microsoft.Bcl.AsyncInterfaces, Version=6.0.0.0, Culture=neutral, PublicKeyToken=cc7b13ffcd2ddd51'
 ---> System.IO.FileNotFoundException: Could not load file or assembly 'Microsoft.Bcl.AsyncInterfaces, Culture=neutral, PublicKeyToken=null'. Не удается найти указанный файл.
File name: 'Microsoft.Bcl.AsyncInterfaces, Culture=neutral, PublicKeyToken=null'
   at System.Reflection.RuntimeAssembly.InternalLoad(AssemblyName assemblyName, StackCrawlMark& stackMark, AssemblyLoadContext assemblyLoadContext, RuntimeAssembly requestingAssembly, Boolean throwOnFileNotFound)
   at System.Reflection.Assembly.Load(AssemblyName assemblyRef)
   at Microsoft.VisualStudio.TestPlatform.Common.ExtensionFramework.TestPluginCache.CurrentDomainAssemblyResolve(Object sender, AssemblyResolveEventArgs args) in /_/src/Microsoft.TestPlatform.Common/ExtensionFramework/TestPluginCache.cs:line 514
   at System.Runtime.Loader.AssemblyLoadContext.GetFirstResolvedAssemblyFromResolvingEvent(AssemblyName assemblyName)
   at System.Runtime.Loader.AssemblyLoadContext.ResolveUsingEvent(AssemblyName assemblyName)
   at System.Runtime.Loader.AssemblyLoadContext.ResolveUsingResolvingEvent(IntPtr gchManagedAssemblyLoadContext, AssemblyName assemblyName)
TpTrace Verbose: 0 : 18932, 1, 2025/02/14, 15:17:22.852, 3321029915647, vstest.console.dll, MetadataReaderExtensionsHelper: Discovering extensions inside assembly 'Microsoft.TestPlatform.Extensions.BlameDataCollector, Version=15.0.0.0, Culture=neutral, PublicKeyToken=b03f5f7f11d50a3a' file path 'C:\Program Files\dotnet\sdk\9.0.101\Extensions\Microsoft.TestPlatform.Extensions.BlameDataCollector.dll'
TpTrace Information: 0 : 18932, 1, 2025/02/14, 15:17:22.852, 3321029919221, vstest.console.dll, GetTestExtensionFromType: Register extension with identifier data 'logger://Microsoft/TestPlatform/Extensions/Blame/v1' and type 'Microsoft.TestPlatform.Extensions.BlameDataCollector.BlameLogger, Microsoft.TestPlatform.Extensions.BlameDataCollector, Version=15.0.0.0, Culture=neutral, PublicKeyToken=b03f5f7f11d50a3a' inside file 'C:\Program Files\dotnet\sdk\9.0.101\Extensions\Microsoft.TestPlatform.Extensions.BlameDataCollector.dll'
TpTrace Verbose: 0 : 18932, 1, 2025/02/14, 15:17:22.853, 3321029919610, vstest.console.dll, MetadataReaderExtensionsHelper: Discovering extensions inside assembly 'Microsoft.TestPlatform.Extensions.EventLogCollector, Version=15.0.0.0, Culture=neutral, PublicKeyToken=b03f5f7f11d50a3a' file path 'C:\Program Files\dotnet\sdk\9.0.101\Extensions\Microsoft.TestPlatform.Extensions.EventLogCollector.dll'
TpTrace Verbose: 0 : 18932, 1, 2025/02/14, 15:17:22.853, 3321029922126, vstest.console.dll, MetadataReaderExtensionsHelper: Discovering extensions inside assembly 'Microsoft.TestPlatform.TestHostRuntimeProvider, Version=15.0.0.0, Culture=neutral, PublicKeyToken=b03f5f7f11d50a3a' file path 'C:\Program Files\dotnet\sdk\9.0.101\Extensions\Microsoft.TestPlatform.TestHostRuntimeProvider.dll'
TpTrace Verbose: 0 : 18932, 1, 2025/02/14, 15:17:22.853, 3321029924738, vstest.console.dll, MetadataReaderExtensionsHelper: Discovering extensions inside assembly 'Microsoft.VisualStudio.TestPlatform.Extensions.Html.TestLogger, Version=15.0.0.0, Culture=neutral, PublicKeyToken=b03f5f7f11d50a3a' file path 'C:\Program Files\dotnet\sdk\9.0.101\Extensions\Microsoft.VisualStudio.TestPlatform.Extensions.Html.TestLogger.dll'
TpTrace Information: 0 : 18932, 1, 2025/02/14, 15:17:22.853, 3321029928451, vstest.console.dll, GetTestExtensionFromType: Register extension with identifier data 'logger://Microsoft/TestPlatform/HtmlLogger/v1' and type 'Microsoft.VisualStudio.TestPlatform.Extensions.HtmlLogger.HtmlLogger, Microsoft.VisualStudio.TestPlatform.Extensions.Html.TestLogger, Version=15.0.0.0, Culture=neutral, PublicKeyToken=b03f5f7f11d50a3a' inside file 'C:\Program Files\dotnet\sdk\9.0.101\Extensions\Microsoft.VisualStudio.TestPlatform.Extensions.Html.TestLogger.dll'
TpTrace Verbose: 0 : 18932, 1, 2025/02/14, 15:17:22.853, 3321029928839, vstest.console.dll, MetadataReaderExtensionsHelper: Discovering extensions inside assembly 'Microsoft.VisualStudio.TestPlatform.Extensions.Trx.TestLogger, Version=15.0.0.0, Culture=neutral, PublicKeyToken=b03f5f7f11d50a3a' file path 'C:\Program Files\dotnet\sdk\9.0.101\Extensions\Microsoft.VisualStudio.TestPlatform.Extensions.Trx.TestLogger.dll'
TpTrace Information: 0 : 18932, 1, 2025/02/14, 15:17:22.854, 3321029931631, vstest.console.dll, GetTestExtensionFromType: Register extension with identifier data 'logger://Microsoft/TestPlatform/TrxLogger/v1' and type 'Microsoft.VisualStudio.TestPlatform.Extensions.TrxLogger.TrxLogger, Microsoft.VisualStudio.TestPlatform.Extensions.Trx.TestLogger, Version=15.0.0.0, Culture=neutral, PublicKeyToken=b03f5f7f11d50a3a' inside file 'C:\Program Files\dotnet\sdk\9.0.101\Extensions\Microsoft.VisualStudio.TestPlatform.Extensions.Trx.TestLogger.dll'
TpTrace Verbose: 0 : 18932, 1, 2025/02/14, 15:17:22.854, 3321029932043, vstest.console.dll, TestPluginCache: Discovered the extensions using extension path ''.
TpTrace Verbose: 0 : 18932, 1, 2025/02/14, 15:17:22.854, 3321029932190, vstest.console.dll, TestPluginCache: Discoverers are ''.
TpTrace Verbose: 0 : 18932, 1, 2025/02/14, 15:17:22.854, 3321029932309, vstest.console.dll, TestPluginCache: Executors are ''.
TpTrace Verbose: 0 : 18932, 1, 2025/02/14, 15:17:22.854, 3321029932420, vstest.console.dll, TestPluginCache: Executors2 are ''.
TpTrace Verbose: 0 : 18932, 1, 2025/02/14, 15:17:22.854, 3321029932527, vstest.console.dll, TestPluginCache: Setting providers are ''.
TpTrace Verbose: 0 : 18932, 1, 2025/02/14, 15:17:22.854, 3321029932940, vstest.console.dll, TestPluginCache: Loggers are 'logger://Microsoft/TestPlatform/Extensions/Blame/v1,logger://Microsoft/TestPlatform/HtmlLogger/v1,logger://Microsoft/TestPlatform/TrxLogger/v1'.
TpTrace Verbose: 0 : 18932, 1, 2025/02/14, 15:17:22.854, 3321029933209, vstest.console.dll, TestPluginCache: TestHosts are 'HostProvider://DefaultTestHost,HostProvider://DotnetTestHost'.
TpTrace Verbose: 0 : 18932, 1, 2025/02/14, 15:17:22.854, 3321029933405, vstest.console.dll, TestPluginCache: DataCollectors are ''.
TpTrace Information: 0 : 18932, 1, 2025/02/14, 15:17:22.854, 3321029937552, vstest.console.dll, TestPluginManager.CreateTestExtension: Attempting to load test extension: Microsoft.TestPlatform.Extensions.BlameDataCollector.BlameLogger
TpTrace Verbose: 0 : 18932, 1, 2025/02/14, 15:17:22.862, 3321030013015, vstest.console.dll, TestEngine: Initializing Parallel Execution as MaxCpuCount is set to: 1
TpTrace Information: 0 : 18932, 1, 2025/02/14, 15:17:22.863, 3321030022580, vstest.console.dll, TestPluginManager.CreateTestExtension: Attempting to load test extension: Microsoft.VisualStudio.TestPlatform.CrossPlatEngine.Hosting.DefaultTestHostManager
TpTrace Information: 0 : 18932, 1, 2025/02/14, 15:17:22.863, 3321030026017, vstest.console.dll, TestPluginManager.CreateTestExtension: Attempting to load test extension: Microsoft.VisualStudio.TestPlatform.CrossPlatEngine.Hosting.DotnetTestHostManager
TpTrace Verbose: 0 : 18932, 1, 2025/02/14, 15:17:22.863, 3321030027282, vstest.console.dll, TestHostManagerCallbacks.ctor: Forwarding output is enabled.
TpTrace Information: 0 : 18932, 1, 2025/02/14, 15:17:22.864, 3321030031024, vstest.console.dll, InferRunSettingsHelper.IsTestSettingsEnabled: Unable to navigate to RunSettings/MSTest. Current node: RunSettings
TpTrace Verbose: 0 : 18932, 1, 2025/02/14, 15:17:22.864, 3321030036231, vstest.console.dll, ParallelOperationManager.ClearSlots: Clearing all slots. Slots should accept more work: True
TpTrace Verbose: 0 : 18932, 1, 2025/02/14, 15:17:22.865, 3321030039620, vstest.console.dll, ParallelOperationManager.SetOccupiedSlotCount: Setting slot counts AvailableSlotCount = 1, OccupiedSlotCount = 0.
TpTrace Verbose: 0 : 18932, 1, 2025/02/14, 15:17:22.865, 3321030041975, vstest.console.dll, Occupied slots:

TpTrace Verbose: 0 : 18932, 1, 2025/02/14, 15:17:22.867, 3321030061291, vstest.console.dll, TestEngine.GetExecutionManager: Chosen execution manager 'Microsoft.VisualStudio.TestPlatform.CrossPlatEngine.Client.Parallel.ParallelProxyExecutionManager, Microsoft.TestPlatform.CrossPlatEngine, Version=15.0.0.0, Culture=neutral, PublicKeyToken=b03f5f7f11d50a3a' ParallelLevel '1'.
TpTrace Verbose: 0 : 18932, 1, 2025/02/14, 15:17:22.867, 3321030062170, vstest.console.dll, TestPlatform.GetSkipDefaultAdapters: Not skipping default adapters SkipDefaultAdapters was false.
TpTrace Verbose: 0 : 18932, 1, 2025/02/14, 15:17:22.867, 3321030062631, vstest.console.dll, TestRunRequest.ExecuteAsync: Creating test run request.
TpTrace Verbose: 0 : 18932, 1, 2025/02/14, 15:17:22.867, 3321030064025, vstest.console.dll, TestRunRequest.ExecuteAsync: Starting.
TpTrace Information: 0 : 18932, 1, 2025/02/14, 15:17:22.868, 3321030070404, vstest.console.dll, TestRunRequest.ExecuteAsync: Starting run with settings:TestRunCriteria:
   KeepAlive=False,FrequencyOfRunStatsChangeEvent=10,RunStatsChangeEventTimeout=00:00:01.5000000,TestCaseFilter=,TestExecutorLauncher=
   Settingsxml=<RunSettings>
  <RunConfiguration>
    <ResultsDirectory>B:\GIT\C#-OOP-Discrete\OOP\7.LabOOP\UnitTests\bin\Debug\net8.0\fine-code-coverage\coverage-tool-output</ResultsDirectory>
    <TargetPlatform>X64</TargetPlatform>
    <TargetFrameworkVersion>.NETCoreApp,Version=v8.0</TargetFrameworkVersion>
    <DesignMode>False</DesignMode>
    <CollectSourceInformation>False</CollectSourceInformation>
  </RunConfiguration>
  <LoggerRunSettings>
    <Loggers>
      <Logger friendlyName="blame" enabled="True" />
      <Logger friendlyName="Console" uri="logger://microsoft/TestPlatform/ConsoleLogger/v1" assemblyQualifiedName="Microsoft.VisualStudio.TestPlatform.CommandLine.Internal.ConsoleLogger, vstest.console, Version=15.0.0.0, Culture=neutral, PublicKeyToken=b03f5f7f11d50a3a" codeBase="C:\Program Files\dotnet\sdk\9.0.101\vstest.console.dll" enabled="True" />
    </Loggers>
  </LoggerRunSettings>
  <DataCollectionRunSettings>
    <DataCollectors>
      <DataCollector friendlyName="blame" enabled="True">
        <Configuration>
          <ResultsDirectory>B:\GIT\C#-OOP-Discrete\OOP\7.LabOOP\UnitTests\bin\Debug\net8.0\fine-code-coverage\coverage-tool-output</ResultsDirectory>
        </Configuration>
      </DataCollector>
    </DataCollectors>
  </DataCollectionRunSettings>
</RunSettings>

TpTrace Verbose: 0 : 18932, 1, 2025/02/14, 15:17:22.868, 3321030070769, vstest.console.dll, TestRunRequest.ExecuteAsync: Wait for the first run request is over.
TpTrace Verbose: 0 : 18932, 1, 2025/02/14, 15:17:22.868, 3321030072152, vstest.console.dll, MulticastDelegateUtilities.SafeInvoke: TestRun.TestRunStart: Invoking callbacks was skipped because there are no subscribers.
TpTrace Verbose: 0 : 18932, 4, 2025/02/14, 15:17:22.868, 3321030073206, vstest.console.dll, MulticastDelegateUtilities.SafeInvoke: InternalTestLoggerEvents.SendTestRunStart: Invoking callback 1/1 for Microsoft.VisualStudio.TestPlatform.CommandLine.Internal.ConsoleLogger., took 0 ms.
TpTrace Verbose: 0 : 18932, 1, 2025/02/14, 15:17:22.868, 3321030078585, vstest.console.dll, ParallelProxyExecutionManager: Start execution. Total sources: 1
TpTrace Verbose: 0 : 18932, 1, 2025/02/14, 15:17:22.869, 3321030080413, vstest.console.dll, ParallelOperationManager.StartWork: Starting adding 1 workloads.
TpTrace Verbose: 0 : 18932, 1, 2025/02/14, 15:17:22.869, 3321030080805, vstest.console.dll, ParallelOperationManager.ClearSlots: Clearing all slots. Slots should accept more work: True
TpTrace Verbose: 0 : 18932, 1, 2025/02/14, 15:17:22.869, 3321030081174, vstest.console.dll, ParallelOperationManager.SetOccupiedSlotCount: Setting slot counts AvailableSlotCount = 1, OccupiedSlotCount = 0.
TpTrace Verbose: 0 : 18932, 1, 2025/02/14, 15:17:22.869, 3321030081349, vstest.console.dll, Occupied slots:

TpTrace Verbose: 0 : 18932, 1, 2025/02/14, 15:17:22.869, 3321030087895, vstest.console.dll, TestHostManagerCallbacks.ctor: Forwarding output is enabled.
TpTrace Verbose: 0 : 18932, 1, 2025/02/14, 15:17:22.869, 3321030089191, vstest.console.dll, TestRequestSender is acting as server.
TpTrace Verbose: 0 : 18932, 1, 2025/02/14, 15:17:22.870, 3321030096842, vstest.console.dll, ParallelOperationManager.RunWorkInParallel: Adding 1 workload to slot, remaining workloads 0.
TpTrace Verbose: 0 : 18932, 1, 2025/02/14, 15:17:22.870, 3321030097189, vstest.console.dll, ParallelOperationManager.SetOccupiedSlotCount: Setting slot counts AvailableSlotCount = 0, OccupiedSlotCount = 1.
TpTrace Verbose: 0 : 18932, 1, 2025/02/14, 15:17:22.870, 3321030097802, vstest.console.dll, Occupied slots:
0: B:\GIT\C#-OOP-Discrete\OOP\7.LabOOP\UnitTests\bin\Debug\net8.0\fine-code-coverage\build-output\UnitTests.dll
TpTrace Verbose: 0 : 18932, 1, 2025/02/14, 15:17:22.871, 3321030105085, vstest.console.dll, ParallelOperationManager.RunWorkInParallel: Started host in slot number 0 for work (source): B:\GIT\C#-OOP-Discrete\OOP\7.LabOOP\UnitTests\bin\Debug\net8.0\fine-code-coverage\build-output\UnitTests.dll.
TpTrace Verbose: 0 : 18932, 1, 2025/02/14, 15:17:22.871, 3321030109028, vstest.console.dll, ParallelOperationManager.RunWorkInParallel: We started 1 work items, which is the max parallel level. Won't start more work.
TpTrace Verbose: 0 : 18932, 1, 2025/02/14, 15:17:22.871, 3321030109316, vstest.console.dll, ParallelOperationManager.RunWorkInParallel: We started 1 work items in here, returning True.
TpTrace Information: 0 : 18932, 1, 2025/02/14, 15:17:22.872, 3321030109480, vstest.console.dll, TestRunRequest.ExecuteAsync: Started.
TpTrace Verbose: 0 : 18932, 5, 2025/02/14, 15:17:22.872, 3321030109673, vstest.console.dll, ParallelProxyExecutionManager.StartTestRunOnConcurrentManager: Initializing uninitialized client. Started clients: 0
TpTrace Verbose: 0 : 18932, 5, 2025/02/14, 15:17:22.872, 3321030110783, vstest.console.dll, DataCollectionRequestSender.InitializeCommunication : Initialize communication. 
TpTrace Verbose: 0 : 18932, 1, 2025/02/14, 15:17:22.872, 3321030112626, vstest.console.dll, TestRunRequest.WaitForCompletion: Waiting with timeout -1.
TpTrace Information: 0 : 18932, 5, 2025/02/14, 15:17:22.879, 3321030186283, vstest.console.dll, Listening on Endpoint : 127.0.0.1:59474
TpTrace Verbose: 0 : 18932, 5, 2025/02/14, 15:17:22.891, 3321030304148, vstest.console.dll, DotnetDataCollectionLauncher: Adding  --runtimeconfig "C:\Program Files\dotnet\sdk\9.0.101\datacollector.runtimeconfig.json" in args
TpTrace Verbose: 0 : 18932, 5, 2025/02/14, 15:17:22.891, 3321030305306, vstest.console.dll, DotnetDataCollectionLauncher: Adding  --depsfile "C:\Program Files\dotnet\sdk\9.0.101\datacollector.deps.json" in args
TpTrace Verbose: 0 : 18932, 5, 2025/02/14, 15:17:22.891, 3321030306742, vstest.console.dll, DotnetDataCollectionLauncher: Full path of dotnet.exe is C:\Program Files\dotnet\dotnet.exe
TpTrace Information: 0 : 18932, 5, 2025/02/14, 15:17:22.895, 3321030348017, vstest.console.dll, ProxyDataCollectionManager.Initialize: Launched datacollector processId: 12772 port: 59474
TpTrace Information: 0 : 18932, 5, 2025/02/14, 15:17:22.895, 3321030348854, vstest.console.dll, ProxyDataCollectionManager.Initialize: waiting for connection with timeout: 90 seconds
TpTrace Verbose: 0 : 18932, 5, 2025/02/14, 15:17:22.896, 3321030349545, vstest.console.dll, DataCollectionRequestSender.WaitForRequestHandlerConnection : Waiting for connection with timeout: 90000
TpTrace Information: 0 : 18932, 9, 2025/02/14, 15:17:22.980, 3321031197614, vstest.console.dll, Using the buffer size of 16384 bytes
TpTrace Verbose: 0 : 18932, 5, 2025/02/14, 15:17:22.980, 3321031197726, vstest.console.dll, SocketCommunicationManager.WaitForClientConnection took: 84 ms, with 90000 ms timeout, and finished with True.
TpTrace Information: 0 : 18932, 9, 2025/02/14, 15:17:22.980, 3321031198325, vstest.console.dll, Accepted Client request and set the flag
TpTrace Verbose: 0 : 18932, 5, 2025/02/14, 15:17:22.980, 3321031199185, vstest.console.dll, ProxyDataCollectionManager.InvokeDataCollectionServiceAction: Starting.
TpTrace Information: 0 : 18932, 5, 2025/02/14, 15:17:22.981, 3321031199652, vstest.console.dll, ProxyDataCollectionManager.BeforeTestRunStart: Get environment variable and port for datacollector processId: 12772 port: 59474
TpTrace Verbose: 0 : 18932, 5, 2025/02/14, 15:17:22.981, 3321031200338, vstest.console.dll, DataCollectionRequestSender.SendBeforeTestRunStartAndGetResult: Send BeforeTestRunStart message with settingsXml <RunSettings><RunConfiguration><ResultsDirectory>B:\GIT\C#-OOP-Discrete\OOP\7.LabOOP\UnitTests\bin\Debug\net8.0\fine-code-coverage\coverage-tool-output</ResultsDirectory><TargetPlatform>X64</TargetPlatform><TargetFrameworkVersion>.NETCoreApp,Version=v8.0</TargetFrameworkVersion><DesignMode>False</DesignMode><CollectSourceInformation>False</CollectSourceInformation><TestAdaptersPaths>C:\Program Files\dotnet\sdk\9.0.101\Extensions</TestAdaptersPaths></RunConfiguration><LoggerRunSettings><Loggers><Logger friendlyName="blame" enabled="True" /><Logger friendlyName="Console" uri="logger://microsoft/TestPlatform/ConsoleLogger/v1" assemblyQualifiedName="Microsoft.VisualStudio.TestPlatform.CommandLine.Internal.ConsoleLogger, vstest.console, Version=15.0.0.0, Culture=neutral, PublicKeyToken=b03f5f7f11d50a3a" codeBase="C:\Program Files\dotnet\sdk\9.0.101\vstest.console.dll" enabled="True" /></Loggers></LoggerRunSettings><DataCollectionRunSettings><DataCollectors><DataCollector friendlyName="blame" enabled="True"><Configuration><ResultsDirectory>B:\GIT\C#-OOP-Discrete\OOP\7.LabOOP\UnitTests\bin\Debug\net8.0\fine-code-coverage\coverage-tool-output</ResultsDirectory></Configuration></DataCollector></DataCollectors></DataCollectionRunSettings></RunSettings> and sources System.Collections.Generic.List`1[System.String]: 
TpTrace Verbose: 0 : 18932, 5, 2025/02/14, 15:17:23.065, 3321032048208, vstest.console.dll, DataCollectionRequestSender.SendBeforeTestRunStartAndGetResult: Received message: (DataCollection.SendMessage) -> {"MessageType":"DataCollection.SendMessage","Payload":{"FriendlyName":null,"Uri":null,"TestCaseId":"00000000-0000-0000-0000-000000000000","Message":"Logging DataCollector Diagnostics in file: B:\\GIT\\C#-OOP-Discrete\\OOP\\7.LabOOP\\UnitTests\\bin\\Debug\\net8.0\\fine-code-coverage\\coverage-tool-output\\diagnostics.datacollector.25-02-14_15-17-22_89123_5.log","Level":0}}
TpTrace Verbose: 0 : 18932, 5, 2025/02/14, 15:17:23.120, 3321032592184, vstest.console.dll, DataCollectionRequestSender.SendBeforeTestRunStartAndGetResult: Received message: (DataCollection.BeforeTestRunStartResult) -> {"MessageType":"DataCollection.BeforeTestRunStartResult","Payload":{"EnvironmentVariables":{},"DataCollectionEventsPort":59476}}
TpTrace Information: 0 : 18932, 5, 2025/02/14, 15:17:23.124, 3321032636095, vstest.console.dll, ProxyDataCollectionManager.BeforeTestRunStart: SendBeforeTestRunStartAndGetResult successful, env variable from datacollector:   and testhost port: 59476
TpTrace Information: 0 : 18932, 5, 2025/02/14, 15:17:23.124, 3321032636489, vstest.console.dll, ProxyDataCollectionManager.InvokeDataCollectionServiceAction: Completed.
TpTrace Verbose: 0 : 18932, 5, 2025/02/14, 15:17:23.124, 3321032636723, vstest.console.dll, ParallelProxyExecutionManager.StartTestRunOnConcurrentManager: Initializing test run. Started clients: 0
TpTrace Verbose: 0 : 18932, 5, 2025/02/14, 15:17:23.124, 3321032637232, vstest.console.dll, ProxyExecutionManager: Test host is always Lazy initialize.
TpTrace Verbose: 0 : 18932, 5, 2025/02/14, 15:17:23.124, 3321032638573, vstest.console.dll, TestRequestSender.InitializeCommunication: initialize communication. 
TpTrace Information: 0 : 18932, 5, 2025/02/14, 15:17:23.125, 3321032643560, vstest.console.dll, SocketServer.Start: Listening on endpoint : 127.0.0.1:59477
TpTrace Verbose: 0 : 18932, 5, 2025/02/14, 15:17:23.125, 3321032647916, vstest.console.dll, DotnetTestHostmanager.GetTestHostProcessStartInfo: Platform environment 'X64' target architecture 'X64' framework '.NETCoreApp,Version=v8.0' OS 'Windows'
TpTrace Verbose: 0 : 18932, 5, 2025/02/14, 15:17:23.125, 3321032648987, vstest.console.dll, DotnetTestHostmanager: Adding  --runtimeconfig "B:\GIT\C#-OOP-Discrete\OOP\7.LabOOP\UnitTests\bin\Debug\net8.0\fine-code-coverage\build-output\UnitTests.runtimeconfig.json" in args
TpTrace Verbose: 0 : 18932, 5, 2025/02/14, 15:17:23.126, 3321032649424, vstest.console.dll, DotnetTestHostmanager: Adding  --depsfile "B:\GIT\C#-OOP-Discrete\OOP\7.LabOOP\UnitTests\bin\Debug\net8.0\fine-code-coverage\build-output\UnitTests.deps.json" in args
TpTrace Verbose: 0 : 18932, 5, 2025/02/14, 15:17:23.126, 3321032651095, vstest.console.dll, DotnetTestHostmanager.IsWinOnArm: Current PROCESSOR_ARCHITECTURE from environment variable 'AMD64'
TpTrace Verbose: 0 : 18932, 5, 2025/02/14, 15:17:23.126, 3321032651474, vstest.console.dll, DotnetTestHostmanager.IsWinOnArm: Is Windows on ARM 'False'
TpTrace Verbose: 0 : 18932, 5, 2025/02/14, 15:17:23.126, 3321032651769, vstest.console.dll, DotnetTestHostManager: testhost.exe found at path: B:\GIT\C#-OOP-Discrete\OOP\7.LabOOP\UnitTests\bin\Debug\net8.0\fine-code-coverage\build-output\testhost.exe
TpTrace Verbose: 0 : 18932, 5, 2025/02/14, 15:17:23.126, 3321032651962, vstest.console.dll, DotnetTestHostmanager: Full path of host exe is B:\GIT\C#-OOP-Discrete\OOP\7.LabOOP\UnitTests\bin\Debug\net8.0\fine-code-coverage\build-output\testhost.exe
TpTrace Verbose: 0 : 18932, 5, 2025/02/14, 15:17:23.126, 3321032652685, vstest.console.dll, DotnetTestHostmanager.LaunchTestHostAsync: Found 'VSTEST_WINAPPHOST_DOTNET_ROOT' in env variables, value 'C:\Program Files\dotnet', forwarding to 'DOTNET_ROOT'
TpTrace Verbose: 0 : 18932, 5, 2025/02/14, 15:17:23.126, 3321032653488, vstest.console.dll, DotnetTestHostManager: Starting process 'B:\GIT\C#-OOP-Discrete\OOP\7.LabOOP\UnitTests\bin\Debug\net8.0\fine-code-coverage\build-output\testhost.exe' with command line ' --runtimeconfig "B:\GIT\C#-OOP-Discrete\OOP\7.LabOOP\UnitTests\bin\Debug\net8.0\fine-code-coverage\build-output\UnitTests.runtimeconfig.json" --depsfile "B:\GIT\C#-OOP-Discrete\OOP\7.LabOOP\UnitTests\bin\Debug\net8.0\fine-code-coverage\build-output\UnitTests.deps.json" --port 59477 --endpoint 127.0.0.1:059477 --role client --parentprocessid 18932 --diag "B:\GIT\C#-OOP-Discrete\OOP\7.LabOOP\UnitTests\bin\Debug\net8.0\fine-code-coverage\coverage-tool-output\diagnostics.host.25-02-14_15-17-23_12564_5.log" --tracelevel 4 --datacollectionport 59476 --telemetryoptedin false'
TpTrace Verbose: 0 : 18932, 5, 2025/02/14, 15:17:23.155, 3321032948054, vstest.console.dll, MulticastDelegateUtilities.SafeInvoke: HostProviderEvents.OnHostLaunched: Invoking callback 1/2 for Microsoft.VisualStudio.TestPlatform.CrossPlatEngine.Client.ProxyExecutionManagerWithDataCollection., took 0 ms.
TpTrace Verbose: 0 : 18932, 5, 2025/02/14, 15:17:23.156, 3321032950066, vstest.console.dll, Test Runtime launched
TpTrace Verbose: 0 : 18932, 5, 2025/02/14, 15:17:23.156, 3321032950487, vstest.console.dll, MulticastDelegateUtilities.SafeInvoke: HostProviderEvents.OnHostLaunched: Invoking callback 2/2 for Microsoft.VisualStudio.TestPlatform.CrossPlatEngine.Client.ProxyOperationManager., took 0 ms.
TpTrace Verbose: 0 : 18932, 5, 2025/02/14, 15:17:23.156, 3321032951380, vstest.console.dll, TestRequestSender.WaitForRequestHandlerConnection: waiting for connection with timeout: 90000.
TpTrace Verbose: 0 : 18932, 5, 2025/02/14, 15:17:23.282, 3321034210782, vstest.console.dll, TestRequestSender.WaitForRequestHandlerConnection: waiting took 125 ms, with timeout 90000 ms, and result 0, which is success.
TpTrace Verbose: 0 : 18932, 12, 2025/02/14, 15:17:23.282, 3321034210782, vstest.console.dll, MulticastDelegateUtilities.SafeInvoke: SocketServer: ClientConnected: Invoking callback 1/1 for Microsoft.VisualStudio.TestPlatform.CommunicationUtilities.TestRequestSender., took 0 ms.
TpTrace Verbose: 0 : 18932, 12, 2025/02/14, 15:17:23.282, 3321034212077, vstest.console.dll, SocketServer.OnClientConnected: Client connected for endPoint: 127.0.0.1:59477, starting MessageLoopAsync:
TpTrace Verbose: 0 : 18932, 13, 2025/02/14, 15:17:23.282, 3321034215294, vstest.console.dll, TcpClientExtensions.MessageLoopAsync: Polling on remoteEndPoint: 127.0.0.1:59478 localEndPoint: 127.0.0.1:59477 after 0 ms
TpTrace Verbose: 0 : 18932, 5, 2025/02/14, 15:17:23.282, 3321034217137, vstest.console.dll, TestRequestSender.CheckVersionWithTestHost: Sending check version message: {"MessageType":"ProtocolVersion","Payload":7}
TpTrace Verbose: 0 : 18932, 13, 2025/02/14, 15:17:23.346, 3321034855546, vstest.console.dll, TcpClientExtensions.MessageLoopAsync: NotifyDataAvailable remoteEndPoint: 127.0.0.1:59478 localEndPoint: 127.0.0.1:59477
TpTrace Verbose: 0 : 18932, 13, 2025/02/14, 15:17:23.346, 3321034857261, vstest.console.dll, TestRequestSender.CheckVersionWithTestHost: onMessageReceived received message: (ProtocolVersion) -> {"MessageType":"ProtocolVersion","Payload":7}
TpTrace Verbose: 0 : 18932, 13, 2025/02/14, 15:17:23.347, 3321034867157, vstest.console.dll, MulticastDelegateUtilities.SafeInvoke: LengthPrefixCommunicationChannel: MessageReceived: Invoking callback 1/1 for Microsoft.VisualStudio.TestPlatform.CommunicationUtilities.TestRequestSender+<>c__DisplayClass29_0., took 1 ms.
TpTrace Verbose: 0 : 18932, 13, 2025/02/14, 15:17:23.347, 3321034867728, vstest.console.dll, TcpClientExtensions.MessageLoopAsync: Polling on remoteEndPoint: 127.0.0.1:59478 localEndPoint: 127.0.0.1:59477 after 65 ms
TpTrace Verbose: 0 : 18932, 5, 2025/02/14, 15:17:23.347, 3321034868088, vstest.console.dll, TestPluginCache.GetExtensionPaths: Filtered extension paths: 
TpTrace Verbose: 0 : 18932, 5, 2025/02/14, 15:17:23.347, 3321034868581, vstest.console.dll, TestPluginCache.GetExtensionPaths: Added default extension paths: C:\Program Files\dotnet\sdk\9.0.101\Extensions\Microsoft.Diagnostics.NETCore.Client.dll
C:\Program Files\dotnet\sdk\9.0.101\Extensions\Microsoft.TestPlatform.Extensions.BlameDataCollector.dll
C:\Program Files\dotnet\sdk\9.0.101\Extensions\Microsoft.TestPlatform.Extensions.EventLogCollector.dll
C:\Program Files\dotnet\sdk\9.0.101\Extensions\Microsoft.TestPlatform.TestHostRuntimeProvider.dll
C:\Program Files\dotnet\sdk\9.0.101\Extensions\Microsoft.VisualStudio.TestPlatform.Extensions.Html.TestLogger.dll
C:\Program Files\dotnet\sdk\9.0.101\Extensions\Microsoft.VisualStudio.TestPlatform.Extensions.Trx.TestLogger.dll
TpTrace Verbose: 0 : 18932, 5, 2025/02/14, 15:17:23.347, 3321034868824, vstest.console.dll, TestPluginCache.GetExtensionPaths: Added unfilterableExtensionPaths: 
TpTrace Verbose: 0 : 18932, 5, 2025/02/14, 15:17:23.349, 3321034885613, vstest.console.dll, TestRequestSender.InitializeExecution: Sending initialize execution with message: {"Version":7,"MessageType":"TestExecution.Initialize","Payload":["B:\\GIT\\C#-OOP-Discrete\\OOP\\7.LabOOP\\UnitTests\\bin\\Debug\\net8.0\\fine-code-coverage\\build-output\\xunit.runner.visualstudio.dotnetcore.testadapter.dll"]}
TpTrace Verbose: 0 : 18932, 5, 2025/02/14, 15:17:23.349, 3321034886706, vstest.console.dll, ParallelProxyExecutionManager.StartTestRunOnConcurrentManager: Execution starting. Started clients: 1
TpTrace Verbose: 0 : 18932, 5, 2025/02/14, 15:17:23.349, 3321034888462, vstest.console.dll, TestRunRequest:SendTestRunMessage: Starting.
TpTrace Verbose: 0 : 18932, 13, 2025/02/14, 15:17:23.349, 3321034888574, vstest.console.dll, TcpClientExtensions.MessageLoopAsync: NotifyDataAvailable remoteEndPoint: 127.0.0.1:59478 localEndPoint: 127.0.0.1:59477
TpTrace Verbose: 0 : 18932, 5, 2025/02/14, 15:17:23.350, 3321034889574, vstest.console.dll, MulticastDelegateUtilities.SafeInvoke: TestRun.LogMessages: Invoking callback 1/1 for Microsoft.VisualStudio.TestPlatform.CommandLine.TestRunResultAggregator., took 0 ms.
TpTrace Information: 0 : 18932, 5, 2025/02/14, 15:17:23.350, 3321034889827, vstest.console.dll, TestRunRequest:SendTestRunMessage: Completed.
TpTrace Verbose: 0 : 18932, 4, 2025/02/14, 15:17:23.350, 3321034891001, vstest.console.dll, MulticastDelegateUtilities.SafeInvoke: InternalTestLoggerEvents.SendTestRunMessage: Invoking callback 1/1 for Microsoft.VisualStudio.TestPlatform.CommandLine.Internal.ConsoleLogger., took 0 ms.
TpTrace Warning: 0 : 18932, 5, 2025/02/14, 15:17:23.350, 3321034892862, vstest.console.dll, InferRunSettingsHelper.MakeRunsettingsCompatible: Removing the following settings: TargetPlatform from RunSettings file. To use those settings please move to latest version of Microsoft.NET.Test.Sdk
TpTrace Verbose: 0 : 18932, 13, 2025/02/14, 15:17:23.350, 3321034897122, vstest.console.dll, TestRequestSender.OnExecutionMessageReceived: Received message: {"Version":7,"MessageType":"TestSession.Message","Payload":{"MessageLevel":0,"Message":"Logging TestHost Diagnostics in file: B:\\GIT\\C#-OOP-Discrete\\OOP\\7.LabOOP\\UnitTests\\bin\\Debug\\net8.0\\fine-code-coverage\\coverage-tool-output\\diagnostics.host.25-02-14_15-17-23_12564_5.log"}}
TpTrace Verbose: 0 : 18932, 13, 2025/02/14, 15:17:23.352, 3321034912557, vstest.console.dll, TestRunRequest:SendTestRunMessage: Starting.
TpTrace Verbose: 0 : 18932, 13, 2025/02/14, 15:17:23.352, 3321034913301, vstest.console.dll, MulticastDelegateUtilities.SafeInvoke: TestRun.LogMessages: Invoking callback 1/1 for Microsoft.VisualStudio.TestPlatform.CommandLine.TestRunResultAggregator., took 0 ms.
TpTrace Verbose: 0 : 18932, 4, 2025/02/14, 15:17:23.352, 3321034913436, vstest.console.dll, MulticastDelegateUtilities.SafeInvoke: InternalTestLoggerEvents.SendTestRunMessage: Invoking callback 1/1 for Microsoft.VisualStudio.TestPlatform.CommandLine.Internal.ConsoleLogger., took 0 ms.
TpTrace Information: 0 : 18932, 13, 2025/02/14, 15:17:23.352, 3321034913480, vstest.console.dll, TestRunRequest:SendTestRunMessage: Completed.
TpTrace Verbose: 0 : 18932, 13, 2025/02/14, 15:17:23.352, 3321034914350, vstest.console.dll, MulticastDelegateUtilities.SafeInvoke: LengthPrefixCommunicationChannel: MessageReceived: Invoking callback 1/1 for Microsoft.VisualStudio.TestPlatform.CommunicationUtilities.TestRequestSender+<>c__DisplayClass34_0., took 1 ms.
TpTrace Verbose: 0 : 18932, 13, 2025/02/14, 15:17:23.352, 3321034914611, vstest.console.dll, TcpClientExtensions.MessageLoopAsync: Polling on remoteEndPoint: 127.0.0.1:59478 localEndPoint: 127.0.0.1:59477 after 4 ms
TpTrace Verbose: 0 : 18932, 5, 2025/02/14, 15:17:23.354, 3321034936075, vstest.console.dll, TestRequestSender.StartTestRun: Sending test run with message: {"Version":7,"MessageType":"TestExecution.StartWithSources","Payload":{"AdapterSourceMap":{"_none_":["B:\\GIT\\C#-OOP-Discrete\\OOP\\7.LabOOP\\UnitTests\\bin\\Debug\\net8.0\\fine-code-coverage\\build-output\\UnitTests.dll"]},"RunSettings":"<RunSettings>\r\n  <RunConfiguration>\r\n    <ResultsDirectory>B:\\GIT\\C#-OOP-Discrete\\OOP\\7.LabOOP\\UnitTests\\bin\\Debug\\net8.0\\fine-code-coverage\\coverage-tool-output</ResultsDirectory>\r\n    <TargetFrameworkVersion>.NETCoreApp,Version=v8.0</TargetFrameworkVersion>\r\n    <DesignMode>False</DesignMode>\r\n    <CollectSourceInformation>False</CollectSourceInformation>\r\n  </RunConfiguration>\r\n  <LoggerRunSettings>\r\n    <Loggers>\r\n      <Logger friendlyName=\"blame\" enabled=\"True\" />\r\n      <Logger friendlyName=\"Console\" uri=\"logger://microsoft/TestPlatform/ConsoleLogger/v1\" assemblyQualifiedName=\"Microsoft.VisualStudio.TestPlatform.CommandLine.Internal.ConsoleLogger, vstest.console, Version=15.0.0.0, Culture=neutral, PublicKeyToken=b03f5f7f11d50a3a\" codeBase=\"C:\\Program Files\\dotnet\\sdk\\9.0.101\\vstest.console.dll\" enabled=\"True\" />\r\n    </Loggers>\r\n  </LoggerRunSettings>\r\n  <DataCollectionRunSettings>\r\n    <DataCollectors>\r\n      <DataCollector friendlyName=\"blame\" enabled=\"True\">\r\n        <Configuration>\r\n          <ResultsDirectory>B:\\GIT\\C#-OOP-Discrete\\OOP\\7.LabOOP\\UnitTests\\bin\\Debug\\net8.0\\fine-code-coverage\\coverage-tool-output</ResultsDirectory>\r\n        </Configuration>\r\n      </DataCollector>\r\n    </DataCollectors>\r\n  </DataCollectionRunSettings>\r\n</RunSettings>","TestExecutionContext":{"FrequencyOfRunStatsChangeEvent":10,"RunStatsChangeEventTimeout":"00:00:01.5000000","InIsolation":false,"KeepAlive":false,"AreTestCaseLevelEventsRequired":false,"IsDebug":false,"TestCaseFilter":null,"FilterOptions":null},"Package":null}}
TpTrace Verbose: 0 : 18932, 5, 2025/02/14, 15:17:23.354, 3321034936871, vstest.console.dll, ParallelProxyExecutionManager.StartTestRunOnConcurrentManager: Execution started. Started clients: 1
TpTrace Verbose: 0 : 18932, 13, 2025/02/14, 15:17:23.445, 3321035841938, vstest.console.dll, TcpClientExtensions.MessageLoopAsync: NotifyDataAvailable remoteEndPoint: 127.0.0.1:59478 localEndPoint: 127.0.0.1:59477
TpTrace Verbose: 0 : 18932, 13, 2025/02/14, 15:17:23.445, 3321035843098, vstest.console.dll, TestRequestSender.OnExecutionMessageReceived: Received message: {"Version":7,"MessageType":"TestSession.Message","Payload":{"MessageLevel":0,"Message":"[xUnit.net 00:00:00.00] xUnit.net VSTest Adapter v2.5.3.1+6b60a9e56a (64-bit .NET 8.0.11)"}}
TpTrace Verbose: 0 : 18932, 13, 2025/02/14, 15:17:23.445, 3321035844495, vstest.console.dll, TestRunRequest:SendTestRunMessage: Starting.
TpTrace Verbose: 0 : 18932, 13, 2025/02/14, 15:17:23.445, 3321035844934, vstest.console.dll, MulticastDelegateUtilities.SafeInvoke: TestRun.LogMessages: Invoking callback 1/1 for Microsoft.VisualStudio.TestPlatform.CommandLine.TestRunResultAggregator., took 0 ms.
TpTrace Information: 0 : 18932, 13, 2025/02/14, 15:17:23.445, 3321035845120, vstest.console.dll, TestRunRequest:SendTestRunMessage: Completed.
TpTrace Verbose: 0 : 18932, 4, 2025/02/14, 15:17:23.445, 3321035845141, vstest.console.dll, MulticastDelegateUtilities.SafeInvoke: InternalTestLoggerEvents.SendTestRunMessage: Invoking callback 1/1 for Microsoft.VisualStudio.TestPlatform.CommandLine.Internal.ConsoleLogger., took 0 ms.
TpTrace Verbose: 0 : 18932, 13, 2025/02/14, 15:17:23.445, 3321035845282, vstest.console.dll, MulticastDelegateUtilities.SafeInvoke: LengthPrefixCommunicationChannel: MessageReceived: Invoking callback 1/1 for Microsoft.VisualStudio.TestPlatform.CommunicationUtilities.TestRequestSender+<>c__DisplayClass34_0., took 0 ms.
TpTrace Verbose: 0 : 18932, 13, 2025/02/14, 15:17:23.445, 3321035845992, vstest.console.dll, TcpClientExtensions.MessageLoopAsync: Polling on remoteEndPoint: 127.0.0.1:59478 localEndPoint: 127.0.0.1:59477 after 93 ms
TpTrace Verbose: 0 : 18932, 13, 2025/02/14, 15:17:23.490, 3321036289416, vstest.console.dll, TcpClientExtensions.MessageLoopAsync: NotifyDataAvailable remoteEndPoint: 127.0.0.1:59478 localEndPoint: 127.0.0.1:59477
TpTrace Verbose: 0 : 18932, 13, 2025/02/14, 15:17:23.490, 3321036290666, vstest.console.dll, TestRequestSender.OnExecutionMessageReceived: Received message: {"Version":7,"MessageType":"TestSession.Message","Payload":{"MessageLevel":0,"Message":"[xUnit.net 00:00:00.04]   Discovering: UnitTests"}}
TpTrace Verbose: 0 : 18932, 13, 2025/02/14, 15:17:23.490, 3321036291420, vstest.console.dll, TestRunRequest:SendTestRunMessage: Starting.
TpTrace Verbose: 0 : 18932, 13, 2025/02/14, 15:17:23.490, 3321036291842, vstest.console.dll, MulticastDelegateUtilities.SafeInvoke: TestRun.LogMessages: Invoking callback 1/1 for Microsoft.VisualStudio.TestPlatform.CommandLine.TestRunResultAggregator., took 0 ms.
TpTrace Verbose: 0 : 18932, 4, 2025/02/14, 15:17:23.490, 3321036291989, vstest.console.dll, MulticastDelegateUtilities.SafeInvoke: InternalTestLoggerEvents.SendTestRunMessage: Invoking callback 1/1 for Microsoft.VisualStudio.TestPlatform.CommandLine.Internal.ConsoleLogger., took 0 ms.
TpTrace Information: 0 : 18932, 13, 2025/02/14, 15:17:23.490, 3321036292036, vstest.console.dll, TestRunRequest:SendTestRunMessage: Completed.
TpTrace Verbose: 0 : 18932, 13, 2025/02/14, 15:17:23.490, 3321036292698, vstest.console.dll, MulticastDelegateUtilities.SafeInvoke: LengthPrefixCommunicationChannel: MessageReceived: Invoking callback 1/1 for Microsoft.VisualStudio.TestPlatform.CommunicationUtilities.TestRequestSender+<>c__DisplayClass34_0., took 0 ms.
TpTrace Verbose: 0 : 18932, 13, 2025/02/14, 15:17:23.490, 3321036292905, vstest.console.dll, TcpClientExtensions.MessageLoopAsync: Polling on remoteEndPoint: 127.0.0.1:59478 localEndPoint: 127.0.0.1:59477 after 44 ms
TpTrace Verbose: 0 : 18932, 13, 2025/02/14, 15:17:23.510, 3321036497719, vstest.console.dll, TcpClientExtensions.MessageLoopAsync: NotifyDataAvailable remoteEndPoint: 127.0.0.1:59478 localEndPoint: 127.0.0.1:59477
TpTrace Verbose: 0 : 18932, 13, 2025/02/14, 15:17:23.510, 3321036498530, vstest.console.dll, TestRequestSender.OnExecutionMessageReceived: Received message: {"Version":7,"MessageType":"TestSession.Message","Payload":{"MessageLevel":0,"Message":"[xUnit.net 00:00:00.06]   Discovered:  UnitTests"}}
TpTrace Verbose: 0 : 18932, 13, 2025/02/14, 15:17:23.510, 3321036499170, vstest.console.dll, TestRunRequest:SendTestRunMessage: Starting.
TpTrace Verbose: 0 : 18932, 13, 2025/02/14, 15:17:23.511, 3321036499494, vstest.console.dll, MulticastDelegateUtilities.SafeInvoke: TestRun.LogMessages: Invoking callback 1/1 for Microsoft.VisualStudio.TestPlatform.CommandLine.TestRunResultAggregator., took 0 ms.
TpTrace Information: 0 : 18932, 13, 2025/02/14, 15:17:23.511, 3321036499720, vstest.console.dll, TestRunRequest:SendTestRunMessage: Completed.
TpTrace Verbose: 0 : 18932, 13, 2025/02/14, 15:17:23.511, 3321036499887, vstest.console.dll, MulticastDelegateUtilities.SafeInvoke: LengthPrefixCommunicationChannel: MessageReceived: Invoking callback 1/1 for Microsoft.VisualStudio.TestPlatform.CommunicationUtilities.TestRequestSender+<>c__DisplayClass34_0., took 0 ms.
TpTrace Verbose: 0 : 18932, 4, 2025/02/14, 15:17:23.511, 3321036499882, vstest.console.dll, MulticastDelegateUtilities.SafeInvoke: InternalTestLoggerEvents.SendTestRunMessage: Invoking callback 1/1 for Microsoft.VisualStudio.TestPlatform.CommandLine.Internal.ConsoleLogger., took 0 ms.
TpTrace Verbose: 0 : 18932, 13, 2025/02/14, 15:17:23.511, 3321036500052, vstest.console.dll, TcpClientExtensions.MessageLoopAsync: Polling on remoteEndPoint: 127.0.0.1:59478 localEndPoint: 127.0.0.1:59477 after 20 ms
TpTrace Verbose: 0 : 18932, 13, 2025/02/14, 15:17:23.512, 3321036514587, vstest.console.dll, TcpClientExtensions.MessageLoopAsync: NotifyDataAvailable remoteEndPoint: 127.0.0.1:59478 localEndPoint: 127.0.0.1:59477
TpTrace Verbose: 0 : 18932, 13, 2025/02/14, 15:17:23.512, 3321036515097, vstest.console.dll, TestRequestSender.OnExecutionMessageReceived: Received message: {"Version":7,"MessageType":"TestSession.Message","Payload":{"MessageLevel":0,"Message":"[xUnit.net 00:00:00.06]   Starting:    UnitTests"}}
TpTrace Verbose: 0 : 18932, 13, 2025/02/14, 15:17:23.512, 3321036515565, vstest.console.dll, TestRunRequest:SendTestRunMessage: Starting.
TpTrace Verbose: 0 : 18932, 13, 2025/02/14, 15:17:23.512, 3321036515850, vstest.console.dll, MulticastDelegateUtilities.SafeInvoke: TestRun.LogMessages: Invoking callback 1/1 for Microsoft.VisualStudio.TestPlatform.CommandLine.TestRunResultAggregator., took 0 ms.
TpTrace Verbose: 0 : 18932, 4, 2025/02/14, 15:17:23.512, 3321036515983, vstest.console.dll, MulticastDelegateUtilities.SafeInvoke: InternalTestLoggerEvents.SendTestRunMessage: Invoking callback 1/1 for Microsoft.VisualStudio.TestPlatform.CommandLine.Internal.ConsoleLogger., took 0 ms.
TpTrace Information: 0 : 18932, 13, 2025/02/14, 15:17:23.512, 3321036516081, vstest.console.dll, TestRunRequest:SendTestRunMessage: Completed.
TpTrace Verbose: 0 : 18932, 13, 2025/02/14, 15:17:23.512, 3321036516435, vstest.console.dll, MulticastDelegateUtilities.SafeInvoke: LengthPrefixCommunicationChannel: MessageReceived: Invoking callback 1/1 for Microsoft.VisualStudio.TestPlatform.CommunicationUtilities.TestRequestSender+<>c__DisplayClass34_0., took 0 ms.
TpTrace Verbose: 0 : 18932, 13, 2025/02/14, 15:17:23.512, 3321036516594, vstest.console.dll, TcpClientExtensions.MessageLoopAsync: Polling on remoteEndPoint: 127.0.0.1:59478 localEndPoint: 127.0.0.1:59477 after 1 ms
TpTrace Verbose: 0 : 18932, 13, 2025/02/14, 15:17:23.581, 3321037203099, vstest.console.dll, TcpClientExtensions.MessageLoopAsync: NotifyDataAvailable remoteEndPoint: 127.0.0.1:59478 localEndPoint: 127.0.0.1:59477
TpTrace Verbose: 0 : 18932, 13, 2025/02/14, 15:17:23.581, 3321037204539, vstest.console.dll, TestRequestSender.OnExecutionMessageReceived: Received message: {"Version":7,"MessageType":"TestSession.Message","Payload":{"MessageLevel":0,"Message":"[xUnit.net 00:00:00.13]   Finished:    UnitTests"}}
TpTrace Verbose: 0 : 18932, 13, 2025/02/14, 15:17:23.581, 3321037205956, vstest.console.dll, TestRunRequest:SendTestRunMessage: Starting.
TpTrace Verbose: 0 : 18932, 13, 2025/02/14, 15:17:23.581, 3321037206717, vstest.console.dll, MulticastDelegateUtilities.SafeInvoke: TestRun.LogMessages: Invoking callback 1/1 for Microsoft.VisualStudio.TestPlatform.CommandLine.TestRunResultAggregator., took 0 ms.
TpTrace Verbose: 0 : 18932, 4, 2025/02/14, 15:17:23.581, 3321037206888, vstest.console.dll, MulticastDelegateUtilities.SafeInvoke: InternalTestLoggerEvents.SendTestRunMessage: Invoking callback 1/1 for Microsoft.VisualStudio.TestPlatform.CommandLine.Internal.ConsoleLogger., took 0 ms.
TpTrace Information: 0 : 18932, 13, 2025/02/14, 15:17:23.581, 3321037207119, vstest.console.dll, TestRunRequest:SendTestRunMessage: Completed.
TpTrace Verbose: 0 : 18932, 13, 2025/02/14, 15:17:23.581, 3321037208157, vstest.console.dll, MulticastDelegateUtilities.SafeInvoke: LengthPrefixCommunicationChannel: MessageReceived: Invoking callback 1/1 for Microsoft.VisualStudio.TestPlatform.CommunicationUtilities.TestRequestSender+<>c__DisplayClass34_0., took 0 ms.
TpTrace Verbose: 0 : 18932, 13, 2025/02/14, 15:17:23.581, 3321037208473, vstest.console.dll, TcpClientExtensions.MessageLoopAsync: Polling on remoteEndPoint: 127.0.0.1:59478 localEndPoint: 127.0.0.1:59477 after 69 ms
TpTrace Verbose: 0 : 18932, 13, 2025/02/14, 15:17:23.605, 3321037443838, vstest.console.dll, TcpClientExtensions.MessageLoopAsync: NotifyDataAvailable remoteEndPoint: 127.0.0.1:59478 localEndPoint: 127.0.0.1:59477
TpTrace Verbose: 0 : 18932, 13, 2025/02/14, 15:17:23.605, 3321037445799, vstest.console.dll, TestRequestSender.OnExecutionMessageReceived: Received message: {"Version":7,"MessageType":"TestExecution.Completed","Payload":{"TestRunCompleteArgs":{"TestRunStatistics":{"ExecutedTests":9,"Stats":{"Passed":9}},"IsCanceled":false,"IsAborted":false,"Error":null,"AttachmentSets":[],"InvokedDataCollectors":[],"ElapsedTimeInRunningTests":"00:00:00.1445583","Metrics":{},"DiscoveredExtensions":{"TestDiscoverers":["Xunit.Runner.VisualStudio.VsTestRunner, xunit.runner.visualstudio.dotnetcore.testadapter, Version=2.5.0.0, Culture=neutral, PublicKeyToken=null"],"TestExecutors":["executor://xunit/VsTestRunner2/netcoreapp"],"TestExecutors2":[],"TestSettingsProviders":[]}},"LastRunTests":{"NewTestResults":[{"TestCase":{"Id":"d8ca47c5-ff05-0574-d4e4-8db7bb64022d","FullyQualifiedName":"UnitTests.UnitTest.TestContainsKeyMethods","DisplayName":"UnitTests.UnitTest.TestContainsKeyMethods","ExecutorUri":"executor://xunit/VsTestRunner2/netcoreapp","Source":"B:\\GIT\\C#-OOP-Discrete\\OOP\\7.LabOOP\\UnitTests\\bin\\Debug\\net8.0\\fine-code-coverage\\build-output\\UnitTests.dll","CodeFilePath":null,"LineNumber":0,"Properties":[]},"Attachments":[],"Outcome":1,"ErrorMessage":null,"ErrorStackTrace":null,"DisplayName":"UnitTests.UnitTest.TestContainsKeyMethods","Messages":[],"ComputerName":"BIBUBPERSONALCO","Duration":"00:00:00.0117996","StartTime":"2025-02-14T10:17:23.5616696+00:00","EndTime":"2025-02-14T10:17:23.561682+00:00","Properties":[]},{"TestCase":{"Id":"1974966c-bafb-2e8b-cad7-f8904b477968","FullyQualifiedName":"UnitTests.UnitTest.TestClearMethod","DisplayName":"UnitTests.UnitTest.TestClearMethod","ExecutorUri":"executor://xunit/VsTestRunner2/netcoreapp","Source":"B:\\GIT\\C#-OOP-Discrete\\OOP\\7.LabOOP\\UnitTests\\bin\\Debug\\net8.0\\fine-code-coverage\\build-output\\UnitTests.dll","CodeFilePath":null,"LineNumber":0,"Properties":[]},"Attachments":[],"Outcome":1,"ErrorMessage":null,"ErrorStackTrace":null,"DisplayName":"UnitTests.UnitTest.TestClearMethod","Messages":[],"ComputerName":"BIBUBPERSONALCO","Duration":"00:00:00.0016955","StartTime":"2025-02-14T10:17:23.5716486+00:00","EndTime":"2025-02-14T10:17:23.5716487+00:00","Properties":[]},{"TestCase":{"Id":"28ea924c-2504-4654-632b-d3ec13e25d3e","FullyQualifiedName":"UnitTests.UnitTest.CopyToMethod","DisplayName":"UnitTests.UnitTest.CopyToMethod","ExecutorUri":"executor://xunit/VsTestRunner2/netcoreapp","Source":"B:\\GIT\\C#-OOP-Discrete\\OOP\\7.LabOOP\\UnitTests\\bin\\Debug\\net8.0\\fine-code-coverage\\build-output\\UnitTests.dll","CodeFilePath":null,"LineNumber":0,"Properties":[]},"Attachments":[],"Outcome":1,"ErrorMessage":null,"ErrorStackTrace":null,"DisplayName":"UnitTests.UnitTest.CopyToMethod","Messages":[],"ComputerName":"BIBUBPERSONALCO","Duration":"00:00:00.0008004","StartTime":"2025-02-14T10:17:23.5733039+00:00","EndTime":"2025-02-14T10:17:23.573304+00:00","Properties":[]},{"TestCase":{"Id":"c7e075dd-6243-5554-2528-e786d5671193","FullyQualifiedName":"UnitTests.UnitTest.TestRemoveMethods","DisplayName":"UnitTests.UnitTest.TestRemoveMethods","ExecutorUri":"executor://xunit/VsTestRunner2/netcoreapp","Source":"B:\\GIT\\C#-OOP-Discrete\\OOP\\7.LabOOP\\UnitTests\\bin\\Debug\\net8.0\\fine-code-coverage\\build-output\\UnitTests.dll","CodeFilePath":null,"LineNumber":0,"Properties":[]},"Attachments":[],"Outcome":1,"ErrorMessage":null,"ErrorStackTrace":null,"DisplayName":"UnitTests.UnitTest.TestRemoveMethods","Messages":[],"ComputerName":"BIBUBPERSONALCO","Duration":"00:00:00.0005341","StartTime":"2025-02-14T10:17:23.5744091+00:00","EndTime":"2025-02-14T10:17:23.5744092+00:00","Properties":[]},{"TestCase":{"Id":"6dbed100-3963-fb3e-1d98-2ea8a1d1350c","FullyQualifiedName":"UnitTests.UnitTest.TestGetKeys","DisplayName":"UnitTests.UnitTest.TestGetKeys","ExecutorUri":"executor://xunit/VsTestRunner2/netcoreapp","Source":"B:\\GIT\\C#-OOP-Discrete\\OOP\\7.LabOOP\\UnitTests\\bin\\Debug\\net8.0\\fine-code-coverage\\build-output\\UnitTests.dll","CodeFilePath":null,"LineNumber":0,"Properties":[]},"Attachments":[],"Outcome":1,"ErrorMessage":null,"ErrorStackTrace":null,"DisplayName":"UnitTests.UnitTest.TestGetKeys","Messages":[],"ComputerName":"BIBUBPERSONALCO","Duration":"00:00:00.0003336","StartTime":"2025-02-14T10:17:23.5755001+00:00","EndTime":"2025-02-14T10:17:23.5755002+00:00","Properties":[]},{"TestCase":{"Id":"6ba35a5f-1c8f-44ef-b9d3-bdeb03f8b8e8","FullyQualifiedName":"UnitTests.UnitTest.TestTryGetValueMethod","DisplayName":"UnitTests.UnitTest.TestTryGetValueMethod","ExecutorUri":"executor://xunit/VsTestRunner2/netcoreapp","Source":"B:\\GIT\\C#-OOP-Discrete\\OOP\\7.LabOOP\\UnitTests\\bin\\Debug\\net8.0\\fine-code-coverage\\build-output\\UnitTests.dll","CodeFilePath":null,"LineNumber":0,"Properties":[]},"Attachments":[],"Outcome":1,"ErrorMessage":null,"ErrorStackTrace":null,"DisplayName":"UnitTests.UnitTest.TestTryGetValueMethod","Messages":[],"ComputerName":"BIBUBPERSONALCO","Duration":"00:00:00.0005351","StartTime":"2025-02-14T10:17:23.5766118+00:00","EndTime":"2025-02-14T10:17:23.5766119+00:00","Properties":[]},{"TestCase":{"Id":"7ab918a5-848d-46ae-7df2-befb79fac238","FullyQualifiedName":"UnitTests.UnitTest.GetEnumeratorMethod","DisplayName":"UnitTests.UnitTest.GetEnumeratorMethod","ExecutorUri":"executor://xunit/VsTestRunner2/netcoreapp","Source":"B:\\GIT\\C#-OOP-Discrete\\OOP\\7.LabOOP\\UnitTests\\bin\\Debug\\net8.0\\fine-code-coverage\\build-output\\UnitTests.dll","CodeFilePath":null,"LineNumber":0,"Properties":[]},"Attachments":[],"Outcome":1,"ErrorMessage":null,"ErrorStackTrace":null,"DisplayName":"UnitTests.UnitTest.GetEnumeratorMethod","Messages":[],"ComputerName":"BIBUBPERSONALCO","Duration":"00:00:00.0006199","StartTime":"2025-02-14T10:17:23.5778113+00:00","EndTime":"2025-02-14T10:17:23.5778114+00:00","Properties":[]},{"TestCase":{"Id":"9411cdae-3238-b833-1911-bdd8ae42c8af","FullyQualifiedName":"UnitTests.UnitTest.TestAddMethods","DisplayName":"UnitTests.UnitTest.TestAddMethods","ExecutorUri":"executor://xunit/VsTestRunner2/netcoreapp","Source":"B:\\GIT\\C#-OOP-Discrete\\OOP\\7.LabOOP\\UnitTests\\bin\\Debug\\net8.0\\fine-code-coverage\\build-output\\UnitTests.dll","CodeFilePath":null,"LineNumber":0,"Properties":[]},"Attachments":[],"Outcome":1,"ErrorMessage":null,"ErrorStackTrace":null,"DisplayName":"UnitTests.UnitTest.TestAddMethods","Messages":[],"ComputerName":"BIBUBPERSONALCO","Duration":"00:00:00.0001465","StartTime":"2025-02-14T10:17:23.5789126+00:00","EndTime":"2025-02-14T10:17:23.5789127+00:00","Properties":[]},{"TestCase":{"Id":"013c27c9-ddbf-8302-a964-46049e6209c8","FullyQualifiedName":"UnitTests.UnitTest.TestContainsMethods","DisplayName":"UnitTests.UnitTest.TestContainsMethods","ExecutorUri":"executor://xunit/VsTestRunner2/netcoreapp","Source":"B:\\GIT\\C#-OOP-Discrete\\OOP\\7.LabOOP\\UnitTests\\bin\\Debug\\net8.0\\fine-code-coverage\\build-output\\UnitTests.dll","CodeFilePath":null,"LineNumber":0,"Properties":[]},"Attachments":[],"Outcome":1,"ErrorMessage":null,"ErrorStackTrace":null,"DisplayName":"UnitTests.UnitTest.TestContainsMethods","Messages":[],"ComputerName":"BIBUBPERSONALCO","Duration":"00:00:00.0004600","StartTime":"2025-02-14T10:17:23.5800102+00:00","EndTime":"2025-02-14T10:17:23.5800102+00:00","Properties":[]}],"TestRunStatistics":{"ExecutedTests":9,"Stats":{"Passed":9}},"ActiveTests":[]},"RunAttachments":[],"ExecutorUris":["executor://xunit/VsTestRunner2/netcoreapp"]}}
TpTrace Verbose: 0 : 18932, 13, 2025/02/14, 15:17:23.605, 3321037446901, vstest.console.dll, TestRequestSender.EndSession: Sending end session.
TpTrace Verbose: 0 : 18932, 13, 2025/02/14, 15:17:23.605, 3321037448226, vstest.console.dll, ProxyOperationManager.Close: waiting for test host to exit for 100 ms
TpTrace Warning: 0 : 18932, 9, 2025/02/14, 15:17:23.619, 3321037580074, vstest.console.dll, TestHostManagerCallbacks.ErrorReceivedCallback Test host standard error line: 
TpTrace Verbose: 0 : 18932, 11, 2025/02/14, 15:17:23.619, 3321037580075, vstest.console.dll, TestHostManagerCallbacks.StandardOutputReceivedCallback Test host standard output line: 
TpTrace Verbose: 0 : 18932, 11, 2025/02/14, 15:17:23.623, 3321037622711, vstest.console.dll, TestHostProvider.ExitCallBack: Host exited starting callback.
TpTrace Information: 0 : 18932, 11, 2025/02/14, 15:17:23.623, 3321037623570, vstest.console.dll, TestHostManagerCallbacks.ExitCallBack: Testhost processId: 14332 exited with exitcode: 0 error: ''
TpTrace Verbose: 0 : 18932, 11, 2025/02/14, 15:17:23.623, 3321037623917, vstest.console.dll, DotnetTestHostManager.OnHostExited: invoking OnHostExited callback
TpTrace Verbose: 0 : 18932, 11, 2025/02/14, 15:17:23.623, 3321037624255, vstest.console.dll, CrossPlatEngine.TestHostManagerHostExited: calling on client process exit callback.
TpTrace Information: 0 : 18932, 11, 2025/02/14, 15:17:23.623, 3321037624608, vstest.console.dll, TestRequestSender.OnClientProcessExit: Test host process exited. Standard error: 
TpTrace Information: 0 : 18932, 11, 2025/02/14, 15:17:23.623, 3321037624822, vstest.console.dll, SocketServer.Stop: Stop server endPoint: 127.0.0.1:59477
TpTrace Information: 0 : 18932, 13, 2025/02/14, 15:17:23.623, 3321037624869, vstest.console.dll, SocketServer.Stop: Stop server endPoint: 127.0.0.1:59477
TpTrace Information: 0 : 18932, 11, 2025/02/14, 15:17:23.623, 3321037624965, vstest.console.dll, SocketServer.Stop: Cancellation requested. Stopping message loop.
TpTrace Information: 0 : 18932, 13, 2025/02/14, 15:17:23.623, 3321037625359, vstest.console.dll, SocketServer.Stop: Cancellation requested. Stopping message loop.
TpTrace Information: 0 : 18932, 13, 2025/02/14, 15:17:23.623, 3321037626030, vstest.console.dll, Closing the connection
TpTrace Verbose: 0 : 18932, 11, 2025/02/14, 15:17:23.623, 3321037626091, vstest.console.dll, MulticastDelegateUtilities.SafeInvoke: HostProviderEvents.OnHostExited: Invoking callback 1/1 for Microsoft.VisualStudio.TestPlatform.CrossPlatEngine.Client.ProxyOperationManager., took 0 ms.
TpTrace Verbose: 0 : 18932, 13, 2025/02/14, 15:17:23.623, 3321037627591, vstest.console.dll, ProxyDataCollectionManager.InvokeDataCollectionServiceAction: Starting.
TpTrace Information: 0 : 18932, 13, 2025/02/14, 15:17:23.623, 3321037627950, vstest.console.dll, ProxyDataCollectionManager.AfterTestRunEnd: Get attachment set and invoked data collectors processId: 12772 port: 59474
TpTrace Verbose: 0 : 18932, 13, 2025/02/14, 15:17:23.623, 3321037628342, vstest.console.dll, DataCollectionRequestSender.SendAfterTestRunStartAndGetResult: Send AfterTestRunEnd message with isCancelled: False
TpTrace Verbose: 0 : 18932, 13, 2025/02/14, 15:17:23.627, 3321037661755, vstest.console.dll, DataCollectionRequestSender.SendAfterTestRunStartAndGetResult: Received message: (DataCollection.AfterTestRunEndResult) -> {"MessageType":"DataCollection.AfterTestRunEndResult","Payload":{"AttachmentSets":[],"InvokedDataCollectors":[{"Uri":"datacollector://Microsoft/TestPlatform/Extensions/Blame/v1","FriendlyName":"Blame","AssemblyQualifiedName":"Microsoft.TestPlatform.Extensions.BlameDataCollector.BlameCollector, Microsoft.TestPlatform.Extensions.BlameDataCollector, Version=15.0.0.0, Culture=neutral, PublicKeyToken=b03f5f7f11d50a3a","FilePath":"C:\\Program Files\\dotnet\\sdk\\9.0.101\\Extensions\\Microsoft.TestPlatform.Extensions.BlameDataCollector.dll","HasAttachmentProcessor":false}],"Metrics":{}}}
TpTrace Information: 0 : 18932, 13, 2025/02/14, 15:17:23.630, 3321037693534, vstest.console.dll, ProxyDataCollectionManager.InvokeDataCollectionServiceAction: Completed.
TpTrace Warning: 0 : 18932, 10, 2025/02/14, 15:17:23.640, 3321037792773, vstest.console.dll, DataCollectionLauncher.ErrorReceivedCallback datacollector standard error line: 
TpTrace Information: 0 : 18932, 10, 2025/02/14, 15:17:23.645, 3321037847254, vstest.console.dll, DataCollectionLauncher.ExitCallBack: Data collector exited with exitcode: 0 error: ''
TpTrace Verbose: 0 : 18932, 13, 2025/02/14, 15:17:23.668, 3321038072079, vstest.console.dll, TestRunRequest:SendTestRunStatsChange: Starting.
TpTrace Verbose: 0 : 18932, 13, 2025/02/14, 15:17:23.668, 3321038073576, vstest.console.dll, MulticastDelegateUtilities.SafeInvoke: TestRun.RunStatsChanged: Invoking callbacks was skipped because there are no subscribers.
TpTrace Information: 0 : 18932, 13, 2025/02/14, 15:17:23.668, 3321038073838, vstest.console.dll, TestRunRequest:SendTestRunStatsChange: Completed.
TpTrace Verbose: 0 : 18932, 13, 2025/02/14, 15:17:23.668, 3321038075417, vstest.console.dll, ParallelProxyExecutionManager: HandlePartialRunComplete: Total workloads = 1, Total started clients = 1 Total completed clients = 1, Run complete = True, Run canceled: False.
TpTrace Verbose: 0 : 18932, 13, 2025/02/14, 15:17:23.668, 3321038075676, vstest.console.dll, ParallelProxyExecutionManager: HandlePartialRunComplete: All runs completed stopping all managers.
TpTrace Verbose: 0 : 18932, 13, 2025/02/14, 15:17:23.668, 3321038075920, vstest.console.dll, ParallelOperationManager.StopAllManagers: Stopping all managers.
TpTrace Verbose: 0 : 18932, 13, 2025/02/14, 15:17:23.668, 3321038076088, vstest.console.dll, ParallelOperationManager.ClearSlots: Clearing all slots. Slots should accept more work: False
TpTrace Verbose: 0 : 18932, 13, 2025/02/14, 15:17:23.668, 3321038076323, vstest.console.dll, ParallelOperationManager.SetOccupiedSlotCount: Setting slot counts AvailableSlotCount = 1, OccupiedSlotCount = 0.
TpTrace Verbose: 0 : 18932, 13, 2025/02/14, 15:17:23.668, 3321038076503, vstest.console.dll, Occupied slots:

TpTrace Verbose: 0 : 18932, 4, 2025/02/14, 15:17:23.669, 3321038083410, vstest.console.dll, MulticastDelegateUtilities.SafeInvoke: InternalTestLoggerEvents.SendTestResult: Invoking callback 1/1 for Microsoft.VisualStudio.TestPlatform.CommandLine.Internal.ConsoleLogger., took 0 ms.
TpTrace Verbose: 0 : 18932, 4, 2025/02/14, 15:17:23.669, 3321038085307, vstest.console.dll, MulticastDelegateUtilities.SafeInvoke: InternalTestLoggerEvents.SendTestResult: Invoking callback 1/1 for Microsoft.VisualStudio.TestPlatform.CommandLine.Internal.ConsoleLogger., took 0 ms.
TpTrace Verbose: 0 : 18932, 4, 2025/02/14, 15:17:23.669, 3321038085823, vstest.console.dll, MulticastDelegateUtilities.SafeInvoke: InternalTestLoggerEvents.SendTestResult: Invoking callback 1/1 for Microsoft.VisualStudio.TestPlatform.CommandLine.Internal.ConsoleLogger., took 0 ms.
TpTrace Verbose: 0 : 18932, 4, 2025/02/14, 15:17:23.669, 3321038086122, vstest.console.dll, MulticastDelegateUtilities.SafeInvoke: InternalTestLoggerEvents.SendTestResult: Invoking callback 1/1 for Microsoft.VisualStudio.TestPlatform.CommandLine.Internal.ConsoleLogger., took 0 ms.
TpTrace Verbose: 0 : 18932, 4, 2025/02/14, 15:17:23.669, 3321038086485, vstest.console.dll, MulticastDelegateUtilities.SafeInvoke: InternalTestLoggerEvents.SendTestResult: Invoking callback 1/1 for Microsoft.VisualStudio.TestPlatform.CommandLine.Internal.ConsoleLogger., took 0 ms.
TpTrace Verbose: 0 : 18932, 4, 2025/02/14, 15:17:23.669, 3321038086752, vstest.console.dll, MulticastDelegateUtilities.SafeInvoke: InternalTestLoggerEvents.SendTestResult: Invoking callback 1/1 for Microsoft.VisualStudio.TestPlatform.CommandLine.Internal.ConsoleLogger., took 0 ms.
TpTrace Verbose: 0 : 18932, 4, 2025/02/14, 15:17:23.669, 3321038087012, vstest.console.dll, MulticastDelegateUtilities.SafeInvoke: InternalTestLoggerEvents.SendTestResult: Invoking callback 1/1 for Microsoft.VisualStudio.TestPlatform.CommandLine.Internal.ConsoleLogger., took 0 ms.
TpTrace Verbose: 0 : 18932, 4, 2025/02/14, 15:17:23.669, 3321038087321, vstest.console.dll, MulticastDelegateUtilities.SafeInvoke: InternalTestLoggerEvents.SendTestResult: Invoking callback 1/1 for Microsoft.VisualStudio.TestPlatform.CommandLine.Internal.ConsoleLogger., took 0 ms.
TpTrace Verbose: 0 : 18932, 4, 2025/02/14, 15:17:23.669, 3321038087574, vstest.console.dll, MulticastDelegateUtilities.SafeInvoke: InternalTestLoggerEvents.SendTestResult: Invoking callback 1/1 for Microsoft.VisualStudio.TestPlatform.CommandLine.Internal.ConsoleLogger., took 0 ms.
TpTrace Verbose: 0 : 18932, 4, 2025/02/14, 15:17:23.673, 3321038119450, vstest.console.dll, MulticastDelegateUtilities.SafeInvoke: InternalTestLoggerEvents.SendTestRunComplete: Invoking callback 1/2 for Microsoft.TestPlatform.Extensions.BlameDataCollector.BlameLogger., took 0 ms.
TpTrace Verbose: 0 : 18932, 4, 2025/02/14, 15:17:23.676, 3321038152445, vstest.console.dll, MulticastDelegateUtilities.SafeInvoke: InternalTestLoggerEvents.SendTestRunComplete: Invoking callback 2/2 for Microsoft.VisualStudio.TestPlatform.CommandLine.Internal.ConsoleLogger., took 3 ms.
TpTrace Verbose: 0 : 18932, 13, 2025/02/14, 15:17:23.676, 3321038154279, vstest.console.dll, TestRunRequest:TestRunComplete: Starting. IsAborted:False IsCanceled:False.
TpTrace Verbose: 0 : 18932, 13, 2025/02/14, 15:17:23.676, 3321038155390, vstest.console.dll, ParallelOperationManager.DoActionOnAllManagers: Calling an action on all managers.
TpTrace Verbose: 0 : 18932, 13, 2025/02/14, 15:17:23.677, 3321038163997, vstest.console.dll, TestLoggerManager.HandleTestRunComplete: Ignoring as the object is disposed.
TpTrace Verbose: 0 : 18932, 13, 2025/02/14, 15:17:23.677, 3321038165248, vstest.console.dll, MulticastDelegateUtilities.SafeInvoke: TestRun.TestRunComplete: Invoking callback 1/2 for Microsoft.VisualStudio.TestPlatform.CommandLine.TestRunResultAggregator., took 0 ms.
TpTrace Verbose: 0 : 18932, 13, 2025/02/14, 15:17:23.677, 3321038166127, vstest.console.dll, MulticastDelegateUtilities.SafeInvoke: TestRun.TestRunComplete: Invoking callback 2/2 for Microsoft.VisualStudio.TestPlatform.CommandLine.Processors.RunTestsArgumentExecutor+TestRunRequestEventsRegistrar., took 0 ms.
TpTrace Information: 0 : 18932, 13, 2025/02/14, 15:17:23.677, 3321038166714, vstest.console.dll, TestRunRequest:TestRunComplete: Completed.
TpTrace Verbose: 0 : 18932, 1, 2025/02/14, 15:17:23.677, 3321038166886, vstest.console.dll, TestRunRequest.Dispose: Starting.
TpTrace Verbose: 0 : 18932, 13, 2025/02/14, 15:17:23.677, 3321038166981, vstest.console.dll, TestRequestSender.SetOperationComplete: Setting operation complete.
TpTrace Information: 0 : 18932, 1, 2025/02/14, 15:17:23.677, 3321038167335, vstest.console.dll, TestRunRequest.Dispose: Completed.
TpTrace Information: 0 : 18932, 13, 2025/02/14, 15:17:23.677, 3321038167796, vstest.console.dll, SocketServer.Stop: Stop server endPoint: 127.0.0.1:59477
TpTrace Information: 0 : 18932, 1, 2025/02/14, 15:17:23.677, 3321038168006, vstest.console.dll, TestRequestManager.RunTests: run tests completed.
TpTrace Information: 0 : 18932, 13, 2025/02/14, 15:17:23.677, 3321038168071, vstest.console.dll, SocketServer.Stop: Cancellation requested. Stopping message loop.
TpTrace Verbose: 0 : 18932, 13, 2025/02/14, 15:17:23.677, 3321038168325, vstest.console.dll, MulticastDelegateUtilities.SafeInvoke: LengthPrefixCommunicationChannel: MessageReceived: Invoking callback 1/1 for Microsoft.VisualStudio.TestPlatform.CommunicationUtilities.TestRequestSender+<>c__DisplayClass34_0., took 72 ms.
TpTrace Information: 0 : 18932, 13, 2025/02/14, 15:17:23.677, 3321038168602, vstest.console.dll, SocketServer.PrivateStop: Stopping server endPoint: 127.0.0.1:59477 error: 
TpTrace Information: 0 : 18932, 1, 2025/02/14, 15:17:23.677, 3321038168656, vstest.console.dll, RunTestsArgumentProcessor:Execute: Test run is completed.
TpTrace Verbose: 0 : 18932, 1, 2025/02/14, 15:17:23.678, 3321038169941, vstest.console.dll, Executor.Execute: Exiting with exit code of 0
TpTrace Verbose: 0 : 18932, 13, 2025/02/14, 15:17:23.678, 3321038171340, vstest.console.dll, LengthPrefixCommunicationChannel.Dispose: Dispose reader and writer.
TpTrace Information: 0 : 18932, 13, 2025/02/14, 15:17:23.678, 3321038171843, vstest.console.dll, SocketServer.Stop: Raise disconnected event endPoint: 127.0.0.1:59477 error: 
TpTrace Verbose: 0 : 18932, 13, 2025/02/14, 15:17:23.678, 3321038172209, vstest.console.dll, TestRequestSender: OnTestRunAbort: Operation is already complete. Skip error message.
TpTrace Verbose: 0 : 18932, 13, 2025/02/14, 15:17:23.678, 3321038172411, vstest.console.dll, MulticastDelegateUtilities.SafeInvoke: SocketServer: ClientDisconnected: Invoking callback 1/1 for Microsoft.VisualStudio.TestPlatform.CommunicationUtilities.TestRequestSender., took 0 ms.
TpTrace Verbose: 0 : 18932, 13, 2025/02/14, 15:17:23.678, 3321038172762, vstest.console.dll, TcpClientExtensions.MessageLoopAsync: exiting MessageLoopAsync remoteEndPoint: 127.0.0.1:59478 localEndPoint: 127.0.0.1:59477
